[0.043s] Invoking command in '/home/qing/ros2_humble/chapter7/chapt7_ws/build/autopatrol_interfaces': CMAKE_PREFIX_PATH=${CMAKE_PREFIX_PATH}:/home/qing/ros2_humble/chapter7/chapt7_ws/install/fishbot_application:/home/qing/ros2_humble/chapter7/chapt7_ws/install/autopatrol_robot:/opt/ros/humble CONDA_PROMPT_MODIFIER=(base) /usr/bin/cmake --build /home/qing/ros2_humble/chapter7/chapt7_ws/build/autopatrol_interfaces -- -j16 -l16
[0.854s] [  3%] Built target autopatrol_interfaces__cpp
[0.854s] [ 12%] Built target autopatrol_interfaces__rosidl_generator_c
[0.854s] [ 12%] Built target ament_cmake_python_copy_autopatrol_interfaces
[0.855s] [ 41%] Built target autopatrol_interfaces__rosidl_typesupport_fastrtps_cpp
[0.855s] [ 41%] Built target autopatrol_interfaces__rosidl_typesupport_cpp
[0.855s] [ 41%] Built target autopatrol_interfaces__rosidl_typesupport_introspection_cpp
[0.855s] [ 58%] Built target autopatrol_interfaces__rosidl_typesupport_introspection_c
[0.855s] [ 61%] Built target autopatrol_interfaces__rosidl_typesupport_c
[0.855s] [ 70%] Built target autopatrol_interfaces__rosidl_typesupport_fastrtps_c
[0.856s] [ 70%] Built target autopatrol_interfaces
[0.856s] [ 74%] Built target autopatrol_interfaces__py
[0.856s] [ 80%] Built target autopatrol_interfaces__rosidl_generator_py
[0.856s] [100%] Built target autopatrol_interfaces__rosidl_typesupport_fastrtps_c__pyext
[0.856s] [100%] Built target autopatrol_interfaces__rosidl_typesupport_introspection_c__pyext
[0.856s] [100%] Built target autopatrol_interfaces__rosidl_typesupport_c__pyext
[0.856s] running egg_info
[0.856s] writing manifest file 'autopatrol_interfaces.egg-info/SOURCES.txt'
[0.856s] [100%] Built target ament_cmake_python_build_autopatrol_interfaces_egg
[0.862s] Invoked command in '/home/qing/ros2_humble/chapter7/chapt7_ws/build/autopatrol_interfaces' returned '0': CMAKE_PREFIX_PATH=${CMAKE_PREFIX_PATH}:/home/qing/ros2_humble/chapter7/chapt7_ws/install/fishbot_application:/home/qing/ros2_humble/chapter7/chapt7_ws/install/autopatrol_robot:/opt/ros/humble CONDA_PROMPT_MODIFIER=(base) /usr/bin/cmake --build /home/qing/ros2_humble/chapter7/chapt7_ws/build/autopatrol_interfaces -- -j16 -l16
[0.873s] Invoking command in '/home/qing/ros2_humble/chapter7/chapt7_ws/build/autopatrol_interfaces': CMAKE_PREFIX_PATH=${CMAKE_PREFIX_PATH}:/home/qing/ros2_humble/chapter7/chapt7_ws/install/fishbot_application:/home/qing/ros2_humble/chapter7/chapt7_ws/install/autopatrol_robot:/opt/ros/humble CONDA_PROMPT_MODIFIER=(base) /usr/bin/cmake --install /home/qing/ros2_humble/chapter7/chapt7_ws/build/autopatrol_interfaces
[0.882s] -- Install configuration: ""
[0.883s] -- Up-to-date: /home/qing/ros2_humble/chapter7/chapt7_ws/install/autopatrol_interfaces/share/ament_index/resource_index/rosidl_interfaces/autopatrol_interfaces
[0.883s] -- Up-to-date: /home/qing/ros2_humble/chapter7/chapt7_ws/install/autopatrol_interfaces/include/autopatrol_interfaces/autopatrol_interfaces
[0.883s] -- Up-to-date: /home/qing/ros2_humble/chapter7/chapt7_ws/install/autopatrol_interfaces/include/autopatrol_interfaces/autopatrol_interfaces/srv
[0.883s] -- Up-to-date: /home/qing/ros2_humble/chapter7/chapt7_ws/install/autopatrol_interfaces/include/autopatrol_interfaces/autopatrol_interfaces/srv/detail
[0.883s] -- Up-to-date: /home/qing/ros2_humble/chapter7/chapt7_ws/install/autopatrol_interfaces/include/autopatrol_interfaces/autopatrol_interfaces/srv/detail/speach_text__struct.h
[0.883s] -- Up-to-date: /home/qing/ros2_humble/chapter7/chapt7_ws/install/autopatrol_interfaces/include/autopatrol_interfaces/autopatrol_interfaces/srv/detail/speach_text__type_support.h
[0.883s] -- Up-to-date: /home/qing/ros2_humble/chapter7/chapt7_ws/install/autopatrol_interfaces/include/autopatrol_interfaces/autopatrol_interfaces/srv/detail/speach_text__functions.h
[0.883s] -- Up-to-date: /home/qing/ros2_humble/chapter7/chapt7_ws/install/autopatrol_interfaces/include/autopatrol_interfaces/autopatrol_interfaces/srv/detail/speach_text__functions.c
[0.883s] -- Up-to-date: /home/qing/ros2_humble/chapter7/chapt7_ws/install/autopatrol_interfaces/include/autopatrol_interfaces/autopatrol_interfaces/srv/speach_text.h
[0.884s] -- Up-to-date: /home/qing/ros2_humble/chapter7/chapt7_ws/install/autopatrol_interfaces/include/autopatrol_interfaces/autopatrol_interfaces/msg
[0.884s] -- Up-to-date: /home/qing/ros2_humble/chapter7/chapt7_ws/install/autopatrol_interfaces/include/autopatrol_interfaces/autopatrol_interfaces/msg/rosidl_generator_c__visibility_control.h
[0.884s] -- Up-to-date: /home/qing/ros2_humble/chapter7/chapt7_ws/install/autopatrol_interfaces/share/autopatrol_interfaces/environment/library_path.sh
[0.884s] -- Up-to-date: /home/qing/ros2_humble/chapter7/chapt7_ws/install/autopatrol_interfaces/share/autopatrol_interfaces/environment/library_path.dsv
[0.884s] -- Up-to-date: /home/qing/ros2_humble/chapter7/chapt7_ws/install/autopatrol_interfaces/lib/libautopatrol_interfaces__rosidl_generator_c.so
[0.884s] -- Up-to-date: /home/qing/ros2_humble/chapter7/chapt7_ws/install/autopatrol_interfaces/include/autopatrol_interfaces/autopatrol_interfaces
[0.884s] -- Up-to-date: /home/qing/ros2_humble/chapter7/chapt7_ws/install/autopatrol_interfaces/include/autopatrol_interfaces/autopatrol_interfaces/srv
[0.885s] -- Up-to-date: /home/qing/ros2_humble/chapter7/chapt7_ws/install/autopatrol_interfaces/include/autopatrol_interfaces/autopatrol_interfaces/srv/detail
[0.885s] -- Up-to-date: /home/qing/ros2_humble/chapter7/chapt7_ws/install/autopatrol_interfaces/include/autopatrol_interfaces/autopatrol_interfaces/srv/detail/speach_text__rosidl_typesupport_fastrtps_c.h
[0.885s] -- Up-to-date: /home/qing/ros2_humble/chapter7/chapt7_ws/install/autopatrol_interfaces/include/autopatrol_interfaces/autopatrol_interfaces/msg
[0.885s] -- Up-to-date: /home/qing/ros2_humble/chapter7/chapt7_ws/install/autopatrol_interfaces/include/autopatrol_interfaces/autopatrol_interfaces/msg/rosidl_typesupport_fastrtps_c__visibility_control.h
[0.885s] -- Up-to-date: /home/qing/ros2_humble/chapter7/chapt7_ws/install/autopatrol_interfaces/lib/libautopatrol_interfaces__rosidl_typesupport_fastrtps_c.so
[0.885s] -- Up-to-date: /home/qing/ros2_humble/chapter7/chapt7_ws/install/autopatrol_interfaces/include/autopatrol_interfaces/autopatrol_interfaces
[0.885s] -- Up-to-date: /home/qing/ros2_humble/chapter7/chapt7_ws/install/autopatrol_interfaces/include/autopatrol_interfaces/autopatrol_interfaces/srv
[0.885s] -- Up-to-date: /home/qing/ros2_humble/chapter7/chapt7_ws/install/autopatrol_interfaces/include/autopatrol_interfaces/autopatrol_interfaces/srv/detail
[0.886s] -- Up-to-date: /home/qing/ros2_humble/chapter7/chapt7_ws/install/autopatrol_interfaces/include/autopatrol_interfaces/autopatrol_interfaces/srv/detail/speach_text__rosidl_typesupport_introspection_c.h
[0.886s] -- Up-to-date: /home/qing/ros2_humble/chapter7/chapt7_ws/install/autopatrol_interfaces/include/autopatrol_interfaces/autopatrol_interfaces/srv/detail/speach_text__type_support.c
[0.886s] -- Up-to-date: /home/qing/ros2_humble/chapter7/chapt7_ws/install/autopatrol_interfaces/include/autopatrol_interfaces/autopatrol_interfaces/msg
[0.886s] -- Up-to-date: /home/qing/ros2_humble/chapter7/chapt7_ws/install/autopatrol_interfaces/include/autopatrol_interfaces/autopatrol_interfaces/msg/rosidl_typesupport_introspection_c__visibility_control.h
[0.886s] -- Up-to-date: /home/qing/ros2_humble/chapter7/chapt7_ws/install/autopatrol_interfaces/lib/libautopatrol_interfaces__rosidl_typesupport_introspection_c.so
[0.886s] -- Up-to-date: /home/qing/ros2_humble/chapter7/chapt7_ws/install/autopatrol_interfaces/lib/libautopatrol_interfaces__rosidl_typesupport_c.so
[0.886s] -- Up-to-date: /home/qing/ros2_humble/chapter7/chapt7_ws/install/autopatrol_interfaces/include/autopatrol_interfaces/autopatrol_interfaces
[0.886s] -- Up-to-date: /home/qing/ros2_humble/chapter7/chapt7_ws/install/autopatrol_interfaces/include/autopatrol_interfaces/autopatrol_interfaces/srv
[0.886s] -- Up-to-date: /home/qing/ros2_humble/chapter7/chapt7_ws/install/autopatrol_interfaces/include/autopatrol_interfaces/autopatrol_interfaces/srv/detail
[0.886s] -- Up-to-date: /home/qing/ros2_humble/chapter7/chapt7_ws/install/autopatrol_interfaces/include/autopatrol_interfaces/autopatrol_interfaces/srv/detail/speach_text__struct.hpp
[0.887s] -- Up-to-date: /home/qing/ros2_humble/chapter7/chapt7_ws/install/autopatrol_interfaces/include/autopatrol_interfaces/autopatrol_interfaces/srv/detail/speach_text__type_support.hpp
[0.887s] -- Up-to-date: /home/qing/ros2_humble/chapter7/chapt7_ws/install/autopatrol_interfaces/include/autopatrol_interfaces/autopatrol_interfaces/srv/detail/speach_text__traits.hpp
[0.887s] -- Up-to-date: /home/qing/ros2_humble/chapter7/chapt7_ws/install/autopatrol_interfaces/include/autopatrol_interfaces/autopatrol_interfaces/srv/detail/speach_text__builder.hpp
[0.887s] -- Up-to-date: /home/qing/ros2_humble/chapter7/chapt7_ws/install/autopatrol_interfaces/include/autopatrol_interfaces/autopatrol_interfaces/srv/speach_text.hpp
[0.887s] -- Up-to-date: /home/qing/ros2_humble/chapter7/chapt7_ws/install/autopatrol_interfaces/include/autopatrol_interfaces/autopatrol_interfaces/msg
[0.887s] -- Up-to-date: /home/qing/ros2_humble/chapter7/chapt7_ws/install/autopatrol_interfaces/include/autopatrol_interfaces/autopatrol_interfaces/msg/rosidl_generator_cpp__visibility_control.hpp
[0.887s] -- Up-to-date: /home/qing/ros2_humble/chapter7/chapt7_ws/install/autopatrol_interfaces/include/autopatrol_interfaces/autopatrol_interfaces
[0.887s] -- Up-to-date: /home/qing/ros2_humble/chapter7/chapt7_ws/install/autopatrol_interfaces/include/autopatrol_interfaces/autopatrol_interfaces/srv
[0.887s] -- Up-to-date: /home/qing/ros2_humble/chapter7/chapt7_ws/install/autopatrol_interfaces/include/autopatrol_interfaces/autopatrol_interfaces/srv/detail
[0.888s] -- Up-to-date: /home/qing/ros2_humble/chapter7/chapt7_ws/install/autopatrol_interfaces/include/autopatrol_interfaces/autopatrol_interfaces/srv/detail/dds_fastrtps
[0.888s] -- Up-to-date: /home/qing/ros2_humble/chapter7/chapt7_ws/install/autopatrol_interfaces/include/autopatrol_interfaces/autopatrol_interfaces/srv/detail/speach_text__rosidl_typesupport_fastrtps_cpp.hpp
[0.888s] -- Up-to-date: /home/qing/ros2_humble/chapter7/chapt7_ws/install/autopatrol_interfaces/include/autopatrol_interfaces/autopatrol_interfaces/msg
[0.889s] -- Up-to-date: /home/qing/ros2_humble/chapter7/chapt7_ws/install/autopatrol_interfaces/include/autopatrol_interfaces/autopatrol_interfaces/msg/rosidl_typesupport_fastrtps_cpp__visibility_control.h
[0.889s] -- Up-to-date: /home/qing/ros2_humble/chapter7/chapt7_ws/install/autopatrol_interfaces/lib/libautopatrol_interfaces__rosidl_typesupport_fastrtps_cpp.so
[0.889s] -- Up-to-date: /home/qing/ros2_humble/chapter7/chapt7_ws/install/autopatrol_interfaces/include/autopatrol_interfaces/autopatrol_interfaces
[0.889s] -- Up-to-date: /home/qing/ros2_humble/chapter7/chapt7_ws/install/autopatrol_interfaces/include/autopatrol_interfaces/autopatrol_interfaces/srv
[0.889s] -- Up-to-date: /home/qing/ros2_humble/chapter7/chapt7_ws/install/autopatrol_interfaces/include/autopatrol_interfaces/autopatrol_interfaces/srv/detail
[0.889s] -- Up-to-date: /home/qing/ros2_humble/chapter7/chapt7_ws/install/autopatrol_interfaces/include/autopatrol_interfaces/autopatrol_interfaces/srv/detail/speach_text__type_support.cpp
[0.890s] -- Up-to-date: /home/qing/ros2_humble/chapter7/chapt7_ws/install/autopatrol_interfaces/include/autopatrol_interfaces/autopatrol_interfaces/srv/detail/speach_text__rosidl_typesupport_introspection_cpp.hpp
[0.890s] -- Up-to-date: /home/qing/ros2_humble/chapter7/chapt7_ws/install/autopatrol_interfaces/lib/libautopatrol_interfaces__rosidl_typesupport_introspection_cpp.so
[0.890s] -- Up-to-date: /home/qing/ros2_humble/chapter7/chapt7_ws/install/autopatrol_interfaces/lib/libautopatrol_interfaces__rosidl_typesupport_cpp.so
[0.890s] -- Up-to-date: /home/qing/ros2_humble/chapter7/chapt7_ws/install/autopatrol_interfaces/share/autopatrol_interfaces/environment/pythonpath.sh
[0.890s] -- Up-to-date: /home/qing/ros2_humble/chapter7/chapt7_ws/install/autopatrol_interfaces/share/autopatrol_interfaces/environment/pythonpath.dsv
[0.890s] -- Up-to-date: /home/qing/ros2_humble/chapter7/chapt7_ws/install/autopatrol_interfaces/lib/python3.10/site-packages/autopatrol_interfaces-0.0.0-py3.10.egg-info
[0.890s] -- Installing: /home/qing/ros2_humble/chapter7/chapt7_ws/install/autopatrol_interfaces/lib/python3.10/site-packages/autopatrol_interfaces-0.0.0-py3.10.egg-info/top_level.txt
[0.890s] -- Installing: /home/qing/ros2_humble/chapter7/chapt7_ws/install/autopatrol_interfaces/lib/python3.10/site-packages/autopatrol_interfaces-0.0.0-py3.10.egg-info/PKG-INFO
[0.890s] -- Installing: /home/qing/ros2_humble/chapter7/chapt7_ws/install/autopatrol_interfaces/lib/python3.10/site-packages/autopatrol_interfaces-0.0.0-py3.10.egg-info/dependency_links.txt
[0.891s] -- Installing: /home/qing/ros2_humble/chapter7/chapt7_ws/install/autopatrol_interfaces/lib/python3.10/site-packages/autopatrol_interfaces-0.0.0-py3.10.egg-info/SOURCES.txt
[0.891s] -- Up-to-date: /home/qing/ros2_humble/chapter7/chapt7_ws/install/autopatrol_interfaces/lib/python3.10/site-packages/autopatrol_interfaces
[0.891s] -- Up-to-date: /home/qing/ros2_humble/chapter7/chapt7_ws/install/autopatrol_interfaces/lib/python3.10/site-packages/autopatrol_interfaces/autopatrol_interfaces_s__rosidl_typesupport_c.cpython-310-x86_64-linux-gnu.so
[0.891s] -- Up-to-date: /home/qing/ros2_humble/chapter7/chapt7_ws/install/autopatrol_interfaces/lib/python3.10/site-packages/autopatrol_interfaces/libautopatrol_interfaces__rosidl_generator_py.so
[0.892s] -- Up-to-date: /home/qing/ros2_humble/chapter7/chapt7_ws/install/autopatrol_interfaces/lib/python3.10/site-packages/autopatrol_interfaces/srv
[0.892s] -- Up-to-date: /home/qing/ros2_humble/chapter7/chapt7_ws/install/autopatrol_interfaces/lib/python3.10/site-packages/autopatrol_interfaces/srv/_speach_text.py
[0.892s] -- Up-to-date: /home/qing/ros2_humble/chapter7/chapt7_ws/install/autopatrol_interfaces/lib/python3.10/site-packages/autopatrol_interfaces/srv/__init__.py
[0.892s] -- Up-to-date: /home/qing/ros2_humble/chapter7/chapt7_ws/install/autopatrol_interfaces/lib/python3.10/site-packages/autopatrol_interfaces/srv/_speach_text_s.c
[0.892s] -- Up-to-date: /home/qing/ros2_humble/chapter7/chapt7_ws/install/autopatrol_interfaces/lib/python3.10/site-packages/autopatrol_interfaces/__init__.py
[0.892s] -- Up-to-date: /home/qing/ros2_humble/chapter7/chapt7_ws/install/autopatrol_interfaces/lib/python3.10/site-packages/autopatrol_interfaces/_autopatrol_interfaces_s.ep.rosidl_typesupport_introspection_c.c
[0.892s] -- Up-to-date: /home/qing/ros2_humble/chapter7/chapt7_ws/install/autopatrol_interfaces/lib/python3.10/site-packages/autopatrol_interfaces/_autopatrol_interfaces_s.ep.rosidl_typesupport_fastrtps_c.c
[0.893s] -- Up-to-date: /home/qing/ros2_humble/chapter7/chapt7_ws/install/autopatrol_interfaces/lib/python3.10/site-packages/autopatrol_interfaces/autopatrol_interfaces_s__rosidl_typesupport_fastrtps_c.cpython-310-x86_64-linux-gnu.so
[0.893s] -- Up-to-date: /home/qing/ros2_humble/chapter7/chapt7_ws/install/autopatrol_interfaces/lib/python3.10/site-packages/autopatrol_interfaces/_autopatrol_interfaces_s.ep.rosidl_typesupport_c.c
[0.893s] -- Up-to-date: /home/qing/ros2_humble/chapter7/chapt7_ws/install/autopatrol_interfaces/lib/python3.10/site-packages/autopatrol_interfaces/autopatrol_interfaces_s__rosidl_typesupport_introspection_c.cpython-310-x86_64-linux-gnu.so
[0.934s] Listing '/home/qing/ros2_humble/chapter7/chapt7_ws/install/autopatrol_interfaces/lib/python3.10/site-packages/autopatrol_interfaces'...
[0.934s] Listing '/home/qing/ros2_humble/chapter7/chapt7_ws/install/autopatrol_interfaces/lib/python3.10/site-packages/autopatrol_interfaces/srv'...
[0.939s] -- Up-to-date: /home/qing/ros2_humble/chapter7/chapt7_ws/install/autopatrol_interfaces/lib/python3.10/site-packages/autopatrol_interfaces/autopatrol_interfaces_s__rosidl_typesupport_fastrtps_c.cpython-310-x86_64-linux-gnu.so
[0.940s] -- Up-to-date: /home/qing/ros2_humble/chapter7/chapt7_ws/install/autopatrol_interfaces/lib/python3.10/site-packages/autopatrol_interfaces/autopatrol_interfaces_s__rosidl_typesupport_introspection_c.cpython-310-x86_64-linux-gnu.so
[0.940s] -- Up-to-date: /home/qing/ros2_humble/chapter7/chapt7_ws/install/autopatrol_interfaces/lib/python3.10/site-packages/autopatrol_interfaces/autopatrol_interfaces_s__rosidl_typesupport_c.cpython-310-x86_64-linux-gnu.so
[0.940s] -- Up-to-date: /home/qing/ros2_humble/chapter7/chapt7_ws/install/autopatrol_interfaces/lib/libautopatrol_interfaces__rosidl_generator_py.so
[0.940s] -- Up-to-date: /home/qing/ros2_humble/chapter7/chapt7_ws/install/autopatrol_interfaces/share/autopatrol_interfaces/srv/SpeachText.idl
[0.940s] -- Up-to-date: /home/qing/ros2_humble/chapter7/chapt7_ws/install/autopatrol_interfaces/share/autopatrol_interfaces/srv/SpeachText.srv
[0.940s] -- Up-to-date: /home/qing/ros2_humble/chapter7/chapt7_ws/install/autopatrol_interfaces/share/autopatrol_interfaces/srv/SpeachText_Request.msg
[0.940s] -- Up-to-date: /home/qing/ros2_humble/chapter7/chapt7_ws/install/autopatrol_interfaces/share/autopatrol_interfaces/srv/SpeachText_Response.msg
[0.940s] -- Up-to-date: /home/qing/ros2_humble/chapter7/chapt7_ws/install/autopatrol_interfaces/share/ament_index/resource_index/package_run_dependencies/autopatrol_interfaces
[0.941s] -- Up-to-date: /home/qing/ros2_humble/chapter7/chapt7_ws/install/autopatrol_interfaces/share/ament_index/resource_index/parent_prefix_path/autopatrol_interfaces
[0.941s] -- Up-to-date: /home/qing/ros2_humble/chapter7/chapt7_ws/install/autopatrol_interfaces/share/autopatrol_interfaces/environment/ament_prefix_path.sh
[0.941s] -- Up-to-date: /home/qing/ros2_humble/chapter7/chapt7_ws/install/autopatrol_interfaces/share/autopatrol_interfaces/environment/ament_prefix_path.dsv
[0.941s] -- Up-to-date: /home/qing/ros2_humble/chapter7/chapt7_ws/install/autopatrol_interfaces/share/autopatrol_interfaces/environment/path.sh
[0.941s] -- Up-to-date: /home/qing/ros2_humble/chapter7/chapt7_ws/install/autopatrol_interfaces/share/autopatrol_interfaces/environment/path.dsv
[0.941s] -- Up-to-date: /home/qing/ros2_humble/chapter7/chapt7_ws/install/autopatrol_interfaces/share/autopatrol_interfaces/local_setup.bash
[0.942s] -- Up-to-date: /home/qing/ros2_humble/chapter7/chapt7_ws/install/autopatrol_interfaces/share/autopatrol_interfaces/local_setup.sh
[0.942s] -- Up-to-date: /home/qing/ros2_humble/chapter7/chapt7_ws/install/autopatrol_interfaces/share/autopatrol_interfaces/local_setup.zsh
[0.942s] -- Up-to-date: /home/qing/ros2_humble/chapter7/chapt7_ws/install/autopatrol_interfaces/share/autopatrol_interfaces/local_setup.dsv
[0.942s] -- Installing: /home/qing/ros2_humble/chapter7/chapt7_ws/install/autopatrol_interfaces/share/autopatrol_interfaces/package.dsv
[0.942s] -- Up-to-date: /home/qing/ros2_humble/chapter7/chapt7_ws/install/autopatrol_interfaces/share/ament_index/resource_index/packages/autopatrol_interfaces
[0.942s] -- Up-to-date: /home/qing/ros2_humble/chapter7/chapt7_ws/install/autopatrol_interfaces/share/autopatrol_interfaces/cmake/export_autopatrol_interfaces__rosidl_generator_cExport.cmake
[0.943s] -- Up-to-date: /home/qing/ros2_humble/chapter7/chapt7_ws/install/autopatrol_interfaces/share/autopatrol_interfaces/cmake/export_autopatrol_interfaces__rosidl_generator_cExport-noconfig.cmake
[0.944s] -- Up-to-date: /home/qing/ros2_humble/chapter7/chapt7_ws/install/autopatrol_interfaces/share/autopatrol_interfaces/cmake/export_autopatrol_interfaces__rosidl_typesupport_fastrtps_cExport.cmake
[0.944s] -- Up-to-date: /home/qing/ros2_humble/chapter7/chapt7_ws/install/autopatrol_interfaces/share/autopatrol_interfaces/cmake/export_autopatrol_interfaces__rosidl_typesupport_fastrtps_cExport-noconfig.cmake
[0.944s] -- Up-to-date: /home/qing/ros2_humble/chapter7/chapt7_ws/install/autopatrol_interfaces/share/autopatrol_interfaces/cmake/autopatrol_interfaces__rosidl_typesupport_introspection_cExport.cmake
[0.944s] -- Up-to-date: /home/qing/ros2_humble/chapter7/chapt7_ws/install/autopatrol_interfaces/share/autopatrol_interfaces/cmake/autopatrol_interfaces__rosidl_typesupport_introspection_cExport-noconfig.cmake
[0.944s] -- Up-to-date: /home/qing/ros2_humble/chapter7/chapt7_ws/install/autopatrol_interfaces/share/autopatrol_interfaces/cmake/autopatrol_interfaces__rosidl_typesupport_cExport.cmake
[0.945s] -- Up-to-date: /home/qing/ros2_humble/chapter7/chapt7_ws/install/autopatrol_interfaces/share/autopatrol_interfaces/cmake/autopatrol_interfaces__rosidl_typesupport_cExport-noconfig.cmake
[0.945s] -- Up-to-date: /home/qing/ros2_humble/chapter7/chapt7_ws/install/autopatrol_interfaces/share/autopatrol_interfaces/cmake/export_autopatrol_interfaces__rosidl_generator_cppExport.cmake
[0.945s] -- Up-to-date: /home/qing/ros2_humble/chapter7/chapt7_ws/install/autopatrol_interfaces/share/autopatrol_interfaces/cmake/export_autopatrol_interfaces__rosidl_typesupport_fastrtps_cppExport.cmake
[0.945s] -- Up-to-date: /home/qing/ros2_humble/chapter7/chapt7_ws/install/autopatrol_interfaces/share/autopatrol_interfaces/cmake/export_autopatrol_interfaces__rosidl_typesupport_fastrtps_cppExport-noconfig.cmake
[0.945s] -- Up-to-date: /home/qing/ros2_humble/chapter7/chapt7_ws/install/autopatrol_interfaces/share/autopatrol_interfaces/cmake/autopatrol_interfaces__rosidl_typesupport_introspection_cppExport.cmake
[0.946s] -- Up-to-date: /home/qing/ros2_humble/chapter7/chapt7_ws/install/autopatrol_interfaces/share/autopatrol_interfaces/cmake/autopatrol_interfaces__rosidl_typesupport_introspection_cppExport-noconfig.cmake
[0.946s] -- Up-to-date: /home/qing/ros2_humble/chapter7/chapt7_ws/install/autopatrol_interfaces/share/autopatrol_interfaces/cmake/autopatrol_interfaces__rosidl_typesupport_cppExport.cmake
[0.946s] -- Up-to-date: /home/qing/ros2_humble/chapter7/chapt7_ws/install/autopatrol_interfaces/share/autopatrol_interfaces/cmake/autopatrol_interfaces__rosidl_typesupport_cppExport-noconfig.cmake
[0.946s] -- Up-to-date: /home/qing/ros2_humble/chapter7/chapt7_ws/install/autopatrol_interfaces/share/autopatrol_interfaces/cmake/export_autopatrol_interfaces__rosidl_generator_pyExport.cmake
[0.946s] -- Up-to-date: /home/qing/ros2_humble/chapter7/chapt7_ws/install/autopatrol_interfaces/share/autopatrol_interfaces/cmake/export_autopatrol_interfaces__rosidl_generator_pyExport-noconfig.cmake
[0.946s] -- Up-to-date: /home/qing/ros2_humble/chapter7/chapt7_ws/install/autopatrol_interfaces/share/autopatrol_interfaces/cmake/rosidl_cmake-extras.cmake
[0.947s] -- Up-to-date: /home/qing/ros2_humble/chapter7/chapt7_ws/install/autopatrol_interfaces/share/autopatrol_interfaces/cmake/ament_cmake_export_include_directories-extras.cmake
[0.947s] -- Up-to-date: /home/qing/ros2_humble/chapter7/chapt7_ws/install/autopatrol_interfaces/share/autopatrol_interfaces/cmake/ament_cmake_export_libraries-extras.cmake
[0.947s] -- Up-to-date: /home/qing/ros2_humble/chapter7/chapt7_ws/install/autopatrol_interfaces/share/autopatrol_interfaces/cmake/ament_cmake_export_targets-extras.cmake
[0.947s] -- Up-to-date: /home/qing/ros2_humble/chapter7/chapt7_ws/install/autopatrol_interfaces/share/autopatrol_interfaces/cmake/rosidl_cmake_export_typesupport_targets-extras.cmake
[0.947s] -- Up-to-date: /home/qing/ros2_humble/chapter7/chapt7_ws/install/autopatrol_interfaces/share/autopatrol_interfaces/cmake/ament_cmake_export_dependencies-extras.cmake
[0.947s] -- Up-to-date: /home/qing/ros2_humble/chapter7/chapt7_ws/install/autopatrol_interfaces/share/autopatrol_interfaces/cmake/rosidl_cmake_export_typesupport_libraries-extras.cmake
[0.948s] -- Up-to-date: /home/qing/ros2_humble/chapter7/chapt7_ws/install/autopatrol_interfaces/share/autopatrol_interfaces/cmake/autopatrol_interfacesConfig.cmake
[0.948s] -- Up-to-date: /home/qing/ros2_humble/chapter7/chapt7_ws/install/autopatrol_interfaces/share/autopatrol_interfaces/cmake/autopatrol_interfacesConfig-version.cmake
[0.948s] -- Up-to-date: /home/qing/ros2_humble/chapter7/chapt7_ws/install/autopatrol_interfaces/share/autopatrol_interfaces/package.xml
[0.954s] Invoked command in '/home/qing/ros2_humble/chapter7/chapt7_ws/build/autopatrol_interfaces' returned '0': CMAKE_PREFIX_PATH=${CMAKE_PREFIX_PATH}:/home/qing/ros2_humble/chapter7/chapt7_ws/install/fishbot_application:/home/qing/ros2_humble/chapter7/chapt7_ws/install/autopatrol_robot:/opt/ros/humble CONDA_PROMPT_MODIFIER=(base) /usr/bin/cmake --install /home/qing/ros2_humble/chapter7/chapt7_ws/build/autopatrol_interfaces
