[0.381s] DEBUG:colcon:Command line arguments: ['/home/qing/下载/enter/bin/colcon', 'build', '--cmake-args', '-DCMAKE_CXX_COMPILER=/usr/bin/g++', '-DCMAKE_CXX_FLAGS=-I/usr/include/c++/11', '-DCMAKE_SKIP_RPATH=ON']
[0.381s] DEBUG:colcon:Parsed command line arguments: Namespace(log_base=None, log_level=None, verb_name='build', build_base='build', install_base='install', merge_install=False, symlink_install=False, test_result_base=None, continue_on_error=False, executor='parallel', parallel_workers=16, event_handlers=None, ignore_user_meta=False, metas=['./colcon.meta'], base_paths=['.'], packages_ignore=None, packages_ignore_regex=None, paths=None, packages_up_to=None, packages_up_to_regex=None, packages_above=None, packages_above_and_dependencies=None, packages_above_depth=None, packages_select_by_dep=None, packages_skip_by_dep=None, packages_skip_up_to=None, packages_select_build_failed=False, packages_skip_build_finished=False, packages_select_test_failures=False, packages_skip_test_passed=False, packages_select=None, packages_skip=None, packages_select_regex=None, packages_skip_regex=None, packages_start=None, packages_end=None, cmake_args=['-DCMAKE_CXX_COMPILER=/usr/bin/g++', '-DCMAKE_CXX_FLAGS=-I/usr/include/c++/11', '-DCMAKE_SKIP_RPATH=ON'], cmake_target=None, cmake_target_skip_unavailable=False, cmake_clean_cache=False, cmake_clean_first=False, cmake_force_configure=False, ament_cmake_args=None, catkin_cmake_args=None, catkin_skip_building_tests=False, verb_parser=<colcon_defaults.argument_parser.defaults.DefaultArgumentsDecorator object at 0x7a2842e60ac0>, verb_extension=<colcon_core.verb.build.BuildVerb object at 0x7a2842f7d2d0>, main=<bound method BuildVerb.main of <colcon_core.verb.build.BuildVerb object at 0x7a2842f7d2d0>>)
[0.621s] Level 1:colcon.colcon_core.package_discovery:discover_packages(colcon_meta) check parameters
[0.621s] Level 1:colcon.colcon_core.package_discovery:discover_packages(recursive) check parameters
[0.621s] Level 1:colcon.colcon_core.package_discovery:discover_packages(ignore) check parameters
[0.621s] Level 1:colcon.colcon_core.package_discovery:discover_packages(path) check parameters
[0.621s] Level 1:colcon.colcon_core.package_discovery:discover_packages(colcon_meta) discover
[0.621s] Level 1:colcon.colcon_core.package_discovery:discover_packages(recursive) discover
[0.621s] INFO:colcon.colcon_core.package_discovery:Crawling recursively for packages in '/home/qing/ros2_humble/chapter7/chapt7_ws'
[0.621s] Level 1:colcon.colcon_core.package_identification:_identify(.) by extensions ['ignore', 'ignore_ament_install']
[0.621s] Level 1:colcon.colcon_core.package_identification:_identify(.) by extension 'ignore'
[0.621s] Level 1:colcon.colcon_core.package_identification:_identify(.) by extension 'ignore_ament_install'
[0.621s] Level 1:colcon.colcon_core.package_identification:_identify(.) by extensions ['colcon_pkg']
[0.622s] Level 1:colcon.colcon_core.package_identification:_identify(.) by extension 'colcon_pkg'
[0.622s] Level 1:colcon.colcon_core.package_identification:_identify(.) by extensions ['colcon_meta']
[0.622s] Level 1:colcon.colcon_core.package_identification:_identify(.) by extension 'colcon_meta'
[0.622s] Level 1:colcon.colcon_core.package_identification:_identify(.) by extensions ['ros']
[0.622s] Level 1:colcon.colcon_core.package_identification:_identify(.) by extension 'ros'
[0.658s] Level 1:colcon.colcon_core.package_identification:_identify(.) by extensions ['cmake', 'python']
[0.658s] Level 1:colcon.colcon_core.package_identification:_identify(.) by extension 'cmake'
[0.658s] Level 1:colcon.colcon_core.package_identification:_identify(.) by extension 'python'
[0.658s] Level 1:colcon.colcon_core.package_identification:_identify(.) by extensions ['python_setup_py']
[0.658s] Level 1:colcon.colcon_core.package_identification:_identify(.) by extension 'python_setup_py'
[0.659s] Level 1:colcon.colcon_core.package_identification:_identify(build) by extensions ['ignore', 'ignore_ament_install']
[0.659s] Level 1:colcon.colcon_core.package_identification:_identify(build) by extension 'ignore'
[0.659s] Level 1:colcon.colcon_core.package_identification:_identify(build) ignored
[0.659s] Level 1:colcon.colcon_core.package_identification:_identify(install) by extensions ['ignore', 'ignore_ament_install']
[0.659s] Level 1:colcon.colcon_core.package_identification:_identify(install) by extension 'ignore'
[0.659s] Level 1:colcon.colcon_core.package_identification:_identify(install) ignored
[0.659s] Level 1:colcon.colcon_core.package_identification:_identify(log) by extensions ['ignore', 'ignore_ament_install']
[0.659s] Level 1:colcon.colcon_core.package_identification:_identify(log) by extension 'ignore'
[0.659s] Level 1:colcon.colcon_core.package_identification:_identify(log) ignored
[0.660s] Level 1:colcon.colcon_core.package_identification:_identify(src) by extensions ['ignore', 'ignore_ament_install']
[0.660s] Level 1:colcon.colcon_core.package_identification:_identify(src) by extension 'ignore'
[0.660s] Level 1:colcon.colcon_core.package_identification:_identify(src) by extension 'ignore_ament_install'
[0.660s] Level 1:colcon.colcon_core.package_identification:_identify(src) by extensions ['colcon_pkg']
[0.660s] Level 1:colcon.colcon_core.package_identification:_identify(src) by extension 'colcon_pkg'
[0.660s] Level 1:colcon.colcon_core.package_identification:_identify(src) by extensions ['colcon_meta']
[0.660s] Level 1:colcon.colcon_core.package_identification:_identify(src) by extension 'colcon_meta'
[0.660s] Level 1:colcon.colcon_core.package_identification:_identify(src) by extensions ['ros']
[0.660s] Level 1:colcon.colcon_core.package_identification:_identify(src) by extension 'ros'
[0.660s] Level 1:colcon.colcon_core.package_identification:_identify(src) by extensions ['cmake', 'python']
[0.660s] Level 1:colcon.colcon_core.package_identification:_identify(src) by extension 'cmake'
[0.660s] Level 1:colcon.colcon_core.package_identification:_identify(src) by extension 'python'
[0.660s] Level 1:colcon.colcon_core.package_identification:_identify(src) by extensions ['python_setup_py']
[0.660s] Level 1:colcon.colcon_core.package_identification:_identify(src) by extension 'python_setup_py'
[0.660s] Level 1:colcon.colcon_core.package_identification:_identify(src/autopatrol_interfaces) by extensions ['ignore', 'ignore_ament_install']
[0.660s] Level 1:colcon.colcon_core.package_identification:_identify(src/autopatrol_interfaces) by extension 'ignore'
[0.661s] Level 1:colcon.colcon_core.package_identification:_identify(src/autopatrol_interfaces) by extension 'ignore_ament_install'
[0.661s] Level 1:colcon.colcon_core.package_identification:_identify(src/autopatrol_interfaces) by extensions ['colcon_pkg']
[0.661s] Level 1:colcon.colcon_core.package_identification:_identify(src/autopatrol_interfaces) by extension 'colcon_pkg'
[0.661s] Level 1:colcon.colcon_core.package_identification:_identify(src/autopatrol_interfaces) by extensions ['colcon_meta']
[0.661s] Level 1:colcon.colcon_core.package_identification:_identify(src/autopatrol_interfaces) by extension 'colcon_meta'
[0.661s] Level 1:colcon.colcon_core.package_identification:_identify(src/autopatrol_interfaces) by extensions ['ros']
[0.661s] Level 1:colcon.colcon_core.package_identification:_identify(src/autopatrol_interfaces) by extension 'ros'
[0.664s] DEBUG:colcon.colcon_core.package_identification:Package 'src/autopatrol_interfaces' with type 'ros.ament_cmake' and name 'autopatrol_interfaces'
[0.664s] Level 1:colcon.colcon_core.package_identification:_identify(src/autopatrol_robot) by extensions ['ignore', 'ignore_ament_install']
[0.664s] Level 1:colcon.colcon_core.package_identification:_identify(src/autopatrol_robot) by extension 'ignore'
[0.664s] Level 1:colcon.colcon_core.package_identification:_identify(src/autopatrol_robot) by extension 'ignore_ament_install'
[0.664s] Level 1:colcon.colcon_core.package_identification:_identify(src/autopatrol_robot) by extensions ['colcon_pkg']
[0.664s] Level 1:colcon.colcon_core.package_identification:_identify(src/autopatrol_robot) by extension 'colcon_pkg'
[0.665s] Level 1:colcon.colcon_core.package_identification:_identify(src/autopatrol_robot) by extensions ['colcon_meta']
[0.665s] Level 1:colcon.colcon_core.package_identification:_identify(src/autopatrol_robot) by extension 'colcon_meta'
[0.665s] Level 1:colcon.colcon_core.package_identification:_identify(src/autopatrol_robot) by extensions ['ros']
[0.665s] Level 1:colcon.colcon_core.package_identification:_identify(src/autopatrol_robot) by extension 'ros'
[0.665s] DEBUG:colcon.colcon_core.package_identification:Package 'src/autopatrol_robot' with type 'ros.ament_python' and name 'autopatrol_robot'
[0.665s] Level 1:colcon.colcon_core.package_identification:_identify(src/fishbot_application) by extensions ['ignore', 'ignore_ament_install']
[0.665s] Level 1:colcon.colcon_core.package_identification:_identify(src/fishbot_application) by extension 'ignore'
[0.666s] Level 1:colcon.colcon_core.package_identification:_identify(src/fishbot_application) by extension 'ignore_ament_install'
[0.666s] Level 1:colcon.colcon_core.package_identification:_identify(src/fishbot_application) by extensions ['colcon_pkg']
[0.666s] Level 1:colcon.colcon_core.package_identification:_identify(src/fishbot_application) by extension 'colcon_pkg'
[0.666s] Level 1:colcon.colcon_core.package_identification:_identify(src/fishbot_application) by extensions ['colcon_meta']
[0.666s] Level 1:colcon.colcon_core.package_identification:_identify(src/fishbot_application) by extension 'colcon_meta'
[0.666s] Level 1:colcon.colcon_core.package_identification:_identify(src/fishbot_application) by extensions ['ros']
[0.666s] Level 1:colcon.colcon_core.package_identification:_identify(src/fishbot_application) by extension 'ros'
[0.666s] DEBUG:colcon.colcon_core.package_identification:Package 'src/fishbot_application' with type 'ros.ament_python' and name 'fishbot_application'
[0.667s] Level 1:colcon.colcon_core.package_identification:_identify(src/fishbot_application_cpp) by extensions ['ignore', 'ignore_ament_install']
[0.667s] Level 1:colcon.colcon_core.package_identification:_identify(src/fishbot_application_cpp) by extension 'ignore'
[0.667s] Level 1:colcon.colcon_core.package_identification:_identify(src/fishbot_application_cpp) by extension 'ignore_ament_install'
[0.667s] Level 1:colcon.colcon_core.package_identification:_identify(src/fishbot_application_cpp) by extensions ['colcon_pkg']
[0.667s] Level 1:colcon.colcon_core.package_identification:_identify(src/fishbot_application_cpp) by extension 'colcon_pkg'
[0.667s] Level 1:colcon.colcon_core.package_identification:_identify(src/fishbot_application_cpp) by extensions ['colcon_meta']
[0.667s] Level 1:colcon.colcon_core.package_identification:_identify(src/fishbot_application_cpp) by extension 'colcon_meta'
[0.667s] Level 1:colcon.colcon_core.package_identification:_identify(src/fishbot_application_cpp) by extensions ['ros']
[0.667s] Level 1:colcon.colcon_core.package_identification:_identify(src/fishbot_application_cpp) by extension 'ros'
[0.667s] DEBUG:colcon.colcon_core.package_identification:Package 'src/fishbot_application_cpp' with type 'ros.ament_cmake' and name 'fishbot_application_cpp'
[0.668s] Level 1:colcon.colcon_core.package_identification:_identify(src/fishbot_description) by extensions ['ignore', 'ignore_ament_install']
[0.668s] Level 1:colcon.colcon_core.package_identification:_identify(src/fishbot_description) by extension 'ignore'
[0.668s] Level 1:colcon.colcon_core.package_identification:_identify(src/fishbot_description) by extension 'ignore_ament_install'
[0.668s] Level 1:colcon.colcon_core.package_identification:_identify(src/fishbot_description) by extensions ['colcon_pkg']
[0.668s] Level 1:colcon.colcon_core.package_identification:_identify(src/fishbot_description) by extension 'colcon_pkg'
[0.668s] Level 1:colcon.colcon_core.package_identification:_identify(src/fishbot_description) by extensions ['colcon_meta']
[0.668s] Level 1:colcon.colcon_core.package_identification:_identify(src/fishbot_description) by extension 'colcon_meta'
[0.668s] Level 1:colcon.colcon_core.package_identification:_identify(src/fishbot_description) by extensions ['ros']
[0.668s] Level 1:colcon.colcon_core.package_identification:_identify(src/fishbot_description) by extension 'ros'
[0.669s] DEBUG:colcon.colcon_core.package_identification:Package 'src/fishbot_description' with type 'ros.ament_cmake' and name 'fishbot_description'
[0.669s] Level 1:colcon.colcon_core.package_identification:_identify(src/fishbot_navigation2) by extensions ['ignore', 'ignore_ament_install']
[0.669s] Level 1:colcon.colcon_core.package_identification:_identify(src/fishbot_navigation2) by extension 'ignore'
[0.669s] Level 1:colcon.colcon_core.package_identification:_identify(src/fishbot_navigation2) by extension 'ignore_ament_install'
[0.669s] Level 1:colcon.colcon_core.package_identification:_identify(src/fishbot_navigation2) by extensions ['colcon_pkg']
[0.669s] Level 1:colcon.colcon_core.package_identification:_identify(src/fishbot_navigation2) by extension 'colcon_pkg'
[0.669s] Level 1:colcon.colcon_core.package_identification:_identify(src/fishbot_navigation2) by extensions ['colcon_meta']
[0.669s] Level 1:colcon.colcon_core.package_identification:_identify(src/fishbot_navigation2) by extension 'colcon_meta'
[0.669s] Level 1:colcon.colcon_core.package_identification:_identify(src/fishbot_navigation2) by extensions ['ros']
[0.669s] Level 1:colcon.colcon_core.package_identification:_identify(src/fishbot_navigation2) by extension 'ros'
[0.669s] DEBUG:colcon.colcon_core.package_identification:Package 'src/fishbot_navigation2' with type 'ros.ament_cmake' and name 'fishbot_navigation2'
[0.670s] Level 1:colcon.colcon_core.package_identification:_identify(src/navigation2) by extensions ['ignore', 'ignore_ament_install']
[0.670s] Level 1:colcon.colcon_core.package_identification:_identify(src/navigation2) by extension 'ignore'
[0.670s] Level 1:colcon.colcon_core.package_identification:_identify(src/navigation2) by extension 'ignore_ament_install'
[0.670s] Level 1:colcon.colcon_core.package_identification:_identify(src/navigation2) by extensions ['colcon_pkg']
[0.670s] Level 1:colcon.colcon_core.package_identification:_identify(src/navigation2) by extension 'colcon_pkg'
[0.670s] Level 1:colcon.colcon_core.package_identification:_identify(src/navigation2) by extensions ['colcon_meta']
[0.670s] Level 1:colcon.colcon_core.package_identification:_identify(src/navigation2) by extension 'colcon_meta'
[0.670s] Level 1:colcon.colcon_core.package_identification:_identify(src/navigation2) by extensions ['ros']
[0.670s] Level 1:colcon.colcon_core.package_identification:_identify(src/navigation2) by extension 'ros'
[0.670s] Level 1:colcon.colcon_core.package_identification:_identify(src/navigation2) by extensions ['cmake', 'python']
[0.670s] Level 1:colcon.colcon_core.package_identification:_identify(src/navigation2) by extension 'cmake'
[0.670s] Level 1:colcon.colcon_core.package_identification:_identify(src/navigation2) by extension 'python'
[0.670s] Level 1:colcon.colcon_core.package_identification:_identify(src/navigation2) by extensions ['python_setup_py']
[0.670s] Level 1:colcon.colcon_core.package_identification:_identify(src/navigation2) by extension 'python_setup_py'
[0.670s] Level 1:colcon.colcon_core.package_discovery:discover_packages(recursive) using defaults
[0.670s] Level 1:colcon.colcon_core.package_discovery:discover_packages(ignore) discover
[0.670s] Level 1:colcon.colcon_core.package_discovery:discover_packages(ignore) using defaults
[0.670s] Level 1:colcon.colcon_core.package_discovery:discover_packages(path) discover
[0.670s] Level 1:colcon.colcon_core.package_discovery:discover_packages(path) using defaults
[0.694s] Level 5:colcon.colcon_core.verb:set package 'autopatrol_interfaces' build argument 'cmake_args' from command line to '['-DCMAKE_CXX_COMPILER=/usr/bin/g++', '-DCMAKE_CXX_FLAGS=-I/usr/include/c++/11', '-DCMAKE_SKIP_RPATH=ON']'
[0.694s] Level 5:colcon.colcon_core.verb:set package 'autopatrol_interfaces' build argument 'cmake_target' from command line to 'None'
[0.694s] Level 5:colcon.colcon_core.verb:set package 'autopatrol_interfaces' build argument 'cmake_target_skip_unavailable' from command line to 'False'
[0.694s] Level 5:colcon.colcon_core.verb:set package 'autopatrol_interfaces' build argument 'cmake_clean_cache' from command line to 'False'
[0.694s] Level 5:colcon.colcon_core.verb:set package 'autopatrol_interfaces' build argument 'cmake_clean_first' from command line to 'False'
[0.694s] Level 5:colcon.colcon_core.verb:set package 'autopatrol_interfaces' build argument 'cmake_force_configure' from command line to 'False'
[0.694s] Level 5:colcon.colcon_core.verb:set package 'autopatrol_interfaces' build argument 'ament_cmake_args' from command line to 'None'
[0.694s] Level 5:colcon.colcon_core.verb:set package 'autopatrol_interfaces' build argument 'catkin_cmake_args' from command line to 'None'
[0.694s] Level 5:colcon.colcon_core.verb:set package 'autopatrol_interfaces' build argument 'catkin_skip_building_tests' from command line to 'False'
[0.694s] DEBUG:colcon.colcon_core.verb:Building package 'autopatrol_interfaces' with the following arguments: {'ament_cmake_args': None, 'build_base': '/home/qing/ros2_humble/chapter7/chapt7_ws/build/autopatrol_interfaces', 'catkin_cmake_args': None, 'catkin_skip_building_tests': False, 'cmake_args': ['-DCMAKE_CXX_COMPILER=/usr/bin/g++', '-DCMAKE_CXX_FLAGS=-I/usr/include/c++/11', '-DCMAKE_SKIP_RPATH=ON'], 'cmake_clean_cache': False, 'cmake_clean_first': False, 'cmake_force_configure': False, 'cmake_target': None, 'cmake_target_skip_unavailable': False, 'install_base': '/home/qing/ros2_humble/chapter7/chapt7_ws/install/autopatrol_interfaces', 'merge_install': False, 'path': '/home/qing/ros2_humble/chapter7/chapt7_ws/src/autopatrol_interfaces', 'symlink_install': False, 'test_result_base': None}
[0.695s] Level 5:colcon.colcon_core.verb:set package 'autopatrol_robot' build argument 'cmake_args' from command line to '['-DCMAKE_CXX_COMPILER=/usr/bin/g++', '-DCMAKE_CXX_FLAGS=-I/usr/include/c++/11', '-DCMAKE_SKIP_RPATH=ON']'
[0.695s] Level 5:colcon.colcon_core.verb:set package 'autopatrol_robot' build argument 'cmake_target' from command line to 'None'
[0.695s] Level 5:colcon.colcon_core.verb:set package 'autopatrol_robot' build argument 'cmake_target_skip_unavailable' from command line to 'False'
[0.695s] Level 5:colcon.colcon_core.verb:set package 'autopatrol_robot' build argument 'cmake_clean_cache' from command line to 'False'
[0.695s] Level 5:colcon.colcon_core.verb:set package 'autopatrol_robot' build argument 'cmake_clean_first' from command line to 'False'
[0.695s] Level 5:colcon.colcon_core.verb:set package 'autopatrol_robot' build argument 'cmake_force_configure' from command line to 'False'
[0.695s] Level 5:colcon.colcon_core.verb:set package 'autopatrol_robot' build argument 'ament_cmake_args' from command line to 'None'
[0.695s] Level 5:colcon.colcon_core.verb:set package 'autopatrol_robot' build argument 'catkin_cmake_args' from command line to 'None'
[0.695s] Level 5:colcon.colcon_core.verb:set package 'autopatrol_robot' build argument 'catkin_skip_building_tests' from command line to 'False'
[0.695s] DEBUG:colcon.colcon_core.verb:Building package 'autopatrol_robot' with the following arguments: {'ament_cmake_args': None, 'build_base': '/home/qing/ros2_humble/chapter7/chapt7_ws/build/autopatrol_robot', 'catkin_cmake_args': None, 'catkin_skip_building_tests': False, 'cmake_args': ['-DCMAKE_CXX_COMPILER=/usr/bin/g++', '-DCMAKE_CXX_FLAGS=-I/usr/include/c++/11', '-DCMAKE_SKIP_RPATH=ON'], 'cmake_clean_cache': False, 'cmake_clean_first': False, 'cmake_force_configure': False, 'cmake_target': None, 'cmake_target_skip_unavailable': False, 'install_base': '/home/qing/ros2_humble/chapter7/chapt7_ws/install/autopatrol_robot', 'merge_install': False, 'path': '/home/qing/ros2_humble/chapter7/chapt7_ws/src/autopatrol_robot', 'symlink_install': False, 'test_result_base': None}
[0.695s] Level 5:colcon.colcon_core.verb:set package 'fishbot_application' build argument 'cmake_args' from command line to '['-DCMAKE_CXX_COMPILER=/usr/bin/g++', '-DCMAKE_CXX_FLAGS=-I/usr/include/c++/11', '-DCMAKE_SKIP_RPATH=ON']'
[0.695s] Level 5:colcon.colcon_core.verb:set package 'fishbot_application' build argument 'cmake_target' from command line to 'None'
[0.695s] Level 5:colcon.colcon_core.verb:set package 'fishbot_application' build argument 'cmake_target_skip_unavailable' from command line to 'False'
[0.695s] Level 5:colcon.colcon_core.verb:set package 'fishbot_application' build argument 'cmake_clean_cache' from command line to 'False'
[0.695s] Level 5:colcon.colcon_core.verb:set package 'fishbot_application' build argument 'cmake_clean_first' from command line to 'False'
[0.695s] Level 5:colcon.colcon_core.verb:set package 'fishbot_application' build argument 'cmake_force_configure' from command line to 'False'
[0.695s] Level 5:colcon.colcon_core.verb:set package 'fishbot_application' build argument 'ament_cmake_args' from command line to 'None'
[0.695s] Level 5:colcon.colcon_core.verb:set package 'fishbot_application' build argument 'catkin_cmake_args' from command line to 'None'
[0.695s] Level 5:colcon.colcon_core.verb:set package 'fishbot_application' build argument 'catkin_skip_building_tests' from command line to 'False'
[0.695s] DEBUG:colcon.colcon_core.verb:Building package 'fishbot_application' with the following arguments: {'ament_cmake_args': None, 'build_base': '/home/qing/ros2_humble/chapter7/chapt7_ws/build/fishbot_application', 'catkin_cmake_args': None, 'catkin_skip_building_tests': False, 'cmake_args': ['-DCMAKE_CXX_COMPILER=/usr/bin/g++', '-DCMAKE_CXX_FLAGS=-I/usr/include/c++/11', '-DCMAKE_SKIP_RPATH=ON'], 'cmake_clean_cache': False, 'cmake_clean_first': False, 'cmake_force_configure': False, 'cmake_target': None, 'cmake_target_skip_unavailable': False, 'install_base': '/home/qing/ros2_humble/chapter7/chapt7_ws/install/fishbot_application', 'merge_install': False, 'path': '/home/qing/ros2_humble/chapter7/chapt7_ws/src/fishbot_application', 'symlink_install': False, 'test_result_base': None}
[0.696s] Level 5:colcon.colcon_core.verb:set package 'fishbot_application_cpp' build argument 'cmake_args' from command line to '['-DCMAKE_CXX_COMPILER=/usr/bin/g++', '-DCMAKE_CXX_FLAGS=-I/usr/include/c++/11', '-DCMAKE_SKIP_RPATH=ON']'
[0.696s] Level 5:colcon.colcon_core.verb:set package 'fishbot_application_cpp' build argument 'cmake_target' from command line to 'None'
[0.696s] Level 5:colcon.colcon_core.verb:set package 'fishbot_application_cpp' build argument 'cmake_target_skip_unavailable' from command line to 'False'
[0.696s] Level 5:colcon.colcon_core.verb:set package 'fishbot_application_cpp' build argument 'cmake_clean_cache' from command line to 'False'
[0.696s] Level 5:colcon.colcon_core.verb:set package 'fishbot_application_cpp' build argument 'cmake_clean_first' from command line to 'False'
[0.696s] Level 5:colcon.colcon_core.verb:set package 'fishbot_application_cpp' build argument 'cmake_force_configure' from command line to 'False'
[0.696s] Level 5:colcon.colcon_core.verb:set package 'fishbot_application_cpp' build argument 'ament_cmake_args' from command line to 'None'
[0.696s] Level 5:colcon.colcon_core.verb:set package 'fishbot_application_cpp' build argument 'catkin_cmake_args' from command line to 'None'
[0.696s] Level 5:colcon.colcon_core.verb:set package 'fishbot_application_cpp' build argument 'catkin_skip_building_tests' from command line to 'False'
[0.696s] DEBUG:colcon.colcon_core.verb:Building package 'fishbot_application_cpp' with the following arguments: {'ament_cmake_args': None, 'build_base': '/home/qing/ros2_humble/chapter7/chapt7_ws/build/fishbot_application_cpp', 'catkin_cmake_args': None, 'catkin_skip_building_tests': False, 'cmake_args': ['-DCMAKE_CXX_COMPILER=/usr/bin/g++', '-DCMAKE_CXX_FLAGS=-I/usr/include/c++/11', '-DCMAKE_SKIP_RPATH=ON'], 'cmake_clean_cache': False, 'cmake_clean_first': False, 'cmake_force_configure': False, 'cmake_target': None, 'cmake_target_skip_unavailable': False, 'install_base': '/home/qing/ros2_humble/chapter7/chapt7_ws/install/fishbot_application_cpp', 'merge_install': False, 'path': '/home/qing/ros2_humble/chapter7/chapt7_ws/src/fishbot_application_cpp', 'symlink_install': False, 'test_result_base': None}
[0.696s] Level 5:colcon.colcon_core.verb:set package 'fishbot_description' build argument 'cmake_args' from command line to '['-DCMAKE_CXX_COMPILER=/usr/bin/g++', '-DCMAKE_CXX_FLAGS=-I/usr/include/c++/11', '-DCMAKE_SKIP_RPATH=ON']'
[0.696s] Level 5:colcon.colcon_core.verb:set package 'fishbot_description' build argument 'cmake_target' from command line to 'None'
[0.696s] Level 5:colcon.colcon_core.verb:set package 'fishbot_description' build argument 'cmake_target_skip_unavailable' from command line to 'False'
[0.696s] Level 5:colcon.colcon_core.verb:set package 'fishbot_description' build argument 'cmake_clean_cache' from command line to 'False'
[0.696s] Level 5:colcon.colcon_core.verb:set package 'fishbot_description' build argument 'cmake_clean_first' from command line to 'False'
[0.696s] Level 5:colcon.colcon_core.verb:set package 'fishbot_description' build argument 'cmake_force_configure' from command line to 'False'
[0.696s] Level 5:colcon.colcon_core.verb:set package 'fishbot_description' build argument 'ament_cmake_args' from command line to 'None'
[0.696s] Level 5:colcon.colcon_core.verb:set package 'fishbot_description' build argument 'catkin_cmake_args' from command line to 'None'
[0.696s] Level 5:colcon.colcon_core.verb:set package 'fishbot_description' build argument 'catkin_skip_building_tests' from command line to 'False'
[0.696s] DEBUG:colcon.colcon_core.verb:Building package 'fishbot_description' with the following arguments: {'ament_cmake_args': None, 'build_base': '/home/qing/ros2_humble/chapter7/chapt7_ws/build/fishbot_description', 'catkin_cmake_args': None, 'catkin_skip_building_tests': False, 'cmake_args': ['-DCMAKE_CXX_COMPILER=/usr/bin/g++', '-DCMAKE_CXX_FLAGS=-I/usr/include/c++/11', '-DCMAKE_SKIP_RPATH=ON'], 'cmake_clean_cache': False, 'cmake_clean_first': False, 'cmake_force_configure': False, 'cmake_target': None, 'cmake_target_skip_unavailable': False, 'install_base': '/home/qing/ros2_humble/chapter7/chapt7_ws/install/fishbot_description', 'merge_install': False, 'path': '/home/qing/ros2_humble/chapter7/chapt7_ws/src/fishbot_description', 'symlink_install': False, 'test_result_base': None}
[0.697s] Level 5:colcon.colcon_core.verb:set package 'fishbot_navigation2' build argument 'cmake_args' from command line to '['-DCMAKE_CXX_COMPILER=/usr/bin/g++', '-DCMAKE_CXX_FLAGS=-I/usr/include/c++/11', '-DCMAKE_SKIP_RPATH=ON']'
[0.697s] Level 5:colcon.colcon_core.verb:set package 'fishbot_navigation2' build argument 'cmake_target' from command line to 'None'
[0.697s] Level 5:colcon.colcon_core.verb:set package 'fishbot_navigation2' build argument 'cmake_target_skip_unavailable' from command line to 'False'
[0.697s] Level 5:colcon.colcon_core.verb:set package 'fishbot_navigation2' build argument 'cmake_clean_cache' from command line to 'False'
[0.697s] Level 5:colcon.colcon_core.verb:set package 'fishbot_navigation2' build argument 'cmake_clean_first' from command line to 'False'
[0.697s] Level 5:colcon.colcon_core.verb:set package 'fishbot_navigation2' build argument 'cmake_force_configure' from command line to 'False'
[0.697s] Level 5:colcon.colcon_core.verb:set package 'fishbot_navigation2' build argument 'ament_cmake_args' from command line to 'None'
[0.697s] Level 5:colcon.colcon_core.verb:set package 'fishbot_navigation2' build argument 'catkin_cmake_args' from command line to 'None'
[0.697s] Level 5:colcon.colcon_core.verb:set package 'fishbot_navigation2' build argument 'catkin_skip_building_tests' from command line to 'False'
[0.697s] DEBUG:colcon.colcon_core.verb:Building package 'fishbot_navigation2' with the following arguments: {'ament_cmake_args': None, 'build_base': '/home/qing/ros2_humble/chapter7/chapt7_ws/build/fishbot_navigation2', 'catkin_cmake_args': None, 'catkin_skip_building_tests': False, 'cmake_args': ['-DCMAKE_CXX_COMPILER=/usr/bin/g++', '-DCMAKE_CXX_FLAGS=-I/usr/include/c++/11', '-DCMAKE_SKIP_RPATH=ON'], 'cmake_clean_cache': False, 'cmake_clean_first': False, 'cmake_force_configure': False, 'cmake_target': None, 'cmake_target_skip_unavailable': False, 'install_base': '/home/qing/ros2_humble/chapter7/chapt7_ws/install/fishbot_navigation2', 'merge_install': False, 'path': '/home/qing/ros2_humble/chapter7/chapt7_ws/src/fishbot_navigation2', 'symlink_install': False, 'test_result_base': None}
[0.697s] INFO:colcon.colcon_core.executor:Executing jobs using 'parallel' executor
[0.698s] DEBUG:colcon.colcon_parallel_executor.executor.parallel:run_until_complete
[0.698s] INFO:colcon.colcon_ros.task.ament_cmake.build:Building ROS package in '/home/qing/ros2_humble/chapter7/chapt7_ws/src/autopatrol_interfaces' with build type 'ament_cmake'
[0.698s] INFO:colcon.colcon_cmake.task.cmake.build:Building CMake package in '/home/qing/ros2_humble/chapter7/chapt7_ws/src/autopatrol_interfaces'
[0.703s] INFO:colcon.colcon_core.plugin_system:Skipping extension 'colcon_core.shell.bat': Not used on non-Windows systems
[0.703s] INFO:colcon.colcon_core.shell:Skip shell extension 'powershell' for command environment: Not usable outside of PowerShell
[0.703s] DEBUG:colcon.colcon_core.shell:Skip shell extension 'dsv' for command environment
[0.715s] INFO:colcon.colcon_ros.task.ament_python.build:Building ROS package in '/home/qing/ros2_humble/chapter7/chapt7_ws/src/autopatrol_robot' with build type 'ament_python'
[0.715s] Level 1:colcon.colcon_core.shell:create_environment_hook('autopatrol_robot', 'ament_prefix_path')
[0.715s] INFO:colcon.colcon_core.shell:Creating environment hook '/home/qing/ros2_humble/chapter7/chapt7_ws/install/autopatrol_robot/share/autopatrol_robot/hook/ament_prefix_path.ps1'
[0.716s] INFO:colcon.colcon_core.shell:Creating environment descriptor '/home/qing/ros2_humble/chapter7/chapt7_ws/install/autopatrol_robot/share/autopatrol_robot/hook/ament_prefix_path.dsv'
[0.717s] INFO:colcon.colcon_core.shell:Creating environment hook '/home/qing/ros2_humble/chapter7/chapt7_ws/install/autopatrol_robot/share/autopatrol_robot/hook/ament_prefix_path.sh'
[0.718s] INFO:colcon.colcon_core.shell:Skip shell extension 'powershell' for command environment: Not usable outside of PowerShell
[0.718s] DEBUG:colcon.colcon_core.shell:Skip shell extension 'dsv' for command environment
[0.721s] INFO:colcon.colcon_ros.task.ament_python.build:Building ROS package in '/home/qing/ros2_humble/chapter7/chapt7_ws/src/fishbot_application' with build type 'ament_python'
[0.721s] Level 1:colcon.colcon_core.shell:create_environment_hook('fishbot_application', 'ament_prefix_path')
[0.722s] INFO:colcon.colcon_core.shell:Creating environment hook '/home/qing/ros2_humble/chapter7/chapt7_ws/install/fishbot_application/share/fishbot_application/hook/ament_prefix_path.ps1'
[0.722s] INFO:colcon.colcon_core.shell:Creating environment descriptor '/home/qing/ros2_humble/chapter7/chapt7_ws/install/fishbot_application/share/fishbot_application/hook/ament_prefix_path.dsv'
[0.723s] INFO:colcon.colcon_core.shell:Creating environment hook '/home/qing/ros2_humble/chapter7/chapt7_ws/install/fishbot_application/share/fishbot_application/hook/ament_prefix_path.sh'
[0.723s] INFO:colcon.colcon_core.shell:Skip shell extension 'powershell' for command environment: Not usable outside of PowerShell
[0.723s] DEBUG:colcon.colcon_core.shell:Skip shell extension 'dsv' for command environment
[0.726s] INFO:colcon.colcon_ros.task.ament_cmake.build:Building ROS package in '/home/qing/ros2_humble/chapter7/chapt7_ws/src/fishbot_application_cpp' with build type 'ament_cmake'
[0.726s] INFO:colcon.colcon_cmake.task.cmake.build:Building CMake package in '/home/qing/ros2_humble/chapter7/chapt7_ws/src/fishbot_application_cpp'
[0.726s] INFO:colcon.colcon_core.shell:Skip shell extension 'powershell' for command environment: Not usable outside of PowerShell
[0.727s] DEBUG:colcon.colcon_core.shell:Skip shell extension 'dsv' for command environment
[0.730s] INFO:colcon.colcon_ros.task.ament_cmake.build:Building ROS package in '/home/qing/ros2_humble/chapter7/chapt7_ws/src/fishbot_description' with build type 'ament_cmake'
[0.730s] INFO:colcon.colcon_cmake.task.cmake.build:Building CMake package in '/home/qing/ros2_humble/chapter7/chapt7_ws/src/fishbot_description'
[0.730s] INFO:colcon.colcon_core.shell:Skip shell extension 'powershell' for command environment: Not usable outside of PowerShell
[0.730s] DEBUG:colcon.colcon_core.shell:Skip shell extension 'dsv' for command environment
[0.734s] INFO:colcon.colcon_ros.task.ament_cmake.build:Building ROS package in '/home/qing/ros2_humble/chapter7/chapt7_ws/src/fishbot_navigation2' with build type 'ament_cmake'
[0.734s] INFO:colcon.colcon_cmake.task.cmake.build:Building CMake package in '/home/qing/ros2_humble/chapter7/chapt7_ws/src/fishbot_navigation2'
[0.734s] INFO:colcon.colcon_core.shell:Skip shell extension 'powershell' for command environment: Not usable outside of PowerShell
[0.734s] DEBUG:colcon.colcon_core.shell:Skip shell extension 'dsv' for command environment
[0.742s] DEBUG:colcon.colcon_core.event_handler.log_command:Invoking command in '/home/qing/ros2_humble/chapter7/chapt7_ws/build/autopatrol_interfaces': CMAKE_PREFIX_PATH=${CMAKE_PREFIX_PATH}:/home/qing/ros2_humble/chapter7/chapt7_ws/install/fishbot_application:/home/qing/ros2_humble/chapter7/chapt7_ws/install/autopatrol_robot:/opt/ros/humble CONDA_PROMPT_MODIFIER=(base) /usr/bin/cmake --build /home/qing/ros2_humble/chapter7/chapt7_ws/build/autopatrol_interfaces -- -j16 -l16
[1.161s] INFO:colcon.colcon_core.task.python.build:Building Python package in '/home/qing/ros2_humble/chapter7/chapt7_ws/src/autopatrol_robot'
[1.161s] INFO:colcon.colcon_core.shell:Skip shell extension 'powershell' for command environment: Not usable outside of PowerShell
[1.161s] DEBUG:colcon.colcon_core.shell:Skip shell extension 'dsv' for command environment
[1.539s] INFO:colcon.colcon_core.task.python.build:Building Python package in '/home/qing/ros2_humble/chapter7/chapt7_ws/src/fishbot_application'
[1.539s] INFO:colcon.colcon_core.shell:Skip shell extension 'powershell' for command environment: Not usable outside of PowerShell
[1.539s] DEBUG:colcon.colcon_core.shell:Skip shell extension 'dsv' for command environment
[1.547s] DEBUG:colcon.colcon_core.event_handler.log_command:Invoking command in '/home/qing/ros2_humble/chapter7/chapt7_ws/build/fishbot_application_cpp': CMAKE_PREFIX_PATH=${CMAKE_PREFIX_PATH}:/home/qing/ros2_humble/chapter7/chapt7_ws/install/fishbot_application:/home/qing/ros2_humble/chapter7/chapt7_ws/install/autopatrol_robot:/opt/ros/humble CONDA_PROMPT_MODIFIER=(base) /usr/bin/cmake --build /home/qing/ros2_humble/chapter7/chapt7_ws/build/fishbot_application_cpp -- -j16 -l16
[1.552s] DEBUG:colcon.colcon_core.event_handler.log_command:Invoking command in '/home/qing/ros2_humble/chapter7/chapt7_ws/build/fishbot_description': CMAKE_PREFIX_PATH=${CMAKE_PREFIX_PATH}:/home/qing/ros2_humble/chapter7/chapt7_ws/install/fishbot_application:/home/qing/ros2_humble/chapter7/chapt7_ws/install/autopatrol_robot:/opt/ros/humble CONDA_PROMPT_MODIFIER=(base) /usr/bin/cmake --build /home/qing/ros2_humble/chapter7/chapt7_ws/build/fishbot_description -- -j16 -l16
[1.560s] DEBUG:colcon.colcon_core.event_handler.log_command:Invoking command in '/home/qing/ros2_humble/chapter7/chapt7_ws/build/fishbot_navigation2': CMAKE_PREFIX_PATH=${CMAKE_PREFIX_PATH}:/home/qing/ros2_humble/chapter7/chapt7_ws/install/fishbot_application:/home/qing/ros2_humble/chapter7/chapt7_ws/install/autopatrol_robot:/opt/ros/humble CONDA_PROMPT_MODIFIER=(base) /usr/bin/cmake --build /home/qing/ros2_humble/chapter7/chapt7_ws/build/fishbot_navigation2 -- -j16 -l16
[1.560s] DEBUG:colcon.colcon_core.event_handler.log_command:Invoked command in '/home/qing/ros2_humble/chapter7/chapt7_ws/build/autopatrol_interfaces' returned '0': CMAKE_PREFIX_PATH=${CMAKE_PREFIX_PATH}:/home/qing/ros2_humble/chapter7/chapt7_ws/install/fishbot_application:/home/qing/ros2_humble/chapter7/chapt7_ws/install/autopatrol_robot:/opt/ros/humble CONDA_PROMPT_MODIFIER=(base) /usr/bin/cmake --build /home/qing/ros2_humble/chapter7/chapt7_ws/build/autopatrol_interfaces -- -j16 -l16
[1.572s] DEBUG:colcon.colcon_core.event_handler.log_command:Invoking command in '/home/qing/ros2_humble/chapter7/chapt7_ws/build/autopatrol_interfaces': CMAKE_PREFIX_PATH=${CMAKE_PREFIX_PATH}:/home/qing/ros2_humble/chapter7/chapt7_ws/install/fishbot_application:/home/qing/ros2_humble/chapter7/chapt7_ws/install/autopatrol_robot:/opt/ros/humble CONDA_PROMPT_MODIFIER=(base) /usr/bin/cmake --install /home/qing/ros2_humble/chapter7/chapt7_ws/build/autopatrol_interfaces
[1.596s] DEBUG:colcon.colcon_core.event_handler.log_command:Invoked command in '/home/qing/ros2_humble/chapter7/chapt7_ws/build/fishbot_description' returned '0': CMAKE_PREFIX_PATH=${CMAKE_PREFIX_PATH}:/home/qing/ros2_humble/chapter7/chapt7_ws/install/fishbot_application:/home/qing/ros2_humble/chapter7/chapt7_ws/install/autopatrol_robot:/opt/ros/humble CONDA_PROMPT_MODIFIER=(base) /usr/bin/cmake --build /home/qing/ros2_humble/chapter7/chapt7_ws/build/fishbot_description -- -j16 -l16
[1.599s] DEBUG:colcon.colcon_core.event_handler.log_command:Invoking command in '/home/qing/ros2_humble/chapter7/chapt7_ws/build/fishbot_description': CMAKE_PREFIX_PATH=${CMAKE_PREFIX_PATH}:/home/qing/ros2_humble/chapter7/chapt7_ws/install/fishbot_application:/home/qing/ros2_humble/chapter7/chapt7_ws/install/autopatrol_robot:/opt/ros/humble CONDA_PROMPT_MODIFIER=(base) /usr/bin/cmake --install /home/qing/ros2_humble/chapter7/chapt7_ws/build/fishbot_description
[1.605s] DEBUG:colcon.colcon_core.event_handler.log_command:Invoked command in '/home/qing/ros2_humble/chapter7/chapt7_ws/build/fishbot_navigation2' returned '0': CMAKE_PREFIX_PATH=${CMAKE_PREFIX_PATH}:/home/qing/ros2_humble/chapter7/chapt7_ws/install/fishbot_application:/home/qing/ros2_humble/chapter7/chapt7_ws/install/autopatrol_robot:/opt/ros/humble CONDA_PROMPT_MODIFIER=(base) /usr/bin/cmake --build /home/qing/ros2_humble/chapter7/chapt7_ws/build/fishbot_navigation2 -- -j16 -l16
[1.608s] DEBUG:colcon.colcon_core.event_handler.log_command:Invoking command in '/home/qing/ros2_humble/chapter7/chapt7_ws/build/fishbot_navigation2': CMAKE_PREFIX_PATH=${CMAKE_PREFIX_PATH}:/home/qing/ros2_humble/chapter7/chapt7_ws/install/fishbot_application:/home/qing/ros2_humble/chapter7/chapt7_ws/install/autopatrol_robot:/opt/ros/humble CONDA_PROMPT_MODIFIER=(base) /usr/bin/cmake --install /home/qing/ros2_humble/chapter7/chapt7_ws/build/fishbot_navigation2
[1.617s] Level 1:colcon.colcon_core.environment:create_environment_scripts_only(fishbot_description)
[1.618s] DEBUG:colcon.colcon_core.event_handler.log_command:Invoked command in '/home/qing/ros2_humble/chapter7/chapt7_ws/build/fishbot_description' returned '0': CMAKE_PREFIX_PATH=${CMAKE_PREFIX_PATH}:/home/qing/ros2_humble/chapter7/chapt7_ws/install/fishbot_application:/home/qing/ros2_humble/chapter7/chapt7_ws/install/autopatrol_robot:/opt/ros/humble CONDA_PROMPT_MODIFIER=(base) /usr/bin/cmake --install /home/qing/ros2_humble/chapter7/chapt7_ws/build/fishbot_description
[1.626s] Level 1:colcon.colcon_core.environment:checking '/home/qing/ros2_humble/chapter7/chapt7_ws/install/fishbot_description' for CMake module files
[1.627s] Level 1:colcon.colcon_core.environment:checking '/home/qing/ros2_humble/chapter7/chapt7_ws/install/fishbot_description' for CMake config files
[1.628s] Level 1:colcon.colcon_core.shell:create_environment_hook('fishbot_description', 'cmake_prefix_path')
[1.629s] INFO:colcon.colcon_core.shell:Creating environment hook '/home/qing/ros2_humble/chapter7/chapt7_ws/install/fishbot_description/share/fishbot_description/hook/cmake_prefix_path.ps1'
[1.629s] INFO:colcon.colcon_core.shell:Creating environment descriptor '/home/qing/ros2_humble/chapter7/chapt7_ws/install/fishbot_description/share/fishbot_description/hook/cmake_prefix_path.dsv'
[1.630s] INFO:colcon.colcon_core.shell:Creating environment hook '/home/qing/ros2_humble/chapter7/chapt7_ws/install/fishbot_description/share/fishbot_description/hook/cmake_prefix_path.sh'
[1.630s] Level 1:colcon.colcon_core.environment:checking '/home/qing/ros2_humble/chapter7/chapt7_ws/install/fishbot_description/bin'
[1.631s] Level 1:colcon.colcon_core.environment:checking '/home/qing/ros2_humble/chapter7/chapt7_ws/install/fishbot_description/lib/pkgconfig/fishbot_description.pc'
[1.631s] Level 1:colcon.colcon_core.environment:checking '/home/qing/ros2_humble/chapter7/chapt7_ws/install/fishbot_description/lib/python3.10/site-packages'
[1.631s] Level 1:colcon.colcon_core.environment:checking '/home/qing/ros2_humble/chapter7/chapt7_ws/install/fishbot_description/bin'
[1.631s] INFO:colcon.colcon_core.shell:Creating package script '/home/qing/ros2_humble/chapter7/chapt7_ws/install/fishbot_description/share/fishbot_description/package.ps1'
[1.633s] INFO:colcon.colcon_core.shell:Creating package descriptor '/home/qing/ros2_humble/chapter7/chapt7_ws/install/fishbot_description/share/fishbot_description/package.dsv'
[1.633s] INFO:colcon.colcon_core.shell:Creating package script '/home/qing/ros2_humble/chapter7/chapt7_ws/install/fishbot_description/share/fishbot_description/package.sh'
[1.634s] INFO:colcon.colcon_core.shell:Creating package script '/home/qing/ros2_humble/chapter7/chapt7_ws/install/fishbot_description/share/fishbot_description/package.bash'
[1.635s] INFO:colcon.colcon_core.shell:Creating package script '/home/qing/ros2_humble/chapter7/chapt7_ws/install/fishbot_description/share/fishbot_description/package.zsh'
[1.637s] Level 1:colcon.colcon_core.environment:create_file_with_runtime_dependencies(/home/qing/ros2_humble/chapter7/chapt7_ws/install/fishbot_description/share/colcon-core/packages/fishbot_description)
[1.638s] Level 1:colcon.colcon_core.environment:create_environment_scripts_only(fishbot_description)
[1.638s] Level 1:colcon.colcon_core.environment:checking '/home/qing/ros2_humble/chapter7/chapt7_ws/install/fishbot_description' for CMake module files
[1.640s] Level 1:colcon.colcon_core.environment:checking '/home/qing/ros2_humble/chapter7/chapt7_ws/install/fishbot_description' for CMake config files
[1.641s] Level 1:colcon.colcon_core.shell:create_environment_hook('fishbot_description', 'cmake_prefix_path')
[1.642s] INFO:colcon.colcon_core.shell:Creating environment hook '/home/qing/ros2_humble/chapter7/chapt7_ws/install/fishbot_description/share/fishbot_description/hook/cmake_prefix_path.ps1'
[1.643s] INFO:colcon.colcon_core.shell:Creating environment descriptor '/home/qing/ros2_humble/chapter7/chapt7_ws/install/fishbot_description/share/fishbot_description/hook/cmake_prefix_path.dsv'
[1.644s] INFO:colcon.colcon_core.shell:Creating environment hook '/home/qing/ros2_humble/chapter7/chapt7_ws/install/fishbot_description/share/fishbot_description/hook/cmake_prefix_path.sh'
[1.647s] Level 1:colcon.colcon_core.environment:checking '/home/qing/ros2_humble/chapter7/chapt7_ws/install/fishbot_description/bin'
[1.647s] Level 1:colcon.colcon_core.environment:checking '/home/qing/ros2_humble/chapter7/chapt7_ws/install/fishbot_description/lib/pkgconfig/fishbot_description.pc'
[1.647s] Level 1:colcon.colcon_core.environment:checking '/home/qing/ros2_humble/chapter7/chapt7_ws/install/fishbot_description/lib/python3.10/site-packages'
[1.647s] Level 1:colcon.colcon_core.environment:checking '/home/qing/ros2_humble/chapter7/chapt7_ws/install/fishbot_description/bin'
[1.648s] INFO:colcon.colcon_core.shell:Creating package script '/home/qing/ros2_humble/chapter7/chapt7_ws/install/fishbot_description/share/fishbot_description/package.ps1'
[1.649s] INFO:colcon.colcon_core.shell:Creating package descriptor '/home/qing/ros2_humble/chapter7/chapt7_ws/install/fishbot_description/share/fishbot_description/package.dsv'
[1.649s] INFO:colcon.colcon_core.shell:Creating package script '/home/qing/ros2_humble/chapter7/chapt7_ws/install/fishbot_description/share/fishbot_description/package.sh'
[1.650s] INFO:colcon.colcon_core.shell:Creating package script '/home/qing/ros2_humble/chapter7/chapt7_ws/install/fishbot_description/share/fishbot_description/package.bash'
[1.650s] INFO:colcon.colcon_core.shell:Creating package script '/home/qing/ros2_humble/chapter7/chapt7_ws/install/fishbot_description/share/fishbot_description/package.zsh'
[1.651s] Level 1:colcon.colcon_core.environment:create_file_with_runtime_dependencies(/home/qing/ros2_humble/chapter7/chapt7_ws/install/fishbot_description/share/colcon-core/packages/fishbot_description)
[1.652s] Level 1:colcon.colcon_core.environment:create_environment_scripts_only(autopatrol_interfaces)
[1.653s] Level 1:colcon.colcon_core.environment:checking '/home/qing/ros2_humble/chapter7/chapt7_ws/install/autopatrol_interfaces' for CMake module files
[1.653s] DEBUG:colcon.colcon_core.event_handler.log_command:Invoked command in '/home/qing/ros2_humble/chapter7/chapt7_ws/build/autopatrol_interfaces' returned '0': CMAKE_PREFIX_PATH=${CMAKE_PREFIX_PATH}:/home/qing/ros2_humble/chapter7/chapt7_ws/install/fishbot_application:/home/qing/ros2_humble/chapter7/chapt7_ws/install/autopatrol_robot:/opt/ros/humble CONDA_PROMPT_MODIFIER=(base) /usr/bin/cmake --install /home/qing/ros2_humble/chapter7/chapt7_ws/build/autopatrol_interfaces
[1.654s] Level 1:colcon.colcon_core.environment:checking '/home/qing/ros2_humble/chapter7/chapt7_ws/install/autopatrol_interfaces' for CMake config files
[1.655s] Level 1:colcon.colcon_core.shell:create_environment_hook('autopatrol_interfaces', 'cmake_prefix_path')
[1.655s] INFO:colcon.colcon_core.shell:Creating environment hook '/home/qing/ros2_humble/chapter7/chapt7_ws/install/autopatrol_interfaces/share/autopatrol_interfaces/hook/cmake_prefix_path.ps1'
[1.656s] INFO:colcon.colcon_core.shell:Creating environment descriptor '/home/qing/ros2_humble/chapter7/chapt7_ws/install/autopatrol_interfaces/share/autopatrol_interfaces/hook/cmake_prefix_path.dsv'
[1.656s] INFO:colcon.colcon_core.shell:Creating environment hook '/home/qing/ros2_humble/chapter7/chapt7_ws/install/autopatrol_interfaces/share/autopatrol_interfaces/hook/cmake_prefix_path.sh'
[1.657s] Level 1:colcon.colcon_core.environment:checking '/home/qing/ros2_humble/chapter7/chapt7_ws/install/autopatrol_interfaces/lib'
[1.657s] Level 1:colcon.colcon_core.shell:create_environment_hook('autopatrol_interfaces', 'ld_library_path_lib')
[1.658s] INFO:colcon.colcon_core.shell:Creating environment hook '/home/qing/ros2_humble/chapter7/chapt7_ws/install/autopatrol_interfaces/share/autopatrol_interfaces/hook/ld_library_path_lib.ps1'
[1.658s] INFO:colcon.colcon_core.shell:Creating environment descriptor '/home/qing/ros2_humble/chapter7/chapt7_ws/install/autopatrol_interfaces/share/autopatrol_interfaces/hook/ld_library_path_lib.dsv'
[1.658s] INFO:colcon.colcon_core.shell:Creating environment hook '/home/qing/ros2_humble/chapter7/chapt7_ws/install/autopatrol_interfaces/share/autopatrol_interfaces/hook/ld_library_path_lib.sh'
[1.659s] Level 1:colcon.colcon_core.environment:checking '/home/qing/ros2_humble/chapter7/chapt7_ws/install/autopatrol_interfaces/bin'
[1.659s] Level 1:colcon.colcon_core.environment:checking '/home/qing/ros2_humble/chapter7/chapt7_ws/install/autopatrol_interfaces/lib/pkgconfig/autopatrol_interfaces.pc'
[1.659s] Level 1:colcon.colcon_core.environment:checking '/home/qing/ros2_humble/chapter7/chapt7_ws/install/autopatrol_interfaces/lib/python3.10/site-packages'
[1.659s] Level 1:colcon.colcon_core.shell:create_environment_hook('autopatrol_interfaces', 'pythonpath')
[1.659s] INFO:colcon.colcon_core.shell:Creating environment hook '/home/qing/ros2_humble/chapter7/chapt7_ws/install/autopatrol_interfaces/share/autopatrol_interfaces/hook/pythonpath.ps1'
[1.660s] INFO:colcon.colcon_core.shell:Creating environment descriptor '/home/qing/ros2_humble/chapter7/chapt7_ws/install/autopatrol_interfaces/share/autopatrol_interfaces/hook/pythonpath.dsv'
[1.660s] INFO:colcon.colcon_core.shell:Creating environment hook '/home/qing/ros2_humble/chapter7/chapt7_ws/install/autopatrol_interfaces/share/autopatrol_interfaces/hook/pythonpath.sh'
[1.660s] Level 1:colcon.colcon_core.environment:checking '/home/qing/ros2_humble/chapter7/chapt7_ws/install/autopatrol_interfaces/bin'
[1.661s] INFO:colcon.colcon_core.shell:Creating package script '/home/qing/ros2_humble/chapter7/chapt7_ws/install/autopatrol_interfaces/share/autopatrol_interfaces/package.ps1'
[1.661s] INFO:colcon.colcon_core.shell:Creating package descriptor '/home/qing/ros2_humble/chapter7/chapt7_ws/install/autopatrol_interfaces/share/autopatrol_interfaces/package.dsv'
[1.662s] INFO:colcon.colcon_core.shell:Creating package script '/home/qing/ros2_humble/chapter7/chapt7_ws/install/autopatrol_interfaces/share/autopatrol_interfaces/package.sh'
[1.662s] INFO:colcon.colcon_core.shell:Creating package script '/home/qing/ros2_humble/chapter7/chapt7_ws/install/autopatrol_interfaces/share/autopatrol_interfaces/package.bash'
[1.663s] INFO:colcon.colcon_core.shell:Creating package script '/home/qing/ros2_humble/chapter7/chapt7_ws/install/autopatrol_interfaces/share/autopatrol_interfaces/package.zsh'
[1.663s] Level 1:colcon.colcon_core.environment:create_file_with_runtime_dependencies(/home/qing/ros2_humble/chapter7/chapt7_ws/install/autopatrol_interfaces/share/colcon-core/packages/autopatrol_interfaces)
[1.664s] Level 1:colcon.colcon_core.environment:create_environment_scripts_only(autopatrol_interfaces)
[1.664s] Level 1:colcon.colcon_core.environment:checking '/home/qing/ros2_humble/chapter7/chapt7_ws/install/autopatrol_interfaces' for CMake module files
[1.665s] Level 1:colcon.colcon_core.environment:checking '/home/qing/ros2_humble/chapter7/chapt7_ws/install/autopatrol_interfaces' for CMake config files
[1.665s] Level 1:colcon.colcon_core.shell:create_environment_hook('autopatrol_interfaces', 'cmake_prefix_path')
[1.665s] INFO:colcon.colcon_core.shell:Creating environment hook '/home/qing/ros2_humble/chapter7/chapt7_ws/install/autopatrol_interfaces/share/autopatrol_interfaces/hook/cmake_prefix_path.ps1'
[1.666s] INFO:colcon.colcon_core.shell:Creating environment descriptor '/home/qing/ros2_humble/chapter7/chapt7_ws/install/autopatrol_interfaces/share/autopatrol_interfaces/hook/cmake_prefix_path.dsv'
[1.666s] INFO:colcon.colcon_core.shell:Creating environment hook '/home/qing/ros2_humble/chapter7/chapt7_ws/install/autopatrol_interfaces/share/autopatrol_interfaces/hook/cmake_prefix_path.sh'
[1.667s] Level 1:colcon.colcon_core.environment:checking '/home/qing/ros2_humble/chapter7/chapt7_ws/install/autopatrol_interfaces/lib'
[1.667s] Level 1:colcon.colcon_core.shell:create_environment_hook('autopatrol_interfaces', 'ld_library_path_lib')
[1.667s] INFO:colcon.colcon_core.shell:Creating environment hook '/home/qing/ros2_humble/chapter7/chapt7_ws/install/autopatrol_interfaces/share/autopatrol_interfaces/hook/ld_library_path_lib.ps1'
[1.667s] INFO:colcon.colcon_core.shell:Creating environment descriptor '/home/qing/ros2_humble/chapter7/chapt7_ws/install/autopatrol_interfaces/share/autopatrol_interfaces/hook/ld_library_path_lib.dsv'
[1.668s] INFO:colcon.colcon_core.shell:Creating environment hook '/home/qing/ros2_humble/chapter7/chapt7_ws/install/autopatrol_interfaces/share/autopatrol_interfaces/hook/ld_library_path_lib.sh'
[1.668s] Level 1:colcon.colcon_core.environment:checking '/home/qing/ros2_humble/chapter7/chapt7_ws/install/autopatrol_interfaces/bin'
[1.668s] Level 1:colcon.colcon_core.environment:checking '/home/qing/ros2_humble/chapter7/chapt7_ws/install/autopatrol_interfaces/lib/pkgconfig/autopatrol_interfaces.pc'
[1.669s] Level 1:colcon.colcon_core.environment:checking '/home/qing/ros2_humble/chapter7/chapt7_ws/install/autopatrol_interfaces/lib/python3.10/site-packages'
[1.669s] Level 1:colcon.colcon_core.shell:create_environment_hook('autopatrol_interfaces', 'pythonpath')
[1.669s] INFO:colcon.colcon_core.shell:Creating environment hook '/home/qing/ros2_humble/chapter7/chapt7_ws/install/autopatrol_interfaces/share/autopatrol_interfaces/hook/pythonpath.ps1'
[1.669s] INFO:colcon.colcon_core.shell:Creating environment descriptor '/home/qing/ros2_humble/chapter7/chapt7_ws/install/autopatrol_interfaces/share/autopatrol_interfaces/hook/pythonpath.dsv'
[1.670s] INFO:colcon.colcon_core.shell:Creating environment hook '/home/qing/ros2_humble/chapter7/chapt7_ws/install/autopatrol_interfaces/share/autopatrol_interfaces/hook/pythonpath.sh'
[1.670s] Level 1:colcon.colcon_core.environment:checking '/home/qing/ros2_humble/chapter7/chapt7_ws/install/autopatrol_interfaces/bin'
[1.671s] INFO:colcon.colcon_core.shell:Creating package script '/home/qing/ros2_humble/chapter7/chapt7_ws/install/autopatrol_interfaces/share/autopatrol_interfaces/package.ps1'
[1.671s] INFO:colcon.colcon_core.shell:Creating package descriptor '/home/qing/ros2_humble/chapter7/chapt7_ws/install/autopatrol_interfaces/share/autopatrol_interfaces/package.dsv'
[1.672s] INFO:colcon.colcon_core.shell:Creating package script '/home/qing/ros2_humble/chapter7/chapt7_ws/install/autopatrol_interfaces/share/autopatrol_interfaces/package.sh'
[1.672s] INFO:colcon.colcon_core.shell:Creating package script '/home/qing/ros2_humble/chapter7/chapt7_ws/install/autopatrol_interfaces/share/autopatrol_interfaces/package.bash'
[1.672s] INFO:colcon.colcon_core.shell:Creating package script '/home/qing/ros2_humble/chapter7/chapt7_ws/install/autopatrol_interfaces/share/autopatrol_interfaces/package.zsh'
[1.673s] Level 1:colcon.colcon_core.environment:create_file_with_runtime_dependencies(/home/qing/ros2_humble/chapter7/chapt7_ws/install/autopatrol_interfaces/share/colcon-core/packages/autopatrol_interfaces)
[1.673s] Level 1:colcon.colcon_core.environment:create_environment_scripts_only(fishbot_navigation2)
[1.673s] Level 1:colcon.colcon_core.environment:checking '/home/qing/ros2_humble/chapter7/chapt7_ws/install/fishbot_navigation2' for CMake module files
[1.674s] DEBUG:colcon.colcon_core.event_handler.log_command:Invoked command in '/home/qing/ros2_humble/chapter7/chapt7_ws/build/fishbot_navigation2' returned '0': CMAKE_PREFIX_PATH=${CMAKE_PREFIX_PATH}:/home/qing/ros2_humble/chapter7/chapt7_ws/install/fishbot_application:/home/qing/ros2_humble/chapter7/chapt7_ws/install/autopatrol_robot:/opt/ros/humble CONDA_PROMPT_MODIFIER=(base) /usr/bin/cmake --install /home/qing/ros2_humble/chapter7/chapt7_ws/build/fishbot_navigation2
[1.674s] Level 1:colcon.colcon_core.environment:checking '/home/qing/ros2_humble/chapter7/chapt7_ws/install/fishbot_navigation2' for CMake config files
[1.675s] Level 1:colcon.colcon_core.shell:create_environment_hook('fishbot_navigation2', 'cmake_prefix_path')
[1.676s] INFO:colcon.colcon_core.shell:Creating environment hook '/home/qing/ros2_humble/chapter7/chapt7_ws/install/fishbot_navigation2/share/fishbot_navigation2/hook/cmake_prefix_path.ps1'
[1.676s] INFO:colcon.colcon_core.shell:Creating environment descriptor '/home/qing/ros2_humble/chapter7/chapt7_ws/install/fishbot_navigation2/share/fishbot_navigation2/hook/cmake_prefix_path.dsv'
[1.677s] INFO:colcon.colcon_core.shell:Creating environment hook '/home/qing/ros2_humble/chapter7/chapt7_ws/install/fishbot_navigation2/share/fishbot_navigation2/hook/cmake_prefix_path.sh'
[1.677s] Level 1:colcon.colcon_core.environment:checking '/home/qing/ros2_humble/chapter7/chapt7_ws/install/fishbot_navigation2/bin'
[1.677s] Level 1:colcon.colcon_core.environment:checking '/home/qing/ros2_humble/chapter7/chapt7_ws/install/fishbot_navigation2/lib/pkgconfig/fishbot_navigation2.pc'
[1.677s] Level 1:colcon.colcon_core.environment:checking '/home/qing/ros2_humble/chapter7/chapt7_ws/install/fishbot_navigation2/lib/python3.10/site-packages'
[1.677s] Level 1:colcon.colcon_core.environment:checking '/home/qing/ros2_humble/chapter7/chapt7_ws/install/fishbot_navigation2/bin'
[1.678s] INFO:colcon.colcon_core.shell:Creating package script '/home/qing/ros2_humble/chapter7/chapt7_ws/install/fishbot_navigation2/share/fishbot_navigation2/package.ps1'
[1.678s] INFO:colcon.colcon_core.shell:Creating package descriptor '/home/qing/ros2_humble/chapter7/chapt7_ws/install/fishbot_navigation2/share/fishbot_navigation2/package.dsv'
[1.679s] INFO:colcon.colcon_core.shell:Creating package script '/home/qing/ros2_humble/chapter7/chapt7_ws/install/fishbot_navigation2/share/fishbot_navigation2/package.sh'
[1.679s] INFO:colcon.colcon_core.shell:Creating package script '/home/qing/ros2_humble/chapter7/chapt7_ws/install/fishbot_navigation2/share/fishbot_navigation2/package.bash'
[1.679s] INFO:colcon.colcon_core.shell:Creating package script '/home/qing/ros2_humble/chapter7/chapt7_ws/install/fishbot_navigation2/share/fishbot_navigation2/package.zsh'
[1.680s] Level 1:colcon.colcon_core.environment:create_file_with_runtime_dependencies(/home/qing/ros2_humble/chapter7/chapt7_ws/install/fishbot_navigation2/share/colcon-core/packages/fishbot_navigation2)
[1.680s] Level 1:colcon.colcon_core.environment:create_environment_scripts_only(fishbot_navigation2)
[1.680s] Level 1:colcon.colcon_core.environment:checking '/home/qing/ros2_humble/chapter7/chapt7_ws/install/fishbot_navigation2' for CMake module files
[1.681s] Level 1:colcon.colcon_core.environment:checking '/home/qing/ros2_humble/chapter7/chapt7_ws/install/fishbot_navigation2' for CMake config files
[1.681s] Level 1:colcon.colcon_core.shell:create_environment_hook('fishbot_navigation2', 'cmake_prefix_path')
[1.682s] INFO:colcon.colcon_core.shell:Creating environment hook '/home/qing/ros2_humble/chapter7/chapt7_ws/install/fishbot_navigation2/share/fishbot_navigation2/hook/cmake_prefix_path.ps1'
[1.682s] INFO:colcon.colcon_core.shell:Creating environment descriptor '/home/qing/ros2_humble/chapter7/chapt7_ws/install/fishbot_navigation2/share/fishbot_navigation2/hook/cmake_prefix_path.dsv'
[1.683s] INFO:colcon.colcon_core.shell:Creating environment hook '/home/qing/ros2_humble/chapter7/chapt7_ws/install/fishbot_navigation2/share/fishbot_navigation2/hook/cmake_prefix_path.sh'
[1.683s] Level 1:colcon.colcon_core.environment:checking '/home/qing/ros2_humble/chapter7/chapt7_ws/install/fishbot_navigation2/bin'
[1.683s] Level 1:colcon.colcon_core.environment:checking '/home/qing/ros2_humble/chapter7/chapt7_ws/install/fishbot_navigation2/lib/pkgconfig/fishbot_navigation2.pc'
[1.684s] Level 1:colcon.colcon_core.environment:checking '/home/qing/ros2_humble/chapter7/chapt7_ws/install/fishbot_navigation2/lib/python3.10/site-packages'
[1.684s] Level 1:colcon.colcon_core.environment:checking '/home/qing/ros2_humble/chapter7/chapt7_ws/install/fishbot_navigation2/bin'
[1.684s] INFO:colcon.colcon_core.shell:Creating package script '/home/qing/ros2_humble/chapter7/chapt7_ws/install/fishbot_navigation2/share/fishbot_navigation2/package.ps1'
[1.684s] INFO:colcon.colcon_core.shell:Creating package descriptor '/home/qing/ros2_humble/chapter7/chapt7_ws/install/fishbot_navigation2/share/fishbot_navigation2/package.dsv'
[1.685s] INFO:colcon.colcon_core.shell:Creating package script '/home/qing/ros2_humble/chapter7/chapt7_ws/install/fishbot_navigation2/share/fishbot_navigation2/package.sh'
[1.685s] INFO:colcon.colcon_core.shell:Creating package script '/home/qing/ros2_humble/chapter7/chapt7_ws/install/fishbot_navigation2/share/fishbot_navigation2/package.bash'
[1.686s] INFO:colcon.colcon_core.shell:Creating package script '/home/qing/ros2_humble/chapter7/chapt7_ws/install/fishbot_navigation2/share/fishbot_navigation2/package.zsh'
[1.686s] Level 1:colcon.colcon_core.environment:create_file_with_runtime_dependencies(/home/qing/ros2_humble/chapter7/chapt7_ws/install/fishbot_navigation2/share/colcon-core/packages/fishbot_navigation2)
[1.688s] DEBUG:colcon.colcon_core.event_handler.log_command:Invoked command in '/home/qing/ros2_humble/chapter7/chapt7_ws/build/fishbot_application_cpp' returned '0': CMAKE_PREFIX_PATH=${CMAKE_PREFIX_PATH}:/home/qing/ros2_humble/chapter7/chapt7_ws/install/fishbot_application:/home/qing/ros2_humble/chapter7/chapt7_ws/install/autopatrol_robot:/opt/ros/humble CONDA_PROMPT_MODIFIER=(base) /usr/bin/cmake --build /home/qing/ros2_humble/chapter7/chapt7_ws/build/fishbot_application_cpp -- -j16 -l16
[1.690s] DEBUG:colcon.colcon_core.event_handler.log_command:Invoking command in '/home/qing/ros2_humble/chapter7/chapt7_ws/build/fishbot_application_cpp': CMAKE_PREFIX_PATH=${CMAKE_PREFIX_PATH}:/home/qing/ros2_humble/chapter7/chapt7_ws/install/fishbot_application:/home/qing/ros2_humble/chapter7/chapt7_ws/install/autopatrol_robot:/opt/ros/humble CONDA_PROMPT_MODIFIER=(base) /usr/bin/cmake --install /home/qing/ros2_humble/chapter7/chapt7_ws/build/fishbot_application_cpp
[1.702s] Level 1:colcon.colcon_core.environment:create_environment_scripts_only(fishbot_application_cpp)
[1.703s] Level 1:colcon.colcon_core.environment:checking '/home/qing/ros2_humble/chapter7/chapt7_ws/install/fishbot_application_cpp' for CMake module files
[1.703s] DEBUG:colcon.colcon_core.event_handler.log_command:Invoked command in '/home/qing/ros2_humble/chapter7/chapt7_ws/build/fishbot_application_cpp' returned '0': CMAKE_PREFIX_PATH=${CMAKE_PREFIX_PATH}:/home/qing/ros2_humble/chapter7/chapt7_ws/install/fishbot_application:/home/qing/ros2_humble/chapter7/chapt7_ws/install/autopatrol_robot:/opt/ros/humble CONDA_PROMPT_MODIFIER=(base) /usr/bin/cmake --install /home/qing/ros2_humble/chapter7/chapt7_ws/build/fishbot_application_cpp
[1.704s] Level 1:colcon.colcon_core.environment:checking '/home/qing/ros2_humble/chapter7/chapt7_ws/install/fishbot_application_cpp' for CMake config files
[1.704s] Level 1:colcon.colcon_core.shell:create_environment_hook('fishbot_application_cpp', 'cmake_prefix_path')
[1.704s] INFO:colcon.colcon_core.shell:Creating environment hook '/home/qing/ros2_humble/chapter7/chapt7_ws/install/fishbot_application_cpp/share/fishbot_application_cpp/hook/cmake_prefix_path.ps1'
[1.705s] INFO:colcon.colcon_core.shell:Creating environment descriptor '/home/qing/ros2_humble/chapter7/chapt7_ws/install/fishbot_application_cpp/share/fishbot_application_cpp/hook/cmake_prefix_path.dsv'
[1.705s] INFO:colcon.colcon_core.shell:Creating environment hook '/home/qing/ros2_humble/chapter7/chapt7_ws/install/fishbot_application_cpp/share/fishbot_application_cpp/hook/cmake_prefix_path.sh'
[1.706s] Level 1:colcon.colcon_core.environment:checking '/home/qing/ros2_humble/chapter7/chapt7_ws/install/fishbot_application_cpp/lib'
[1.706s] Level 1:colcon.colcon_core.environment:checking '/home/qing/ros2_humble/chapter7/chapt7_ws/install/fishbot_application_cpp/bin'
[1.706s] Level 1:colcon.colcon_core.environment:checking '/home/qing/ros2_humble/chapter7/chapt7_ws/install/fishbot_application_cpp/lib/pkgconfig/fishbot_application_cpp.pc'
[1.706s] Level 1:colcon.colcon_core.environment:checking '/home/qing/ros2_humble/chapter7/chapt7_ws/install/fishbot_application_cpp/lib/python3.10/site-packages'
[1.706s] Level 1:colcon.colcon_core.environment:checking '/home/qing/ros2_humble/chapter7/chapt7_ws/install/fishbot_application_cpp/bin'
[1.707s] INFO:colcon.colcon_core.shell:Creating package script '/home/qing/ros2_humble/chapter7/chapt7_ws/install/fishbot_application_cpp/share/fishbot_application_cpp/package.ps1'
[1.707s] INFO:colcon.colcon_core.shell:Creating package descriptor '/home/qing/ros2_humble/chapter7/chapt7_ws/install/fishbot_application_cpp/share/fishbot_application_cpp/package.dsv'
[1.708s] INFO:colcon.colcon_core.shell:Creating package script '/home/qing/ros2_humble/chapter7/chapt7_ws/install/fishbot_application_cpp/share/fishbot_application_cpp/package.sh'
[1.708s] INFO:colcon.colcon_core.shell:Creating package script '/home/qing/ros2_humble/chapter7/chapt7_ws/install/fishbot_application_cpp/share/fishbot_application_cpp/package.bash'
[1.708s] INFO:colcon.colcon_core.shell:Creating package script '/home/qing/ros2_humble/chapter7/chapt7_ws/install/fishbot_application_cpp/share/fishbot_application_cpp/package.zsh'
[1.709s] Level 1:colcon.colcon_core.environment:create_file_with_runtime_dependencies(/home/qing/ros2_humble/chapter7/chapt7_ws/install/fishbot_application_cpp/share/colcon-core/packages/fishbot_application_cpp)
[1.709s] Level 1:colcon.colcon_core.environment:create_environment_scripts_only(fishbot_application_cpp)
[1.709s] Level 1:colcon.colcon_core.environment:checking '/home/qing/ros2_humble/chapter7/chapt7_ws/install/fishbot_application_cpp' for CMake module files
[1.710s] Level 1:colcon.colcon_core.environment:checking '/home/qing/ros2_humble/chapter7/chapt7_ws/install/fishbot_application_cpp' for CMake config files
[1.710s] Level 1:colcon.colcon_core.shell:create_environment_hook('fishbot_application_cpp', 'cmake_prefix_path')
[1.710s] INFO:colcon.colcon_core.shell:Creating environment hook '/home/qing/ros2_humble/chapter7/chapt7_ws/install/fishbot_application_cpp/share/fishbot_application_cpp/hook/cmake_prefix_path.ps1'
[1.711s] INFO:colcon.colcon_core.shell:Creating environment descriptor '/home/qing/ros2_humble/chapter7/chapt7_ws/install/fishbot_application_cpp/share/fishbot_application_cpp/hook/cmake_prefix_path.dsv'
[1.711s] INFO:colcon.colcon_core.shell:Creating environment hook '/home/qing/ros2_humble/chapter7/chapt7_ws/install/fishbot_application_cpp/share/fishbot_application_cpp/hook/cmake_prefix_path.sh'
[1.712s] Level 1:colcon.colcon_core.environment:checking '/home/qing/ros2_humble/chapter7/chapt7_ws/install/fishbot_application_cpp/lib'
[1.712s] Level 1:colcon.colcon_core.environment:checking '/home/qing/ros2_humble/chapter7/chapt7_ws/install/fishbot_application_cpp/bin'
[1.712s] Level 1:colcon.colcon_core.environment:checking '/home/qing/ros2_humble/chapter7/chapt7_ws/install/fishbot_application_cpp/lib/pkgconfig/fishbot_application_cpp.pc'
[1.712s] Level 1:colcon.colcon_core.environment:checking '/home/qing/ros2_humble/chapter7/chapt7_ws/install/fishbot_application_cpp/lib/python3.10/site-packages'
[1.712s] Level 1:colcon.colcon_core.environment:checking '/home/qing/ros2_humble/chapter7/chapt7_ws/install/fishbot_application_cpp/bin'
[1.713s] INFO:colcon.colcon_core.shell:Creating package script '/home/qing/ros2_humble/chapter7/chapt7_ws/install/fishbot_application_cpp/share/fishbot_application_cpp/package.ps1'
[1.713s] INFO:colcon.colcon_core.shell:Creating package descriptor '/home/qing/ros2_humble/chapter7/chapt7_ws/install/fishbot_application_cpp/share/fishbot_application_cpp/package.dsv'
[1.714s] INFO:colcon.colcon_core.shell:Creating package script '/home/qing/ros2_humble/chapter7/chapt7_ws/install/fishbot_application_cpp/share/fishbot_application_cpp/package.sh'
[1.714s] INFO:colcon.colcon_core.shell:Creating package script '/home/qing/ros2_humble/chapter7/chapt7_ws/install/fishbot_application_cpp/share/fishbot_application_cpp/package.bash'
[1.715s] INFO:colcon.colcon_core.shell:Creating package script '/home/qing/ros2_humble/chapter7/chapt7_ws/install/fishbot_application_cpp/share/fishbot_application_cpp/package.zsh'
[1.715s] Level 1:colcon.colcon_core.environment:create_file_with_runtime_dependencies(/home/qing/ros2_humble/chapter7/chapt7_ws/install/fishbot_application_cpp/share/colcon-core/packages/fishbot_application_cpp)
[2.192s] DEBUG:colcon.colcon_core.event_handler.log_command:Invoking command in '/home/qing/ros2_humble/chapter7/chapt7_ws/src/fishbot_application': CONDA_PROMPT_MODIFIER=(base) PYTHONPATH=/home/qing/ros2_humble/chapter7/chapt7_ws/build/fishbot_application/prefix_override:/home/qing/下载/enter/lib/python3.10/site-packages/colcon_core/task/python/colcon_distutils_commands:/home/qing/ros2_humble/chapter7/chapt7_ws/install/fishbot_application/lib/python3.10/site-packages:${PYTHONPATH} /home/qing/下载/enter/bin/python3.10 -W ignore:setup.py install is deprecated -W ignore:easy_install command is deprecated setup.py egg_info --egg-base ../../build/fishbot_application build --build-base /home/qing/ros2_humble/chapter7/chapt7_ws/build/fishbot_application/build install --record /home/qing/ros2_humble/chapter7/chapt7_ws/build/fishbot_application/install.log --single-version-externally-managed install_data
[2.200s] DEBUG:colcon.colcon_core.event_handler.log_command:Invoking command in '/home/qing/ros2_humble/chapter7/chapt7_ws/src/autopatrol_robot': CONDA_PROMPT_MODIFIER=(base) PYTHONPATH=/home/qing/ros2_humble/chapter7/chapt7_ws/build/autopatrol_robot/prefix_override:/home/qing/下载/enter/lib/python3.10/site-packages/colcon_core/task/python/colcon_distutils_commands:/home/qing/ros2_humble/chapter7/chapt7_ws/install/autopatrol_robot/lib/python3.10/site-packages:${PYTHONPATH} /home/qing/下载/enter/bin/python3.10 -W ignore:setup.py install is deprecated -W ignore:easy_install command is deprecated setup.py egg_info --egg-base ../../build/autopatrol_robot build --build-base /home/qing/ros2_humble/chapter7/chapt7_ws/build/autopatrol_robot/build install --record /home/qing/ros2_humble/chapter7/chapt7_ws/build/autopatrol_robot/install.log --single-version-externally-managed install_data
[2.710s] Level 1:colcon.colcon_core.environment:checking '/home/qing/ros2_humble/chapter7/chapt7_ws/install/autopatrol_robot' for CMake module files
[2.710s] DEBUG:colcon.colcon_core.event_handler.log_command:Invoked command in '/home/qing/ros2_humble/chapter7/chapt7_ws/src/autopatrol_robot' returned '0': CONDA_PROMPT_MODIFIER=(base) PYTHONPATH=/home/qing/ros2_humble/chapter7/chapt7_ws/build/autopatrol_robot/prefix_override:/home/qing/下载/enter/lib/python3.10/site-packages/colcon_core/task/python/colcon_distutils_commands:/home/qing/ros2_humble/chapter7/chapt7_ws/install/autopatrol_robot/lib/python3.10/site-packages:${PYTHONPATH} /home/qing/下载/enter/bin/python3.10 -W ignore:setup.py install is deprecated -W ignore:easy_install command is deprecated setup.py egg_info --egg-base ../../build/autopatrol_robot build --build-base /home/qing/ros2_humble/chapter7/chapt7_ws/build/autopatrol_robot/build install --record /home/qing/ros2_humble/chapter7/chapt7_ws/build/autopatrol_robot/install.log --single-version-externally-managed install_data
[2.711s] Level 1:colcon.colcon_core.environment:checking '/home/qing/ros2_humble/chapter7/chapt7_ws/install/autopatrol_robot' for CMake config files
[2.712s] Level 1:colcon.colcon_core.environment:checking '/home/qing/ros2_humble/chapter7/chapt7_ws/install/autopatrol_robot/lib'
[2.712s] Level 1:colcon.colcon_core.environment:checking '/home/qing/ros2_humble/chapter7/chapt7_ws/install/autopatrol_robot/bin'
[2.712s] Level 1:colcon.colcon_core.environment:checking '/home/qing/ros2_humble/chapter7/chapt7_ws/install/autopatrol_robot/lib/pkgconfig/autopatrol_robot.pc'
[2.712s] Level 1:colcon.colcon_core.environment:checking '/home/qing/ros2_humble/chapter7/chapt7_ws/install/autopatrol_robot/lib/python3.10/site-packages'
[2.712s] Level 1:colcon.colcon_core.shell:create_environment_hook('autopatrol_robot', 'pythonpath')
[2.713s] INFO:colcon.colcon_core.shell:Creating environment hook '/home/qing/ros2_humble/chapter7/chapt7_ws/install/autopatrol_robot/share/autopatrol_robot/hook/pythonpath.ps1'
[2.713s] INFO:colcon.colcon_core.shell:Creating environment descriptor '/home/qing/ros2_humble/chapter7/chapt7_ws/install/autopatrol_robot/share/autopatrol_robot/hook/pythonpath.dsv'
[2.714s] INFO:colcon.colcon_core.shell:Creating environment hook '/home/qing/ros2_humble/chapter7/chapt7_ws/install/autopatrol_robot/share/autopatrol_robot/hook/pythonpath.sh'
[2.715s] Level 1:colcon.colcon_core.environment:checking '/home/qing/ros2_humble/chapter7/chapt7_ws/install/autopatrol_robot/bin'
[2.715s] Level 1:colcon.colcon_core.environment:create_environment_scripts_only(autopatrol_robot)
[2.715s] INFO:colcon.colcon_core.shell:Creating package script '/home/qing/ros2_humble/chapter7/chapt7_ws/install/autopatrol_robot/share/autopatrol_robot/package.ps1'
[2.716s] INFO:colcon.colcon_core.shell:Creating package descriptor '/home/qing/ros2_humble/chapter7/chapt7_ws/install/autopatrol_robot/share/autopatrol_robot/package.dsv'
[2.716s] INFO:colcon.colcon_core.shell:Creating package script '/home/qing/ros2_humble/chapter7/chapt7_ws/install/autopatrol_robot/share/autopatrol_robot/package.sh'
[2.717s] INFO:colcon.colcon_core.shell:Creating package script '/home/qing/ros2_humble/chapter7/chapt7_ws/install/autopatrol_robot/share/autopatrol_robot/package.bash'
[2.718s] INFO:colcon.colcon_core.shell:Creating package script '/home/qing/ros2_humble/chapter7/chapt7_ws/install/autopatrol_robot/share/autopatrol_robot/package.zsh'
[2.718s] Level 1:colcon.colcon_core.environment:create_file_with_runtime_dependencies(/home/qing/ros2_humble/chapter7/chapt7_ws/install/autopatrol_robot/share/colcon-core/packages/autopatrol_robot)
[2.719s] Level 1:colcon.colcon_core.environment:checking '/home/qing/ros2_humble/chapter7/chapt7_ws/install/fishbot_application' for CMake module files
[2.720s] DEBUG:colcon.colcon_core.event_handler.log_command:Invoked command in '/home/qing/ros2_humble/chapter7/chapt7_ws/src/fishbot_application' returned '0': CONDA_PROMPT_MODIFIER=(base) PYTHONPATH=/home/qing/ros2_humble/chapter7/chapt7_ws/build/fishbot_application/prefix_override:/home/qing/下载/enter/lib/python3.10/site-packages/colcon_core/task/python/colcon_distutils_commands:/home/qing/ros2_humble/chapter7/chapt7_ws/install/fishbot_application/lib/python3.10/site-packages:${PYTHONPATH} /home/qing/下载/enter/bin/python3.10 -W ignore:setup.py install is deprecated -W ignore:easy_install command is deprecated setup.py egg_info --egg-base ../../build/fishbot_application build --build-base /home/qing/ros2_humble/chapter7/chapt7_ws/build/fishbot_application/build install --record /home/qing/ros2_humble/chapter7/chapt7_ws/build/fishbot_application/install.log --single-version-externally-managed install_data
[2.720s] Level 1:colcon.colcon_core.environment:checking '/home/qing/ros2_humble/chapter7/chapt7_ws/install/fishbot_application' for CMake config files
[2.721s] Level 1:colcon.colcon_core.environment:checking '/home/qing/ros2_humble/chapter7/chapt7_ws/install/fishbot_application/lib'
[2.721s] Level 1:colcon.colcon_core.environment:checking '/home/qing/ros2_humble/chapter7/chapt7_ws/install/fishbot_application/bin'
[2.721s] Level 1:colcon.colcon_core.environment:checking '/home/qing/ros2_humble/chapter7/chapt7_ws/install/fishbot_application/lib/pkgconfig/fishbot_application.pc'
[2.722s] Level 1:colcon.colcon_core.environment:checking '/home/qing/ros2_humble/chapter7/chapt7_ws/install/fishbot_application/lib/python3.10/site-packages'
[2.722s] Level 1:colcon.colcon_core.shell:create_environment_hook('fishbot_application', 'pythonpath')
[2.722s] INFO:colcon.colcon_core.shell:Creating environment hook '/home/qing/ros2_humble/chapter7/chapt7_ws/install/fishbot_application/share/fishbot_application/hook/pythonpath.ps1'
[2.722s] INFO:colcon.colcon_core.shell:Creating environment descriptor '/home/qing/ros2_humble/chapter7/chapt7_ws/install/fishbot_application/share/fishbot_application/hook/pythonpath.dsv'
[2.723s] INFO:colcon.colcon_core.shell:Creating environment hook '/home/qing/ros2_humble/chapter7/chapt7_ws/install/fishbot_application/share/fishbot_application/hook/pythonpath.sh'
[2.723s] Level 1:colcon.colcon_core.environment:checking '/home/qing/ros2_humble/chapter7/chapt7_ws/install/fishbot_application/bin'
[2.723s] Level 1:colcon.colcon_core.environment:create_environment_scripts_only(fishbot_application)
[2.724s] INFO:colcon.colcon_core.shell:Creating package script '/home/qing/ros2_humble/chapter7/chapt7_ws/install/fishbot_application/share/fishbot_application/package.ps1'
[2.724s] INFO:colcon.colcon_core.shell:Creating package descriptor '/home/qing/ros2_humble/chapter7/chapt7_ws/install/fishbot_application/share/fishbot_application/package.dsv'
[2.724s] INFO:colcon.colcon_core.shell:Creating package script '/home/qing/ros2_humble/chapter7/chapt7_ws/install/fishbot_application/share/fishbot_application/package.sh'
[2.725s] INFO:colcon.colcon_core.shell:Creating package script '/home/qing/ros2_humble/chapter7/chapt7_ws/install/fishbot_application/share/fishbot_application/package.bash'
[2.725s] INFO:colcon.colcon_core.shell:Creating package script '/home/qing/ros2_humble/chapter7/chapt7_ws/install/fishbot_application/share/fishbot_application/package.zsh'
[2.725s] Level 1:colcon.colcon_core.environment:create_file_with_runtime_dependencies(/home/qing/ros2_humble/chapter7/chapt7_ws/install/fishbot_application/share/colcon-core/packages/fishbot_application)
[2.725s] DEBUG:colcon.colcon_parallel_executor.executor.parallel:closing loop
[2.726s] DEBUG:colcon.colcon_parallel_executor.executor.parallel:loop closed
[2.726s] DEBUG:colcon.colcon_parallel_executor.executor.parallel:run_until_complete finished with '0'
[2.726s] DEBUG:colcon.colcon_core.event_reactor:joining thread
[2.730s] INFO:colcon.colcon_core.plugin_system:Skipping extension 'colcon_notification.desktop_notification.notify2': 'notify2' not found
[2.732s] INFO:colcon.colcon_core.plugin_system:Skipping extension 'colcon_notification.desktop_notification.terminal_notifier': Not used on non-Darwin systems
[2.732s] INFO:colcon.colcon_core.plugin_system:Skipping extension 'colcon_notification.desktop_notification.win32': Not used on non-Windows systems
[2.732s] INFO:colcon.colcon_notification.desktop_notification:Sending desktop notification using 'notify_send'
[2.817s] DEBUG:colcon.colcon_core.event_reactor:joined thread
[2.818s] INFO:colcon.colcon_core.shell:Creating prefix script '/home/qing/ros2_humble/chapter7/chapt7_ws/install/local_setup.ps1'
[2.819s] INFO:colcon.colcon_core.shell:Creating prefix util module '/home/qing/ros2_humble/chapter7/chapt7_ws/install/_local_setup_util_ps1.py'
[2.820s] INFO:colcon.colcon_core.shell:Creating prefix chain script '/home/qing/ros2_humble/chapter7/chapt7_ws/install/setup.ps1'
[2.822s] INFO:colcon.colcon_core.shell:Creating prefix script '/home/qing/ros2_humble/chapter7/chapt7_ws/install/local_setup.sh'
[2.823s] INFO:colcon.colcon_core.shell:Creating prefix util module '/home/qing/ros2_humble/chapter7/chapt7_ws/install/_local_setup_util_sh.py'
[2.823s] INFO:colcon.colcon_core.shell:Creating prefix chain script '/home/qing/ros2_humble/chapter7/chapt7_ws/install/setup.sh'
[2.824s] INFO:colcon.colcon_core.shell:Creating prefix script '/home/qing/ros2_humble/chapter7/chapt7_ws/install/local_setup.bash'
[2.825s] INFO:colcon.colcon_core.shell:Creating prefix chain script '/home/qing/ros2_humble/chapter7/chapt7_ws/install/setup.bash'
[2.826s] INFO:colcon.colcon_core.shell:Creating prefix script '/home/qing/ros2_humble/chapter7/chapt7_ws/install/local_setup.zsh'
[2.827s] INFO:colcon.colcon_core.shell:Creating prefix chain script '/home/qing/ros2_humble/chapter7/chapt7_ws/install/setup.zsh'
