[0.008s] Invoking command in '/home/qing/ros2_humble/chapt2/c2_2/demo_cpp_pkg/build/demo_cpp_pkg': CMAKE_PREFIX_PATH=/home/qing/ros2_humble/chapt2/c2_2/install/demo_python_pkg:/opt/ros/humble CONDA_PROMPT_MODIFIER=(ros_test) /usr/bin/cmake /home/qing/ros2_humble/chapt2/c2_2/demo_cpp_pkg -DCMAKE_INSTALL_PREFIX=/home/qing/ros2_humble/chapt2/c2_2/demo_cpp_pkg/install/demo_cpp_pkg
[0.068s] -- The C compiler identification is GNU 11.2.0
[0.116s] -- The CXX compiler identification is GNU 11.4.0
[0.123s] -- Detecting C compiler ABI info
[0.191s] -- Detecting C compiler ABI info - done
[0.197s] -- Check for working C compiler: /home/qing/下载/enter/envs/ros_test/bin/cc - skipped
[0.197s] -- Detecting C compile features
[0.197s] -- Detecting C compile features - done
[0.200s] -- Detecting CXX compiler ABI info
[0.272s] -- Detecting CXX compiler ABI info - done
[0.277s] -- Check for working CXX compiler: /usr/bin/c++ - skipped
[0.278s] -- Detecting CXX compile features
[0.278s] -- Detecting CXX compile features - done
[0.283s] -- Found ament_cmake: 1.3.11 (/opt/ros/humble/share/ament_cmake/cmake)
[0.616s] -- Found Python3: /home/qing/下载/enter/envs/ros_test/bin/python3 (found version "3.10.16") found components: Interpreter 
[0.686s] -- Found rclcpp: 16.0.11 (/opt/ros/humble/share/rclcpp/cmake)
[0.716s] -- Found rosidl_generator_c: 3.1.6 (/opt/ros/humble/share/rosidl_generator_c/cmake)
[0.720s] -- Found rosidl_adapter: 3.1.6 (/opt/ros/humble/share/rosidl_adapter/cmake)
[0.726s] -- Found rosidl_generator_cpp: 3.1.6 (/opt/ros/humble/share/rosidl_generator_cpp/cmake)
[0.736s] -- Using all available rosidl_typesupport_c: rosidl_typesupport_fastrtps_c;rosidl_typesupport_introspection_c
[0.748s] -- Using all available rosidl_typesupport_cpp: rosidl_typesupport_fastrtps_cpp;rosidl_typesupport_introspection_cpp
[0.781s] -- Found rmw_implementation_cmake: 6.1.2 (/opt/ros/humble/share/rmw_implementation_cmake/cmake)
[0.783s] -- Found rmw_fastrtps_cpp: 6.2.7 (/opt/ros/humble/share/rmw_fastrtps_cpp/cmake)
[0.861s] -- Found OpenSSL: /usr/lib/x86_64-linux-gnu/libcrypto.so (found version "3.0.2")  
[0.885s] -- Found FastRTPS: /opt/ros/humble/include  
[0.921s] -- Using RMW implementation 'rmw_fastrtps_cpp' as default
[0.927s] -- Looking for pthread.h
[0.997s] -- Looking for pthread.h - found
[0.997s] -- Performing Test CMAKE_HAVE_LIBC_PTHREAD
[1.071s] -- Performing Test CMAKE_HAVE_LIBC_PTHREAD - Failed
[1.072s] -- Looking for pthread_create in pthreads
[1.128s] -- Looking for pthread_create in pthreads - not found
[1.128s] -- Looking for pthread_create in pthread
[1.201s] -- Looking for pthread_create in pthread - found
[1.202s] -- Found Threads: TRUE  
[1.244s] -- Found ament_lint_auto: 0.12.11 (/opt/ros/humble/share/ament_lint_auto/cmake)
[1.263s] Traceback (most recent call last):
[1.263s]   File "/opt/ros/humble/share/ament_cmake_core/cmake/core/package_xml_2_cmake.py", line 22, in <module>
[1.263s]     from catkin_pkg.package import parse_package_string
[1.263s] ModuleNotFoundError: No module named 'catkin_pkg'
[1.266s] [31mCMake Error at /opt/ros/humble/share/ament_cmake_core/cmake/core/ament_package_xml.cmake:95 (message):
[1.266s]   execute_process(/home/qing/下载/enter/envs/ros_test/bin/python3
[1.266s]   /opt/ros/humble/share/ament_cmake_core/cmake/core/package_xml_2_cmake.py
[1.266s]   /home/qing/ros2_humble/chapt2/c2_2/demo_cpp_pkg/package.xml
[1.266s]   /home/qing/ros2_humble/chapt2/c2_2/demo_cpp_pkg/build/demo_cpp_pkg/ament_cmake_core/package.cmake)
[1.266s]   returned error code 1
[1.266s] Call Stack (most recent call first):
[1.266s]   /opt/ros/humble/share/ament_cmake_core/cmake/core/ament_package_xml.cmake:49 (_ament_package_xml)
[1.266s]   /opt/ros/humble/share/ament_lint_auto/cmake/ament_lint_auto_find_test_dependencies.cmake:31 (ament_package_xml)
[1.266s]   CMakeLists.txt:30 (ament_lint_auto_find_test_dependencies)
[1.266s] 
[1.266s] [0m
[1.267s] -- Configuring incomplete, errors occurred!
[1.267s] See also "/home/qing/ros2_humble/chapt2/c2_2/demo_cpp_pkg/build/demo_cpp_pkg/CMakeFiles/CMakeOutput.log".
[1.267s] See also "/home/qing/ros2_humble/chapt2/c2_2/demo_cpp_pkg/build/demo_cpp_pkg/CMakeFiles/CMakeError.log".
[1.275s] Invoked command in '/home/qing/ros2_humble/chapt2/c2_2/demo_cpp_pkg/build/demo_cpp_pkg' returned '1': CMAKE_PREFIX_PATH=/home/qing/ros2_humble/chapt2/c2_2/install/demo_python_pkg:/opt/ros/humble CONDA_PROMPT_MODIFIER=(ros_test) /usr/bin/cmake /home/qing/ros2_humble/chapt2/c2_2/demo_cpp_pkg -DCMAKE_INSTALL_PREFIX=/home/qing/ros2_humble/chapt2/c2_2/demo_cpp_pkg/install/demo_cpp_pkg
