[0.037s] Invoking command in '/home/qing/ros2_humble/chapt8/chapt8_ws/build/autopatrol_interfaces': CMAKE_PREFIX_PATH=/opt/ros/humble CONDA_PROMPT_MODIFIER=(base) /usr/bin/cmake --build /home/qing/ros2_humble/chapt8/chapt8_ws/build/autopatrol_interfaces -- -j16 -l16
[0.638s] [35m[1mConsolidate compiler generated dependencies of target autopatrol_interfaces__rosidl_generator_c[0m
[0.638s] [  9%] Built target autopatrol_interfaces__rosidl_generator_c
[0.638s] [  9%] Built target ament_cmake_python_copy_autopatrol_interfaces
[0.639s] [35m[1mConsolidate compiler generated dependencies of target autopatrol_interfaces__rosidl_typesupport_fastrtps_c[0m
[0.639s] [ 19%] Built target autopatrol_interfaces__rosidl_typesupport_fastrtps_c
[0.639s] running egg_info
[0.639s] writing manifest file 'autopatrol_interfaces.egg-info/SOURCES.txt'
[0.639s] [ 19%] Built target ament_cmake_python_build_autopatrol_interfaces_egg
[0.639s] [35m[1mConsolidate compiler generated dependencies of target autopatrol_interfaces__rosidl_typesupport_c[0m
[0.639s] [ 29%] Built target autopatrol_interfaces__rosidl_typesupport_c
[0.639s] [35m[1mConsolidate compiler generated dependencies of target autopatrol_interfaces__rosidl_typesupport_introspection_c[0m
[0.640s] [ 38%] Built target autopatrol_interfaces__rosidl_typesupport_introspection_c
[0.640s] [ 41%] Built target autopatrol_interfaces__cpp
[0.640s] [35m[1mConsolidate compiler generated dependencies of target autopatrol_interfaces__rosidl_typesupport_fastrtps_cpp[0m
[0.640s] [ 51%] Built target autopatrol_interfaces__rosidl_typesupport_fastrtps_cpp
[0.640s] [35m[1mConsolidate compiler generated dependencies of target autopatrol_interfaces__rosidl_typesupport_cpp[0m
[0.640s] [ 61%] Built target autopatrol_interfaces__rosidl_typesupport_cpp
[0.640s] [35m[1mConsolidate compiler generated dependencies of target autopatrol_interfaces__rosidl_typesupport_introspection_cpp[0m
[0.647s] [ 70%] Built target autopatrol_interfaces__rosidl_typesupport_introspection_cpp
[0.665s] [ 70%] Built target autopatrol_interfaces
[0.685s] [ 74%] Built target autopatrol_interfaces__py
[0.697s] [35m[1mConsolidate compiler generated dependencies of target autopatrol_interfaces__rosidl_generator_py[0m
[0.711s] [ 80%] Built target autopatrol_interfaces__rosidl_generator_py
[0.732s] [ 83%] [32mBuilding C object CMakeFiles/autopatrol_interfaces__rosidl_typesupport_fastrtps_c__pyext.dir/rosidl_generator_py/autopatrol_interfaces/_autopatrol_interfaces_s.ep.rosidl_typesupport_fastrtps_c.c.o[0m
[0.972s] [ 87%] [32m[1mLinking C shared library rosidl_generator_py/autopatrol_interfaces/autopatrol_interfaces_s__rosidl_typesupport_fastrtps_c.cpython-310-x86_64-linux-gnu.so[0m
[1.044s] [ 87%] Built target autopatrol_interfaces__rosidl_typesupport_fastrtps_c__pyext
[1.064s] [ 90%] [32mBuilding C object CMakeFiles/autopatrol_interfaces__rosidl_typesupport_c__pyext.dir/rosidl_generator_py/autopatrol_interfaces/_autopatrol_interfaces_s.ep.rosidl_typesupport_c.c.o[0m
[1.170s] [ 93%] [32m[1mLinking C shared library rosidl_generator_py/autopatrol_interfaces/autopatrol_interfaces_s__rosidl_typesupport_c.cpython-310-x86_64-linux-gnu.so[0m
[1.236s] [ 93%] Built target autopatrol_interfaces__rosidl_typesupport_c__pyext
[1.258s] [ 96%] [32mBuilding C object CMakeFiles/autopatrol_interfaces__rosidl_typesupport_introspection_c__pyext.dir/rosidl_generator_py/autopatrol_interfaces/_autopatrol_interfaces_s.ep.rosidl_typesupport_introspection_c.c.o[0m
[1.369s] [100%] [32m[1mLinking C shared library rosidl_generator_py/autopatrol_interfaces/autopatrol_interfaces_s__rosidl_typesupport_introspection_c.cpython-310-x86_64-linux-gnu.so[0m
[1.429s] [100%] Built target autopatrol_interfaces__rosidl_typesupport_introspection_c__pyext
[1.442s] Invoked command in '/home/qing/ros2_humble/chapt8/chapt8_ws/build/autopatrol_interfaces' returned '0': CMAKE_PREFIX_PATH=/opt/ros/humble CONDA_PROMPT_MODIFIER=(base) /usr/bin/cmake --build /home/qing/ros2_humble/chapt8/chapt8_ws/build/autopatrol_interfaces -- -j16 -l16
[1.444s] Invoking command in '/home/qing/ros2_humble/chapt8/chapt8_ws/build/autopatrol_interfaces': CMAKE_PREFIX_PATH=/opt/ros/humble CONDA_PROMPT_MODIFIER=(base) /usr/bin/cmake --install /home/qing/ros2_humble/chapt8/chapt8_ws/build/autopatrol_interfaces
[1.452s] -- Install configuration: ""
[1.452s] -- Installing: /home/qing/ros2_humble/chapt8/chapt8_ws/install/autopatrol_interfaces/share/ament_index/resource_index/rosidl_interfaces/autopatrol_interfaces
[1.453s] -- Installing: /home/qing/ros2_humble/chapt8/chapt8_ws/install/autopatrol_interfaces/include/autopatrol_interfaces/autopatrol_interfaces
[1.453s] -- Installing: /home/qing/ros2_humble/chapt8/chapt8_ws/install/autopatrol_interfaces/include/autopatrol_interfaces/autopatrol_interfaces/srv
[1.453s] -- Installing: /home/qing/ros2_humble/chapt8/chapt8_ws/install/autopatrol_interfaces/include/autopatrol_interfaces/autopatrol_interfaces/srv/detail
[1.453s] -- Installing: /home/qing/ros2_humble/chapt8/chapt8_ws/install/autopatrol_interfaces/include/autopatrol_interfaces/autopatrol_interfaces/srv/detail/speach_text__struct.h
[1.453s] -- Installing: /home/qing/ros2_humble/chapt8/chapt8_ws/install/autopatrol_interfaces/include/autopatrol_interfaces/autopatrol_interfaces/srv/detail/speach_text__type_support.h
[1.453s] -- Installing: /home/qing/ros2_humble/chapt8/chapt8_ws/install/autopatrol_interfaces/include/autopatrol_interfaces/autopatrol_interfaces/srv/detail/speach_text__functions.h
[1.453s] -- Installing: /home/qing/ros2_humble/chapt8/chapt8_ws/install/autopatrol_interfaces/include/autopatrol_interfaces/autopatrol_interfaces/srv/detail/speach_text__functions.c
[1.454s] -- Installing: /home/qing/ros2_humble/chapt8/chapt8_ws/install/autopatrol_interfaces/include/autopatrol_interfaces/autopatrol_interfaces/srv/speach_text.h
[1.454s] -- Installing: /home/qing/ros2_humble/chapt8/chapt8_ws/install/autopatrol_interfaces/include/autopatrol_interfaces/autopatrol_interfaces/msg
[1.454s] -- Installing: /home/qing/ros2_humble/chapt8/chapt8_ws/install/autopatrol_interfaces/include/autopatrol_interfaces/autopatrol_interfaces/msg/rosidl_generator_c__visibility_control.h
[1.454s] -- Installing: /home/qing/ros2_humble/chapt8/chapt8_ws/install/autopatrol_interfaces/share/autopatrol_interfaces/environment/library_path.sh
[1.454s] -- Installing: /home/qing/ros2_humble/chapt8/chapt8_ws/install/autopatrol_interfaces/share/autopatrol_interfaces/environment/library_path.dsv
[1.455s] -- Installing: /home/qing/ros2_humble/chapt8/chapt8_ws/install/autopatrol_interfaces/lib/libautopatrol_interfaces__rosidl_generator_c.so
[1.455s] -- Up-to-date: /home/qing/ros2_humble/chapt8/chapt8_ws/install/autopatrol_interfaces/include/autopatrol_interfaces/autopatrol_interfaces
[1.455s] -- Up-to-date: /home/qing/ros2_humble/chapt8/chapt8_ws/install/autopatrol_interfaces/include/autopatrol_interfaces/autopatrol_interfaces/srv
[1.455s] -- Up-to-date: /home/qing/ros2_humble/chapt8/chapt8_ws/install/autopatrol_interfaces/include/autopatrol_interfaces/autopatrol_interfaces/srv/detail
[1.455s] -- Installing: /home/qing/ros2_humble/chapt8/chapt8_ws/install/autopatrol_interfaces/include/autopatrol_interfaces/autopatrol_interfaces/srv/detail/speach_text__rosidl_typesupport_fastrtps_c.h
[1.455s] -- Up-to-date: /home/qing/ros2_humble/chapt8/chapt8_ws/install/autopatrol_interfaces/include/autopatrol_interfaces/autopatrol_interfaces/msg
[1.455s] -- Installing: /home/qing/ros2_humble/chapt8/chapt8_ws/install/autopatrol_interfaces/include/autopatrol_interfaces/autopatrol_interfaces/msg/rosidl_typesupport_fastrtps_c__visibility_control.h
[1.456s] -- Installing: /home/qing/ros2_humble/chapt8/chapt8_ws/install/autopatrol_interfaces/lib/libautopatrol_interfaces__rosidl_typesupport_fastrtps_c.so
[1.456s] -- Up-to-date: /home/qing/ros2_humble/chapt8/chapt8_ws/install/autopatrol_interfaces/include/autopatrol_interfaces/autopatrol_interfaces
[1.456s] -- Up-to-date: /home/qing/ros2_humble/chapt8/chapt8_ws/install/autopatrol_interfaces/include/autopatrol_interfaces/autopatrol_interfaces/srv
[1.456s] -- Up-to-date: /home/qing/ros2_humble/chapt8/chapt8_ws/install/autopatrol_interfaces/include/autopatrol_interfaces/autopatrol_interfaces/srv/detail
[1.456s] -- Installing: /home/qing/ros2_humble/chapt8/chapt8_ws/install/autopatrol_interfaces/include/autopatrol_interfaces/autopatrol_interfaces/srv/detail/speach_text__rosidl_typesupport_introspection_c.h
[1.456s] -- Installing: /home/qing/ros2_humble/chapt8/chapt8_ws/install/autopatrol_interfaces/include/autopatrol_interfaces/autopatrol_interfaces/srv/detail/speach_text__type_support.c
[1.456s] -- Up-to-date: /home/qing/ros2_humble/chapt8/chapt8_ws/install/autopatrol_interfaces/include/autopatrol_interfaces/autopatrol_interfaces/msg
[1.457s] -- Installing: /home/qing/ros2_humble/chapt8/chapt8_ws/install/autopatrol_interfaces/include/autopatrol_interfaces/autopatrol_interfaces/msg/rosidl_typesupport_introspection_c__visibility_control.h
[1.457s] -- Installing: /home/qing/ros2_humble/chapt8/chapt8_ws/install/autopatrol_interfaces/lib/libautopatrol_interfaces__rosidl_typesupport_introspection_c.so
[1.457s] -- Installing: /home/qing/ros2_humble/chapt8/chapt8_ws/install/autopatrol_interfaces/lib/libautopatrol_interfaces__rosidl_typesupport_c.so
[1.457s] -- Up-to-date: /home/qing/ros2_humble/chapt8/chapt8_ws/install/autopatrol_interfaces/include/autopatrol_interfaces/autopatrol_interfaces
[1.458s] -- Up-to-date: /home/qing/ros2_humble/chapt8/chapt8_ws/install/autopatrol_interfaces/include/autopatrol_interfaces/autopatrol_interfaces/srv
[1.458s] -- Up-to-date: /home/qing/ros2_humble/chapt8/chapt8_ws/install/autopatrol_interfaces/include/autopatrol_interfaces/autopatrol_interfaces/srv/detail
[1.458s] -- Installing: /home/qing/ros2_humble/chapt8/chapt8_ws/install/autopatrol_interfaces/include/autopatrol_interfaces/autopatrol_interfaces/srv/detail/speach_text__struct.hpp
[1.458s] -- Installing: /home/qing/ros2_humble/chapt8/chapt8_ws/install/autopatrol_interfaces/include/autopatrol_interfaces/autopatrol_interfaces/srv/detail/speach_text__type_support.hpp
[1.458s] -- Installing: /home/qing/ros2_humble/chapt8/chapt8_ws/install/autopatrol_interfaces/include/autopatrol_interfaces/autopatrol_interfaces/srv/detail/speach_text__traits.hpp
[1.458s] -- Installing: /home/qing/ros2_humble/chapt8/chapt8_ws/install/autopatrol_interfaces/include/autopatrol_interfaces/autopatrol_interfaces/srv/detail/speach_text__builder.hpp
[1.459s] -- Installing: /home/qing/ros2_humble/chapt8/chapt8_ws/install/autopatrol_interfaces/include/autopatrol_interfaces/autopatrol_interfaces/srv/speach_text.hpp
[1.459s] -- Up-to-date: /home/qing/ros2_humble/chapt8/chapt8_ws/install/autopatrol_interfaces/include/autopatrol_interfaces/autopatrol_interfaces/msg
[1.459s] -- Installing: /home/qing/ros2_humble/chapt8/chapt8_ws/install/autopatrol_interfaces/include/autopatrol_interfaces/autopatrol_interfaces/msg/rosidl_generator_cpp__visibility_control.hpp
[1.459s] -- Up-to-date: /home/qing/ros2_humble/chapt8/chapt8_ws/install/autopatrol_interfaces/include/autopatrol_interfaces/autopatrol_interfaces
[1.459s] -- Up-to-date: /home/qing/ros2_humble/chapt8/chapt8_ws/install/autopatrol_interfaces/include/autopatrol_interfaces/autopatrol_interfaces/srv
[1.459s] -- Up-to-date: /home/qing/ros2_humble/chapt8/chapt8_ws/install/autopatrol_interfaces/include/autopatrol_interfaces/autopatrol_interfaces/srv/detail
[1.459s] -- Installing: /home/qing/ros2_humble/chapt8/chapt8_ws/install/autopatrol_interfaces/include/autopatrol_interfaces/autopatrol_interfaces/srv/detail/dds_fastrtps
[1.459s] -- Installing: /home/qing/ros2_humble/chapt8/chapt8_ws/install/autopatrol_interfaces/include/autopatrol_interfaces/autopatrol_interfaces/srv/detail/speach_text__rosidl_typesupport_fastrtps_cpp.hpp
[1.460s] -- Up-to-date: /home/qing/ros2_humble/chapt8/chapt8_ws/install/autopatrol_interfaces/include/autopatrol_interfaces/autopatrol_interfaces/msg
[1.460s] -- Installing: /home/qing/ros2_humble/chapt8/chapt8_ws/install/autopatrol_interfaces/include/autopatrol_interfaces/autopatrol_interfaces/msg/rosidl_typesupport_fastrtps_cpp__visibility_control.h
[1.460s] -- Installing: /home/qing/ros2_humble/chapt8/chapt8_ws/install/autopatrol_interfaces/lib/libautopatrol_interfaces__rosidl_typesupport_fastrtps_cpp.so
[1.461s] -- Up-to-date: /home/qing/ros2_humble/chapt8/chapt8_ws/install/autopatrol_interfaces/include/autopatrol_interfaces/autopatrol_interfaces
[1.461s] -- Up-to-date: /home/qing/ros2_humble/chapt8/chapt8_ws/install/autopatrol_interfaces/include/autopatrol_interfaces/autopatrol_interfaces/srv
[1.461s] -- Up-to-date: /home/qing/ros2_humble/chapt8/chapt8_ws/install/autopatrol_interfaces/include/autopatrol_interfaces/autopatrol_interfaces/srv/detail
[1.461s] -- Installing: /home/qing/ros2_humble/chapt8/chapt8_ws/install/autopatrol_interfaces/include/autopatrol_interfaces/autopatrol_interfaces/srv/detail/speach_text__type_support.cpp
[1.461s] -- Installing: /home/qing/ros2_humble/chapt8/chapt8_ws/install/autopatrol_interfaces/include/autopatrol_interfaces/autopatrol_interfaces/srv/detail/speach_text__rosidl_typesupport_introspection_cpp.hpp
[1.461s] -- Installing: /home/qing/ros2_humble/chapt8/chapt8_ws/install/autopatrol_interfaces/lib/libautopatrol_interfaces__rosidl_typesupport_introspection_cpp.so
[1.462s] -- Installing: /home/qing/ros2_humble/chapt8/chapt8_ws/install/autopatrol_interfaces/lib/libautopatrol_interfaces__rosidl_typesupport_cpp.so
[1.462s] -- Installing: /home/qing/ros2_humble/chapt8/chapt8_ws/install/autopatrol_interfaces/share/autopatrol_interfaces/environment/pythonpath.sh
[1.462s] -- Installing: /home/qing/ros2_humble/chapt8/chapt8_ws/install/autopatrol_interfaces/share/autopatrol_interfaces/environment/pythonpath.dsv
[1.462s] -- Installing: /home/qing/ros2_humble/chapt8/chapt8_ws/install/autopatrol_interfaces/lib/python3.10/site-packages/autopatrol_interfaces-0.0.0-py3.10.egg-info
[1.463s] -- Installing: /home/qing/ros2_humble/chapt8/chapt8_ws/install/autopatrol_interfaces/lib/python3.10/site-packages/autopatrol_interfaces-0.0.0-py3.10.egg-info/top_level.txt
[1.463s] -- Installing: /home/qing/ros2_humble/chapt8/chapt8_ws/install/autopatrol_interfaces/lib/python3.10/site-packages/autopatrol_interfaces-0.0.0-py3.10.egg-info/PKG-INFO
[1.463s] -- Installing: /home/qing/ros2_humble/chapt8/chapt8_ws/install/autopatrol_interfaces/lib/python3.10/site-packages/autopatrol_interfaces-0.0.0-py3.10.egg-info/dependency_links.txt
[1.463s] -- Installing: /home/qing/ros2_humble/chapt8/chapt8_ws/install/autopatrol_interfaces/lib/python3.10/site-packages/autopatrol_interfaces-0.0.0-py3.10.egg-info/SOURCES.txt
[1.463s] -- Installing: /home/qing/ros2_humble/chapt8/chapt8_ws/install/autopatrol_interfaces/lib/python3.10/site-packages/autopatrol_interfaces
[1.463s] -- Installing: /home/qing/ros2_humble/chapt8/chapt8_ws/install/autopatrol_interfaces/lib/python3.10/site-packages/autopatrol_interfaces/autopatrol_interfaces_s__rosidl_typesupport_c.cpython-310-x86_64-linux-gnu.so
[1.463s] -- Installing: /home/qing/ros2_humble/chapt8/chapt8_ws/install/autopatrol_interfaces/lib/python3.10/site-packages/autopatrol_interfaces/libautopatrol_interfaces__rosidl_generator_py.so
[1.464s] -- Installing: /home/qing/ros2_humble/chapt8/chapt8_ws/install/autopatrol_interfaces/lib/python3.10/site-packages/autopatrol_interfaces/srv
[1.464s] -- Installing: /home/qing/ros2_humble/chapt8/chapt8_ws/install/autopatrol_interfaces/lib/python3.10/site-packages/autopatrol_interfaces/srv/_speach_text.py
[1.464s] -- Installing: /home/qing/ros2_humble/chapt8/chapt8_ws/install/autopatrol_interfaces/lib/python3.10/site-packages/autopatrol_interfaces/srv/__init__.py
[1.464s] -- Installing: /home/qing/ros2_humble/chapt8/chapt8_ws/install/autopatrol_interfaces/lib/python3.10/site-packages/autopatrol_interfaces/srv/_speach_text_s.c
[1.464s] -- Installing: /home/qing/ros2_humble/chapt8/chapt8_ws/install/autopatrol_interfaces/lib/python3.10/site-packages/autopatrol_interfaces/__init__.py
[1.464s] -- Installing: /home/qing/ros2_humble/chapt8/chapt8_ws/install/autopatrol_interfaces/lib/python3.10/site-packages/autopatrol_interfaces/_autopatrol_interfaces_s.ep.rosidl_typesupport_introspection_c.c
[1.464s] -- Installing: /home/qing/ros2_humble/chapt8/chapt8_ws/install/autopatrol_interfaces/lib/python3.10/site-packages/autopatrol_interfaces/_autopatrol_interfaces_s.ep.rosidl_typesupport_fastrtps_c.c
[1.464s] -- Installing: /home/qing/ros2_humble/chapt8/chapt8_ws/install/autopatrol_interfaces/lib/python3.10/site-packages/autopatrol_interfaces/autopatrol_interfaces_s__rosidl_typesupport_fastrtps_c.cpython-310-x86_64-linux-gnu.so
[1.464s] -- Installing: /home/qing/ros2_humble/chapt8/chapt8_ws/install/autopatrol_interfaces/lib/python3.10/site-packages/autopatrol_interfaces/_autopatrol_interfaces_s.ep.rosidl_typesupport_c.c
[1.465s] -- Installing: /home/qing/ros2_humble/chapt8/chapt8_ws/install/autopatrol_interfaces/lib/python3.10/site-packages/autopatrol_interfaces/autopatrol_interfaces_s__rosidl_typesupport_introspection_c.cpython-310-x86_64-linux-gnu.so
[1.501s] Listing '/home/qing/ros2_humble/chapt8/chapt8_ws/install/autopatrol_interfaces/lib/python3.10/site-packages/autopatrol_interfaces'...
[1.501s] Compiling '/home/qing/ros2_humble/chapt8/chapt8_ws/install/autopatrol_interfaces/lib/python3.10/site-packages/autopatrol_interfaces/__init__.py'...
[1.501s] Listing '/home/qing/ros2_humble/chapt8/chapt8_ws/install/autopatrol_interfaces/lib/python3.10/site-packages/autopatrol_interfaces/srv'...
[1.501s] Compiling '/home/qing/ros2_humble/chapt8/chapt8_ws/install/autopatrol_interfaces/lib/python3.10/site-packages/autopatrol_interfaces/srv/__init__.py'...
[1.501s] Compiling '/home/qing/ros2_humble/chapt8/chapt8_ws/install/autopatrol_interfaces/lib/python3.10/site-packages/autopatrol_interfaces/srv/_speach_text.py'...
[1.506s] -- Up-to-date: /home/qing/ros2_humble/chapt8/chapt8_ws/install/autopatrol_interfaces/lib/python3.10/site-packages/autopatrol_interfaces/autopatrol_interfaces_s__rosidl_typesupport_fastrtps_c.cpython-310-x86_64-linux-gnu.so
[1.506s] -- Up-to-date: /home/qing/ros2_humble/chapt8/chapt8_ws/install/autopatrol_interfaces/lib/python3.10/site-packages/autopatrol_interfaces/autopatrol_interfaces_s__rosidl_typesupport_introspection_c.cpython-310-x86_64-linux-gnu.so
[1.507s] -- Up-to-date: /home/qing/ros2_humble/chapt8/chapt8_ws/install/autopatrol_interfaces/lib/python3.10/site-packages/autopatrol_interfaces/autopatrol_interfaces_s__rosidl_typesupport_c.cpython-310-x86_64-linux-gnu.so
[1.507s] -- Installing: /home/qing/ros2_humble/chapt8/chapt8_ws/install/autopatrol_interfaces/lib/libautopatrol_interfaces__rosidl_generator_py.so
[1.507s] -- Installing: /home/qing/ros2_humble/chapt8/chapt8_ws/install/autopatrol_interfaces/share/autopatrol_interfaces/srv/SpeachText.idl
[1.507s] -- Installing: /home/qing/ros2_humble/chapt8/chapt8_ws/install/autopatrol_interfaces/share/autopatrol_interfaces/srv/SpeachText.srv
[1.508s] -- Installing: /home/qing/ros2_humble/chapt8/chapt8_ws/install/autopatrol_interfaces/share/autopatrol_interfaces/srv/SpeachText_Request.msg
[1.508s] -- Installing: /home/qing/ros2_humble/chapt8/chapt8_ws/install/autopatrol_interfaces/share/autopatrol_interfaces/srv/SpeachText_Response.msg
[1.508s] -- Installing: /home/qing/ros2_humble/chapt8/chapt8_ws/install/autopatrol_interfaces/share/ament_index/resource_index/package_run_dependencies/autopatrol_interfaces
[1.509s] -- Installing: /home/qing/ros2_humble/chapt8/chapt8_ws/install/autopatrol_interfaces/share/ament_index/resource_index/parent_prefix_path/autopatrol_interfaces
[1.509s] -- Installing: /home/qing/ros2_humble/chapt8/chapt8_ws/install/autopatrol_interfaces/share/autopatrol_interfaces/environment/ament_prefix_path.sh
[1.509s] -- Installing: /home/qing/ros2_humble/chapt8/chapt8_ws/install/autopatrol_interfaces/share/autopatrol_interfaces/environment/ament_prefix_path.dsv
[1.510s] -- Installing: /home/qing/ros2_humble/chapt8/chapt8_ws/install/autopatrol_interfaces/share/autopatrol_interfaces/environment/path.sh
[1.510s] -- Installing: /home/qing/ros2_humble/chapt8/chapt8_ws/install/autopatrol_interfaces/share/autopatrol_interfaces/environment/path.dsv
[1.510s] -- Installing: /home/qing/ros2_humble/chapt8/chapt8_ws/install/autopatrol_interfaces/share/autopatrol_interfaces/local_setup.bash
[1.510s] -- Installing: /home/qing/ros2_humble/chapt8/chapt8_ws/install/autopatrol_interfaces/share/autopatrol_interfaces/local_setup.sh
[1.511s] -- Installing: /home/qing/ros2_humble/chapt8/chapt8_ws/install/autopatrol_interfaces/share/autopatrol_interfaces/local_setup.zsh
[1.511s] -- Installing: /home/qing/ros2_humble/chapt8/chapt8_ws/install/autopatrol_interfaces/share/autopatrol_interfaces/local_setup.dsv
[1.511s] -- Installing: /home/qing/ros2_humble/chapt8/chapt8_ws/install/autopatrol_interfaces/share/autopatrol_interfaces/package.dsv
[1.511s] -- Installing: /home/qing/ros2_humble/chapt8/chapt8_ws/install/autopatrol_interfaces/share/ament_index/resource_index/packages/autopatrol_interfaces
[1.512s] -- Installing: /home/qing/ros2_humble/chapt8/chapt8_ws/install/autopatrol_interfaces/share/autopatrol_interfaces/cmake/export_autopatrol_interfaces__rosidl_generator_cExport.cmake
[1.512s] -- Installing: /home/qing/ros2_humble/chapt8/chapt8_ws/install/autopatrol_interfaces/share/autopatrol_interfaces/cmake/export_autopatrol_interfaces__rosidl_generator_cExport-noconfig.cmake
[1.512s] -- Installing: /home/qing/ros2_humble/chapt8/chapt8_ws/install/autopatrol_interfaces/share/autopatrol_interfaces/cmake/export_autopatrol_interfaces__rosidl_typesupport_fastrtps_cExport.cmake
[1.513s] -- Installing: /home/qing/ros2_humble/chapt8/chapt8_ws/install/autopatrol_interfaces/share/autopatrol_interfaces/cmake/export_autopatrol_interfaces__rosidl_typesupport_fastrtps_cExport-noconfig.cmake
[1.513s] -- Installing: /home/qing/ros2_humble/chapt8/chapt8_ws/install/autopatrol_interfaces/share/autopatrol_interfaces/cmake/autopatrol_interfaces__rosidl_typesupport_introspection_cExport.cmake
[1.513s] -- Installing: /home/qing/ros2_humble/chapt8/chapt8_ws/install/autopatrol_interfaces/share/autopatrol_interfaces/cmake/autopatrol_interfaces__rosidl_typesupport_introspection_cExport-noconfig.cmake
[1.513s] -- Installing: /home/qing/ros2_humble/chapt8/chapt8_ws/install/autopatrol_interfaces/share/autopatrol_interfaces/cmake/autopatrol_interfaces__rosidl_typesupport_cExport.cmake
[1.514s] -- Installing: /home/qing/ros2_humble/chapt8/chapt8_ws/install/autopatrol_interfaces/share/autopatrol_interfaces/cmake/autopatrol_interfaces__rosidl_typesupport_cExport-noconfig.cmake
[1.514s] -- Installing: /home/qing/ros2_humble/chapt8/chapt8_ws/install/autopatrol_interfaces/share/autopatrol_interfaces/cmake/export_autopatrol_interfaces__rosidl_generator_cppExport.cmake
[1.514s] -- Installing: /home/qing/ros2_humble/chapt8/chapt8_ws/install/autopatrol_interfaces/share/autopatrol_interfaces/cmake/export_autopatrol_interfaces__rosidl_typesupport_fastrtps_cppExport.cmake
[1.514s] -- Installing: /home/qing/ros2_humble/chapt8/chapt8_ws/install/autopatrol_interfaces/share/autopatrol_interfaces/cmake/export_autopatrol_interfaces__rosidl_typesupport_fastrtps_cppExport-noconfig.cmake
[1.515s] -- Installing: /home/qing/ros2_humble/chapt8/chapt8_ws/install/autopatrol_interfaces/share/autopatrol_interfaces/cmake/autopatrol_interfaces__rosidl_typesupport_introspection_cppExport.cmake
[1.515s] -- Installing: /home/qing/ros2_humble/chapt8/chapt8_ws/install/autopatrol_interfaces/share/autopatrol_interfaces/cmake/autopatrol_interfaces__rosidl_typesupport_introspection_cppExport-noconfig.cmake
[1.515s] -- Installing: /home/qing/ros2_humble/chapt8/chapt8_ws/install/autopatrol_interfaces/share/autopatrol_interfaces/cmake/autopatrol_interfaces__rosidl_typesupport_cppExport.cmake
[1.515s] -- Installing: /home/qing/ros2_humble/chapt8/chapt8_ws/install/autopatrol_interfaces/share/autopatrol_interfaces/cmake/autopatrol_interfaces__rosidl_typesupport_cppExport-noconfig.cmake
[1.515s] -- Installing: /home/qing/ros2_humble/chapt8/chapt8_ws/install/autopatrol_interfaces/share/autopatrol_interfaces/cmake/export_autopatrol_interfaces__rosidl_generator_pyExport.cmake
[1.516s] -- Installing: /home/qing/ros2_humble/chapt8/chapt8_ws/install/autopatrol_interfaces/share/autopatrol_interfaces/cmake/export_autopatrol_interfaces__rosidl_generator_pyExport-noconfig.cmake
[1.516s] -- Installing: /home/qing/ros2_humble/chapt8/chapt8_ws/install/autopatrol_interfaces/share/autopatrol_interfaces/cmake/rosidl_cmake-extras.cmake
[1.516s] -- Installing: /home/qing/ros2_humble/chapt8/chapt8_ws/install/autopatrol_interfaces/share/autopatrol_interfaces/cmake/ament_cmake_export_include_directories-extras.cmake
[1.517s] -- Installing: /home/qing/ros2_humble/chapt8/chapt8_ws/install/autopatrol_interfaces/share/autopatrol_interfaces/cmake/ament_cmake_export_libraries-extras.cmake
[1.517s] -- Installing: /home/qing/ros2_humble/chapt8/chapt8_ws/install/autopatrol_interfaces/share/autopatrol_interfaces/cmake/ament_cmake_export_targets-extras.cmake
[1.517s] -- Installing: /home/qing/ros2_humble/chapt8/chapt8_ws/install/autopatrol_interfaces/share/autopatrol_interfaces/cmake/rosidl_cmake_export_typesupport_targets-extras.cmake
[1.518s] -- Installing: /home/qing/ros2_humble/chapt8/chapt8_ws/install/autopatrol_interfaces/share/autopatrol_interfaces/cmake/ament_cmake_export_dependencies-extras.cmake
[1.518s] -- Installing: /home/qing/ros2_humble/chapt8/chapt8_ws/install/autopatrol_interfaces/share/autopatrol_interfaces/cmake/rosidl_cmake_export_typesupport_libraries-extras.cmake
[1.518s] -- Installing: /home/qing/ros2_humble/chapt8/chapt8_ws/install/autopatrol_interfaces/share/autopatrol_interfaces/cmake/autopatrol_interfacesConfig.cmake
[1.518s] -- Installing: /home/qing/ros2_humble/chapt8/chapt8_ws/install/autopatrol_interfaces/share/autopatrol_interfaces/cmake/autopatrol_interfacesConfig-version.cmake
[1.519s] -- Installing: /home/qing/ros2_humble/chapt8/chapt8_ws/install/autopatrol_interfaces/share/autopatrol_interfaces/package.xml
[1.522s] Invoked command in '/home/qing/ros2_humble/chapt8/chapt8_ws/build/autopatrol_interfaces' returned '0': CMAKE_PREFIX_PATH=/opt/ros/humble CONDA_PROMPT_MODIFIER=(base) /usr/bin/cmake --install /home/qing/ros2_humble/chapt8/chapt8_ws/build/autopatrol_interfaces
