running egg_info
writing ../../build/novel_speak/novel_speak.egg-info/PKG-INFO
writing dependency_links to ../../build/novel_speak/novel_speak.egg-info/dependency_links.txt
writing entry points to ../../build/novel_speak/novel_speak.egg-info/entry_points.txt
writing requirements to ../../build/novel_speak/novel_speak.egg-info/requires.txt
writing top-level names to ../../build/novel_speak/novel_speak.egg-info/top_level.txt
reading manifest file '../../build/novel_speak/novel_speak.egg-info/SOURCES.txt'
writing manifest file '../../build/novel_speak/novel_speak.egg-info/SOURCES.txt'
running build
running build_py
copying novel_speak/novel_pub_node.py -> /home/qing/ros2_humble/chapter3/chapt3_2/build/novel_speak/build/lib/novel_speak
running install
running install_lib
copying /home/qing/ros2_humble/chapter3/chapt3_2/build/novel_speak/build/lib/novel_speak/novel_pub_node.py -> /home/qing/ros2_humble/chapter3/chapt3_2/install/novel_speak/lib/python3.10/site-packages/novel_speak
byte-compiling /home/qing/ros2_humble/chapter3/chapt3_2/install/novel_speak/lib/python3.10/site-packages/novel_speak/novel_pub_node.py to novel_pub_node.cpython-310.pyc
running install_data
running install_egg_info
removing '/home/qing/ros2_humble/chapter3/chapt3_2/install/novel_speak/lib/python3.10/site-packages/novel_speak-0.0.0-py3.10.egg-info' (and everything under it)
Copying ../../build/novel_speak/novel_speak.egg-info to /home/qing/ros2_humble/chapter3/chapt3_2/install/novel_speak/lib/python3.10/site-packages/novel_speak-0.0.0-py3.10.egg-info
running install_scripts
Installing novel_pub_node script to /home/qing/ros2_humble/chapter3/chapt3_2/install/novel_speak/lib/novel_speak
Installing novel_sub_node script to /home/qing/ros2_humble/chapter3/chapt3_2/install/novel_speak/lib/novel_speak
writing list of installed files to '/home/qing/ros2_humble/chapter3/chapt3_2/build/novel_speak/install.log'
