[0.112s] DEBUG:colcon:Command line arguments: ['/home/qing/下载/enter/bin/colcon', 'build', '--cmake-args', '-DCMAKE_CXX_COMPILER=/usr/bin/g++', '-DCMAKE_CXX_FLAGS=-I/usr/include/c++/11', '-DCMAKE_SKIP_RPATH=ON']
[0.113s] DEBUG:colcon:Parsed command line arguments: Namespace(log_base=None, log_level=None, verb_name='build', build_base='build', install_base='install', merge_install=False, symlink_install=False, test_result_base=None, continue_on_error=False, executor='parallel', parallel_workers=16, event_handlers=None, ignore_user_meta=False, metas=['./colcon.meta'], base_paths=['.'], packages_ignore=None, packages_ignore_regex=None, paths=None, packages_up_to=None, packages_up_to_regex=None, packages_above=None, packages_above_and_dependencies=None, packages_above_depth=None, packages_select_by_dep=None, packages_skip_by_dep=None, packages_skip_up_to=None, packages_select_build_failed=False, packages_skip_build_finished=False, packages_select_test_failures=False, packages_skip_test_passed=False, packages_select=None, packages_skip=None, packages_select_regex=None, packages_skip_regex=None, packages_start=None, packages_end=None, cmake_args=['-DCMAKE_CXX_COMPILER=/usr/bin/g++', '-DCMAKE_CXX_FLAGS=-I/usr/include/c++/11', '-DCMAKE_SKIP_RPATH=ON'], cmake_target=None, cmake_target_skip_unavailable=False, cmake_clean_cache=False, cmake_clean_first=False, cmake_force_configure=False, ament_cmake_args=None, catkin_cmake_args=None, catkin_skip_building_tests=False, verb_parser=<colcon_defaults.argument_parser.defaults.DefaultArgumentsDecorator object at 0x78e333eeb670>, verb_extension=<colcon_core.verb.build.BuildVerb object at 0x78e33408cbb0>, main=<bound method BuildVerb.main of <colcon_core.verb.build.BuildVerb object at 0x78e33408cbb0>>)
[0.276s] Level 1:colcon.colcon_core.package_discovery:discover_packages(colcon_meta) check parameters
[0.276s] Level 1:colcon.colcon_core.package_discovery:discover_packages(recursive) check parameters
[0.276s] Level 1:colcon.colcon_core.package_discovery:discover_packages(ignore) check parameters
[0.276s] Level 1:colcon.colcon_core.package_discovery:discover_packages(path) check parameters
[0.276s] Level 1:colcon.colcon_core.package_discovery:discover_packages(colcon_meta) discover
[0.276s] Level 1:colcon.colcon_core.package_discovery:discover_packages(recursive) discover
[0.276s] INFO:colcon.colcon_core.package_discovery:Crawling recursively for packages in '/home/qing/ros2_humble/chapter3/chapt3_4'
[0.276s] Level 1:colcon.colcon_core.package_identification:_identify(.) by extensions ['ignore', 'ignore_ament_install']
[0.276s] Level 1:colcon.colcon_core.package_identification:_identify(.) by extension 'ignore'
[0.276s] Level 1:colcon.colcon_core.package_identification:_identify(.) by extension 'ignore_ament_install'
[0.276s] Level 1:colcon.colcon_core.package_identification:_identify(.) by extensions ['colcon_pkg']
[0.276s] Level 1:colcon.colcon_core.package_identification:_identify(.) by extension 'colcon_pkg'
[0.276s] Level 1:colcon.colcon_core.package_identification:_identify(.) by extensions ['colcon_meta']
[0.276s] Level 1:colcon.colcon_core.package_identification:_identify(.) by extension 'colcon_meta'
[0.276s] Level 1:colcon.colcon_core.package_identification:_identify(.) by extensions ['ros']
[0.276s] Level 1:colcon.colcon_core.package_identification:_identify(.) by extension 'ros'
[0.301s] Level 1:colcon.colcon_core.package_identification:_identify(.) by extensions ['cmake', 'python']
[0.301s] Level 1:colcon.colcon_core.package_identification:_identify(.) by extension 'cmake'
[0.301s] Level 1:colcon.colcon_core.package_identification:_identify(.) by extension 'python'
[0.301s] Level 1:colcon.colcon_core.package_identification:_identify(.) by extensions ['python_setup_py']
[0.301s] Level 1:colcon.colcon_core.package_identification:_identify(.) by extension 'python_setup_py'
[0.301s] Level 1:colcon.colcon_core.package_identification:_identify(build) by extensions ['ignore', 'ignore_ament_install']
[0.301s] Level 1:colcon.colcon_core.package_identification:_identify(build) by extension 'ignore'
[0.301s] Level 1:colcon.colcon_core.package_identification:_identify(build) ignored
[0.301s] Level 1:colcon.colcon_core.package_identification:_identify(install) by extensions ['ignore', 'ignore_ament_install']
[0.301s] Level 1:colcon.colcon_core.package_identification:_identify(install) by extension 'ignore'
[0.301s] Level 1:colcon.colcon_core.package_identification:_identify(install) ignored
[0.301s] Level 1:colcon.colcon_core.package_identification:_identify(log) by extensions ['ignore', 'ignore_ament_install']
[0.302s] Level 1:colcon.colcon_core.package_identification:_identify(log) by extension 'ignore'
[0.302s] Level 1:colcon.colcon_core.package_identification:_identify(log) ignored
[0.302s] Level 1:colcon.colcon_core.package_identification:_identify(src) by extensions ['ignore', 'ignore_ament_install']
[0.302s] Level 1:colcon.colcon_core.package_identification:_identify(src) by extension 'ignore'
[0.302s] Level 1:colcon.colcon_core.package_identification:_identify(src) by extension 'ignore_ament_install'
[0.302s] Level 1:colcon.colcon_core.package_identification:_identify(src) by extensions ['colcon_pkg']
[0.302s] Level 1:colcon.colcon_core.package_identification:_identify(src) by extension 'colcon_pkg'
[0.302s] Level 1:colcon.colcon_core.package_identification:_identify(src) by extensions ['colcon_meta']
[0.302s] Level 1:colcon.colcon_core.package_identification:_identify(src) by extension 'colcon_meta'
[0.302s] Level 1:colcon.colcon_core.package_identification:_identify(src) by extensions ['ros']
[0.302s] Level 1:colcon.colcon_core.package_identification:_identify(src) by extension 'ros'
[0.302s] Level 1:colcon.colcon_core.package_identification:_identify(src) by extensions ['cmake', 'python']
[0.302s] Level 1:colcon.colcon_core.package_identification:_identify(src) by extension 'cmake'
[0.302s] Level 1:colcon.colcon_core.package_identification:_identify(src) by extension 'python'
[0.302s] Level 1:colcon.colcon_core.package_identification:_identify(src) by extensions ['python_setup_py']
[0.302s] Level 1:colcon.colcon_core.package_identification:_identify(src) by extension 'python_setup_py'
[0.302s] Level 1:colcon.colcon_core.package_identification:_identify(src/status_display) by extensions ['ignore', 'ignore_ament_install']
[0.302s] Level 1:colcon.colcon_core.package_identification:_identify(src/status_display) by extension 'ignore'
[0.302s] Level 1:colcon.colcon_core.package_identification:_identify(src/status_display) by extension 'ignore_ament_install'
[0.302s] Level 1:colcon.colcon_core.package_identification:_identify(src/status_display) by extensions ['colcon_pkg']
[0.302s] Level 1:colcon.colcon_core.package_identification:_identify(src/status_display) by extension 'colcon_pkg'
[0.302s] Level 1:colcon.colcon_core.package_identification:_identify(src/status_display) by extensions ['colcon_meta']
[0.302s] Level 1:colcon.colcon_core.package_identification:_identify(src/status_display) by extension 'colcon_meta'
[0.302s] Level 1:colcon.colcon_core.package_identification:_identify(src/status_display) by extensions ['ros']
[0.302s] Level 1:colcon.colcon_core.package_identification:_identify(src/status_display) by extension 'ros'
[0.304s] DEBUG:colcon.colcon_core.package_identification:Package 'src/status_display' with type 'ros.ament_cmake' and name 'status_display'
[0.304s] Level 1:colcon.colcon_core.package_identification:_identify(src/status_interfaces) by extensions ['ignore', 'ignore_ament_install']
[0.304s] Level 1:colcon.colcon_core.package_identification:_identify(src/status_interfaces) by extension 'ignore'
[0.304s] Level 1:colcon.colcon_core.package_identification:_identify(src/status_interfaces) by extension 'ignore_ament_install'
[0.305s] Level 1:colcon.colcon_core.package_identification:_identify(src/status_interfaces) by extensions ['colcon_pkg']
[0.305s] Level 1:colcon.colcon_core.package_identification:_identify(src/status_interfaces) by extension 'colcon_pkg'
[0.305s] Level 1:colcon.colcon_core.package_identification:_identify(src/status_interfaces) by extensions ['colcon_meta']
[0.305s] Level 1:colcon.colcon_core.package_identification:_identify(src/status_interfaces) by extension 'colcon_meta'
[0.305s] Level 1:colcon.colcon_core.package_identification:_identify(src/status_interfaces) by extensions ['ros']
[0.305s] Level 1:colcon.colcon_core.package_identification:_identify(src/status_interfaces) by extension 'ros'
[0.305s] DEBUG:colcon.colcon_core.package_identification:Package 'src/status_interfaces' with type 'ros.ament_cmake' and name 'status_interfaces'
[0.305s] Level 1:colcon.colcon_core.package_identification:_identify(src/status_publisher) by extensions ['ignore', 'ignore_ament_install']
[0.305s] Level 1:colcon.colcon_core.package_identification:_identify(src/status_publisher) by extension 'ignore'
[0.305s] Level 1:colcon.colcon_core.package_identification:_identify(src/status_publisher) by extension 'ignore_ament_install'
[0.305s] Level 1:colcon.colcon_core.package_identification:_identify(src/status_publisher) by extensions ['colcon_pkg']
[0.305s] Level 1:colcon.colcon_core.package_identification:_identify(src/status_publisher) by extension 'colcon_pkg'
[0.305s] Level 1:colcon.colcon_core.package_identification:_identify(src/status_publisher) by extensions ['colcon_meta']
[0.305s] Level 1:colcon.colcon_core.package_identification:_identify(src/status_publisher) by extension 'colcon_meta'
[0.305s] Level 1:colcon.colcon_core.package_identification:_identify(src/status_publisher) by extensions ['ros']
[0.306s] Level 1:colcon.colcon_core.package_identification:_identify(src/status_publisher) by extension 'ros'
[0.306s] DEBUG:colcon.colcon_core.package_identification:Package 'src/status_publisher' with type 'ros.ament_python' and name 'status_publisher'
[0.306s] Level 1:colcon.colcon_core.package_discovery:discover_packages(recursive) using defaults
[0.306s] Level 1:colcon.colcon_core.package_discovery:discover_packages(ignore) discover
[0.306s] Level 1:colcon.colcon_core.package_discovery:discover_packages(ignore) using defaults
[0.306s] Level 1:colcon.colcon_core.package_discovery:discover_packages(path) discover
[0.306s] Level 1:colcon.colcon_core.package_discovery:discover_packages(path) using defaults
[0.321s] Level 5:colcon.colcon_core.verb:set package 'status_interfaces' build argument 'cmake_args' from command line to '['-DCMAKE_CXX_COMPILER=/usr/bin/g++', '-DCMAKE_CXX_FLAGS=-I/usr/include/c++/11', '-DCMAKE_SKIP_RPATH=ON']'
[0.321s] Level 5:colcon.colcon_core.verb:set package 'status_interfaces' build argument 'cmake_target' from command line to 'None'
[0.321s] Level 5:colcon.colcon_core.verb:set package 'status_interfaces' build argument 'cmake_target_skip_unavailable' from command line to 'False'
[0.321s] Level 5:colcon.colcon_core.verb:set package 'status_interfaces' build argument 'cmake_clean_cache' from command line to 'False'
[0.321s] Level 5:colcon.colcon_core.verb:set package 'status_interfaces' build argument 'cmake_clean_first' from command line to 'False'
[0.321s] Level 5:colcon.colcon_core.verb:set package 'status_interfaces' build argument 'cmake_force_configure' from command line to 'False'
[0.321s] Level 5:colcon.colcon_core.verb:set package 'status_interfaces' build argument 'ament_cmake_args' from command line to 'None'
[0.321s] Level 5:colcon.colcon_core.verb:set package 'status_interfaces' build argument 'catkin_cmake_args' from command line to 'None'
[0.321s] Level 5:colcon.colcon_core.verb:set package 'status_interfaces' build argument 'catkin_skip_building_tests' from command line to 'False'
[0.321s] DEBUG:colcon.colcon_core.verb:Building package 'status_interfaces' with the following arguments: {'ament_cmake_args': None, 'build_base': '/home/qing/ros2_humble/chapter3/chapt3_4/build/status_interfaces', 'catkin_cmake_args': None, 'catkin_skip_building_tests': False, 'cmake_args': ['-DCMAKE_CXX_COMPILER=/usr/bin/g++', '-DCMAKE_CXX_FLAGS=-I/usr/include/c++/11', '-DCMAKE_SKIP_RPATH=ON'], 'cmake_clean_cache': False, 'cmake_clean_first': False, 'cmake_force_configure': False, 'cmake_target': None, 'cmake_target_skip_unavailable': False, 'install_base': '/home/qing/ros2_humble/chapter3/chapt3_4/install/status_interfaces', 'merge_install': False, 'path': '/home/qing/ros2_humble/chapter3/chapt3_4/src/status_interfaces', 'symlink_install': False, 'test_result_base': None}
[0.321s] Level 5:colcon.colcon_core.verb:set package 'status_display' build argument 'cmake_args' from command line to '['-DCMAKE_CXX_COMPILER=/usr/bin/g++', '-DCMAKE_CXX_FLAGS=-I/usr/include/c++/11', '-DCMAKE_SKIP_RPATH=ON']'
[0.321s] Level 5:colcon.colcon_core.verb:set package 'status_display' build argument 'cmake_target' from command line to 'None'
[0.321s] Level 5:colcon.colcon_core.verb:set package 'status_display' build argument 'cmake_target_skip_unavailable' from command line to 'False'
[0.321s] Level 5:colcon.colcon_core.verb:set package 'status_display' build argument 'cmake_clean_cache' from command line to 'False'
[0.321s] Level 5:colcon.colcon_core.verb:set package 'status_display' build argument 'cmake_clean_first' from command line to 'False'
[0.321s] Level 5:colcon.colcon_core.verb:set package 'status_display' build argument 'cmake_force_configure' from command line to 'False'
[0.321s] Level 5:colcon.colcon_core.verb:set package 'status_display' build argument 'ament_cmake_args' from command line to 'None'
[0.321s] Level 5:colcon.colcon_core.verb:set package 'status_display' build argument 'catkin_cmake_args' from command line to 'None'
[0.321s] Level 5:colcon.colcon_core.verb:set package 'status_display' build argument 'catkin_skip_building_tests' from command line to 'False'
[0.321s] DEBUG:colcon.colcon_core.verb:Building package 'status_display' with the following arguments: {'ament_cmake_args': None, 'build_base': '/home/qing/ros2_humble/chapter3/chapt3_4/build/status_display', 'catkin_cmake_args': None, 'catkin_skip_building_tests': False, 'cmake_args': ['-DCMAKE_CXX_COMPILER=/usr/bin/g++', '-DCMAKE_CXX_FLAGS=-I/usr/include/c++/11', '-DCMAKE_SKIP_RPATH=ON'], 'cmake_clean_cache': False, 'cmake_clean_first': False, 'cmake_force_configure': False, 'cmake_target': None, 'cmake_target_skip_unavailable': False, 'install_base': '/home/qing/ros2_humble/chapter3/chapt3_4/install/status_display', 'merge_install': False, 'path': '/home/qing/ros2_humble/chapter3/chapt3_4/src/status_display', 'symlink_install': False, 'test_result_base': None}
[0.322s] Level 5:colcon.colcon_core.verb:set package 'status_publisher' build argument 'cmake_args' from command line to '['-DCMAKE_CXX_COMPILER=/usr/bin/g++', '-DCMAKE_CXX_FLAGS=-I/usr/include/c++/11', '-DCMAKE_SKIP_RPATH=ON']'
[0.322s] Level 5:colcon.colcon_core.verb:set package 'status_publisher' build argument 'cmake_target' from command line to 'None'
[0.322s] Level 5:colcon.colcon_core.verb:set package 'status_publisher' build argument 'cmake_target_skip_unavailable' from command line to 'False'
[0.322s] Level 5:colcon.colcon_core.verb:set package 'status_publisher' build argument 'cmake_clean_cache' from command line to 'False'
[0.322s] Level 5:colcon.colcon_core.verb:set package 'status_publisher' build argument 'cmake_clean_first' from command line to 'False'
[0.322s] Level 5:colcon.colcon_core.verb:set package 'status_publisher' build argument 'cmake_force_configure' from command line to 'False'
[0.322s] Level 5:colcon.colcon_core.verb:set package 'status_publisher' build argument 'ament_cmake_args' from command line to 'None'
[0.322s] Level 5:colcon.colcon_core.verb:set package 'status_publisher' build argument 'catkin_cmake_args' from command line to 'None'
[0.322s] Level 5:colcon.colcon_core.verb:set package 'status_publisher' build argument 'catkin_skip_building_tests' from command line to 'False'
[0.322s] DEBUG:colcon.colcon_core.verb:Building package 'status_publisher' with the following arguments: {'ament_cmake_args': None, 'build_base': '/home/qing/ros2_humble/chapter3/chapt3_4/build/status_publisher', 'catkin_cmake_args': None, 'catkin_skip_building_tests': False, 'cmake_args': ['-DCMAKE_CXX_COMPILER=/usr/bin/g++', '-DCMAKE_CXX_FLAGS=-I/usr/include/c++/11', '-DCMAKE_SKIP_RPATH=ON'], 'cmake_clean_cache': False, 'cmake_clean_first': False, 'cmake_force_configure': False, 'cmake_target': None, 'cmake_target_skip_unavailable': False, 'install_base': '/home/qing/ros2_humble/chapter3/chapt3_4/install/status_publisher', 'merge_install': False, 'path': '/home/qing/ros2_humble/chapter3/chapt3_4/src/status_publisher', 'symlink_install': False, 'test_result_base': None}
[0.322s] INFO:colcon.colcon_core.executor:Executing jobs using 'parallel' executor
[0.323s] DEBUG:colcon.colcon_parallel_executor.executor.parallel:run_until_complete
[0.323s] INFO:colcon.colcon_ros.task.ament_cmake.build:Building ROS package in '/home/qing/ros2_humble/chapter3/chapt3_4/src/status_interfaces' with build type 'ament_cmake'
[0.323s] INFO:colcon.colcon_cmake.task.cmake.build:Building CMake package in '/home/qing/ros2_humble/chapter3/chapt3_4/src/status_interfaces'
[0.325s] INFO:colcon.colcon_core.plugin_system:Skipping extension 'colcon_core.shell.bat': Not used on non-Windows systems
[0.325s] INFO:colcon.colcon_core.shell:Skip shell extension 'powershell' for command environment: Not usable outside of PowerShell
[0.325s] DEBUG:colcon.colcon_core.shell:Skip shell extension 'dsv' for command environment
[0.335s] DEBUG:colcon.colcon_core.event_handler.log_command:Invoking command in '/home/qing/ros2_humble/chapter3/chapt3_4/build/status_interfaces': CMAKE_PREFIX_PATH=/opt/ros/humble CONDA_PROMPT_MODIFIER=(base) /usr/bin/cmake --build /home/qing/ros2_humble/chapter3/chapt3_4/build/status_interfaces -- -j16 -l16
[0.623s] DEBUG:colcon.colcon_core.event_handler.log_command:Invoked command in '/home/qing/ros2_humble/chapter3/chapt3_4/build/status_interfaces' returned '0': CMAKE_PREFIX_PATH=/opt/ros/humble CONDA_PROMPT_MODIFIER=(base) /usr/bin/cmake --build /home/qing/ros2_humble/chapter3/chapt3_4/build/status_interfaces -- -j16 -l16
[0.633s] DEBUG:colcon.colcon_core.event_handler.log_command:Invoking command in '/home/qing/ros2_humble/chapter3/chapt3_4/build/status_interfaces': CMAKE_PREFIX_PATH=/opt/ros/humble CONDA_PROMPT_MODIFIER=(base) /usr/bin/cmake --install /home/qing/ros2_humble/chapter3/chapt3_4/build/status_interfaces
[0.675s] Level 1:colcon.colcon_core.environment:create_environment_scripts_only(status_interfaces)
[0.675s] DEBUG:colcon.colcon_core.event_handler.log_command:Invoked command in '/home/qing/ros2_humble/chapter3/chapt3_4/build/status_interfaces' returned '0': CMAKE_PREFIX_PATH=/opt/ros/humble CONDA_PROMPT_MODIFIER=(base) /usr/bin/cmake --install /home/qing/ros2_humble/chapter3/chapt3_4/build/status_interfaces
[0.677s] Level 1:colcon.colcon_core.environment:checking '/home/qing/ros2_humble/chapter3/chapt3_4/install/status_interfaces' for CMake module files
[0.678s] Level 1:colcon.colcon_core.environment:checking '/home/qing/ros2_humble/chapter3/chapt3_4/install/status_interfaces' for CMake config files
[0.678s] Level 1:colcon.colcon_core.shell:create_environment_hook('status_interfaces', 'cmake_prefix_path')
[0.678s] INFO:colcon.colcon_core.shell:Creating environment hook '/home/qing/ros2_humble/chapter3/chapt3_4/install/status_interfaces/share/status_interfaces/hook/cmake_prefix_path.ps1'
[0.678s] INFO:colcon.colcon_core.shell:Creating environment descriptor '/home/qing/ros2_humble/chapter3/chapt3_4/install/status_interfaces/share/status_interfaces/hook/cmake_prefix_path.dsv'
[0.679s] INFO:colcon.colcon_core.shell:Creating environment hook '/home/qing/ros2_humble/chapter3/chapt3_4/install/status_interfaces/share/status_interfaces/hook/cmake_prefix_path.sh'
[0.679s] Level 1:colcon.colcon_core.environment:checking '/home/qing/ros2_humble/chapter3/chapt3_4/install/status_interfaces/lib'
[0.680s] Level 1:colcon.colcon_core.shell:create_environment_hook('status_interfaces', 'ld_library_path_lib')
[0.680s] INFO:colcon.colcon_core.shell:Creating environment hook '/home/qing/ros2_humble/chapter3/chapt3_4/install/status_interfaces/share/status_interfaces/hook/ld_library_path_lib.ps1'
[0.680s] INFO:colcon.colcon_core.shell:Creating environment descriptor '/home/qing/ros2_humble/chapter3/chapt3_4/install/status_interfaces/share/status_interfaces/hook/ld_library_path_lib.dsv'
[0.680s] INFO:colcon.colcon_core.shell:Creating environment hook '/home/qing/ros2_humble/chapter3/chapt3_4/install/status_interfaces/share/status_interfaces/hook/ld_library_path_lib.sh'
[0.681s] Level 1:colcon.colcon_core.environment:checking '/home/qing/ros2_humble/chapter3/chapt3_4/install/status_interfaces/bin'
[0.681s] Level 1:colcon.colcon_core.environment:checking '/home/qing/ros2_humble/chapter3/chapt3_4/install/status_interfaces/lib/pkgconfig/status_interfaces.pc'
[0.681s] Level 1:colcon.colcon_core.environment:checking '/home/qing/ros2_humble/chapter3/chapt3_4/install/status_interfaces/lib/python3.10/site-packages'
[0.682s] Level 1:colcon.colcon_core.environment:checking '/home/qing/ros2_humble/chapter3/chapt3_4/install/status_interfaces/bin'
[0.682s] INFO:colcon.colcon_core.shell:Creating package script '/home/qing/ros2_humble/chapter3/chapt3_4/install/status_interfaces/share/status_interfaces/package.ps1'
[0.683s] INFO:colcon.colcon_core.shell:Creating package descriptor '/home/qing/ros2_humble/chapter3/chapt3_4/install/status_interfaces/share/status_interfaces/package.dsv'
[0.683s] INFO:colcon.colcon_core.shell:Creating package script '/home/qing/ros2_humble/chapter3/chapt3_4/install/status_interfaces/share/status_interfaces/package.sh'
[0.684s] INFO:colcon.colcon_core.shell:Creating package script '/home/qing/ros2_humble/chapter3/chapt3_4/install/status_interfaces/share/status_interfaces/package.bash'
[0.684s] INFO:colcon.colcon_core.shell:Creating package script '/home/qing/ros2_humble/chapter3/chapt3_4/install/status_interfaces/share/status_interfaces/package.zsh'
[0.685s] Level 1:colcon.colcon_core.environment:create_file_with_runtime_dependencies(/home/qing/ros2_humble/chapter3/chapt3_4/install/status_interfaces/share/colcon-core/packages/status_interfaces)
[0.685s] Level 1:colcon.colcon_core.environment:create_environment_scripts_only(status_interfaces)
[0.686s] Level 1:colcon.colcon_core.environment:checking '/home/qing/ros2_humble/chapter3/chapt3_4/install/status_interfaces' for CMake module files
[0.686s] Level 1:colcon.colcon_core.environment:checking '/home/qing/ros2_humble/chapter3/chapt3_4/install/status_interfaces' for CMake config files
[0.686s] Level 1:colcon.colcon_core.shell:create_environment_hook('status_interfaces', 'cmake_prefix_path')
[0.687s] INFO:colcon.colcon_core.shell:Creating environment hook '/home/qing/ros2_humble/chapter3/chapt3_4/install/status_interfaces/share/status_interfaces/hook/cmake_prefix_path.ps1'
[0.687s] INFO:colcon.colcon_core.shell:Creating environment descriptor '/home/qing/ros2_humble/chapter3/chapt3_4/install/status_interfaces/share/status_interfaces/hook/cmake_prefix_path.dsv'
[0.687s] INFO:colcon.colcon_core.shell:Creating environment hook '/home/qing/ros2_humble/chapter3/chapt3_4/install/status_interfaces/share/status_interfaces/hook/cmake_prefix_path.sh'
[0.688s] Level 1:colcon.colcon_core.environment:checking '/home/qing/ros2_humble/chapter3/chapt3_4/install/status_interfaces/lib'
[0.688s] Level 1:colcon.colcon_core.shell:create_environment_hook('status_interfaces', 'ld_library_path_lib')
[0.688s] INFO:colcon.colcon_core.shell:Creating environment hook '/home/qing/ros2_humble/chapter3/chapt3_4/install/status_interfaces/share/status_interfaces/hook/ld_library_path_lib.ps1'
[0.688s] INFO:colcon.colcon_core.shell:Creating environment descriptor '/home/qing/ros2_humble/chapter3/chapt3_4/install/status_interfaces/share/status_interfaces/hook/ld_library_path_lib.dsv'
[0.689s] INFO:colcon.colcon_core.shell:Creating environment hook '/home/qing/ros2_humble/chapter3/chapt3_4/install/status_interfaces/share/status_interfaces/hook/ld_library_path_lib.sh'
[0.689s] Level 1:colcon.colcon_core.environment:checking '/home/qing/ros2_humble/chapter3/chapt3_4/install/status_interfaces/bin'
[0.689s] Level 1:colcon.colcon_core.environment:checking '/home/qing/ros2_humble/chapter3/chapt3_4/install/status_interfaces/lib/pkgconfig/status_interfaces.pc'
[0.689s] Level 1:colcon.colcon_core.environment:checking '/home/qing/ros2_humble/chapter3/chapt3_4/install/status_interfaces/lib/python3.10/site-packages'
[0.689s] Level 1:colcon.colcon_core.environment:checking '/home/qing/ros2_humble/chapter3/chapt3_4/install/status_interfaces/bin'
[0.689s] INFO:colcon.colcon_core.shell:Creating package script '/home/qing/ros2_humble/chapter3/chapt3_4/install/status_interfaces/share/status_interfaces/package.ps1'
[0.690s] INFO:colcon.colcon_core.shell:Creating package descriptor '/home/qing/ros2_humble/chapter3/chapt3_4/install/status_interfaces/share/status_interfaces/package.dsv'
[0.690s] INFO:colcon.colcon_core.shell:Creating package script '/home/qing/ros2_humble/chapter3/chapt3_4/install/status_interfaces/share/status_interfaces/package.sh'
[0.691s] INFO:colcon.colcon_core.shell:Creating package script '/home/qing/ros2_humble/chapter3/chapt3_4/install/status_interfaces/share/status_interfaces/package.bash'
[0.691s] INFO:colcon.colcon_core.shell:Creating package script '/home/qing/ros2_humble/chapter3/chapt3_4/install/status_interfaces/share/status_interfaces/package.zsh'
[0.691s] Level 1:colcon.colcon_core.environment:create_file_with_runtime_dependencies(/home/qing/ros2_humble/chapter3/chapt3_4/install/status_interfaces/share/colcon-core/packages/status_interfaces)
[0.691s] INFO:colcon.colcon_ros.task.ament_cmake.build:Building ROS package in '/home/qing/ros2_humble/chapter3/chapt3_4/src/status_display' with build type 'ament_cmake'
[0.692s] INFO:colcon.colcon_cmake.task.cmake.build:Building CMake package in '/home/qing/ros2_humble/chapter3/chapt3_4/src/status_display'
[0.692s] INFO:colcon.colcon_core.shell:Skip shell extension 'powershell' for command environment: Not usable outside of PowerShell
[0.692s] DEBUG:colcon.colcon_core.shell:Skip shell extension 'dsv' for command environment
[0.694s] INFO:colcon.colcon_ros.task.ament_python.build:Building ROS package in '/home/qing/ros2_humble/chapter3/chapt3_4/src/status_publisher' with build type 'ament_python'
[0.694s] Level 1:colcon.colcon_core.shell:create_environment_hook('status_publisher', 'ament_prefix_path')
[0.695s] INFO:colcon.colcon_core.shell:Creating environment hook '/home/qing/ros2_humble/chapter3/chapt3_4/install/status_publisher/share/status_publisher/hook/ament_prefix_path.ps1'
[0.695s] INFO:colcon.colcon_core.shell:Creating environment descriptor '/home/qing/ros2_humble/chapter3/chapt3_4/install/status_publisher/share/status_publisher/hook/ament_prefix_path.dsv'
[0.695s] INFO:colcon.colcon_core.shell:Creating environment hook '/home/qing/ros2_humble/chapter3/chapt3_4/install/status_publisher/share/status_publisher/hook/ament_prefix_path.sh'
[0.696s] INFO:colcon.colcon_core.shell:Skip shell extension 'powershell' for command environment: Not usable outside of PowerShell
[0.696s] DEBUG:colcon.colcon_core.shell:Skip shell extension 'dsv' for command environment
[0.702s] DEBUG:colcon.colcon_core.event_handler.log_command:Invoking command in '/home/qing/ros2_humble/chapter3/chapt3_4/build/status_display': AMENT_PREFIX_PATH=/home/qing/ros2_humble/chapter3/chapt3_4/install/status_interfaces:${AMENT_PREFIX_PATH} CMAKE_PREFIX_PATH=/home/qing/ros2_humble/chapter3/chapt3_4/install/status_interfaces:/opt/ros/humble CONDA_PROMPT_MODIFIER=(base) LD_LIBRARY_PATH=/home/qing/ros2_humble/chapter3/chapt3_4/install/status_interfaces/lib:${LD_LIBRARY_PATH} PYTHONPATH=/home/qing/ros2_humble/chapter3/chapt3_4/install/status_interfaces/local/lib/python3.10/dist-packages:${PYTHONPATH} /usr/bin/cmake --build /home/qing/ros2_humble/chapter3/chapt3_4/build/status_display -- -j16 -l16
[0.977s] INFO:colcon.colcon_core.task.python.build:Building Python package in '/home/qing/ros2_humble/chapter3/chapt3_4/src/status_publisher'
[0.978s] INFO:colcon.colcon_core.shell:Skip shell extension 'powershell' for command environment: Not usable outside of PowerShell
[0.978s] DEBUG:colcon.colcon_core.shell:Skip shell extension 'dsv' for command environment
[0.981s] DEBUG:colcon.colcon_core.event_handler.log_command:Invoked command in '/home/qing/ros2_humble/chapter3/chapt3_4/build/status_display' returned '0': AMENT_PREFIX_PATH=/home/qing/ros2_humble/chapter3/chapt3_4/install/status_interfaces:${AMENT_PREFIX_PATH} CMAKE_PREFIX_PATH=/home/qing/ros2_humble/chapter3/chapt3_4/install/status_interfaces:/opt/ros/humble CONDA_PROMPT_MODIFIER=(base) LD_LIBRARY_PATH=/home/qing/ros2_humble/chapter3/chapt3_4/install/status_interfaces/lib:${LD_LIBRARY_PATH} PYTHONPATH=/home/qing/ros2_humble/chapter3/chapt3_4/install/status_interfaces/local/lib/python3.10/dist-packages:${PYTHONPATH} /usr/bin/cmake --build /home/qing/ros2_humble/chapter3/chapt3_4/build/status_display -- -j16 -l16
[0.983s] DEBUG:colcon.colcon_core.event_handler.log_command:Invoking command in '/home/qing/ros2_humble/chapter3/chapt3_4/build/status_display': AMENT_PREFIX_PATH=/home/qing/ros2_humble/chapter3/chapt3_4/install/status_interfaces:${AMENT_PREFIX_PATH} CMAKE_PREFIX_PATH=/home/qing/ros2_humble/chapter3/chapt3_4/install/status_interfaces:/opt/ros/humble CONDA_PROMPT_MODIFIER=(base) LD_LIBRARY_PATH=/home/qing/ros2_humble/chapter3/chapt3_4/install/status_interfaces/lib:${LD_LIBRARY_PATH} PYTHONPATH=/home/qing/ros2_humble/chapter3/chapt3_4/install/status_interfaces/local/lib/python3.10/dist-packages:${PYTHONPATH} /usr/bin/cmake --install /home/qing/ros2_humble/chapter3/chapt3_4/build/status_display
[0.992s] Level 1:colcon.colcon_core.environment:create_environment_scripts_only(status_display)
[0.992s] Level 1:colcon.colcon_core.environment:checking '/home/qing/ros2_humble/chapter3/chapt3_4/install/status_display' for CMake module files
[0.993s] DEBUG:colcon.colcon_core.event_handler.log_command:Invoked command in '/home/qing/ros2_humble/chapter3/chapt3_4/build/status_display' returned '0': AMENT_PREFIX_PATH=/home/qing/ros2_humble/chapter3/chapt3_4/install/status_interfaces:${AMENT_PREFIX_PATH} CMAKE_PREFIX_PATH=/home/qing/ros2_humble/chapter3/chapt3_4/install/status_interfaces:/opt/ros/humble CONDA_PROMPT_MODIFIER=(base) LD_LIBRARY_PATH=/home/qing/ros2_humble/chapter3/chapt3_4/install/status_interfaces/lib:${LD_LIBRARY_PATH} PYTHONPATH=/home/qing/ros2_humble/chapter3/chapt3_4/install/status_interfaces/local/lib/python3.10/dist-packages:${PYTHONPATH} /usr/bin/cmake --install /home/qing/ros2_humble/chapter3/chapt3_4/build/status_display
[0.993s] Level 1:colcon.colcon_core.environment:checking '/home/qing/ros2_humble/chapter3/chapt3_4/install/status_display' for CMake config files
[0.993s] Level 1:colcon.colcon_core.shell:create_environment_hook('status_display', 'cmake_prefix_path')
[0.993s] INFO:colcon.colcon_core.shell:Creating environment hook '/home/qing/ros2_humble/chapter3/chapt3_4/install/status_display/share/status_display/hook/cmake_prefix_path.ps1'
[0.994s] INFO:colcon.colcon_core.shell:Creating environment descriptor '/home/qing/ros2_humble/chapter3/chapt3_4/install/status_display/share/status_display/hook/cmake_prefix_path.dsv'
[0.994s] INFO:colcon.colcon_core.shell:Creating environment hook '/home/qing/ros2_humble/chapter3/chapt3_4/install/status_display/share/status_display/hook/cmake_prefix_path.sh'
[0.994s] Level 1:colcon.colcon_core.environment:checking '/home/qing/ros2_humble/chapter3/chapt3_4/install/status_display/lib'
[0.994s] Level 1:colcon.colcon_core.environment:checking '/home/qing/ros2_humble/chapter3/chapt3_4/install/status_display/bin'
[0.995s] Level 1:colcon.colcon_core.environment:checking '/home/qing/ros2_humble/chapter3/chapt3_4/install/status_display/lib/pkgconfig/status_display.pc'
[0.995s] Level 1:colcon.colcon_core.environment:checking '/home/qing/ros2_humble/chapter3/chapt3_4/install/status_display/lib/python3.10/site-packages'
[0.995s] Level 1:colcon.colcon_core.environment:checking '/home/qing/ros2_humble/chapter3/chapt3_4/install/status_display/bin'
[0.995s] INFO:colcon.colcon_core.shell:Creating package script '/home/qing/ros2_humble/chapter3/chapt3_4/install/status_display/share/status_display/package.ps1'
[0.995s] INFO:colcon.colcon_core.shell:Creating package descriptor '/home/qing/ros2_humble/chapter3/chapt3_4/install/status_display/share/status_display/package.dsv'
[0.996s] INFO:colcon.colcon_core.shell:Creating package script '/home/qing/ros2_humble/chapter3/chapt3_4/install/status_display/share/status_display/package.sh'
[0.996s] INFO:colcon.colcon_core.shell:Creating package script '/home/qing/ros2_humble/chapter3/chapt3_4/install/status_display/share/status_display/package.bash'
[0.996s] INFO:colcon.colcon_core.shell:Creating package script '/home/qing/ros2_humble/chapter3/chapt3_4/install/status_display/share/status_display/package.zsh'
[0.996s] Level 1:colcon.colcon_core.environment:create_file_with_runtime_dependencies(/home/qing/ros2_humble/chapter3/chapt3_4/install/status_display/share/colcon-core/packages/status_display)
[0.997s] Level 1:colcon.colcon_core.environment:create_environment_scripts_only(status_display)
[0.997s] Level 1:colcon.colcon_core.environment:checking '/home/qing/ros2_humble/chapter3/chapt3_4/install/status_display' for CMake module files
[0.997s] Level 1:colcon.colcon_core.environment:checking '/home/qing/ros2_humble/chapter3/chapt3_4/install/status_display' for CMake config files
[0.998s] Level 1:colcon.colcon_core.shell:create_environment_hook('status_display', 'cmake_prefix_path')
[0.998s] INFO:colcon.colcon_core.shell:Creating environment hook '/home/qing/ros2_humble/chapter3/chapt3_4/install/status_display/share/status_display/hook/cmake_prefix_path.ps1'
[0.998s] INFO:colcon.colcon_core.shell:Creating environment descriptor '/home/qing/ros2_humble/chapter3/chapt3_4/install/status_display/share/status_display/hook/cmake_prefix_path.dsv'
[0.998s] INFO:colcon.colcon_core.shell:Creating environment hook '/home/qing/ros2_humble/chapter3/chapt3_4/install/status_display/share/status_display/hook/cmake_prefix_path.sh'
[0.999s] Level 1:colcon.colcon_core.environment:checking '/home/qing/ros2_humble/chapter3/chapt3_4/install/status_display/lib'
[0.999s] Level 1:colcon.colcon_core.environment:checking '/home/qing/ros2_humble/chapter3/chapt3_4/install/status_display/bin'
[0.999s] Level 1:colcon.colcon_core.environment:checking '/home/qing/ros2_humble/chapter3/chapt3_4/install/status_display/lib/pkgconfig/status_display.pc'
[0.999s] Level 1:colcon.colcon_core.environment:checking '/home/qing/ros2_humble/chapter3/chapt3_4/install/status_display/lib/python3.10/site-packages'
[0.999s] Level 1:colcon.colcon_core.environment:checking '/home/qing/ros2_humble/chapter3/chapt3_4/install/status_display/bin'
[1.000s] INFO:colcon.colcon_core.shell:Creating package script '/home/qing/ros2_humble/chapter3/chapt3_4/install/status_display/share/status_display/package.ps1'
[1.000s] INFO:colcon.colcon_core.shell:Creating package descriptor '/home/qing/ros2_humble/chapter3/chapt3_4/install/status_display/share/status_display/package.dsv'
[1.000s] INFO:colcon.colcon_core.shell:Creating package script '/home/qing/ros2_humble/chapter3/chapt3_4/install/status_display/share/status_display/package.sh'
[1.001s] INFO:colcon.colcon_core.shell:Creating package script '/home/qing/ros2_humble/chapter3/chapt3_4/install/status_display/share/status_display/package.bash'
[1.001s] INFO:colcon.colcon_core.shell:Creating package script '/home/qing/ros2_humble/chapter3/chapt3_4/install/status_display/share/status_display/package.zsh'
[1.001s] Level 1:colcon.colcon_core.environment:create_file_with_runtime_dependencies(/home/qing/ros2_humble/chapter3/chapt3_4/install/status_display/share/colcon-core/packages/status_display)
[1.385s] DEBUG:colcon.colcon_core.event_handler.log_command:Invoking command in '/home/qing/ros2_humble/chapter3/chapt3_4/src/status_publisher': AMENT_PREFIX_PATH=/home/qing/ros2_humble/chapter3/chapt3_4/install/status_interfaces:${AMENT_PREFIX_PATH} CMAKE_PREFIX_PATH=/home/qing/ros2_humble/chapter3/chapt3_4/install/status_interfaces CONDA_PROMPT_MODIFIER=(base) LD_LIBRARY_PATH=/home/qing/ros2_humble/chapter3/chapt3_4/install/status_interfaces/lib:${LD_LIBRARY_PATH} PYTHONPATH=/home/qing/ros2_humble/chapter3/chapt3_4/build/status_publisher/prefix_override:/home/qing/下载/enter/lib/python3.10/site-packages/colcon_core/task/python/colcon_distutils_commands:/home/qing/ros2_humble/chapter3/chapt3_4/install/status_publisher/lib/python3.10/site-packages:/home/qing/ros2_humble/chapter3/chapt3_4/install/status_interfaces/local/lib/python3.10/dist-packages:${PYTHONPATH} /home/qing/下载/enter/bin/python3.10 -W ignore:setup.py install is deprecated -W ignore:easy_install command is deprecated setup.py egg_info --egg-base ../../build/status_publisher build --build-base /home/qing/ros2_humble/chapter3/chapt3_4/build/status_publisher/build install --record /home/qing/ros2_humble/chapter3/chapt3_4/build/status_publisher/install.log --single-version-externally-managed install_data
[1.686s] Level 1:colcon.colcon_core.environment:checking '/home/qing/ros2_humble/chapter3/chapt3_4/install/status_publisher' for CMake module files
[1.686s] DEBUG:colcon.colcon_core.event_handler.log_command:Invoked command in '/home/qing/ros2_humble/chapter3/chapt3_4/src/status_publisher' returned '0': AMENT_PREFIX_PATH=/home/qing/ros2_humble/chapter3/chapt3_4/install/status_interfaces:${AMENT_PREFIX_PATH} CMAKE_PREFIX_PATH=/home/qing/ros2_humble/chapter3/chapt3_4/install/status_interfaces CONDA_PROMPT_MODIFIER=(base) LD_LIBRARY_PATH=/home/qing/ros2_humble/chapter3/chapt3_4/install/status_interfaces/lib:${LD_LIBRARY_PATH} PYTHONPATH=/home/qing/ros2_humble/chapter3/chapt3_4/build/status_publisher/prefix_override:/home/qing/下载/enter/lib/python3.10/site-packages/colcon_core/task/python/colcon_distutils_commands:/home/qing/ros2_humble/chapter3/chapt3_4/install/status_publisher/lib/python3.10/site-packages:/home/qing/ros2_humble/chapter3/chapt3_4/install/status_interfaces/local/lib/python3.10/dist-packages:${PYTHONPATH} /home/qing/下载/enter/bin/python3.10 -W ignore:setup.py install is deprecated -W ignore:easy_install command is deprecated setup.py egg_info --egg-base ../../build/status_publisher build --build-base /home/qing/ros2_humble/chapter3/chapt3_4/build/status_publisher/build install --record /home/qing/ros2_humble/chapter3/chapt3_4/build/status_publisher/install.log --single-version-externally-managed install_data
[1.687s] Level 1:colcon.colcon_core.environment:checking '/home/qing/ros2_humble/chapter3/chapt3_4/install/status_publisher' for CMake config files
[1.687s] Level 1:colcon.colcon_core.environment:checking '/home/qing/ros2_humble/chapter3/chapt3_4/install/status_publisher/lib'
[1.687s] Level 1:colcon.colcon_core.environment:checking '/home/qing/ros2_humble/chapter3/chapt3_4/install/status_publisher/bin'
[1.687s] Level 1:colcon.colcon_core.environment:checking '/home/qing/ros2_humble/chapter3/chapt3_4/install/status_publisher/lib/pkgconfig/status_publisher.pc'
[1.687s] Level 1:colcon.colcon_core.environment:checking '/home/qing/ros2_humble/chapter3/chapt3_4/install/status_publisher/lib/python3.10/site-packages'
[1.687s] Level 1:colcon.colcon_core.shell:create_environment_hook('status_publisher', 'pythonpath')
[1.688s] INFO:colcon.colcon_core.shell:Creating environment hook '/home/qing/ros2_humble/chapter3/chapt3_4/install/status_publisher/share/status_publisher/hook/pythonpath.ps1'
[1.688s] INFO:colcon.colcon_core.shell:Creating environment descriptor '/home/qing/ros2_humble/chapter3/chapt3_4/install/status_publisher/share/status_publisher/hook/pythonpath.dsv'
[1.688s] INFO:colcon.colcon_core.shell:Creating environment hook '/home/qing/ros2_humble/chapter3/chapt3_4/install/status_publisher/share/status_publisher/hook/pythonpath.sh'
[1.689s] Level 1:colcon.colcon_core.environment:checking '/home/qing/ros2_humble/chapter3/chapt3_4/install/status_publisher/bin'
[1.689s] Level 1:colcon.colcon_core.environment:create_environment_scripts_only(status_publisher)
[1.689s] INFO:colcon.colcon_core.shell:Creating package script '/home/qing/ros2_humble/chapter3/chapt3_4/install/status_publisher/share/status_publisher/package.ps1'
[1.689s] INFO:colcon.colcon_core.shell:Creating package descriptor '/home/qing/ros2_humble/chapter3/chapt3_4/install/status_publisher/share/status_publisher/package.dsv'
[1.690s] INFO:colcon.colcon_core.shell:Creating package script '/home/qing/ros2_humble/chapter3/chapt3_4/install/status_publisher/share/status_publisher/package.sh'
[1.690s] INFO:colcon.colcon_core.shell:Creating package script '/home/qing/ros2_humble/chapter3/chapt3_4/install/status_publisher/share/status_publisher/package.bash'
[1.690s] INFO:colcon.colcon_core.shell:Creating package script '/home/qing/ros2_humble/chapter3/chapt3_4/install/status_publisher/share/status_publisher/package.zsh'
[1.691s] Level 1:colcon.colcon_core.environment:create_file_with_runtime_dependencies(/home/qing/ros2_humble/chapter3/chapt3_4/install/status_publisher/share/colcon-core/packages/status_publisher)
[1.691s] DEBUG:colcon.colcon_parallel_executor.executor.parallel:closing loop
[1.691s] DEBUG:colcon.colcon_parallel_executor.executor.parallel:loop closed
[1.691s] DEBUG:colcon.colcon_parallel_executor.executor.parallel:run_until_complete finished with '0'
[1.691s] DEBUG:colcon.colcon_core.event_reactor:joining thread
[1.693s] INFO:colcon.colcon_core.plugin_system:Skipping extension 'colcon_notification.desktop_notification.notify2': 'notify2' not found
[1.693s] INFO:colcon.colcon_core.plugin_system:Skipping extension 'colcon_notification.desktop_notification.terminal_notifier': Not used on non-Darwin systems
[1.693s] INFO:colcon.colcon_core.plugin_system:Skipping extension 'colcon_notification.desktop_notification.win32': Not used on non-Windows systems
[1.693s] INFO:colcon.colcon_notification.desktop_notification:Sending desktop notification using 'notify_send'
[1.727s] DEBUG:colcon.colcon_core.event_reactor:joined thread
[1.727s] INFO:colcon.colcon_core.shell:Creating prefix script '/home/qing/ros2_humble/chapter3/chapt3_4/install/local_setup.ps1'
[1.728s] INFO:colcon.colcon_core.shell:Creating prefix util module '/home/qing/ros2_humble/chapter3/chapt3_4/install/_local_setup_util_ps1.py'
[1.729s] INFO:colcon.colcon_core.shell:Creating prefix chain script '/home/qing/ros2_humble/chapter3/chapt3_4/install/setup.ps1'
[1.730s] INFO:colcon.colcon_core.shell:Creating prefix script '/home/qing/ros2_humble/chapter3/chapt3_4/install/local_setup.sh'
[1.730s] INFO:colcon.colcon_core.shell:Creating prefix util module '/home/qing/ros2_humble/chapter3/chapt3_4/install/_local_setup_util_sh.py'
[1.731s] INFO:colcon.colcon_core.shell:Creating prefix chain script '/home/qing/ros2_humble/chapter3/chapt3_4/install/setup.sh'
[1.731s] INFO:colcon.colcon_core.shell:Creating prefix script '/home/qing/ros2_humble/chapter3/chapt3_4/install/local_setup.bash'
[1.732s] INFO:colcon.colcon_core.shell:Creating prefix chain script '/home/qing/ros2_humble/chapter3/chapt3_4/install/setup.bash'
[1.732s] INFO:colcon.colcon_core.shell:Creating prefix script '/home/qing/ros2_humble/chapter3/chapt3_4/install/local_setup.zsh'
[1.733s] INFO:colcon.colcon_core.shell:Creating prefix chain script '/home/qing/ros2_humble/chapter3/chapt3_4/install/setup.zsh'
