[0.009s] Invoking command in '/home/qing/ros2_humble/chapt2/c2_2/demo_cpp_pkg/build/demo_cpp_pkg': CMAKE_PREFIX_PATH=/home/qing/ros2_humble/chapt2/c2_2/install/demo_python_pkg:/opt/ros/humble CONDA_PROMPT_MODIFIER=(ros_test) /usr/bin/cmake /home/qing/ros2_humble/chapt2/c2_2/demo_cpp_pkg -DCMAKE_INSTALL_PREFIX=/home/qing/ros2_humble/chapt2/c2_2/demo_cpp_pkg/install/demo_cpp_pkg
[0.019s] -- Found ament_cmake: 1.3.11 (/opt/ros/humble/share/ament_cmake/cmake)
[0.114s] -- Found rclcpp: 16.0.11 (/opt/ros/humble/share/rclcpp/cmake)
[0.133s] -- Found rosidl_generator_c: 3.1.6 (/opt/ros/humble/share/rosidl_generator_c/cmake)
[0.135s] -- Found rosidl_adapter: 3.1.6 (/opt/ros/humble/share/rosidl_adapter/cmake)
[0.139s] -- Found rosidl_generator_cpp: 3.1.6 (/opt/ros/humble/share/rosidl_generator_cpp/cmake)
[0.146s] -- Using all available rosidl_typesupport_c: rosidl_typesupport_fastrtps_c;rosidl_typesupport_introspection_c
[0.156s] -- Using all available rosidl_typesupport_cpp: rosidl_typesupport_fastrtps_cpp;rosidl_typesupport_introspection_cpp
[0.180s] -- Found rmw_implementation_cmake: 6.1.2 (/opt/ros/humble/share/rmw_implementation_cmake/cmake)
[0.181s] -- Found rmw_fastrtps_cpp: 6.2.7 (/opt/ros/humble/share/rmw_fastrtps_cpp/cmake)
[0.269s] -- Using RMW implementation 'rmw_fastrtps_cpp' as default
[0.304s] -- Found ament_lint_auto: 0.12.11 (/opt/ros/humble/share/ament_lint_auto/cmake)
[0.396s] -- Added test 'cppcheck' to perform static code analysis on C / C++ code
[0.396s] -- Configured cppcheck include dirs: 
[0.396s] -- Configured cppcheck exclude dirs and/or files: 
[0.397s] -- Added test 'flake8' to check Python code syntax and style conventions
[0.399s] -- Added test 'lint_cmake' to check CMake code style
[0.400s] -- Added test 'pep257' to check Python code against some of the docstring style conventions in PEP 257
[0.407s] -- Added test 'uncrustify' to check C / C++ code style
[0.407s] -- Configured uncrustify additional arguments: 
[0.408s] -- Added test 'xmllint' to check XML markup files
[0.410s] -- Configuring done
[0.417s] -- Generating done
[0.420s] -- Build files have been written to: /home/qing/ros2_humble/chapt2/c2_2/demo_cpp_pkg/build/demo_cpp_pkg
[0.426s] Invoked command in '/home/qing/ros2_humble/chapt2/c2_2/demo_cpp_pkg/build/demo_cpp_pkg' returned '0': CMAKE_PREFIX_PATH=/home/qing/ros2_humble/chapt2/c2_2/install/demo_python_pkg:/opt/ros/humble CONDA_PROMPT_MODIFIER=(ros_test) /usr/bin/cmake /home/qing/ros2_humble/chapt2/c2_2/demo_cpp_pkg -DCMAKE_INSTALL_PREFIX=/home/qing/ros2_humble/chapt2/c2_2/demo_cpp_pkg/install/demo_cpp_pkg
[0.428s] Invoking command in '/home/qing/ros2_humble/chapt2/c2_2/demo_cpp_pkg/build/demo_cpp_pkg': CMAKE_PREFIX_PATH=/home/qing/ros2_humble/chapt2/c2_2/install/demo_python_pkg:/opt/ros/humble CONDA_PROMPT_MODIFIER=(ros_test) /usr/bin/cmake --build /home/qing/ros2_humble/chapt2/c2_2/demo_cpp_pkg/build/demo_cpp_pkg -- -j16 -l16
[0.474s] [ 50%] [32mBuilding CXX object CMakeFiles/cpp_node.dir/src/cpp_node.cpp.o[0m
[2.718s] [100%] [32m[1mLinking CXX executable cpp_node[0m
[2.806s] [100%] Built target cpp_node
[2.816s] Invoked command in '/home/qing/ros2_humble/chapt2/c2_2/demo_cpp_pkg/build/demo_cpp_pkg' returned '0': CMAKE_PREFIX_PATH=/home/qing/ros2_humble/chapt2/c2_2/install/demo_python_pkg:/opt/ros/humble CONDA_PROMPT_MODIFIER=(ros_test) /usr/bin/cmake --build /home/qing/ros2_humble/chapt2/c2_2/demo_cpp_pkg/build/demo_cpp_pkg -- -j16 -l16
[2.825s] Invoking command in '/home/qing/ros2_humble/chapt2/c2_2/demo_cpp_pkg/build/demo_cpp_pkg': CMAKE_PREFIX_PATH=/home/qing/ros2_humble/chapt2/c2_2/install/demo_python_pkg:/opt/ros/humble CONDA_PROMPT_MODIFIER=(ros_test) /usr/bin/cmake --install /home/qing/ros2_humble/chapt2/c2_2/demo_cpp_pkg/build/demo_cpp_pkg
[2.831s] -- Install configuration: ""
[2.831s] -- Installing: /home/qing/ros2_humble/chapt2/c2_2/demo_cpp_pkg/install/demo_cpp_pkg/lib/demo_cpp_pkg/cpp_node
[2.832s] -- Set runtime path of "/home/qing/ros2_humble/chapt2/c2_2/demo_cpp_pkg/install/demo_cpp_pkg/lib/demo_cpp_pkg/cpp_node" to ""
[2.832s] -- Installing: /home/qing/ros2_humble/chapt2/c2_2/demo_cpp_pkg/install/demo_cpp_pkg/share/ament_index/resource_index/package_run_dependencies/demo_cpp_pkg
[2.832s] -- Installing: /home/qing/ros2_humble/chapt2/c2_2/demo_cpp_pkg/install/demo_cpp_pkg/share/ament_index/resource_index/parent_prefix_path/demo_cpp_pkg
[2.832s] -- Installing: /home/qing/ros2_humble/chapt2/c2_2/demo_cpp_pkg/install/demo_cpp_pkg/share/demo_cpp_pkg/environment/ament_prefix_path.sh
[2.833s] -- Installing: /home/qing/ros2_humble/chapt2/c2_2/demo_cpp_pkg/install/demo_cpp_pkg/share/demo_cpp_pkg/environment/ament_prefix_path.dsv
[2.833s] -- Installing: /home/qing/ros2_humble/chapt2/c2_2/demo_cpp_pkg/install/demo_cpp_pkg/share/demo_cpp_pkg/environment/path.sh
[2.833s] -- Installing: /home/qing/ros2_humble/chapt2/c2_2/demo_cpp_pkg/install/demo_cpp_pkg/share/demo_cpp_pkg/environment/path.dsv
[2.833s] -- Installing: /home/qing/ros2_humble/chapt2/c2_2/demo_cpp_pkg/install/demo_cpp_pkg/share/demo_cpp_pkg/local_setup.bash
[2.833s] -- Installing: /home/qing/ros2_humble/chapt2/c2_2/demo_cpp_pkg/install/demo_cpp_pkg/share/demo_cpp_pkg/local_setup.sh
[2.833s] -- Installing: /home/qing/ros2_humble/chapt2/c2_2/demo_cpp_pkg/install/demo_cpp_pkg/share/demo_cpp_pkg/local_setup.zsh
[2.833s] -- Installing: /home/qing/ros2_humble/chapt2/c2_2/demo_cpp_pkg/install/demo_cpp_pkg/share/demo_cpp_pkg/local_setup.dsv
[2.833s] -- Installing: /home/qing/ros2_humble/chapt2/c2_2/demo_cpp_pkg/install/demo_cpp_pkg/share/demo_cpp_pkg/package.dsv
[2.834s] -- Installing: /home/qing/ros2_humble/chapt2/c2_2/demo_cpp_pkg/install/demo_cpp_pkg/share/ament_index/resource_index/packages/demo_cpp_pkg
[2.834s] -- Installing: /home/qing/ros2_humble/chapt2/c2_2/demo_cpp_pkg/install/demo_cpp_pkg/share/demo_cpp_pkg/cmake/demo_cpp_pkgConfig.cmake
[2.834s] -- Installing: /home/qing/ros2_humble/chapt2/c2_2/demo_cpp_pkg/install/demo_cpp_pkg/share/demo_cpp_pkg/cmake/demo_cpp_pkgConfig-version.cmake
[2.834s] -- Installing: /home/qing/ros2_humble/chapt2/c2_2/demo_cpp_pkg/install/demo_cpp_pkg/share/demo_cpp_pkg/package.xml
[2.836s] Invoked command in '/home/qing/ros2_humble/chapt2/c2_2/demo_cpp_pkg/build/demo_cpp_pkg' returned '0': CMAKE_PREFIX_PATH=/home/qing/ros2_humble/chapt2/c2_2/install/demo_python_pkg:/opt/ros/humble CONDA_PROMPT_MODIFIER=(ros_test) /usr/bin/cmake --install /home/qing/ros2_humble/chapt2/c2_2/demo_cpp_pkg/build/demo_cpp_pkg
