[0.614s] Invoking command in '/home/qing/ros2_humble/chapt8/chapt8_ws/build/fishbot_application_cpp': CMAKE_PREFIX_PATH=${CMAKE_PREFIX_PATH}:/home/qing/ros2_humble/chapt8/chapt8_ws/install/fishbot_application:/home/qing/ros2_humble/chapt8/chapt8_ws/install/autopatrol_robot:/opt/ros/humble CONDA_PROMPT_MODIFIER=(base) /usr/bin/cmake /home/qing/ros2_humble/chapt8/chapt8_ws/src/fishbot_application_cpp -DCMAKE_INSTALL_PREFIX=/home/qing/ros2_humble/chapt8/chapt8_ws/install/fishbot_application_cpp
[0.625s] -- Found ament_cmake: 1.3.11 (/opt/ros/humble/share/ament_cmake/cmake)
[0.753s] -- Found rclcpp: 16.0.11 (/opt/ros/humble/share/rclcpp/cmake)
[0.787s] -- Found rosidl_generator_c: 3.1.6 (/opt/ros/humble/share/rosidl_generator_c/cmake)
[0.790s] -- Found rosidl_adapter: 3.1.6 (/opt/ros/humble/share/rosidl_adapter/cmake)
[0.795s] -- Found rosidl_generator_cpp: 3.1.6 (/opt/ros/humble/share/rosidl_generator_cpp/cmake)
[0.803s] -- Using all available rosidl_typesupport_c: rosidl_typesupport_fastrtps_c;rosidl_typesupport_introspection_c
[0.815s] -- Using all available rosidl_typesupport_cpp: rosidl_typesupport_fastrtps_cpp;rosidl_typesupport_introspection_cpp
[0.853s] -- Found rmw_implementation_cmake: 6.1.2 (/opt/ros/humble/share/rmw_implementation_cmake/cmake)
[0.856s] -- Found rmw_fastrtps_cpp: 6.2.7 (/opt/ros/humble/share/rmw_fastrtps_cpp/cmake)
[0.984s] -- Using RMW implementation 'rmw_fastrtps_cpp' as default
[1.067s] -- Found nav2_msgs: 1.1.18 (/opt/ros/humble/share/nav2_msgs/cmake)
[1.168s] -- Found rclcpp_action: 16.0.11 (/opt/ros/humble/share/rclcpp_action/cmake)
[1.178s] -- Found ament_lint_auto: 0.12.11 (/opt/ros/humble/share/ament_lint_auto/cmake)
[1.261s] -- Added test 'cppcheck' to perform static code analysis on C / C++ code
[1.261s] -- Configured cppcheck include dirs: 
[1.261s] -- Configured cppcheck exclude dirs and/or files: 
[1.261s] -- Added test 'lint_cmake' to check CMake code style
[1.262s] -- Added test 'uncrustify' to check C / C++ code style
[1.262s] -- Configured uncrustify additional arguments: 
[1.262s] -- Added test 'xmllint' to check XML markup files
[1.263s] -- Configuring done
[1.283s] -- Generating done
[1.288s] -- Build files have been written to: /home/qing/ros2_humble/chapt8/chapt8_ws/build/fishbot_application_cpp
[1.301s] Invoked command in '/home/qing/ros2_humble/chapt8/chapt8_ws/build/fishbot_application_cpp' returned '0': CMAKE_PREFIX_PATH=${CMAKE_PREFIX_PATH}:/home/qing/ros2_humble/chapt8/chapt8_ws/install/fishbot_application:/home/qing/ros2_humble/chapt8/chapt8_ws/install/autopatrol_robot:/opt/ros/humble CONDA_PROMPT_MODIFIER=(base) /usr/bin/cmake /home/qing/ros2_humble/chapt8/chapt8_ws/src/fishbot_application_cpp -DCMAKE_INSTALL_PREFIX=/home/qing/ros2_humble/chapt8/chapt8_ws/install/fishbot_application_cpp
[1.302s] Invoking command in '/home/qing/ros2_humble/chapt8/chapt8_ws/build/fishbot_application_cpp': CMAKE_PREFIX_PATH=${CMAKE_PREFIX_PATH}:/home/qing/ros2_humble/chapt8/chapt8_ws/install/fishbot_application:/home/qing/ros2_humble/chapt8/chapt8_ws/install/autopatrol_robot:/opt/ros/humble CONDA_PROMPT_MODIFIER=(base) /usr/bin/cmake --build /home/qing/ros2_humble/chapt8/chapt8_ws/build/fishbot_application_cpp -- -j16 -l16
[1.342s] [35m[1mConsolidate compiler generated dependencies of target nav2pose[0m
[1.361s] [100%] Built target nav2pose
[1.375s] Invoked command in '/home/qing/ros2_humble/chapt8/chapt8_ws/build/fishbot_application_cpp' returned '0': CMAKE_PREFIX_PATH=${CMAKE_PREFIX_PATH}:/home/qing/ros2_humble/chapt8/chapt8_ws/install/fishbot_application:/home/qing/ros2_humble/chapt8/chapt8_ws/install/autopatrol_robot:/opt/ros/humble CONDA_PROMPT_MODIFIER=(base) /usr/bin/cmake --build /home/qing/ros2_humble/chapt8/chapt8_ws/build/fishbot_application_cpp -- -j16 -l16
[1.378s] Invoking command in '/home/qing/ros2_humble/chapt8/chapt8_ws/build/fishbot_application_cpp': CMAKE_PREFIX_PATH=${CMAKE_PREFIX_PATH}:/home/qing/ros2_humble/chapt8/chapt8_ws/install/fishbot_application:/home/qing/ros2_humble/chapt8/chapt8_ws/install/autopatrol_robot:/opt/ros/humble CONDA_PROMPT_MODIFIER=(base) /usr/bin/cmake --install /home/qing/ros2_humble/chapt8/chapt8_ws/build/fishbot_application_cpp
[1.385s] -- Install configuration: ""
[1.386s] -- Up-to-date: /home/qing/ros2_humble/chapt8/chapt8_ws/install/fishbot_application_cpp/lib/fishbot_application_cpp/nav2pose
[1.386s] -- Up-to-date: /home/qing/ros2_humble/chapt8/chapt8_ws/install/fishbot_application_cpp/share/ament_index/resource_index/package_run_dependencies/fishbot_application_cpp
[1.386s] -- Installing: /home/qing/ros2_humble/chapt8/chapt8_ws/install/fishbot_application_cpp/share/ament_index/resource_index/parent_prefix_path/fishbot_application_cpp
[1.386s] -- Up-to-date: /home/qing/ros2_humble/chapt8/chapt8_ws/install/fishbot_application_cpp/share/fishbot_application_cpp/environment/ament_prefix_path.sh
[1.386s] -- Installing: /home/qing/ros2_humble/chapt8/chapt8_ws/install/fishbot_application_cpp/share/fishbot_application_cpp/environment/ament_prefix_path.dsv
[1.386s] -- Up-to-date: /home/qing/ros2_humble/chapt8/chapt8_ws/install/fishbot_application_cpp/share/fishbot_application_cpp/environment/path.sh
[1.386s] -- Installing: /home/qing/ros2_humble/chapt8/chapt8_ws/install/fishbot_application_cpp/share/fishbot_application_cpp/environment/path.dsv
[1.386s] -- Up-to-date: /home/qing/ros2_humble/chapt8/chapt8_ws/install/fishbot_application_cpp/share/fishbot_application_cpp/local_setup.bash
[1.386s] -- Up-to-date: /home/qing/ros2_humble/chapt8/chapt8_ws/install/fishbot_application_cpp/share/fishbot_application_cpp/local_setup.sh
[1.386s] -- Up-to-date: /home/qing/ros2_humble/chapt8/chapt8_ws/install/fishbot_application_cpp/share/fishbot_application_cpp/local_setup.zsh
[1.386s] -- Installing: /home/qing/ros2_humble/chapt8/chapt8_ws/install/fishbot_application_cpp/share/fishbot_application_cpp/local_setup.dsv
[1.387s] -- Installing: /home/qing/ros2_humble/chapt8/chapt8_ws/install/fishbot_application_cpp/share/fishbot_application_cpp/package.dsv
[1.387s] -- Up-to-date: /home/qing/ros2_humble/chapt8/chapt8_ws/install/fishbot_application_cpp/share/ament_index/resource_index/packages/fishbot_application_cpp
[1.387s] -- Up-to-date: /home/qing/ros2_humble/chapt8/chapt8_ws/install/fishbot_application_cpp/share/fishbot_application_cpp/cmake/fishbot_application_cppConfig.cmake
[1.387s] -- Up-to-date: /home/qing/ros2_humble/chapt8/chapt8_ws/install/fishbot_application_cpp/share/fishbot_application_cpp/cmake/fishbot_application_cppConfig-version.cmake
[1.387s] -- Installing: /home/qing/ros2_humble/chapt8/chapt8_ws/install/fishbot_application_cpp/share/fishbot_application_cpp/package.xml
[1.390s] Invoked command in '/home/qing/ros2_humble/chapt8/chapt8_ws/build/fishbot_application_cpp' returned '0': CMAKE_PREFIX_PATH=${CMAKE_PREFIX_PATH}:/home/qing/ros2_humble/chapt8/chapt8_ws/install/fishbot_application:/home/qing/ros2_humble/chapt8/chapt8_ws/install/autopatrol_robot:/opt/ros/humble CONDA_PROMPT_MODIFIER=(base) /usr/bin/cmake --install /home/qing/ros2_humble/chapt8/chapt8_ws/build/fishbot_application_cpp
