/home/qing/ros2_humble/chapter4/face_detect/install/demo_python_service/lib/python3.10/site-packages/demo_python_service/face_detect_client_node.py
/home/qing/ros2_humble/chapter4/face_detect/install/demo_python_service/lib/python3.10/site-packages/demo_python_service/face_detect_node.py
/home/qing/ros2_humble/chapter4/face_detect/install/demo_python_service/lib/python3.10/site-packages/demo_python_service/__init__.py
/home/qing/ros2_humble/chapter4/face_detect/install/demo_python_service/lib/python3.10/site-packages/demo_python_service/face_detect.py
/home/qing/ros2_humble/chapter4/face_detect/install/demo_python_service/lib/python3.10/site-packages/demo_python_service/__pycache__/face_detect_client_node.cpython-310.pyc
/home/qing/ros2_humble/chapter4/face_detect/install/demo_python_service/lib/python3.10/site-packages/demo_python_service/__pycache__/face_detect_node.cpython-310.pyc
/home/qing/ros2_humble/chapter4/face_detect/install/demo_python_service/lib/python3.10/site-packages/demo_python_service/__pycache__/__init__.cpython-310.pyc
/home/qing/ros2_humble/chapter4/face_detect/install/demo_python_service/lib/python3.10/site-packages/demo_python_service/__pycache__/face_detect.cpython-310.pyc
/home/qing/ros2_humble/chapter4/face_detect/install/demo_python_service/share/ament_index/resource_index/packages/demo_python_service
/home/qing/ros2_humble/chapter4/face_detect/install/demo_python_service/share/demo_python_service/package.xml
/home/qing/ros2_humble/chapter4/face_detect/install/demo_python_service/share/demo_python_service/resource/images.jpeg
/home/qing/ros2_humble/chapter4/face_detect/install/demo_python_service/share/demo_python_service/resource/haarcascade_frontalface_default.xml
/home/qing/ros2_humble/chapter4/face_detect/install/demo_python_service/lib/python3.10/site-packages/demo_python_service-0.0.0-py3.10.egg-info/top_level.txt
/home/qing/ros2_humble/chapter4/face_detect/install/demo_python_service/lib/python3.10/site-packages/demo_python_service-0.0.0-py3.10.egg-info/PKG-INFO
/home/qing/ros2_humble/chapter4/face_detect/install/demo_python_service/lib/python3.10/site-packages/demo_python_service-0.0.0-py3.10.egg-info/zip-safe
/home/qing/ros2_humble/chapter4/face_detect/install/demo_python_service/lib/python3.10/site-packages/demo_python_service-0.0.0-py3.10.egg-info/entry_points.txt
/home/qing/ros2_humble/chapter4/face_detect/install/demo_python_service/lib/python3.10/site-packages/demo_python_service-0.0.0-py3.10.egg-info/requires.txt
/home/qing/ros2_humble/chapter4/face_detect/install/demo_python_service/lib/python3.10/site-packages/demo_python_service-0.0.0-py3.10.egg-info/dependency_links.txt
/home/qing/ros2_humble/chapter4/face_detect/install/demo_python_service/lib/python3.10/site-packages/demo_python_service-0.0.0-py3.10.egg-info/SOURCES.txt
/home/qing/ros2_humble/chapter4/face_detect/install/demo_python_service/lib/demo_python_service/face_detect
/home/qing/ros2_humble/chapter4/face_detect/install/demo_python_service/lib/demo_python_service/face_detect_client_node
/home/qing/ros2_humble/chapter4/face_detect/install/demo_python_service/lib/demo_python_service/face_detect_node
