[0.011s] Invoking command in '/home/qing/ros2_humble/chapter6/chapt6_2/build/fishbot_description': CMAKE_PREFIX_PATH=${CMAKE_PREFIX_PATH}:/opt/ros/humble CONDA_PROMPT_MODIFIER=(base) /usr/bin/cmake /home/qing/ros2_humble/chapter6/chapt6_2/src/fishbot_description -DCMAKE_INSTALL_PREFIX=/home/qing/ros2_humble/chapter6/chapt6_2/install/fishbot_description
[0.086s] -- The C compiler identification is Clang 14.0.0
[0.179s] -- The CXX compiler identification is Clang 14.0.0
[0.183s] -- Detecting C compiler ABI info
[0.276s] -- Detecting C compiler ABI info - done
[0.281s] -- Check for working C compiler: /usr/bin/cc - skipped
[0.281s] -- Detecting C compile features
[0.281s] -- Detecting C compile features - done
[0.284s] -- Detecting CXX compiler ABI info
[0.401s] -- Detecting CXX compiler ABI info - done
[0.406s] -- Check for working CXX compiler: /usr/bin/c++ - skipped
[0.406s] -- Detecting CXX compile features
[0.406s] -- Detecting CXX compile features - done
[0.409s] -- Found ament_cmake: 1.3.11 (/opt/ros/humble/share/ament_cmake/cmake)
[0.971s] -- Found Python3: /home/qing/下载/enter/bin/python3 (found version "3.10.14") found components: Interpreter 
[1.043s] -- Found ament_lint_auto: 0.12.11 (/opt/ros/humble/share/ament_lint_auto/cmake)
[1.122s] -- Added test 'flake8' to check Python code syntax and style conventions
[1.123s] -- Added test 'lint_cmake' to check CMake code style
[1.123s] -- Added test 'pep257' to check Python code against some of the docstring style conventions in PEP 257
[1.125s] -- Added test 'xmllint' to check XML markup files
[1.127s] -- Configuring done
[1.131s] -- Generating done
[1.133s] -- Build files have been written to: /home/qing/ros2_humble/chapter6/chapt6_2/build/fishbot_description
[1.138s] Invoked command in '/home/qing/ros2_humble/chapter6/chapt6_2/build/fishbot_description' returned '0': CMAKE_PREFIX_PATH=${CMAKE_PREFIX_PATH}:/opt/ros/humble CONDA_PROMPT_MODIFIER=(base) /usr/bin/cmake /home/qing/ros2_humble/chapter6/chapt6_2/src/fishbot_description -DCMAKE_INSTALL_PREFIX=/home/qing/ros2_humble/chapter6/chapt6_2/install/fishbot_description
[1.140s] Invoking command in '/home/qing/ros2_humble/chapter6/chapt6_2/build/fishbot_description': CMAKE_PREFIX_PATH=${CMAKE_PREFIX_PATH}:/opt/ros/humble CONDA_PROMPT_MODIFIER=(base) /usr/bin/cmake --build /home/qing/ros2_humble/chapter6/chapt6_2/build/fishbot_description -- -j16 -l16
[1.176s] Invoked command in '/home/qing/ros2_humble/chapter6/chapt6_2/build/fishbot_description' returned '0': CMAKE_PREFIX_PATH=${CMAKE_PREFIX_PATH}:/opt/ros/humble CONDA_PROMPT_MODIFIER=(base) /usr/bin/cmake --build /home/qing/ros2_humble/chapter6/chapt6_2/build/fishbot_description -- -j16 -l16
[1.186s] Invoking command in '/home/qing/ros2_humble/chapter6/chapt6_2/build/fishbot_description': CMAKE_PREFIX_PATH=${CMAKE_PREFIX_PATH}:/opt/ros/humble CONDA_PROMPT_MODIFIER=(base) /usr/bin/cmake --install /home/qing/ros2_humble/chapter6/chapt6_2/build/fishbot_description
[1.193s] -- Install configuration: ""
[1.193s] -- Installing: /home/qing/ros2_humble/chapter6/chapt6_2/install/fishbot_description/share/fishbot_description/launch
[1.193s] -- Installing: /home/qing/ros2_humble/chapter6/chapt6_2/install/fishbot_description/share/fishbot_description/launch/display_robot.launch.py
[1.193s] -- Installing: /home/qing/ros2_humble/chapter6/chapt6_2/install/fishbot_description/share/fishbot_description/launch/gazebo_sim.launch.py
[1.193s] -- Installing: /home/qing/ros2_humble/chapter6/chapt6_2/install/fishbot_description/share/fishbot_description/urdf
[1.193s] -- Installing: /home/qing/ros2_humble/chapter6/chapt6_2/install/fishbot_description/share/fishbot_description/urdf/first_robot.gv
[1.193s] -- Installing: /home/qing/ros2_humble/chapter6/chapt6_2/install/fishbot_description/share/fishbot_description/urdf/first_robot.urdf.xacro
[1.193s] -- Installing: /home/qing/ros2_humble/chapter6/chapt6_2/install/fishbot_description/share/fishbot_description/urdf/fishbot
[1.193s] -- Installing: /home/qing/ros2_humble/chapter6/chapt6_2/install/fishbot_description/share/fishbot_description/urdf/fishbot/actuator
[1.194s] -- Installing: /home/qing/ros2_humble/chapter6/chapt6_2/install/fishbot_description/share/fishbot_description/urdf/fishbot/actuator/caster.urdf.xacro
[1.194s] -- Installing: /home/qing/ros2_humble/chapter6/chapt6_2/install/fishbot_description/share/fishbot_description/urdf/fishbot/actuator/wheel.urdf.xacro
[1.194s] -- Installing: /home/qing/ros2_humble/chapter6/chapt6_2/install/fishbot_description/share/fishbot_description/urdf/fishbot/fishbot.urdf.xacro
[1.194s] -- Installing: /home/qing/ros2_humble/chapter6/chapt6_2/install/fishbot_description/share/fishbot_description/urdf/fishbot/plugins
[1.194s] -- Installing: /home/qing/ros2_humble/chapter6/chapt6_2/install/fishbot_description/share/fishbot_description/urdf/fishbot/plugins/gazebo_sensor_plugin.xacro
[1.194s] -- Installing: /home/qing/ros2_humble/chapter6/chapt6_2/install/fishbot_description/share/fishbot_description/urdf/fishbot/plugins/gazebo_control_plugin.xacro
[1.194s] -- Installing: /home/qing/ros2_humble/chapter6/chapt6_2/install/fishbot_description/share/fishbot_description/urdf/fishbot/base.urdf.xacro
[1.195s] -- Installing: /home/qing/ros2_humble/chapter6/chapt6_2/install/fishbot_description/share/fishbot_description/urdf/fishbot/fishbot.ros2_control.xacro
[1.195s] -- Installing: /home/qing/ros2_humble/chapter6/chapt6_2/install/fishbot_description/share/fishbot_description/urdf/fishbot/common_inertia.xacro
[1.195s] -- Installing: /home/qing/ros2_humble/chapter6/chapt6_2/install/fishbot_description/share/fishbot_description/urdf/fishbot/sensor
[1.195s] -- Installing: /home/qing/ros2_humble/chapter6/chapt6_2/install/fishbot_description/share/fishbot_description/urdf/fishbot/sensor/camera.urdf.xacro
[1.195s] -- Installing: /home/qing/ros2_humble/chapter6/chapt6_2/install/fishbot_description/share/fishbot_description/urdf/fishbot/sensor/imu.urdf.xacro
[1.195s] -- Installing: /home/qing/ros2_humble/chapter6/chapt6_2/install/fishbot_description/share/fishbot_description/urdf/fishbot/sensor/laser.urdf.xacro
[1.196s] -- Installing: /home/qing/ros2_humble/chapter6/chapt6_2/install/fishbot_description/share/fishbot_description/urdf/first_robot.urdf
[1.196s] -- Installing: /home/qing/ros2_humble/chapter6/chapt6_2/install/fishbot_description/share/fishbot_description/urdf/first_robot.pdf
[1.196s] -- Installing: /home/qing/ros2_humble/chapter6/chapt6_2/install/fishbot_description/share/fishbot_description/config
[1.196s] -- Installing: /home/qing/ros2_humble/chapter6/chapt6_2/install/fishbot_description/share/fishbot_description/config/rviz
[1.196s] -- Installing: /home/qing/ros2_humble/chapter6/chapt6_2/install/fishbot_description/share/fishbot_description/config/rviz/dispaly_model.rviz
[1.196s] -- Installing: /home/qing/ros2_humble/chapter6/chapt6_2/install/fishbot_description/share/fishbot_description/config/fishbot_ros2_controller.yaml
[1.197s] -- Installing: /home/qing/ros2_humble/chapter6/chapt6_2/install/fishbot_description/share/fishbot_description/world
[1.197s] -- Installing: /home/qing/ros2_humble/chapter6/chapt6_2/install/fishbot_description/share/fishbot_description/world/custom_room.world
[1.197s] -- Installing: /home/qing/ros2_humble/chapter6/chapt6_2/install/fishbot_description/share/fishbot_description/world/room
[1.197s] -- Installing: /home/qing/ros2_humble/chapter6/chapt6_2/install/fishbot_description/share/fishbot_description/world/room/model.sdf
[1.198s] -- Installing: /home/qing/ros2_humble/chapter6/chapt6_2/install/fishbot_description/share/fishbot_description/world/room/model.config
[1.198s] -- Installing: /home/qing/ros2_humble/chapter6/chapt6_2/install/fishbot_description/share/ament_index/resource_index/package_run_dependencies/fishbot_description
[1.198s] -- Installing: /home/qing/ros2_humble/chapter6/chapt6_2/install/fishbot_description/share/ament_index/resource_index/parent_prefix_path/fishbot_description
[1.198s] -- Installing: /home/qing/ros2_humble/chapter6/chapt6_2/install/fishbot_description/share/fishbot_description/environment/ament_prefix_path.sh
[1.199s] -- Installing: /home/qing/ros2_humble/chapter6/chapt6_2/install/fishbot_description/share/fishbot_description/environment/ament_prefix_path.dsv
[1.199s] -- Installing: /home/qing/ros2_humble/chapter6/chapt6_2/install/fishbot_description/share/fishbot_description/environment/path.sh
[1.199s] -- Installing: /home/qing/ros2_humble/chapter6/chapt6_2/install/fishbot_description/share/fishbot_description/environment/path.dsv
[1.199s] -- Installing: /home/qing/ros2_humble/chapter6/chapt6_2/install/fishbot_description/share/fishbot_description/local_setup.bash
[1.199s] -- Installing: /home/qing/ros2_humble/chapter6/chapt6_2/install/fishbot_description/share/fishbot_description/local_setup.sh
[1.199s] -- Installing: /home/qing/ros2_humble/chapter6/chapt6_2/install/fishbot_description/share/fishbot_description/local_setup.zsh
[1.199s] -- Installing: /home/qing/ros2_humble/chapter6/chapt6_2/install/fishbot_description/share/fishbot_description/local_setup.dsv
[1.200s] -- Installing: /home/qing/ros2_humble/chapter6/chapt6_2/install/fishbot_description/share/fishbot_description/package.dsv
[1.200s] -- Installing: /home/qing/ros2_humble/chapter6/chapt6_2/install/fishbot_description/share/ament_index/resource_index/packages/fishbot_description
[1.200s] -- Installing: /home/qing/ros2_humble/chapter6/chapt6_2/install/fishbot_description/share/fishbot_description/cmake/fishbot_descriptionConfig.cmake
[1.200s] -- Installing: /home/qing/ros2_humble/chapter6/chapt6_2/install/fishbot_description/share/fishbot_description/cmake/fishbot_descriptionConfig-version.cmake
[1.200s] -- Installing: /home/qing/ros2_humble/chapter6/chapt6_2/install/fishbot_description/share/fishbot_description/package.xml
[1.203s] Invoked command in '/home/qing/ros2_humble/chapter6/chapt6_2/build/fishbot_description' returned '0': CMAKE_PREFIX_PATH=${CMAKE_PREFIX_PATH}:/opt/ros/humble CONDA_PROMPT_MODIFIER=(base) /usr/bin/cmake --install /home/qing/ros2_humble/chapter6/chapt6_2/build/fishbot_description
