[0.009s] Invoking command in '/home/qing/ros2_humble/chapter2/chapt2_4/build/demo_cpp_pkg': CMAKE_PREFIX_PATH=${CMAKE_PREFIX_PATH}:/home/qing/ros2_humble/chapter2/chapt2_4/install/demo_python_pkg:/home/qing/ros2_humble/chapt2_4/install/demo_python_pkg:/opt/ros/humble CONDA_PROMPT_MODIFIER=(ros_test) /usr/bin/cmake --build /home/qing/ros2_humble/chapter2/chapt2_4/build/demo_cpp_pkg -- -j16 -l16
[0.030s] -- Found ament_cmake: 1.3.11 (/opt/ros/humble/share/ament_cmake/cmake)
[0.125s] -- Found rclcpp: 16.0.11 (/opt/ros/humble/share/rclcpp/cmake)
[0.146s] -- Found rosidl_generator_c: 3.1.6 (/opt/ros/humble/share/rosidl_generator_c/cmake)
[0.148s] -- Found rosidl_adapter: 3.1.6 (/opt/ros/humble/share/rosidl_adapter/cmake)
[0.152s] -- Found rosidl_generator_cpp: 3.1.6 (/opt/ros/humble/share/rosidl_generator_cpp/cmake)
[0.159s] -- Using all available rosidl_typesupport_c: rosidl_typesupport_fastrtps_c;rosidl_typesupport_introspection_c
[0.168s] -- Using all available rosidl_typesupport_cpp: rosidl_typesupport_fastrtps_cpp;rosidl_typesupport_introspection_cpp
[0.191s] -- Found rmw_implementation_cmake: 6.1.2 (/opt/ros/humble/share/rmw_implementation_cmake/cmake)
[0.192s] -- Found rmw_fastrtps_cpp: 6.2.7 (/opt/ros/humble/share/rmw_fastrtps_cpp/cmake)
[0.278s] -- Using RMW implementation 'rmw_fastrtps_cpp' as default
[0.314s] -- Found ament_lint_auto: 0.12.11 (/opt/ros/humble/share/ament_lint_auto/cmake)
[0.388s] -- Added test 'cppcheck' to perform static code analysis on C / C++ code
[0.388s] -- Configured cppcheck include dirs: /home/qing/ros2_humble/chapter2/chapt2_4/src/demo_cpp_pkg/include
[0.388s] -- Configured cppcheck exclude dirs and/or files: 
[0.389s] -- Added test 'flake8' to check Python code syntax and style conventions
[0.391s] -- Added test 'lint_cmake' to check CMake code style
[0.392s] -- Added test 'pep257' to check Python code against some of the docstring style conventions in PEP 257
[0.399s] -- Added test 'uncrustify' to check C / C++ code style
[0.399s] -- Configured uncrustify additional arguments: 
[0.400s] -- Added test 'xmllint' to check XML markup files
[0.401s] -- Configuring done
[0.412s] -- Generating done
[0.417s] -- Build files have been written to: /home/qing/ros2_humble/chapter2/chapt2_4/build/demo_cpp_pkg
[0.441s] [35m[1mConsolidate compiler generated dependencies of target person_node[0m
[0.441s] [35m[1mConsolidate compiler generated dependencies of target cpp_node[0m
[0.450s] [ 16%] [32mBuilding CXX object CMakeFiles/learn_thread.dir/src/learn_thread.cpp.o[0m
[0.457s] [ 83%] Built target cpp_node
[0.457s] [ 83%] Built target person_node
[4.369s] [100%] [32m[1mLinking CXX executable learn_thread[0m
[4.538s] [100%] Built target learn_thread
[4.549s] Invoked command in '/home/qing/ros2_humble/chapter2/chapt2_4/build/demo_cpp_pkg' returned '0': CMAKE_PREFIX_PATH=${CMAKE_PREFIX_PATH}:/home/qing/ros2_humble/chapter2/chapt2_4/install/demo_python_pkg:/home/qing/ros2_humble/chapt2_4/install/demo_python_pkg:/opt/ros/humble CONDA_PROMPT_MODIFIER=(ros_test) /usr/bin/cmake --build /home/qing/ros2_humble/chapter2/chapt2_4/build/demo_cpp_pkg -- -j16 -l16
[4.558s] Invoking command in '/home/qing/ros2_humble/chapter2/chapt2_4/build/demo_cpp_pkg': CMAKE_PREFIX_PATH=${CMAKE_PREFIX_PATH}:/home/qing/ros2_humble/chapter2/chapt2_4/install/demo_python_pkg:/home/qing/ros2_humble/chapt2_4/install/demo_python_pkg:/opt/ros/humble CONDA_PROMPT_MODIFIER=(ros_test) /usr/bin/cmake --install /home/qing/ros2_humble/chapter2/chapt2_4/build/demo_cpp_pkg
[4.565s] -- Install configuration: ""
[4.565s] -- Up-to-date: /home/qing/ros2_humble/chapter2/chapt2_4/install/demo_cpp_pkg/lib/demo_cpp_pkg/cpp_node
[4.566s] -- Up-to-date: /home/qing/ros2_humble/chapter2/chapt2_4/install/demo_cpp_pkg/lib/demo_cpp_pkg/person_node
[4.566s] -- Installing: /home/qing/ros2_humble/chapter2/chapt2_4/install/demo_cpp_pkg/lib/demo_cpp_pkg/learn_thread
[4.568s] -- Set runtime path of "/home/qing/ros2_humble/chapter2/chapt2_4/install/demo_cpp_pkg/lib/demo_cpp_pkg/learn_thread" to ""
[4.568s] -- Up-to-date: /home/qing/ros2_humble/chapter2/chapt2_4/install/demo_cpp_pkg/share/ament_index/resource_index/package_run_dependencies/demo_cpp_pkg
[4.568s] -- Up-to-date: /home/qing/ros2_humble/chapter2/chapt2_4/install/demo_cpp_pkg/share/ament_index/resource_index/parent_prefix_path/demo_cpp_pkg
[4.568s] -- Up-to-date: /home/qing/ros2_humble/chapter2/chapt2_4/install/demo_cpp_pkg/share/demo_cpp_pkg/environment/ament_prefix_path.sh
[4.568s] -- Installing: /home/qing/ros2_humble/chapter2/chapt2_4/install/demo_cpp_pkg/share/demo_cpp_pkg/environment/ament_prefix_path.dsv
[4.568s] -- Up-to-date: /home/qing/ros2_humble/chapter2/chapt2_4/install/demo_cpp_pkg/share/demo_cpp_pkg/environment/path.sh
[4.568s] -- Installing: /home/qing/ros2_humble/chapter2/chapt2_4/install/demo_cpp_pkg/share/demo_cpp_pkg/environment/path.dsv
[4.569s] -- Up-to-date: /home/qing/ros2_humble/chapter2/chapt2_4/install/demo_cpp_pkg/share/demo_cpp_pkg/local_setup.bash
[4.569s] -- Up-to-date: /home/qing/ros2_humble/chapter2/chapt2_4/install/demo_cpp_pkg/share/demo_cpp_pkg/local_setup.sh
[4.569s] -- Up-to-date: /home/qing/ros2_humble/chapter2/chapt2_4/install/demo_cpp_pkg/share/demo_cpp_pkg/local_setup.zsh
[4.569s] -- Installing: /home/qing/ros2_humble/chapter2/chapt2_4/install/demo_cpp_pkg/share/demo_cpp_pkg/local_setup.dsv
[4.569s] -- Installing: /home/qing/ros2_humble/chapter2/chapt2_4/install/demo_cpp_pkg/share/demo_cpp_pkg/package.dsv
[4.569s] -- Up-to-date: /home/qing/ros2_humble/chapter2/chapt2_4/install/demo_cpp_pkg/share/ament_index/resource_index/packages/demo_cpp_pkg
[4.569s] -- Up-to-date: /home/qing/ros2_humble/chapter2/chapt2_4/install/demo_cpp_pkg/share/demo_cpp_pkg/cmake/demo_cpp_pkgConfig.cmake
[4.569s] -- Up-to-date: /home/qing/ros2_humble/chapter2/chapt2_4/install/demo_cpp_pkg/share/demo_cpp_pkg/cmake/demo_cpp_pkgConfig-version.cmake
[4.569s] -- Up-to-date: /home/qing/ros2_humble/chapter2/chapt2_4/install/demo_cpp_pkg/share/demo_cpp_pkg/package.xml
[4.571s] Invoked command in '/home/qing/ros2_humble/chapter2/chapt2_4/build/demo_cpp_pkg' returned '0': CMAKE_PREFIX_PATH=${CMAKE_PREFIX_PATH}:/home/qing/ros2_humble/chapter2/chapt2_4/install/demo_python_pkg:/home/qing/ros2_humble/chapt2_4/install/demo_python_pkg:/opt/ros/humble CONDA_PROMPT_MODIFIER=(ros_test) /usr/bin/cmake --install /home/qing/ros2_humble/chapter2/chapt2_4/build/demo_cpp_pkg
