[0.013s] Invoking command in '/home/qing/ros2_humble/chapt2_4ccc/src/build/demo_cpp_pkg': CMAKE_PREFIX_PATH=${CMAKE_PREFIX_PATH}:/home/qing/ros2_humble/chapt2/c2_2/install/demo_python_pkg:/opt/ros/humble CONDA_PROMPT_MODIFIER=(ros_test) /usr/bin/cmake /home/qing/ros2_humble/chapt2_4ccc/src/demo_cpp_pkg -DCMAKE_INSTALL_PREFIX=/home/qing/ros2_humble/chapt2_4ccc/src/install/demo_cpp_pkg
[0.066s] -- The C compiler identification is GNU 11.2.0
[0.114s] -- The CXX compiler identification is GNU 11.4.0
[0.120s] -- Detecting C compiler ABI info
[0.189s] -- Detecting C compiler ABI info - done
[0.195s] -- Check for working C compiler: /home/qing/下载/enter/envs/ros_test/bin/cc - skipped
[0.195s] -- Detecting C compile features
[0.195s] -- Detecting C compile features - done
[0.198s] -- Detecting CXX compiler ABI info
[0.265s] -- Detecting CXX compiler ABI info - done
[0.271s] -- Check for working CXX compiler: /usr/bin/c++ - skipped
[0.271s] -- Detecting CXX compile features
[0.271s] -- Detecting CXX compile features - done
[0.275s] -- Found ament_cmake: 1.3.11 (/opt/ros/humble/share/ament_cmake/cmake)
[0.558s] -- Found Python3: /home/qing/下载/enter/envs/ros_test/bin/python3 (found version "3.10.16") found components: Interpreter 
[0.633s] -- Found rclcpp: 16.0.11 (/opt/ros/humble/share/rclcpp/cmake)
[0.666s] -- Found rosidl_generator_c: 3.1.6 (/opt/ros/humble/share/rosidl_generator_c/cmake)
[0.670s] -- Found rosidl_adapter: 3.1.6 (/opt/ros/humble/share/rosidl_adapter/cmake)
[0.677s] -- Found rosidl_generator_cpp: 3.1.6 (/opt/ros/humble/share/rosidl_generator_cpp/cmake)
[0.687s] -- Using all available rosidl_typesupport_c: rosidl_typesupport_fastrtps_c;rosidl_typesupport_introspection_c
[0.700s] -- Using all available rosidl_typesupport_cpp: rosidl_typesupport_fastrtps_cpp;rosidl_typesupport_introspection_cpp
[0.735s] -- Found rmw_implementation_cmake: 6.1.2 (/opt/ros/humble/share/rmw_implementation_cmake/cmake)
[0.737s] -- Found rmw_fastrtps_cpp: 6.2.7 (/opt/ros/humble/share/rmw_fastrtps_cpp/cmake)
[0.816s] -- Found OpenSSL: /usr/lib/x86_64-linux-gnu/libcrypto.so (found version "3.0.2")  
[0.839s] -- Found FastRTPS: /opt/ros/humble/include  
[0.877s] -- Using RMW implementation 'rmw_fastrtps_cpp' as default
[0.884s] -- Looking for pthread.h
[0.954s] -- Looking for pthread.h - found
[0.955s] -- Performing Test CMAKE_HAVE_LIBC_PTHREAD
[1.027s] -- Performing Test CMAKE_HAVE_LIBC_PTHREAD - Failed
[1.027s] -- Looking for pthread_create in pthreads
[1.083s] -- Looking for pthread_create in pthreads - not found
[1.083s] -- Looking for pthread_create in pthread
[1.155s] -- Looking for pthread_create in pthread - found
[1.156s] -- Found Threads: TRUE  
[1.198s] -- Found ament_lint_auto: 0.12.11 (/opt/ros/humble/share/ament_lint_auto/cmake)
[1.273s] -- Added test 'cppcheck' to perform static code analysis on C / C++ code
[1.273s] -- Configured cppcheck include dirs: 
[1.273s] -- Configured cppcheck exclude dirs and/or files: 
[1.274s] -- Added test 'lint_cmake' to check CMake code style
[1.274s] -- Added test 'uncrustify' to check C / C++ code style
[1.275s] -- Configured uncrustify additional arguments: 
[1.275s] -- Added test 'xmllint' to check XML markup files
[1.276s] -- Configuring done
[1.283s] -- Generating done
[1.286s] -- Build files have been written to: /home/qing/ros2_humble/chapt2_4ccc/src/build/demo_cpp_pkg
[1.294s] Invoked command in '/home/qing/ros2_humble/chapt2_4ccc/src/build/demo_cpp_pkg' returned '0': CMAKE_PREFIX_PATH=${CMAKE_PREFIX_PATH}:/home/qing/ros2_humble/chapt2/c2_2/install/demo_python_pkg:/opt/ros/humble CONDA_PROMPT_MODIFIER=(ros_test) /usr/bin/cmake /home/qing/ros2_humble/chapt2_4ccc/src/demo_cpp_pkg -DCMAKE_INSTALL_PREFIX=/home/qing/ros2_humble/chapt2_4ccc/src/install/demo_cpp_pkg
[1.296s] Invoking command in '/home/qing/ros2_humble/chapt2_4ccc/src/build/demo_cpp_pkg': CMAKE_PREFIX_PATH=${CMAKE_PREFIX_PATH}:/home/qing/ros2_humble/chapt2/c2_2/install/demo_python_pkg:/opt/ros/humble CONDA_PROMPT_MODIFIER=(ros_test) /usr/bin/cmake --build /home/qing/ros2_humble/chapt2_4ccc/src/build/demo_cpp_pkg -- -j16 -l16
[1.338s] [ 50%] [32mBuilding CXX object CMakeFiles/cpp_node.dir/src/cpp_node.cpp.o[0m
[3.569s] [100%] [32m[1mLinking CXX executable cpp_node[0m
[3.695s] [100%] Built target cpp_node
[3.707s] Invoked command in '/home/qing/ros2_humble/chapt2_4ccc/src/build/demo_cpp_pkg' returned '0': CMAKE_PREFIX_PATH=${CMAKE_PREFIX_PATH}:/home/qing/ros2_humble/chapt2/c2_2/install/demo_python_pkg:/opt/ros/humble CONDA_PROMPT_MODIFIER=(ros_test) /usr/bin/cmake --build /home/qing/ros2_humble/chapt2_4ccc/src/build/demo_cpp_pkg -- -j16 -l16
[3.716s] Invoking command in '/home/qing/ros2_humble/chapt2_4ccc/src/build/demo_cpp_pkg': CMAKE_PREFIX_PATH=${CMAKE_PREFIX_PATH}:/home/qing/ros2_humble/chapt2/c2_2/install/demo_python_pkg:/opt/ros/humble CONDA_PROMPT_MODIFIER=(ros_test) /usr/bin/cmake --install /home/qing/ros2_humble/chapt2_4ccc/src/build/demo_cpp_pkg
[3.722s] -- Install configuration: ""
[3.723s] -- Installing: /home/qing/ros2_humble/chapt2_4ccc/src/install/demo_cpp_pkg/lib/demo_cpp_pkg/cpp_node
[3.723s] -- Set runtime path of "/home/qing/ros2_humble/chapt2_4ccc/src/install/demo_cpp_pkg/lib/demo_cpp_pkg/cpp_node" to ""
[3.723s] -- Installing: /home/qing/ros2_humble/chapt2_4ccc/src/install/demo_cpp_pkg/share/ament_index/resource_index/package_run_dependencies/demo_cpp_pkg
[3.723s] -- Installing: /home/qing/ros2_humble/chapt2_4ccc/src/install/demo_cpp_pkg/share/ament_index/resource_index/parent_prefix_path/demo_cpp_pkg
[3.723s] -- Installing: /home/qing/ros2_humble/chapt2_4ccc/src/install/demo_cpp_pkg/share/demo_cpp_pkg/environment/ament_prefix_path.sh
[3.724s] -- Installing: /home/qing/ros2_humble/chapt2_4ccc/src/install/demo_cpp_pkg/share/demo_cpp_pkg/environment/ament_prefix_path.dsv
[3.724s] -- Installing: /home/qing/ros2_humble/chapt2_4ccc/src/install/demo_cpp_pkg/share/demo_cpp_pkg/environment/path.sh
[3.724s] -- Installing: /home/qing/ros2_humble/chapt2_4ccc/src/install/demo_cpp_pkg/share/demo_cpp_pkg/environment/path.dsv
[3.724s] -- Installing: /home/qing/ros2_humble/chapt2_4ccc/src/install/demo_cpp_pkg/share/demo_cpp_pkg/local_setup.bash
[3.724s] -- Installing: /home/qing/ros2_humble/chapt2_4ccc/src/install/demo_cpp_pkg/share/demo_cpp_pkg/local_setup.sh
[3.724s] -- Installing: /home/qing/ros2_humble/chapt2_4ccc/src/install/demo_cpp_pkg/share/demo_cpp_pkg/local_setup.zsh
[3.724s] -- Installing: /home/qing/ros2_humble/chapt2_4ccc/src/install/demo_cpp_pkg/share/demo_cpp_pkg/local_setup.dsv
[3.725s] -- Installing: /home/qing/ros2_humble/chapt2_4ccc/src/install/demo_cpp_pkg/share/demo_cpp_pkg/package.dsv
[3.725s] -- Installing: /home/qing/ros2_humble/chapt2_4ccc/src/install/demo_cpp_pkg/share/ament_index/resource_index/packages/demo_cpp_pkg
[3.725s] -- Installing: /home/qing/ros2_humble/chapt2_4ccc/src/install/demo_cpp_pkg/share/demo_cpp_pkg/cmake/demo_cpp_pkgConfig.cmake
[3.725s] -- Installing: /home/qing/ros2_humble/chapt2_4ccc/src/install/demo_cpp_pkg/share/demo_cpp_pkg/cmake/demo_cpp_pkgConfig-version.cmake
[3.725s] -- Installing: /home/qing/ros2_humble/chapt2_4ccc/src/install/demo_cpp_pkg/share/demo_cpp_pkg/package.xml
[3.727s] Invoked command in '/home/qing/ros2_humble/chapt2_4ccc/src/build/demo_cpp_pkg' returned '0': CMAKE_PREFIX_PATH=${CMAKE_PREFIX_PATH}:/home/qing/ros2_humble/chapt2/c2_2/install/demo_python_pkg:/opt/ros/humble CONDA_PROMPT_MODIFIER=(ros_test) /usr/bin/cmake --install /home/qing/ros2_humble/chapt2_4ccc/src/build/demo_cpp_pkg
