The system is: Linux - 6.8.0-52-generic - x86_64
Compiling the C compiler identification source file "CMakeCCompilerId.c" succeeded.
Compiler: /home/qing/下载/enter/envs/ros_test/bin/cc 
Build flags: 
Id flags:  

The output was:
0


Compilation of the C compiler identification source "CMakeCCompilerId.c" produced "a.out"

The C compiler identification is GNU, found in "/home/qing/ros2_humble/chapt2/build/demo_cpp_pkg/CMakeFiles/3.22.1/CompilerIdC/a.out"

Compiling the CXX compiler identification source file "CMakeCXXCompilerId.cpp" succeeded.
Compiler: /usr/bin/c++ 
Build flags: 
Id flags:  

The output was:
0


Compilation of the CXX compiler identification source "CMakeCXXCompilerId.cpp" produced "a.out"

The CXX compiler identification is GNU, found in "/home/qing/ros2_humble/chapt2/build/demo_cpp_pkg/CMakeFiles/3.22.1/CompilerIdCXX/a.out"

Detecting C compiler ABI info compiled with the following output:
Change Dir: /home/qing/ros2_humble/chapt2/build/demo_cpp_pkg/CMakeFiles/CMakeTmp

Run Build Command(s):/usr/bin/gmake -f Makefile cmTC_cb617/fast && /usr/bin/gmake  -f CMakeFiles/cmTC_cb617.dir/build.make CMakeFiles/cmTC_cb617.dir/build
gmake[1]: Entering directory '/home/qing/ros2_humble/chapt2/build/demo_cpp_pkg/CMakeFiles/CMakeTmp'
Building C object CMakeFiles/cmTC_cb617.dir/CMakeCCompilerABI.c.o
/home/qing/下载/enter/envs/ros_test/bin/cc   -v -o CMakeFiles/cmTC_cb617.dir/CMakeCCompilerABI.c.o -c /usr/share/cmake-3.22/Modules/CMakeCCompilerABI.c
Reading specs from /home/qing/下载/enter/envs/ros_test/bin/../lib/gcc/x86_64-conda-linux-gnu/11.2.0/specs
COLLECT_GCC=/home/qing/下载/enter/envs/ros_test/bin/cc
Target: x86_64-conda-linux-gnu
Configured with: /opt/conda/conda-bld/gcc-compiler_1654084175708/work/gcc/configure --build=x86_64-build_conda-linux-gnu --host=x86_64-build_conda-linux-gnu --target=x86_64-conda-linux-gnu --prefix=/opt/conda/conda-bld/gcc-compiler_1654084175708/work/gcc_built --exec_prefix=/opt/conda/conda-bld/gcc-compiler_1654084175708/work/gcc_built --with-sysroot=/opt/conda/conda-bld/gcc-compiler_1654084175708/work/gcc_built/x86_64-conda-linux-gnu/sysroot --with-local-prefix=/opt/conda/conda-bld/gcc-compiler_1654084175708/work/gcc_built/x86_64-conda-linux-gnu/sysroot --enable-long-long --disable-multilib --disable-nls --with-gmp=/opt/conda/conda-bld/gcc-compiler_1654084175708/work/buildtools --with-mpfr=/opt/conda/conda-bld/gcc-compiler_1654084175708/work/buildtools --with-mpc=/opt/conda/conda-bld/gcc-compiler_1654084175708/work/buildtools --with-isl=/opt/conda/conda-bld/gcc-compiler_1654084175708/work/buildtools --without-zstd --enable-languages=c,c++,fortran,objc,obj-c++ --enable-__cxa_atexit --disable-libmudflap --enable-libgomp --enable-libquadmath --enable-libquadmath-support --enable-libsanitizer --disable-libstdcxx-verbose --enable-lto --enable-libcc1 --enable-threads=posix --enable-plugin --with-pkgversion='Anaconda gcc' --enable-libmpx
Thread model: posix
Supported LTO compression algorithms: zlib
gcc version 11.2.0 (Anaconda gcc) 
COLLECT_GCC_OPTIONS='-v' '-o' 'CMakeFiles/cmTC_cb617.dir/CMakeCCompilerABI.c.o' '-c' '-mtune=generic' '-march=x86-64' '-dumpdir' 'CMakeFiles/cmTC_cb617.dir/'
 /home/qing/下载/enter/envs/ros_test/bin/../libexec/gcc/x86_64-conda-linux-gnu/11.2.0/cc1 -quiet -v -iprefix /home/qing/下载/enter/envs/ros_test/bin/../lib/gcc/x86_64-conda-linux-gnu/11.2.0/ -isysroot /home/qing/下载/enter/envs/ros_test/bin/../x86_64-conda-linux-gnu/sysroot /usr/share/cmake-3.22/Modules/CMakeCCompilerABI.c -quiet -dumpdir CMakeFiles/cmTC_cb617.dir/ -dumpbase CMakeCCompilerABI.c.c -dumpbase-ext .c -mtune=generic -march=x86-64 -version -o /tmp/ccR7HW7E.s
GNU C17 (Anaconda gcc) version 11.2.0 (x86_64-conda-linux-gnu)
	compiled by GNU C version 11.2.0, GMP version 6.2.1, MPFR version 4.1.0, MPC version 1.2.1, isl version isl-0.24-GMP

GGC heuristics: --param ggc-min-expand=100 --param ggc-min-heapsize=131072
ignoring nonexistent directory "/home/qing/下载/enter/envs/ros_test/bin/../lib/gcc/x86_64-conda-linux-gnu/11.2.0/../../../../x86_64-conda-linux-gnu/include"
ignoring duplicate directory "/home/qing/下载/enter/envs/ros_test/bin/../lib/gcc/../../lib/gcc/x86_64-conda-linux-gnu/11.2.0/include"
ignoring nonexistent directory "/home/qing/下载/enter/envs/ros_test/bin/../x86_64-conda-linux-gnu/sysroot/opt/conda/conda-bld/gcc-compiler_1654084175708/work/gcc_built/x86_64-conda-linux-gnu/sysroot/include"
ignoring duplicate directory "/home/qing/下载/enter/envs/ros_test/bin/../lib/gcc/../../lib/gcc/x86_64-conda-linux-gnu/11.2.0/include-fixed"
ignoring nonexistent directory "/home/qing/下载/enter/envs/ros_test/bin/../lib/gcc/../../lib/gcc/x86_64-conda-linux-gnu/11.2.0/../../../../x86_64-conda-linux-gnu/include"
#include "..." search starts here:
#include <...> search starts here:
 /home/qing/下载/enter/envs/ros_test/bin/../lib/gcc/x86_64-conda-linux-gnu/11.2.0/include
 /home/qing/下载/enter/envs/ros_test/bin/../lib/gcc/x86_64-conda-linux-gnu/11.2.0/include-fixed
 /home/qing/下载/enter/envs/ros_test/bin/../x86_64-conda-linux-gnu/sysroot/usr/include
End of search list.
GNU C17 (Anaconda gcc) version 11.2.0 (x86_64-conda-linux-gnu)
	compiled by GNU C version 11.2.0, GMP version 6.2.1, MPFR version 4.1.0, MPC version 1.2.1, isl version isl-0.24-GMP

GGC heuristics: --param ggc-min-expand=100 --param ggc-min-heapsize=131072
Compiler executable checksum: e1e0bc17a565350666787f1586df2119
COLLECT_GCC_OPTIONS='-v' '-o' 'CMakeFiles/cmTC_cb617.dir/CMakeCCompilerABI.c.o' '-c' '-mtune=generic' '-march=x86-64' '-dumpdir' 'CMakeFiles/cmTC_cb617.dir/'
 /home/qing/下载/enter/envs/ros_test/bin/../lib/gcc/x86_64-conda-linux-gnu/11.2.0/../../../../x86_64-conda-linux-gnu/bin/as -v --64 -o CMakeFiles/cmTC_cb617.dir/CMakeCCompilerABI.c.o /tmp/ccR7HW7E.s
GNU assembler version 2.43 (x86_64-conda-linux-gnu) using BFD version (GNU Binutils) 2.43
COMPILER_PATH=/home/qing/下载/enter/envs/ros_test/bin/../libexec/gcc/x86_64-conda-linux-gnu/11.2.0/:/home/qing/下载/enter/envs/ros_test/bin/../libexec/gcc/:/home/qing/下载/enter/envs/ros_test/bin/../lib/gcc/x86_64-conda-linux-gnu/11.2.0/../../../../x86_64-conda-linux-gnu/bin/
LIBRARY_PATH=/home/qing/下载/enter/envs/ros_test/bin/../lib/gcc/x86_64-conda-linux-gnu/11.2.0/:/home/qing/下载/enter/envs/ros_test/bin/../lib/gcc/:/home/qing/下载/enter/envs/ros_test/bin/../lib/gcc/x86_64-conda-linux-gnu/11.2.0/../../../../x86_64-conda-linux-gnu/lib/../lib64/:/home/qing/下载/enter/envs/ros_test/bin/../x86_64-conda-linux-gnu/sysroot/lib/../lib64/:/home/qing/下载/enter/envs/ros_test/bin/../x86_64-conda-linux-gnu/sysroot/usr/lib/../lib64/:/home/qing/下载/enter/envs/ros_test/bin/../lib/gcc/x86_64-conda-linux-gnu/11.2.0/../../../../x86_64-conda-linux-gnu/lib/:/home/qing/下载/enter/envs/ros_test/bin/../x86_64-conda-linux-gnu/sysroot/lib/:/home/qing/下载/enter/envs/ros_test/bin/../x86_64-conda-linux-gnu/sysroot/usr/lib/
COLLECT_GCC_OPTIONS='-v' '-o' 'CMakeFiles/cmTC_cb617.dir/CMakeCCompilerABI.c.o' '-c' '-mtune=generic' '-march=x86-64' '-dumpdir' 'CMakeFiles/cmTC_cb617.dir/CMakeCCompilerABI.c.'
Linking C executable cmTC_cb617
/usr/bin/cmake -E cmake_link_script CMakeFiles/cmTC_cb617.dir/link.txt --verbose=1
/home/qing/下载/enter/envs/ros_test/bin/cc  -v CMakeFiles/cmTC_cb617.dir/CMakeCCompilerABI.c.o -o cmTC_cb617 
Reading specs from /home/qing/下载/enter/envs/ros_test/bin/../lib/gcc/x86_64-conda-linux-gnu/11.2.0/specs
COLLECT_GCC=/home/qing/下载/enter/envs/ros_test/bin/cc
COLLECT_LTO_WRAPPER=/home/qing/下载/enter/envs/ros_test/bin/../libexec/gcc/x86_64-conda-linux-gnu/11.2.0/lto-wrapper
Target: x86_64-conda-linux-gnu
Configured with: /opt/conda/conda-bld/gcc-compiler_1654084175708/work/gcc/configure --build=x86_64-build_conda-linux-gnu --host=x86_64-build_conda-linux-gnu --target=x86_64-conda-linux-gnu --prefix=/opt/conda/conda-bld/gcc-compiler_1654084175708/work/gcc_built --exec_prefix=/opt/conda/conda-bld/gcc-compiler_1654084175708/work/gcc_built --with-sysroot=/opt/conda/conda-bld/gcc-compiler_1654084175708/work/gcc_built/x86_64-conda-linux-gnu/sysroot --with-local-prefix=/opt/conda/conda-bld/gcc-compiler_1654084175708/work/gcc_built/x86_64-conda-linux-gnu/sysroot --enable-long-long --disable-multilib --disable-nls --with-gmp=/opt/conda/conda-bld/gcc-compiler_1654084175708/work/buildtools --with-mpfr=/opt/conda/conda-bld/gcc-compiler_1654084175708/work/buildtools --with-mpc=/opt/conda/conda-bld/gcc-compiler_1654084175708/work/buildtools --with-isl=/opt/conda/conda-bld/gcc-compiler_1654084175708/work/buildtools --without-zstd --enable-languages=c,c++,fortran,objc,obj-c++ --enable-__cxa_atexit --disable-libmudflap --enable-libgomp --enable-libquadmath --enable-libquadmath-support --enable-libsanitizer --disable-libstdcxx-verbose --enable-lto --enable-libcc1 --enable-threads=posix --enable-plugin --with-pkgversion='Anaconda gcc' --enable-libmpx
Thread model: posix
Supported LTO compression algorithms: zlib
gcc version 11.2.0 (Anaconda gcc) 
COMPILER_PATH=/home/qing/下载/enter/envs/ros_test/bin/../libexec/gcc/x86_64-conda-linux-gnu/11.2.0/:/home/qing/下载/enter/envs/ros_test/bin/../libexec/gcc/:/home/qing/下载/enter/envs/ros_test/bin/../lib/gcc/x86_64-conda-linux-gnu/11.2.0/../../../../x86_64-conda-linux-gnu/bin/
LIBRARY_PATH=/home/qing/下载/enter/envs/ros_test/bin/../lib/gcc/x86_64-conda-linux-gnu/11.2.0/:/home/qing/下载/enter/envs/ros_test/bin/../lib/gcc/:/home/qing/下载/enter/envs/ros_test/bin/../lib/gcc/x86_64-conda-linux-gnu/11.2.0/../../../../x86_64-conda-linux-gnu/lib/../lib64/:/home/qing/下载/enter/envs/ros_test/bin/../x86_64-conda-linux-gnu/sysroot/lib/../lib64/:/home/qing/下载/enter/envs/ros_test/bin/../x86_64-conda-linux-gnu/sysroot/usr/lib/../lib64/:/home/qing/下载/enter/envs/ros_test/bin/../lib/gcc/x86_64-conda-linux-gnu/11.2.0/../../../../x86_64-conda-linux-gnu/lib/:/home/qing/下载/enter/envs/ros_test/bin/../x86_64-conda-linux-gnu/sysroot/lib/:/home/qing/下载/enter/envs/ros_test/bin/../x86_64-conda-linux-gnu/sysroot/usr/lib/
COLLECT_GCC_OPTIONS='-v' '-o' 'cmTC_cb617' '-mtune=generic' '-march=x86-64' '-dumpdir' 'cmTC_cb617.'
 /home/qing/下载/enter/envs/ros_test/bin/../libexec/gcc/x86_64-conda-linux-gnu/11.2.0/collect2 -plugin /home/qing/下载/enter/envs/ros_test/bin/../libexec/gcc/x86_64-conda-linux-gnu/11.2.0/liblto_plugin.so -plugin-opt=/home/qing/下载/enter/envs/ros_test/bin/../libexec/gcc/x86_64-conda-linux-gnu/11.2.0/lto-wrapper -plugin-opt=-fresolution=/tmp/ccknQjUF.res -plugin-opt=-pass-through=-lgcc -plugin-opt=-pass-through=-lgcc_s -plugin-opt=-pass-through=-lc -plugin-opt=-pass-through=-lgcc -plugin-opt=-pass-through=-lgcc_s --sysroot=/home/qing/下载/enter/envs/ros_test/bin/../x86_64-conda-linux-gnu/sysroot --eh-frame-hdr -m elf_x86_64 -dynamic-linker /lib64/ld-linux-x86-64.so.2 -o cmTC_cb617 /home/qing/下载/enter/envs/ros_test/bin/../x86_64-conda-linux-gnu/sysroot/usr/lib/../lib64/crt1.o /home/qing/下载/enter/envs/ros_test/bin/../x86_64-conda-linux-gnu/sysroot/usr/lib/../lib64/crti.o /home/qing/下载/enter/envs/ros_test/bin/../lib/gcc/x86_64-conda-linux-gnu/11.2.0/crtbegin.o -L/home/qing/下载/enter/envs/ros_test/bin/../lib/gcc/x86_64-conda-linux-gnu/11.2.0 -L/home/qing/下载/enter/envs/ros_test/bin/../lib/gcc -L/home/qing/下载/enter/envs/ros_test/bin/../lib/gcc/x86_64-conda-linux-gnu/11.2.0/../../../../x86_64-conda-linux-gnu/lib/../lib64 -L/home/qing/下载/enter/envs/ros_test/bin/../x86_64-conda-linux-gnu/sysroot/lib/../lib64 -L/home/qing/下载/enter/envs/ros_test/bin/../x86_64-conda-linux-gnu/sysroot/usr/lib/../lib64 -L/home/qing/下载/enter/envs/ros_test/bin/../lib/gcc/x86_64-conda-linux-gnu/11.2.0/../../../../x86_64-conda-linux-gnu/lib -L/home/qing/下载/enter/envs/ros_test/bin/../x86_64-conda-linux-gnu/sysroot/lib -L/home/qing/下载/enter/envs/ros_test/bin/../x86_64-conda-linux-gnu/sysroot/usr/lib -rpath /home/qing/下载/enter/envs/ros_test/lib CMakeFiles/cmTC_cb617.dir/CMakeCCompilerABI.c.o -lgcc --push-state --as-needed -lgcc_s --pop-state -lc -lgcc --push-state --as-needed -lgcc_s --pop-state /home/qing/下载/enter/envs/ros_test/bin/../lib/gcc/x86_64-conda-linux-gnu/11.2.0/crtend.o /home/qing/下载/enter/envs/ros_test/bin/../x86_64-conda-linux-gnu/sysroot/usr/lib/../lib64/crtn.o
COLLECT_GCC_OPTIONS='-v' '-o' 'cmTC_cb617' '-mtune=generic' '-march=x86-64' '-dumpdir' 'cmTC_cb617.'
gmake[1]: Leaving directory '/home/qing/ros2_humble/chapt2/build/demo_cpp_pkg/CMakeFiles/CMakeTmp'



Parsed C implicit include dir info from above output: rv=done
  found start of include info
  found start of implicit include info
    add: [/home/qing/下载/enter/envs/ros_test/bin/../lib/gcc/x86_64-conda-linux-gnu/11.2.0/include]
    add: [/home/qing/下载/enter/envs/ros_test/bin/../lib/gcc/x86_64-conda-linux-gnu/11.2.0/include-fixed]
    add: [/home/qing/下载/enter/envs/ros_test/bin/../x86_64-conda-linux-gnu/sysroot/usr/include]
  end of search list found
  collapse include dir [/home/qing/下载/enter/envs/ros_test/bin/../lib/gcc/x86_64-conda-linux-gnu/11.2.0/include] ==> [/home/qing/下载/enter/envs/ros_test/lib/gcc/x86_64-conda-linux-gnu/11.2.0/include]
  collapse include dir [/home/qing/下载/enter/envs/ros_test/bin/../lib/gcc/x86_64-conda-linux-gnu/11.2.0/include-fixed] ==> [/home/qing/下载/enter/envs/ros_test/lib/gcc/x86_64-conda-linux-gnu/11.2.0/include-fixed]
  collapse include dir [/home/qing/下载/enter/envs/ros_test/bin/../x86_64-conda-linux-gnu/sysroot/usr/include] ==> [/home/qing/下载/enter/envs/ros_test/x86_64-conda-linux-gnu/sysroot/usr/include]
  implicit include dirs: [/home/qing/下载/enter/envs/ros_test/lib/gcc/x86_64-conda-linux-gnu/11.2.0/include;/home/qing/下载/enter/envs/ros_test/lib/gcc/x86_64-conda-linux-gnu/11.2.0/include-fixed;/home/qing/下载/enter/envs/ros_test/x86_64-conda-linux-gnu/sysroot/usr/include]


Parsed C implicit link information from above output:
  link line regex: [^( *|.*[/\])(ld|CMAKE_LINK_STARTFILE-NOTFOUND|([^/\]+-)?ld|collect2)[^/\]*( |$)]
  ignore line: [Change Dir: /home/qing/ros2_humble/chapt2/build/demo_cpp_pkg/CMakeFiles/CMakeTmp]
  ignore line: []
  ignore line: [Run Build Command(s):/usr/bin/gmake -f Makefile cmTC_cb617/fast && /usr/bin/gmake  -f CMakeFiles/cmTC_cb617.dir/build.make CMakeFiles/cmTC_cb617.dir/build]
  ignore line: [gmake[1]: Entering directory '/home/qing/ros2_humble/chapt2/build/demo_cpp_pkg/CMakeFiles/CMakeTmp']
  ignore line: [Building C object CMakeFiles/cmTC_cb617.dir/CMakeCCompilerABI.c.o]
  ignore line: [/home/qing/下载/enter/envs/ros_test/bin/cc   -v -o CMakeFiles/cmTC_cb617.dir/CMakeCCompilerABI.c.o -c /usr/share/cmake-3.22/Modules/CMakeCCompilerABI.c]
  ignore line: [Reading specs from /home/qing/下载/enter/envs/ros_test/bin/../lib/gcc/x86_64-conda-linux-gnu/11.2.0/specs]
  ignore line: [COLLECT_GCC=/home/qing/下载/enter/envs/ros_test/bin/cc]
  ignore line: [Target: x86_64-conda-linux-gnu]
  ignore line: [Configured with: /opt/conda/conda-bld/gcc-compiler_1654084175708/work/gcc/configure --build=x86_64-build_conda-linux-gnu --host=x86_64-build_conda-linux-gnu --target=x86_64-conda-linux-gnu --prefix=/opt/conda/conda-bld/gcc-compiler_1654084175708/work/gcc_built --exec_prefix=/opt/conda/conda-bld/gcc-compiler_1654084175708/work/gcc_built --with-sysroot=/opt/conda/conda-bld/gcc-compiler_1654084175708/work/gcc_built/x86_64-conda-linux-gnu/sysroot --with-local-prefix=/opt/conda/conda-bld/gcc-compiler_1654084175708/work/gcc_built/x86_64-conda-linux-gnu/sysroot --enable-long-long --disable-multilib --disable-nls --with-gmp=/opt/conda/conda-bld/gcc-compiler_1654084175708/work/buildtools --with-mpfr=/opt/conda/conda-bld/gcc-compiler_1654084175708/work/buildtools --with-mpc=/opt/conda/conda-bld/gcc-compiler_1654084175708/work/buildtools --with-isl=/opt/conda/conda-bld/gcc-compiler_1654084175708/work/buildtools --without-zstd --enable-languages=c c++ fortran objc obj-c++ --enable-__cxa_atexit --disable-libmudflap --enable-libgomp --enable-libquadmath --enable-libquadmath-support --enable-libsanitizer --disable-libstdcxx-verbose --enable-lto --enable-libcc1 --enable-threads=posix --enable-plugin --with-pkgversion='Anaconda gcc' --enable-libmpx]
  ignore line: [Thread model: posix]
  ignore line: [Supported LTO compression algorithms: zlib]
  ignore line: [gcc version 11.2.0 (Anaconda gcc) ]
  ignore line: [COLLECT_GCC_OPTIONS='-v' '-o' 'CMakeFiles/cmTC_cb617.dir/CMakeCCompilerABI.c.o' '-c' '-mtune=generic' '-march=x86-64' '-dumpdir' 'CMakeFiles/cmTC_cb617.dir/']
  ignore line: [ /home/qing/下载/enter/envs/ros_test/bin/../libexec/gcc/x86_64-conda-linux-gnu/11.2.0/cc1 -quiet -v -iprefix /home/qing/下载/enter/envs/ros_test/bin/../lib/gcc/x86_64-conda-linux-gnu/11.2.0/ -isysroot /home/qing/下载/enter/envs/ros_test/bin/../x86_64-conda-linux-gnu/sysroot /usr/share/cmake-3.22/Modules/CMakeCCompilerABI.c -quiet -dumpdir CMakeFiles/cmTC_cb617.dir/ -dumpbase CMakeCCompilerABI.c.c -dumpbase-ext .c -mtune=generic -march=x86-64 -version -o /tmp/ccR7HW7E.s]
  ignore line: [GNU C17 (Anaconda gcc) version 11.2.0 (x86_64-conda-linux-gnu)]
  ignore line: [	compiled by GNU C version 11.2.0  GMP version 6.2.1  MPFR version 4.1.0  MPC version 1.2.1  isl version isl-0.24-GMP]
  ignore line: []
  ignore line: [GGC heuristics: --param ggc-min-expand=100 --param ggc-min-heapsize=131072]
  ignore line: [ignoring nonexistent directory "/home/qing/下载/enter/envs/ros_test/bin/../lib/gcc/x86_64-conda-linux-gnu/11.2.0/../../../../x86_64-conda-linux-gnu/include"]
  ignore line: [ignoring duplicate directory "/home/qing/下载/enter/envs/ros_test/bin/../lib/gcc/../../lib/gcc/x86_64-conda-linux-gnu/11.2.0/include"]
  ignore line: [ignoring nonexistent directory "/home/qing/下载/enter/envs/ros_test/bin/../x86_64-conda-linux-gnu/sysroot/opt/conda/conda-bld/gcc-compiler_1654084175708/work/gcc_built/x86_64-conda-linux-gnu/sysroot/include"]
  ignore line: [ignoring duplicate directory "/home/qing/下载/enter/envs/ros_test/bin/../lib/gcc/../../lib/gcc/x86_64-conda-linux-gnu/11.2.0/include-fixed"]
  ignore line: [ignoring nonexistent directory "/home/qing/下载/enter/envs/ros_test/bin/../lib/gcc/../../lib/gcc/x86_64-conda-linux-gnu/11.2.0/../../../../x86_64-conda-linux-gnu/include"]
  ignore line: [#include "..." search starts here:]
  ignore line: [#include <...> search starts here:]
  ignore line: [ /home/qing/下载/enter/envs/ros_test/bin/../lib/gcc/x86_64-conda-linux-gnu/11.2.0/include]
  ignore line: [ /home/qing/下载/enter/envs/ros_test/bin/../lib/gcc/x86_64-conda-linux-gnu/11.2.0/include-fixed]
  ignore line: [ /home/qing/下载/enter/envs/ros_test/bin/../x86_64-conda-linux-gnu/sysroot/usr/include]
  ignore line: [End of search list.]
  ignore line: [GNU C17 (Anaconda gcc) version 11.2.0 (x86_64-conda-linux-gnu)]
  ignore line: [	compiled by GNU C version 11.2.0  GMP version 6.2.1  MPFR version 4.1.0  MPC version 1.2.1  isl version isl-0.24-GMP]
  ignore line: []
  ignore line: [GGC heuristics: --param ggc-min-expand=100 --param ggc-min-heapsize=131072]
  ignore line: [Compiler executable checksum: e1e0bc17a565350666787f1586df2119]
  ignore line: [COLLECT_GCC_OPTIONS='-v' '-o' 'CMakeFiles/cmTC_cb617.dir/CMakeCCompilerABI.c.o' '-c' '-mtune=generic' '-march=x86-64' '-dumpdir' 'CMakeFiles/cmTC_cb617.dir/']
  ignore line: [ /home/qing/下载/enter/envs/ros_test/bin/../lib/gcc/x86_64-conda-linux-gnu/11.2.0/../../../../x86_64-conda-linux-gnu/bin/as -v --64 -o CMakeFiles/cmTC_cb617.dir/CMakeCCompilerABI.c.o /tmp/ccR7HW7E.s]
  ignore line: [GNU assembler version 2.43 (x86_64-conda-linux-gnu) using BFD version (GNU Binutils) 2.43]
  ignore line: [COMPILER_PATH=/home/qing/下载/enter/envs/ros_test/bin/../libexec/gcc/x86_64-conda-linux-gnu/11.2.0/:/home/qing/下载/enter/envs/ros_test/bin/../libexec/gcc/:/home/qing/下载/enter/envs/ros_test/bin/../lib/gcc/x86_64-conda-linux-gnu/11.2.0/../../../../x86_64-conda-linux-gnu/bin/]
  ignore line: [LIBRARY_PATH=/home/qing/下载/enter/envs/ros_test/bin/../lib/gcc/x86_64-conda-linux-gnu/11.2.0/:/home/qing/下载/enter/envs/ros_test/bin/../lib/gcc/:/home/qing/下载/enter/envs/ros_test/bin/../lib/gcc/x86_64-conda-linux-gnu/11.2.0/../../../../x86_64-conda-linux-gnu/lib/../lib64/:/home/qing/下载/enter/envs/ros_test/bin/../x86_64-conda-linux-gnu/sysroot/lib/../lib64/:/home/qing/下载/enter/envs/ros_test/bin/../x86_64-conda-linux-gnu/sysroot/usr/lib/../lib64/:/home/qing/下载/enter/envs/ros_test/bin/../lib/gcc/x86_64-conda-linux-gnu/11.2.0/../../../../x86_64-conda-linux-gnu/lib/:/home/qing/下载/enter/envs/ros_test/bin/../x86_64-conda-linux-gnu/sysroot/lib/:/home/qing/下载/enter/envs/ros_test/bin/../x86_64-conda-linux-gnu/sysroot/usr/lib/]
  ignore line: [COLLECT_GCC_OPTIONS='-v' '-o' 'CMakeFiles/cmTC_cb617.dir/CMakeCCompilerABI.c.o' '-c' '-mtune=generic' '-march=x86-64' '-dumpdir' 'CMakeFiles/cmTC_cb617.dir/CMakeCCompilerABI.c.']
  ignore line: [Linking C executable cmTC_cb617]
  ignore line: [/usr/bin/cmake -E cmake_link_script CMakeFiles/cmTC_cb617.dir/link.txt --verbose=1]
  ignore line: [/home/qing/下载/enter/envs/ros_test/bin/cc  -v CMakeFiles/cmTC_cb617.dir/CMakeCCompilerABI.c.o -o cmTC_cb617 ]
  ignore line: [Reading specs from /home/qing/下载/enter/envs/ros_test/bin/../lib/gcc/x86_64-conda-linux-gnu/11.2.0/specs]
  ignore line: [COLLECT_GCC=/home/qing/下载/enter/envs/ros_test/bin/cc]
  ignore line: [COLLECT_LTO_WRAPPER=/home/qing/下载/enter/envs/ros_test/bin/../libexec/gcc/x86_64-conda-linux-gnu/11.2.0/lto-wrapper]
  ignore line: [Target: x86_64-conda-linux-gnu]
  ignore line: [Configured with: /opt/conda/conda-bld/gcc-compiler_1654084175708/work/gcc/configure --build=x86_64-build_conda-linux-gnu --host=x86_64-build_conda-linux-gnu --target=x86_64-conda-linux-gnu --prefix=/opt/conda/conda-bld/gcc-compiler_1654084175708/work/gcc_built --exec_prefix=/opt/conda/conda-bld/gcc-compiler_1654084175708/work/gcc_built --with-sysroot=/opt/conda/conda-bld/gcc-compiler_1654084175708/work/gcc_built/x86_64-conda-linux-gnu/sysroot --with-local-prefix=/opt/conda/conda-bld/gcc-compiler_1654084175708/work/gcc_built/x86_64-conda-linux-gnu/sysroot --enable-long-long --disable-multilib --disable-nls --with-gmp=/opt/conda/conda-bld/gcc-compiler_1654084175708/work/buildtools --with-mpfr=/opt/conda/conda-bld/gcc-compiler_1654084175708/work/buildtools --with-mpc=/opt/conda/conda-bld/gcc-compiler_1654084175708/work/buildtools --with-isl=/opt/conda/conda-bld/gcc-compiler_1654084175708/work/buildtools --without-zstd --enable-languages=c c++ fortran objc obj-c++ --enable-__cxa_atexit --disable-libmudflap --enable-libgomp --enable-libquadmath --enable-libquadmath-support --enable-libsanitizer --disable-libstdcxx-verbose --enable-lto --enable-libcc1 --enable-threads=posix --enable-plugin --with-pkgversion='Anaconda gcc' --enable-libmpx]
  ignore line: [Thread model: posix]
  ignore line: [Supported LTO compression algorithms: zlib]
  ignore line: [gcc version 11.2.0 (Anaconda gcc) ]
  ignore line: [COMPILER_PATH=/home/qing/下载/enter/envs/ros_test/bin/../libexec/gcc/x86_64-conda-linux-gnu/11.2.0/:/home/qing/下载/enter/envs/ros_test/bin/../libexec/gcc/:/home/qing/下载/enter/envs/ros_test/bin/../lib/gcc/x86_64-conda-linux-gnu/11.2.0/../../../../x86_64-conda-linux-gnu/bin/]
  ignore line: [LIBRARY_PATH=/home/qing/下载/enter/envs/ros_test/bin/../lib/gcc/x86_64-conda-linux-gnu/11.2.0/:/home/qing/下载/enter/envs/ros_test/bin/../lib/gcc/:/home/qing/下载/enter/envs/ros_test/bin/../lib/gcc/x86_64-conda-linux-gnu/11.2.0/../../../../x86_64-conda-linux-gnu/lib/../lib64/:/home/qing/下载/enter/envs/ros_test/bin/../x86_64-conda-linux-gnu/sysroot/lib/../lib64/:/home/qing/下载/enter/envs/ros_test/bin/../x86_64-conda-linux-gnu/sysroot/usr/lib/../lib64/:/home/qing/下载/enter/envs/ros_test/bin/../lib/gcc/x86_64-conda-linux-gnu/11.2.0/../../../../x86_64-conda-linux-gnu/lib/:/home/qing/下载/enter/envs/ros_test/bin/../x86_64-conda-linux-gnu/sysroot/lib/:/home/qing/下载/enter/envs/ros_test/bin/../x86_64-conda-linux-gnu/sysroot/usr/lib/]
  ignore line: [COLLECT_GCC_OPTIONS='-v' '-o' 'cmTC_cb617' '-mtune=generic' '-march=x86-64' '-dumpdir' 'cmTC_cb617.']
  link line: [ /home/qing/下载/enter/envs/ros_test/bin/../libexec/gcc/x86_64-conda-linux-gnu/11.2.0/collect2 -plugin /home/qing/下载/enter/envs/ros_test/bin/../libexec/gcc/x86_64-conda-linux-gnu/11.2.0/liblto_plugin.so -plugin-opt=/home/qing/下载/enter/envs/ros_test/bin/../libexec/gcc/x86_64-conda-linux-gnu/11.2.0/lto-wrapper -plugin-opt=-fresolution=/tmp/ccknQjUF.res -plugin-opt=-pass-through=-lgcc -plugin-opt=-pass-through=-lgcc_s -plugin-opt=-pass-through=-lc -plugin-opt=-pass-through=-lgcc -plugin-opt=-pass-through=-lgcc_s --sysroot=/home/qing/下载/enter/envs/ros_test/bin/../x86_64-conda-linux-gnu/sysroot --eh-frame-hdr -m elf_x86_64 -dynamic-linker /lib64/ld-linux-x86-64.so.2 -o cmTC_cb617 /home/qing/下载/enter/envs/ros_test/bin/../x86_64-conda-linux-gnu/sysroot/usr/lib/../lib64/crt1.o /home/qing/下载/enter/envs/ros_test/bin/../x86_64-conda-linux-gnu/sysroot/usr/lib/../lib64/crti.o /home/qing/下载/enter/envs/ros_test/bin/../lib/gcc/x86_64-conda-linux-gnu/11.2.0/crtbegin.o -L/home/qing/下载/enter/envs/ros_test/bin/../lib/gcc/x86_64-conda-linux-gnu/11.2.0 -L/home/qing/下载/enter/envs/ros_test/bin/../lib/gcc -L/home/qing/下载/enter/envs/ros_test/bin/../lib/gcc/x86_64-conda-linux-gnu/11.2.0/../../../../x86_64-conda-linux-gnu/lib/../lib64 -L/home/qing/下载/enter/envs/ros_test/bin/../x86_64-conda-linux-gnu/sysroot/lib/../lib64 -L/home/qing/下载/enter/envs/ros_test/bin/../x86_64-conda-linux-gnu/sysroot/usr/lib/../lib64 -L/home/qing/下载/enter/envs/ros_test/bin/../lib/gcc/x86_64-conda-linux-gnu/11.2.0/../../../../x86_64-conda-linux-gnu/lib -L/home/qing/下载/enter/envs/ros_test/bin/../x86_64-conda-linux-gnu/sysroot/lib -L/home/qing/下载/enter/envs/ros_test/bin/../x86_64-conda-linux-gnu/sysroot/usr/lib -rpath /home/qing/下载/enter/envs/ros_test/lib CMakeFiles/cmTC_cb617.dir/CMakeCCompilerABI.c.o -lgcc --push-state --as-needed -lgcc_s --pop-state -lc -lgcc --push-state --as-needed -lgcc_s --pop-state /home/qing/下载/enter/envs/ros_test/bin/../lib/gcc/x86_64-conda-linux-gnu/11.2.0/crtend.o /home/qing/下载/enter/envs/ros_test/bin/../x86_64-conda-linux-gnu/sysroot/usr/lib/../lib64/crtn.o]
    arg [/home/qing/下载/enter/envs/ros_test/bin/../libexec/gcc/x86_64-conda-linux-gnu/11.2.0/collect2] ==> ignore
    arg [-plugin] ==> ignore
    arg [/home/qing/下载/enter/envs/ros_test/bin/../libexec/gcc/x86_64-conda-linux-gnu/11.2.0/liblto_plugin.so] ==> ignore
    arg [-plugin-opt=/home/qing/下载/enter/envs/ros_test/bin/../libexec/gcc/x86_64-conda-linux-gnu/11.2.0/lto-wrapper] ==> ignore
    arg [-plugin-opt=-fresolution=/tmp/ccknQjUF.res] ==> ignore
    arg [-plugin-opt=-pass-through=-lgcc] ==> ignore
    arg [-plugin-opt=-pass-through=-lgcc_s] ==> ignore
    arg [-plugin-opt=-pass-through=-lc] ==> ignore
    arg [-plugin-opt=-pass-through=-lgcc] ==> ignore
    arg [-plugin-opt=-pass-through=-lgcc_s] ==> ignore
    arg [--sysroot=/home/qing/下载/enter/envs/ros_test/bin/../x86_64-conda-linux-gnu/sysroot] ==> ignore
    arg [--eh-frame-hdr] ==> ignore
    arg [-m] ==> ignore
    arg [elf_x86_64] ==> ignore
    arg [-dynamic-linker] ==> ignore
    arg [/lib64/ld-linux-x86-64.so.2] ==> ignore
    arg [-o] ==> ignore
    arg [cmTC_cb617] ==> ignore
    arg [/home/qing/下载/enter/envs/ros_test/bin/../x86_64-conda-linux-gnu/sysroot/usr/lib/../lib64/crt1.o] ==> obj [/home/qing/下载/enter/envs/ros_test/bin/../x86_64-conda-linux-gnu/sysroot/usr/lib/../lib64/crt1.o]
    arg [/home/qing/下载/enter/envs/ros_test/bin/../x86_64-conda-linux-gnu/sysroot/usr/lib/../lib64/crti.o] ==> obj [/home/qing/下载/enter/envs/ros_test/bin/../x86_64-conda-linux-gnu/sysroot/usr/lib/../lib64/crti.o]
    arg [/home/qing/下载/enter/envs/ros_test/bin/../lib/gcc/x86_64-conda-linux-gnu/11.2.0/crtbegin.o] ==> obj [/home/qing/下载/enter/envs/ros_test/bin/../lib/gcc/x86_64-conda-linux-gnu/11.2.0/crtbegin.o]
    arg [-L/home/qing/下载/enter/envs/ros_test/bin/../lib/gcc/x86_64-conda-linux-gnu/11.2.0] ==> dir [/home/qing/下载/enter/envs/ros_test/bin/../lib/gcc/x86_64-conda-linux-gnu/11.2.0]
    arg [-L/home/qing/下载/enter/envs/ros_test/bin/../lib/gcc] ==> dir [/home/qing/下载/enter/envs/ros_test/bin/../lib/gcc]
    arg [-L/home/qing/下载/enter/envs/ros_test/bin/../lib/gcc/x86_64-conda-linux-gnu/11.2.0/../../../../x86_64-conda-linux-gnu/lib/../lib64] ==> dir [/home/qing/下载/enter/envs/ros_test/bin/../lib/gcc/x86_64-conda-linux-gnu/11.2.0/../../../../x86_64-conda-linux-gnu/lib/../lib64]
    arg [-L/home/qing/下载/enter/envs/ros_test/bin/../x86_64-conda-linux-gnu/sysroot/lib/../lib64] ==> dir [/home/qing/下载/enter/envs/ros_test/bin/../x86_64-conda-linux-gnu/sysroot/lib/../lib64]
    arg [-L/home/qing/下载/enter/envs/ros_test/bin/../x86_64-conda-linux-gnu/sysroot/usr/lib/../lib64] ==> dir [/home/qing/下载/enter/envs/ros_test/bin/../x86_64-conda-linux-gnu/sysroot/usr/lib/../lib64]
    arg [-L/home/qing/下载/enter/envs/ros_test/bin/../lib/gcc/x86_64-conda-linux-gnu/11.2.0/../../../../x86_64-conda-linux-gnu/lib] ==> dir [/home/qing/下载/enter/envs/ros_test/bin/../lib/gcc/x86_64-conda-linux-gnu/11.2.0/../../../../x86_64-conda-linux-gnu/lib]
    arg [-L/home/qing/下载/enter/envs/ros_test/bin/../x86_64-conda-linux-gnu/sysroot/lib] ==> dir [/home/qing/下载/enter/envs/ros_test/bin/../x86_64-conda-linux-gnu/sysroot/lib]
    arg [-L/home/qing/下载/enter/envs/ros_test/bin/../x86_64-conda-linux-gnu/sysroot/usr/lib] ==> dir [/home/qing/下载/enter/envs/ros_test/bin/../x86_64-conda-linux-gnu/sysroot/usr/lib]
    arg [-rpath] ==> ignore
    arg [/home/qing/下载/enter/envs/ros_test/lib] ==> ignore
    arg [CMakeFiles/cmTC_cb617.dir/CMakeCCompilerABI.c.o] ==> ignore
    arg [-lgcc] ==> lib [gcc]
    arg [--push-state] ==> ignore
    arg [--as-needed] ==> ignore
    arg [-lgcc_s] ==> lib [gcc_s]
    arg [--pop-state] ==> ignore
    arg [-lc] ==> lib [c]
    arg [-lgcc] ==> lib [gcc]
    arg [--push-state] ==> ignore
    arg [--as-needed] ==> ignore
    arg [-lgcc_s] ==> lib [gcc_s]
    arg [--pop-state] ==> ignore
    arg [/home/qing/下载/enter/envs/ros_test/bin/../lib/gcc/x86_64-conda-linux-gnu/11.2.0/crtend.o] ==> obj [/home/qing/下载/enter/envs/ros_test/bin/../lib/gcc/x86_64-conda-linux-gnu/11.2.0/crtend.o]
    arg [/home/qing/下载/enter/envs/ros_test/bin/../x86_64-conda-linux-gnu/sysroot/usr/lib/../lib64/crtn.o] ==> obj [/home/qing/下载/enter/envs/ros_test/bin/../x86_64-conda-linux-gnu/sysroot/usr/lib/../lib64/crtn.o]
  collapse obj [/home/qing/下载/enter/envs/ros_test/bin/../x86_64-conda-linux-gnu/sysroot/usr/lib/../lib64/crt1.o] ==> [/home/qing/下载/enter/envs/ros_test/x86_64-conda-linux-gnu/sysroot/usr/lib64/crt1.o]
  collapse obj [/home/qing/下载/enter/envs/ros_test/bin/../x86_64-conda-linux-gnu/sysroot/usr/lib/../lib64/crti.o] ==> [/home/qing/下载/enter/envs/ros_test/x86_64-conda-linux-gnu/sysroot/usr/lib64/crti.o]
  collapse obj [/home/qing/下载/enter/envs/ros_test/bin/../lib/gcc/x86_64-conda-linux-gnu/11.2.0/crtbegin.o] ==> [/home/qing/下载/enter/envs/ros_test/lib/gcc/x86_64-conda-linux-gnu/11.2.0/crtbegin.o]
  collapse obj [/home/qing/下载/enter/envs/ros_test/bin/../lib/gcc/x86_64-conda-linux-gnu/11.2.0/crtend.o] ==> [/home/qing/下载/enter/envs/ros_test/lib/gcc/x86_64-conda-linux-gnu/11.2.0/crtend.o]
  collapse obj [/home/qing/下载/enter/envs/ros_test/bin/../x86_64-conda-linux-gnu/sysroot/usr/lib/../lib64/crtn.o] ==> [/home/qing/下载/enter/envs/ros_test/x86_64-conda-linux-gnu/sysroot/usr/lib64/crtn.o]
  collapse library dir [/home/qing/下载/enter/envs/ros_test/bin/../lib/gcc/x86_64-conda-linux-gnu/11.2.0] ==> [/home/qing/下载/enter/envs/ros_test/lib/gcc/x86_64-conda-linux-gnu/11.2.0]
  collapse library dir [/home/qing/下载/enter/envs/ros_test/bin/../lib/gcc] ==> [/home/qing/下载/enter/envs/ros_test/lib/gcc]
  collapse library dir [/home/qing/下载/enter/envs/ros_test/bin/../lib/gcc/x86_64-conda-linux-gnu/11.2.0/../../../../x86_64-conda-linux-gnu/lib/../lib64] ==> [/home/qing/下载/enter/envs/ros_test/x86_64-conda-linux-gnu/lib64]
  collapse library dir [/home/qing/下载/enter/envs/ros_test/bin/../x86_64-conda-linux-gnu/sysroot/lib/../lib64] ==> [/home/qing/下载/enter/envs/ros_test/x86_64-conda-linux-gnu/sysroot/lib64]
  collapse library dir [/home/qing/下载/enter/envs/ros_test/bin/../x86_64-conda-linux-gnu/sysroot/usr/lib/../lib64] ==> [/home/qing/下载/enter/envs/ros_test/x86_64-conda-linux-gnu/sysroot/usr/lib64]
  collapse library dir [/home/qing/下载/enter/envs/ros_test/bin/../lib/gcc/x86_64-conda-linux-gnu/11.2.0/../../../../x86_64-conda-linux-gnu/lib] ==> [/home/qing/下载/enter/envs/ros_test/x86_64-conda-linux-gnu/lib]
  collapse library dir [/home/qing/下载/enter/envs/ros_test/bin/../x86_64-conda-linux-gnu/sysroot/lib] ==> [/home/qing/下载/enter/envs/ros_test/x86_64-conda-linux-gnu/sysroot/lib]
  collapse library dir [/home/qing/下载/enter/envs/ros_test/bin/../x86_64-conda-linux-gnu/sysroot/usr/lib] ==> [/home/qing/下载/enter/envs/ros_test/x86_64-conda-linux-gnu/sysroot/usr/lib]
  implicit libs: [gcc;gcc_s;c;gcc;gcc_s]
  implicit objs: [/home/qing/下载/enter/envs/ros_test/x86_64-conda-linux-gnu/sysroot/usr/lib64/crt1.o;/home/qing/下载/enter/envs/ros_test/x86_64-conda-linux-gnu/sysroot/usr/lib64/crti.o;/home/qing/下载/enter/envs/ros_test/lib/gcc/x86_64-conda-linux-gnu/11.2.0/crtbegin.o;/home/qing/下载/enter/envs/ros_test/lib/gcc/x86_64-conda-linux-gnu/11.2.0/crtend.o;/home/qing/下载/enter/envs/ros_test/x86_64-conda-linux-gnu/sysroot/usr/lib64/crtn.o]
  implicit dirs: [/home/qing/下载/enter/envs/ros_test/lib/gcc/x86_64-conda-linux-gnu/11.2.0;/home/qing/下载/enter/envs/ros_test/lib/gcc;/home/qing/下载/enter/envs/ros_test/x86_64-conda-linux-gnu/lib64;/home/qing/下载/enter/envs/ros_test/x86_64-conda-linux-gnu/sysroot/lib64;/home/qing/下载/enter/envs/ros_test/x86_64-conda-linux-gnu/sysroot/usr/lib64;/home/qing/下载/enter/envs/ros_test/x86_64-conda-linux-gnu/lib;/home/qing/下载/enter/envs/ros_test/x86_64-conda-linux-gnu/sysroot/lib;/home/qing/下载/enter/envs/ros_test/x86_64-conda-linux-gnu/sysroot/usr/lib]
  implicit fwks: []


Detecting CXX compiler ABI info compiled with the following output:
Change Dir: /home/qing/ros2_humble/chapt2/build/demo_cpp_pkg/CMakeFiles/CMakeTmp

Run Build Command(s):/usr/bin/gmake -f Makefile cmTC_fded0/fast && /usr/bin/gmake  -f CMakeFiles/cmTC_fded0.dir/build.make CMakeFiles/cmTC_fded0.dir/build
gmake[1]: Entering directory '/home/qing/ros2_humble/chapt2/build/demo_cpp_pkg/CMakeFiles/CMakeTmp'
Building CXX object CMakeFiles/cmTC_fded0.dir/CMakeCXXCompilerABI.cpp.o
/usr/bin/c++   -v -o CMakeFiles/cmTC_fded0.dir/CMakeCXXCompilerABI.cpp.o -c /usr/share/cmake-3.22/Modules/CMakeCXXCompilerABI.cpp
Using built-in specs.
COLLECT_GCC=/usr/bin/c++
OFFLOAD_TARGET_NAMES=nvptx-none:amdgcn-amdhsa
OFFLOAD_TARGET_DEFAULT=1
Target: x86_64-linux-gnu
Configured with: ../src/configure -v --with-pkgversion='Ubuntu 11.4.0-1ubuntu1~22.04' --with-bugurl=file:///usr/share/doc/gcc-11/README.Bugs --enable-languages=c,ada,c++,go,brig,d,fortran,objc,obj-c++,m2 --prefix=/usr --with-gcc-major-version-only --program-suffix=-11 --program-prefix=x86_64-linux-gnu- --enable-shared --enable-linker-build-id --libexecdir=/usr/lib --without-included-gettext --enable-threads=posix --libdir=/usr/lib --enable-nls --enable-bootstrap --enable-clocale=gnu --enable-libstdcxx-debug --enable-libstdcxx-time=yes --with-default-libstdcxx-abi=new --enable-gnu-unique-object --disable-vtable-verify --enable-plugin --enable-default-pie --with-system-zlib --enable-libphobos-checking=release --with-target-system-zlib=auto --enable-objc-gc=auto --enable-multiarch --disable-werror --enable-cet --with-arch-32=i686 --with-abi=m64 --with-multilib-list=m32,m64,mx32 --enable-multilib --with-tune=generic --enable-offload-targets=nvptx-none=/build/gcc-11-XeT9lY/gcc-11-11.4.0/debian/tmp-nvptx/usr,amdgcn-amdhsa=/build/gcc-11-XeT9lY/gcc-11-11.4.0/debian/tmp-gcn/usr --without-cuda-driver --enable-checking=release --build=x86_64-linux-gnu --host=x86_64-linux-gnu --target=x86_64-linux-gnu --with-build-config=bootstrap-lto-lean --enable-link-serialization=2
Thread model: posix
Supported LTO compression algorithms: zlib zstd
gcc version 11.4.0 (Ubuntu 11.4.0-1ubuntu1~22.04) 
COLLECT_GCC_OPTIONS='-v' '-o' 'CMakeFiles/cmTC_fded0.dir/CMakeCXXCompilerABI.cpp.o' '-c' '-shared-libgcc' '-mtune=generic' '-march=x86-64' '-dumpdir' 'CMakeFiles/cmTC_fded0.dir/'
 /usr/lib/gcc/x86_64-linux-gnu/11/cc1plus -quiet -v -imultiarch x86_64-linux-gnu -D_GNU_SOURCE /usr/share/cmake-3.22/Modules/CMakeCXXCompilerABI.cpp -quiet -dumpdir CMakeFiles/cmTC_fded0.dir/ -dumpbase CMakeCXXCompilerABI.cpp.cpp -dumpbase-ext .cpp -mtune=generic -march=x86-64 -version -fasynchronous-unwind-tables -fstack-protector-strong -Wformat -Wformat-security -fstack-clash-protection -fcf-protection -o /tmp/ccRAupeZ.s
GNU C++17 (Ubuntu 11.4.0-1ubuntu1~22.04) version 11.4.0 (x86_64-linux-gnu)
	compiled by GNU C version 11.4.0, GMP version 6.2.1, MPFR version 4.1.0, MPC version 1.2.1, isl version isl-0.24-GMP

GGC heuristics: --param ggc-min-expand=100 --param ggc-min-heapsize=131072
ignoring duplicate directory "/usr/include/x86_64-linux-gnu/c++/11"
ignoring nonexistent directory "/usr/local/include/x86_64-linux-gnu"
ignoring nonexistent directory "/usr/lib/gcc/x86_64-linux-gnu/11/include-fixed"
ignoring nonexistent directory "/usr/lib/gcc/x86_64-linux-gnu/11/../../../../x86_64-linux-gnu/include"
#include "..." search starts here:
#include <...> search starts here:
 /usr/include/c++/11
 /usr/include/x86_64-linux-gnu/c++/11
 /usr/include/c++/11/backward
 /usr/lib/gcc/x86_64-linux-gnu/11/include
 /usr/local/include
 /usr/include/x86_64-linux-gnu
 /usr/include
End of search list.
GNU C++17 (Ubuntu 11.4.0-1ubuntu1~22.04) version 11.4.0 (x86_64-linux-gnu)
	compiled by GNU C version 11.4.0, GMP version 6.2.1, MPFR version 4.1.0, MPC version 1.2.1, isl version isl-0.24-GMP

GGC heuristics: --param ggc-min-expand=100 --param ggc-min-heapsize=131072
Compiler executable checksum: d591828bb4d392ae8b7b160e5bb0b95f
COLLECT_GCC_OPTIONS='-v' '-o' 'CMakeFiles/cmTC_fded0.dir/CMakeCXXCompilerABI.cpp.o' '-c' '-shared-libgcc' '-mtune=generic' '-march=x86-64' '-dumpdir' 'CMakeFiles/cmTC_fded0.dir/'
 as -v --64 -o CMakeFiles/cmTC_fded0.dir/CMakeCXXCompilerABI.cpp.o /tmp/ccRAupeZ.s
GNU assembler version 2.38 (x86_64-linux-gnu) using BFD version (GNU Binutils for Ubuntu) 2.38
COMPILER_PATH=/usr/lib/gcc/x86_64-linux-gnu/11/:/usr/lib/gcc/x86_64-linux-gnu/11/:/usr/lib/gcc/x86_64-linux-gnu/:/usr/lib/gcc/x86_64-linux-gnu/11/:/usr/lib/gcc/x86_64-linux-gnu/
LIBRARY_PATH=/usr/lib/gcc/x86_64-linux-gnu/11/:/usr/lib/gcc/x86_64-linux-gnu/11/../../../x86_64-linux-gnu/:/usr/lib/gcc/x86_64-linux-gnu/11/../../../../lib/:/lib/x86_64-linux-gnu/:/lib/../lib/:/usr/lib/x86_64-linux-gnu/:/usr/lib/../lib/:/usr/lib/gcc/x86_64-linux-gnu/11/../../../:/lib/:/usr/lib/
COLLECT_GCC_OPTIONS='-v' '-o' 'CMakeFiles/cmTC_fded0.dir/CMakeCXXCompilerABI.cpp.o' '-c' '-shared-libgcc' '-mtune=generic' '-march=x86-64' '-dumpdir' 'CMakeFiles/cmTC_fded0.dir/CMakeCXXCompilerABI.cpp.'
Linking CXX executable cmTC_fded0
/usr/bin/cmake -E cmake_link_script CMakeFiles/cmTC_fded0.dir/link.txt --verbose=1
/usr/bin/c++  -v CMakeFiles/cmTC_fded0.dir/CMakeCXXCompilerABI.cpp.o -o cmTC_fded0 
Using built-in specs.
COLLECT_GCC=/usr/bin/c++
COLLECT_LTO_WRAPPER=/usr/lib/gcc/x86_64-linux-gnu/11/lto-wrapper
OFFLOAD_TARGET_NAMES=nvptx-none:amdgcn-amdhsa
OFFLOAD_TARGET_DEFAULT=1
Target: x86_64-linux-gnu
Configured with: ../src/configure -v --with-pkgversion='Ubuntu 11.4.0-1ubuntu1~22.04' --with-bugurl=file:///usr/share/doc/gcc-11/README.Bugs --enable-languages=c,ada,c++,go,brig,d,fortran,objc,obj-c++,m2 --prefix=/usr --with-gcc-major-version-only --program-suffix=-11 --program-prefix=x86_64-linux-gnu- --enable-shared --enable-linker-build-id --libexecdir=/usr/lib --without-included-gettext --enable-threads=posix --libdir=/usr/lib --enable-nls --enable-bootstrap --enable-clocale=gnu --enable-libstdcxx-debug --enable-libstdcxx-time=yes --with-default-libstdcxx-abi=new --enable-gnu-unique-object --disable-vtable-verify --enable-plugin --enable-default-pie --with-system-zlib --enable-libphobos-checking=release --with-target-system-zlib=auto --enable-objc-gc=auto --enable-multiarch --disable-werror --enable-cet --with-arch-32=i686 --with-abi=m64 --with-multilib-list=m32,m64,mx32 --enable-multilib --with-tune=generic --enable-offload-targets=nvptx-none=/build/gcc-11-XeT9lY/gcc-11-11.4.0/debian/tmp-nvptx/usr,amdgcn-amdhsa=/build/gcc-11-XeT9lY/gcc-11-11.4.0/debian/tmp-gcn/usr --without-cuda-driver --enable-checking=release --build=x86_64-linux-gnu --host=x86_64-linux-gnu --target=x86_64-linux-gnu --with-build-config=bootstrap-lto-lean --enable-link-serialization=2
Thread model: posix
Supported LTO compression algorithms: zlib zstd
gcc version 11.4.0 (Ubuntu 11.4.0-1ubuntu1~22.04) 
COMPILER_PATH=/usr/lib/gcc/x86_64-linux-gnu/11/:/usr/lib/gcc/x86_64-linux-gnu/11/:/usr/lib/gcc/x86_64-linux-gnu/:/usr/lib/gcc/x86_64-linux-gnu/11/:/usr/lib/gcc/x86_64-linux-gnu/
LIBRARY_PATH=/usr/lib/gcc/x86_64-linux-gnu/11/:/usr/lib/gcc/x86_64-linux-gnu/11/../../../x86_64-linux-gnu/:/usr/lib/gcc/x86_64-linux-gnu/11/../../../../lib/:/lib/x86_64-linux-gnu/:/lib/../lib/:/usr/lib/x86_64-linux-gnu/:/usr/lib/../lib/:/usr/lib/gcc/x86_64-linux-gnu/11/../../../:/lib/:/usr/lib/
COLLECT_GCC_OPTIONS='-v' '-o' 'cmTC_fded0' '-shared-libgcc' '-mtune=generic' '-march=x86-64' '-dumpdir' 'cmTC_fded0.'
 /usr/lib/gcc/x86_64-linux-gnu/11/collect2 -plugin /usr/lib/gcc/x86_64-linux-gnu/11/liblto_plugin.so -plugin-opt=/usr/lib/gcc/x86_64-linux-gnu/11/lto-wrapper -plugin-opt=-fresolution=/tmp/ccLOuoCV.res -plugin-opt=-pass-through=-lgcc_s -plugin-opt=-pass-through=-lgcc -plugin-opt=-pass-through=-lc -plugin-opt=-pass-through=-lgcc_s -plugin-opt=-pass-through=-lgcc --build-id --eh-frame-hdr -m elf_x86_64 --hash-style=gnu --as-needed -dynamic-linker /lib64/ld-linux-x86-64.so.2 -pie -z now -z relro -o cmTC_fded0 /usr/lib/gcc/x86_64-linux-gnu/11/../../../x86_64-linux-gnu/Scrt1.o /usr/lib/gcc/x86_64-linux-gnu/11/../../../x86_64-linux-gnu/crti.o /usr/lib/gcc/x86_64-linux-gnu/11/crtbeginS.o -L/usr/lib/gcc/x86_64-linux-gnu/11 -L/usr/lib/gcc/x86_64-linux-gnu/11/../../../x86_64-linux-gnu -L/usr/lib/gcc/x86_64-linux-gnu/11/../../../../lib -L/lib/x86_64-linux-gnu -L/lib/../lib -L/usr/lib/x86_64-linux-gnu -L/usr/lib/../lib -L/usr/lib/gcc/x86_64-linux-gnu/11/../../.. CMakeFiles/cmTC_fded0.dir/CMakeCXXCompilerABI.cpp.o -lstdc++ -lm -lgcc_s -lgcc -lc -lgcc_s -lgcc /usr/lib/gcc/x86_64-linux-gnu/11/crtendS.o /usr/lib/gcc/x86_64-linux-gnu/11/../../../x86_64-linux-gnu/crtn.o
COLLECT_GCC_OPTIONS='-v' '-o' 'cmTC_fded0' '-shared-libgcc' '-mtune=generic' '-march=x86-64' '-dumpdir' 'cmTC_fded0.'
gmake[1]: Leaving directory '/home/qing/ros2_humble/chapt2/build/demo_cpp_pkg/CMakeFiles/CMakeTmp'



Parsed CXX implicit include dir info from above output: rv=done
  found start of include info
  found start of implicit include info
    add: [/usr/include/c++/11]
    add: [/usr/include/x86_64-linux-gnu/c++/11]
    add: [/usr/include/c++/11/backward]
    add: [/usr/lib/gcc/x86_64-linux-gnu/11/include]
    add: [/usr/local/include]
    add: [/usr/include/x86_64-linux-gnu]
    add: [/usr/include]
  end of search list found
  collapse include dir [/usr/include/c++/11] ==> [/usr/include/c++/11]
  collapse include dir [/usr/include/x86_64-linux-gnu/c++/11] ==> [/usr/include/x86_64-linux-gnu/c++/11]
  collapse include dir [/usr/include/c++/11/backward] ==> [/usr/include/c++/11/backward]
  collapse include dir [/usr/lib/gcc/x86_64-linux-gnu/11/include] ==> [/usr/lib/gcc/x86_64-linux-gnu/11/include]
  collapse include dir [/usr/local/include] ==> [/usr/local/include]
  collapse include dir [/usr/include/x86_64-linux-gnu] ==> [/usr/include/x86_64-linux-gnu]
  collapse include dir [/usr/include] ==> [/usr/include]
  implicit include dirs: [/usr/include/c++/11;/usr/include/x86_64-linux-gnu/c++/11;/usr/include/c++/11/backward;/usr/lib/gcc/x86_64-linux-gnu/11/include;/usr/local/include;/usr/include/x86_64-linux-gnu;/usr/include]


Parsed CXX implicit link information from above output:
  link line regex: [^( *|.*[/\])(ld|CMAKE_LINK_STARTFILE-NOTFOUND|([^/\]+-)?ld|collect2)[^/\]*( |$)]
  ignore line: [Change Dir: /home/qing/ros2_humble/chapt2/build/demo_cpp_pkg/CMakeFiles/CMakeTmp]
  ignore line: []
  ignore line: [Run Build Command(s):/usr/bin/gmake -f Makefile cmTC_fded0/fast && /usr/bin/gmake  -f CMakeFiles/cmTC_fded0.dir/build.make CMakeFiles/cmTC_fded0.dir/build]
  ignore line: [gmake[1]: Entering directory '/home/qing/ros2_humble/chapt2/build/demo_cpp_pkg/CMakeFiles/CMakeTmp']
  ignore line: [Building CXX object CMakeFiles/cmTC_fded0.dir/CMakeCXXCompilerABI.cpp.o]
  ignore line: [/usr/bin/c++   -v -o CMakeFiles/cmTC_fded0.dir/CMakeCXXCompilerABI.cpp.o -c /usr/share/cmake-3.22/Modules/CMakeCXXCompilerABI.cpp]
  ignore line: [Using built-in specs.]
  ignore line: [COLLECT_GCC=/usr/bin/c++]
  ignore line: [OFFLOAD_TARGET_NAMES=nvptx-none:amdgcn-amdhsa]
  ignore line: [OFFLOAD_TARGET_DEFAULT=1]
  ignore line: [Target: x86_64-linux-gnu]
  ignore line: [Configured with: ../src/configure -v --with-pkgversion='Ubuntu 11.4.0-1ubuntu1~22.04' --with-bugurl=file:///usr/share/doc/gcc-11/README.Bugs --enable-languages=c ada c++ go brig d fortran objc obj-c++ m2 --prefix=/usr --with-gcc-major-version-only --program-suffix=-11 --program-prefix=x86_64-linux-gnu- --enable-shared --enable-linker-build-id --libexecdir=/usr/lib --without-included-gettext --enable-threads=posix --libdir=/usr/lib --enable-nls --enable-bootstrap --enable-clocale=gnu --enable-libstdcxx-debug --enable-libstdcxx-time=yes --with-default-libstdcxx-abi=new --enable-gnu-unique-object --disable-vtable-verify --enable-plugin --enable-default-pie --with-system-zlib --enable-libphobos-checking=release --with-target-system-zlib=auto --enable-objc-gc=auto --enable-multiarch --disable-werror --enable-cet --with-arch-32=i686 --with-abi=m64 --with-multilib-list=m32 m64 mx32 --enable-multilib --with-tune=generic --enable-offload-targets=nvptx-none=/build/gcc-11-XeT9lY/gcc-11-11.4.0/debian/tmp-nvptx/usr amdgcn-amdhsa=/build/gcc-11-XeT9lY/gcc-11-11.4.0/debian/tmp-gcn/usr --without-cuda-driver --enable-checking=release --build=x86_64-linux-gnu --host=x86_64-linux-gnu --target=x86_64-linux-gnu --with-build-config=bootstrap-lto-lean --enable-link-serialization=2]
  ignore line: [Thread model: posix]
  ignore line: [Supported LTO compression algorithms: zlib zstd]
  ignore line: [gcc version 11.4.0 (Ubuntu 11.4.0-1ubuntu1~22.04) ]
  ignore line: [COLLECT_GCC_OPTIONS='-v' '-o' 'CMakeFiles/cmTC_fded0.dir/CMakeCXXCompilerABI.cpp.o' '-c' '-shared-libgcc' '-mtune=generic' '-march=x86-64' '-dumpdir' 'CMakeFiles/cmTC_fded0.dir/']
  ignore line: [ /usr/lib/gcc/x86_64-linux-gnu/11/cc1plus -quiet -v -imultiarch x86_64-linux-gnu -D_GNU_SOURCE /usr/share/cmake-3.22/Modules/CMakeCXXCompilerABI.cpp -quiet -dumpdir CMakeFiles/cmTC_fded0.dir/ -dumpbase CMakeCXXCompilerABI.cpp.cpp -dumpbase-ext .cpp -mtune=generic -march=x86-64 -version -fasynchronous-unwind-tables -fstack-protector-strong -Wformat -Wformat-security -fstack-clash-protection -fcf-protection -o /tmp/ccRAupeZ.s]
  ignore line: [GNU C++17 (Ubuntu 11.4.0-1ubuntu1~22.04) version 11.4.0 (x86_64-linux-gnu)]
  ignore line: [	compiled by GNU C version 11.4.0  GMP version 6.2.1  MPFR version 4.1.0  MPC version 1.2.1  isl version isl-0.24-GMP]
  ignore line: []
  ignore line: [GGC heuristics: --param ggc-min-expand=100 --param ggc-min-heapsize=131072]
  ignore line: [ignoring duplicate directory "/usr/include/x86_64-linux-gnu/c++/11"]
  ignore line: [ignoring nonexistent directory "/usr/local/include/x86_64-linux-gnu"]
  ignore line: [ignoring nonexistent directory "/usr/lib/gcc/x86_64-linux-gnu/11/include-fixed"]
  ignore line: [ignoring nonexistent directory "/usr/lib/gcc/x86_64-linux-gnu/11/../../../../x86_64-linux-gnu/include"]
  ignore line: [#include "..." search starts here:]
  ignore line: [#include <...> search starts here:]
  ignore line: [ /usr/include/c++/11]
  ignore line: [ /usr/include/x86_64-linux-gnu/c++/11]
  ignore line: [ /usr/include/c++/11/backward]
  ignore line: [ /usr/lib/gcc/x86_64-linux-gnu/11/include]
  ignore line: [ /usr/local/include]
  ignore line: [ /usr/include/x86_64-linux-gnu]
  ignore line: [ /usr/include]
  ignore line: [End of search list.]
  ignore line: [GNU C++17 (Ubuntu 11.4.0-1ubuntu1~22.04) version 11.4.0 (x86_64-linux-gnu)]
  ignore line: [	compiled by GNU C version 11.4.0  GMP version 6.2.1  MPFR version 4.1.0  MPC version 1.2.1  isl version isl-0.24-GMP]
  ignore line: []
  ignore line: [GGC heuristics: --param ggc-min-expand=100 --param ggc-min-heapsize=131072]
  ignore line: [Compiler executable checksum: d591828bb4d392ae8b7b160e5bb0b95f]
  ignore line: [COLLECT_GCC_OPTIONS='-v' '-o' 'CMakeFiles/cmTC_fded0.dir/CMakeCXXCompilerABI.cpp.o' '-c' '-shared-libgcc' '-mtune=generic' '-march=x86-64' '-dumpdir' 'CMakeFiles/cmTC_fded0.dir/']
  ignore line: [ as -v --64 -o CMakeFiles/cmTC_fded0.dir/CMakeCXXCompilerABI.cpp.o /tmp/ccRAupeZ.s]
  ignore line: [GNU assembler version 2.38 (x86_64-linux-gnu) using BFD version (GNU Binutils for Ubuntu) 2.38]
  ignore line: [COMPILER_PATH=/usr/lib/gcc/x86_64-linux-gnu/11/:/usr/lib/gcc/x86_64-linux-gnu/11/:/usr/lib/gcc/x86_64-linux-gnu/:/usr/lib/gcc/x86_64-linux-gnu/11/:/usr/lib/gcc/x86_64-linux-gnu/]
  ignore line: [LIBRARY_PATH=/usr/lib/gcc/x86_64-linux-gnu/11/:/usr/lib/gcc/x86_64-linux-gnu/11/../../../x86_64-linux-gnu/:/usr/lib/gcc/x86_64-linux-gnu/11/../../../../lib/:/lib/x86_64-linux-gnu/:/lib/../lib/:/usr/lib/x86_64-linux-gnu/:/usr/lib/../lib/:/usr/lib/gcc/x86_64-linux-gnu/11/../../../:/lib/:/usr/lib/]
  ignore line: [COLLECT_GCC_OPTIONS='-v' '-o' 'CMakeFiles/cmTC_fded0.dir/CMakeCXXCompilerABI.cpp.o' '-c' '-shared-libgcc' '-mtune=generic' '-march=x86-64' '-dumpdir' 'CMakeFiles/cmTC_fded0.dir/CMakeCXXCompilerABI.cpp.']
  ignore line: [Linking CXX executable cmTC_fded0]
  ignore line: [/usr/bin/cmake -E cmake_link_script CMakeFiles/cmTC_fded0.dir/link.txt --verbose=1]
  ignore line: [/usr/bin/c++  -v CMakeFiles/cmTC_fded0.dir/CMakeCXXCompilerABI.cpp.o -o cmTC_fded0 ]
  ignore line: [Using built-in specs.]
  ignore line: [COLLECT_GCC=/usr/bin/c++]
  ignore line: [COLLECT_LTO_WRAPPER=/usr/lib/gcc/x86_64-linux-gnu/11/lto-wrapper]
  ignore line: [OFFLOAD_TARGET_NAMES=nvptx-none:amdgcn-amdhsa]
  ignore line: [OFFLOAD_TARGET_DEFAULT=1]
  ignore line: [Target: x86_64-linux-gnu]
  ignore line: [Configured with: ../src/configure -v --with-pkgversion='Ubuntu 11.4.0-1ubuntu1~22.04' --with-bugurl=file:///usr/share/doc/gcc-11/README.Bugs --enable-languages=c ada c++ go brig d fortran objc obj-c++ m2 --prefix=/usr --with-gcc-major-version-only --program-suffix=-11 --program-prefix=x86_64-linux-gnu- --enable-shared --enable-linker-build-id --libexecdir=/usr/lib --without-included-gettext --enable-threads=posix --libdir=/usr/lib --enable-nls --enable-bootstrap --enable-clocale=gnu --enable-libstdcxx-debug --enable-libstdcxx-time=yes --with-default-libstdcxx-abi=new --enable-gnu-unique-object --disable-vtable-verify --enable-plugin --enable-default-pie --with-system-zlib --enable-libphobos-checking=release --with-target-system-zlib=auto --enable-objc-gc=auto --enable-multiarch --disable-werror --enable-cet --with-arch-32=i686 --with-abi=m64 --with-multilib-list=m32 m64 mx32 --enable-multilib --with-tune=generic --enable-offload-targets=nvptx-none=/build/gcc-11-XeT9lY/gcc-11-11.4.0/debian/tmp-nvptx/usr amdgcn-amdhsa=/build/gcc-11-XeT9lY/gcc-11-11.4.0/debian/tmp-gcn/usr --without-cuda-driver --enable-checking=release --build=x86_64-linux-gnu --host=x86_64-linux-gnu --target=x86_64-linux-gnu --with-build-config=bootstrap-lto-lean --enable-link-serialization=2]
  ignore line: [Thread model: posix]
  ignore line: [Supported LTO compression algorithms: zlib zstd]
  ignore line: [gcc version 11.4.0 (Ubuntu 11.4.0-1ubuntu1~22.04) ]
  ignore line: [COMPILER_PATH=/usr/lib/gcc/x86_64-linux-gnu/11/:/usr/lib/gcc/x86_64-linux-gnu/11/:/usr/lib/gcc/x86_64-linux-gnu/:/usr/lib/gcc/x86_64-linux-gnu/11/:/usr/lib/gcc/x86_64-linux-gnu/]
  ignore line: [LIBRARY_PATH=/usr/lib/gcc/x86_64-linux-gnu/11/:/usr/lib/gcc/x86_64-linux-gnu/11/../../../x86_64-linux-gnu/:/usr/lib/gcc/x86_64-linux-gnu/11/../../../../lib/:/lib/x86_64-linux-gnu/:/lib/../lib/:/usr/lib/x86_64-linux-gnu/:/usr/lib/../lib/:/usr/lib/gcc/x86_64-linux-gnu/11/../../../:/lib/:/usr/lib/]
  ignore line: [COLLECT_GCC_OPTIONS='-v' '-o' 'cmTC_fded0' '-shared-libgcc' '-mtune=generic' '-march=x86-64' '-dumpdir' 'cmTC_fded0.']
  link line: [ /usr/lib/gcc/x86_64-linux-gnu/11/collect2 -plugin /usr/lib/gcc/x86_64-linux-gnu/11/liblto_plugin.so -plugin-opt=/usr/lib/gcc/x86_64-linux-gnu/11/lto-wrapper -plugin-opt=-fresolution=/tmp/ccLOuoCV.res -plugin-opt=-pass-through=-lgcc_s -plugin-opt=-pass-through=-lgcc -plugin-opt=-pass-through=-lc -plugin-opt=-pass-through=-lgcc_s -plugin-opt=-pass-through=-lgcc --build-id --eh-frame-hdr -m elf_x86_64 --hash-style=gnu --as-needed -dynamic-linker /lib64/ld-linux-x86-64.so.2 -pie -z now -z relro -o cmTC_fded0 /usr/lib/gcc/x86_64-linux-gnu/11/../../../x86_64-linux-gnu/Scrt1.o /usr/lib/gcc/x86_64-linux-gnu/11/../../../x86_64-linux-gnu/crti.o /usr/lib/gcc/x86_64-linux-gnu/11/crtbeginS.o -L/usr/lib/gcc/x86_64-linux-gnu/11 -L/usr/lib/gcc/x86_64-linux-gnu/11/../../../x86_64-linux-gnu -L/usr/lib/gcc/x86_64-linux-gnu/11/../../../../lib -L/lib/x86_64-linux-gnu -L/lib/../lib -L/usr/lib/x86_64-linux-gnu -L/usr/lib/../lib -L/usr/lib/gcc/x86_64-linux-gnu/11/../../.. CMakeFiles/cmTC_fded0.dir/CMakeCXXCompilerABI.cpp.o -lstdc++ -lm -lgcc_s -lgcc -lc -lgcc_s -lgcc /usr/lib/gcc/x86_64-linux-gnu/11/crtendS.o /usr/lib/gcc/x86_64-linux-gnu/11/../../../x86_64-linux-gnu/crtn.o]
    arg [/usr/lib/gcc/x86_64-linux-gnu/11/collect2] ==> ignore
    arg [-plugin] ==> ignore
    arg [/usr/lib/gcc/x86_64-linux-gnu/11/liblto_plugin.so] ==> ignore
    arg [-plugin-opt=/usr/lib/gcc/x86_64-linux-gnu/11/lto-wrapper] ==> ignore
    arg [-plugin-opt=-fresolution=/tmp/ccLOuoCV.res] ==> ignore
    arg [-plugin-opt=-pass-through=-lgcc_s] ==> ignore
    arg [-plugin-opt=-pass-through=-lgcc] ==> ignore
    arg [-plugin-opt=-pass-through=-lc] ==> ignore
    arg [-plugin-opt=-pass-through=-lgcc_s] ==> ignore
    arg [-plugin-opt=-pass-through=-lgcc] ==> ignore
    arg [--build-id] ==> ignore
    arg [--eh-frame-hdr] ==> ignore
    arg [-m] ==> ignore
    arg [elf_x86_64] ==> ignore
    arg [--hash-style=gnu] ==> ignore
    arg [--as-needed] ==> ignore
    arg [-dynamic-linker] ==> ignore
    arg [/lib64/ld-linux-x86-64.so.2] ==> ignore
    arg [-pie] ==> ignore
    arg [-znow] ==> ignore
    arg [-zrelro] ==> ignore
    arg [-o] ==> ignore
    arg [cmTC_fded0] ==> ignore
    arg [/usr/lib/gcc/x86_64-linux-gnu/11/../../../x86_64-linux-gnu/Scrt1.o] ==> obj [/usr/lib/gcc/x86_64-linux-gnu/11/../../../x86_64-linux-gnu/Scrt1.o]
    arg [/usr/lib/gcc/x86_64-linux-gnu/11/../../../x86_64-linux-gnu/crti.o] ==> obj [/usr/lib/gcc/x86_64-linux-gnu/11/../../../x86_64-linux-gnu/crti.o]
    arg [/usr/lib/gcc/x86_64-linux-gnu/11/crtbeginS.o] ==> obj [/usr/lib/gcc/x86_64-linux-gnu/11/crtbeginS.o]
    arg [-L/usr/lib/gcc/x86_64-linux-gnu/11] ==> dir [/usr/lib/gcc/x86_64-linux-gnu/11]
    arg [-L/usr/lib/gcc/x86_64-linux-gnu/11/../../../x86_64-linux-gnu] ==> dir [/usr/lib/gcc/x86_64-linux-gnu/11/../../../x86_64-linux-gnu]
    arg [-L/usr/lib/gcc/x86_64-linux-gnu/11/../../../../lib] ==> dir [/usr/lib/gcc/x86_64-linux-gnu/11/../../../../lib]
    arg [-L/lib/x86_64-linux-gnu] ==> dir [/lib/x86_64-linux-gnu]
    arg [-L/lib/../lib] ==> dir [/lib/../lib]
    arg [-L/usr/lib/x86_64-linux-gnu] ==> dir [/usr/lib/x86_64-linux-gnu]
    arg [-L/usr/lib/../lib] ==> dir [/usr/lib/../lib]
    arg [-L/usr/lib/gcc/x86_64-linux-gnu/11/../../..] ==> dir [/usr/lib/gcc/x86_64-linux-gnu/11/../../..]
    arg [CMakeFiles/cmTC_fded0.dir/CMakeCXXCompilerABI.cpp.o] ==> ignore
    arg [-lstdc++] ==> lib [stdc++]
    arg [-lm] ==> lib [m]
    arg [-lgcc_s] ==> lib [gcc_s]
    arg [-lgcc] ==> lib [gcc]
    arg [-lc] ==> lib [c]
    arg [-lgcc_s] ==> lib [gcc_s]
    arg [-lgcc] ==> lib [gcc]
    arg [/usr/lib/gcc/x86_64-linux-gnu/11/crtendS.o] ==> obj [/usr/lib/gcc/x86_64-linux-gnu/11/crtendS.o]
    arg [/usr/lib/gcc/x86_64-linux-gnu/11/../../../x86_64-linux-gnu/crtn.o] ==> obj [/usr/lib/gcc/x86_64-linux-gnu/11/../../../x86_64-linux-gnu/crtn.o]
  collapse obj [/usr/lib/gcc/x86_64-linux-gnu/11/../../../x86_64-linux-gnu/Scrt1.o] ==> [/usr/lib/x86_64-linux-gnu/Scrt1.o]
  collapse obj [/usr/lib/gcc/x86_64-linux-gnu/11/../../../x86_64-linux-gnu/crti.o] ==> [/usr/lib/x86_64-linux-gnu/crti.o]
  collapse obj [/usr/lib/gcc/x86_64-linux-gnu/11/../../../x86_64-linux-gnu/crtn.o] ==> [/usr/lib/x86_64-linux-gnu/crtn.o]
  collapse library dir [/usr/lib/gcc/x86_64-linux-gnu/11] ==> [/usr/lib/gcc/x86_64-linux-gnu/11]
  collapse library dir [/usr/lib/gcc/x86_64-linux-gnu/11/../../../x86_64-linux-gnu] ==> [/usr/lib/x86_64-linux-gnu]
  collapse library dir [/usr/lib/gcc/x86_64-linux-gnu/11/../../../../lib] ==> [/usr/lib]
  collapse library dir [/lib/x86_64-linux-gnu] ==> [/lib/x86_64-linux-gnu]
  collapse library dir [/lib/../lib] ==> [/lib]
  collapse library dir [/usr/lib/x86_64-linux-gnu] ==> [/usr/lib/x86_64-linux-gnu]
  collapse library dir [/usr/lib/../lib] ==> [/usr/lib]
  collapse library dir [/usr/lib/gcc/x86_64-linux-gnu/11/../../..] ==> [/usr/lib]
  implicit libs: [stdc++;m;gcc_s;gcc;c;gcc_s;gcc]
  implicit objs: [/usr/lib/x86_64-linux-gnu/Scrt1.o;/usr/lib/x86_64-linux-gnu/crti.o;/usr/lib/gcc/x86_64-linux-gnu/11/crtbeginS.o;/usr/lib/gcc/x86_64-linux-gnu/11/crtendS.o;/usr/lib/x86_64-linux-gnu/crtn.o]
  implicit dirs: [/usr/lib/gcc/x86_64-linux-gnu/11;/usr/lib/x86_64-linux-gnu;/usr/lib;/lib/x86_64-linux-gnu;/lib]
  implicit fwks: []


Determining if the include file pthread.h exists passed with the following output:
Change Dir: /home/qing/ros2_humble/chapt2/build/demo_cpp_pkg/CMakeFiles/CMakeTmp

Run Build Command(s):/usr/bin/gmake -f Makefile cmTC_ad117/fast && /usr/bin/gmake  -f CMakeFiles/cmTC_ad117.dir/build.make CMakeFiles/cmTC_ad117.dir/build
gmake[1]: 进入目录“/home/qing/ros2_humble/chapt2/build/demo_cpp_pkg/CMakeFiles/CMakeTmp”
Building C object CMakeFiles/cmTC_ad117.dir/CheckIncludeFile.c.o
/home/qing/下载/enter/envs/ros_test/bin/cc    -o CMakeFiles/cmTC_ad117.dir/CheckIncludeFile.c.o -c /home/qing/ros2_humble/chapt2/build/demo_cpp_pkg/CMakeFiles/CMakeTmp/CheckIncludeFile.c
Linking C executable cmTC_ad117
/usr/bin/cmake -E cmake_link_script CMakeFiles/cmTC_ad117.dir/link.txt --verbose=1
/home/qing/下载/enter/envs/ros_test/bin/cc CMakeFiles/cmTC_ad117.dir/CheckIncludeFile.c.o -o cmTC_ad117 
gmake[1]: 离开目录“/home/qing/ros2_humble/chapt2/build/demo_cpp_pkg/CMakeFiles/CMakeTmp”



Determining if the function pthread_create exists in the pthread passed with the following output:
Change Dir: /home/qing/ros2_humble/chapt2/build/demo_cpp_pkg/CMakeFiles/CMakeTmp

Run Build Command(s):/usr/bin/gmake -f Makefile cmTC_46ac0/fast && /usr/bin/gmake  -f CMakeFiles/cmTC_46ac0.dir/build.make CMakeFiles/cmTC_46ac0.dir/build
gmake[1]: 进入目录“/home/qing/ros2_humble/chapt2/build/demo_cpp_pkg/CMakeFiles/CMakeTmp”
Building C object CMakeFiles/cmTC_46ac0.dir/CheckFunctionExists.c.o
/home/qing/下载/enter/envs/ros_test/bin/cc   -DCHECK_FUNCTION_EXISTS=pthread_create -o CMakeFiles/cmTC_46ac0.dir/CheckFunctionExists.c.o -c /usr/share/cmake-3.22/Modules/CheckFunctionExists.c
Linking C executable cmTC_46ac0
/usr/bin/cmake -E cmake_link_script CMakeFiles/cmTC_46ac0.dir/link.txt --verbose=1
/home/qing/下载/enter/envs/ros_test/bin/cc  -DCHECK_FUNCTION_EXISTS=pthread_create CMakeFiles/cmTC_46ac0.dir/CheckFunctionExists.c.o -o cmTC_46ac0  -lpthread 
gmake[1]: 离开目录“/home/qing/ros2_humble/chapt2/build/demo_cpp_pkg/CMakeFiles/CMakeTmp”



