[0.081s] DEBUG:colcon:Command line arguments: ['/usr/bin/colcon', 'build', '--cmake-args', '-DCMAKE_CXX_COMPILER=/usr/bin/g++', '-DCMAKE_CXX_FLAGS=-I/usr/include/c++/11', '-DCMAKE_SKIP_RPATH=ON']
[0.082s] DEBUG:colcon:Parsed command line arguments: Namespace(log_base=None, log_level=None, verb_name='build', build_base='build', install_base='install', merge_install=False, symlink_install=False, test_result_base=None, continue_on_error=False, executor='parallel', parallel_workers=16, event_handlers=None, ignore_user_meta=False, metas=['./colcon.meta'], base_paths=['.'], packages_ignore=None, packages_ignore_regex=None, paths=None, packages_up_to=None, packages_up_to_regex=None, packages_above=None, packages_above_and_dependencies=None, packages_above_depth=None, packages_select_by_dep=None, packages_skip_by_dep=None, packages_skip_up_to=None, packages_select_build_failed=False, packages_skip_build_finished=False, packages_select_test_failures=False, packages_skip_test_passed=False, packages_select=None, packages_skip=None, packages_select_regex=None, packages_skip_regex=None, packages_start=None, packages_end=None, allow_overriding=[], cmake_args=['-DCMAKE_CXX_COMPILER=/usr/bin/g++', '-DCMAKE_CXX_FLAGS=-I/usr/include/c++/11', '-DCMAKE_SKIP_RPATH=ON'], cmake_target=None, cmake_target_skip_unavailable=False, cmake_clean_cache=False, cmake_clean_first=False, cmake_force_configure=False, ament_cmake_args=None, catkin_cmake_args=None, catkin_skip_building_tests=False, verb_parser=<colcon_defaults.argument_parser.defaults.DefaultArgumentsDecorator object at 0x78d035624250>, verb_extension=<colcon_core.verb.build.BuildVerb object at 0x78d035765600>, main=<bound method BuildVerb.main of <colcon_core.verb.build.BuildVerb object at 0x78d035765600>>)
[0.224s] Level 1:colcon.colcon_core.package_discovery:discover_packages(colcon_meta) check parameters
[0.224s] Level 1:colcon.colcon_core.package_discovery:discover_packages(recursive) check parameters
[0.224s] Level 1:colcon.colcon_core.package_discovery:discover_packages(ignore) check parameters
[0.224s] Level 1:colcon.colcon_core.package_discovery:discover_packages(path) check parameters
[0.224s] Level 1:colcon.colcon_core.package_discovery:discover_packages(colcon_meta) discover
[0.224s] Level 1:colcon.colcon_core.package_discovery:discover_packages(recursive) discover
[0.224s] INFO:colcon.colcon_core.package_discovery:Crawling recursively for packages in '/home/qing/ros2_humble/chapter4/face_detect'
[0.224s] Level 1:colcon.colcon_core.package_identification:_identify(.) by extensions ['ignore', 'ignore_ament_install']
[0.224s] Level 1:colcon.colcon_core.package_identification:_identify(.) by extension 'ignore'
[0.224s] Level 1:colcon.colcon_core.package_identification:_identify(.) by extension 'ignore_ament_install'
[0.224s] Level 1:colcon.colcon_core.package_identification:_identify(.) by extensions ['colcon_pkg']
[0.224s] Level 1:colcon.colcon_core.package_identification:_identify(.) by extension 'colcon_pkg'
[0.224s] Level 1:colcon.colcon_core.package_identification:_identify(.) by extensions ['colcon_meta']
[0.224s] Level 1:colcon.colcon_core.package_identification:_identify(.) by extension 'colcon_meta'
[0.224s] Level 1:colcon.colcon_core.package_identification:_identify(.) by extensions ['ros']
[0.224s] Level 1:colcon.colcon_core.package_identification:_identify(.) by extension 'ros'
[0.239s] Level 1:colcon.colcon_core.package_identification:_identify(.) by extensions ['cmake', 'python']
[0.239s] Level 1:colcon.colcon_core.package_identification:_identify(.) by extension 'cmake'
[0.239s] Level 1:colcon.colcon_core.package_identification:_identify(.) by extension 'python'
[0.239s] Level 1:colcon.colcon_core.package_identification:_identify(.) by extensions ['python_setup_py']
[0.239s] Level 1:colcon.colcon_core.package_identification:_identify(.) by extension 'python_setup_py'
[0.239s] Level 1:colcon.colcon_core.package_identification:_identify(build) by extensions ['ignore', 'ignore_ament_install']
[0.239s] Level 1:colcon.colcon_core.package_identification:_identify(build) by extension 'ignore'
[0.239s] Level 1:colcon.colcon_core.package_identification:_identify(build) ignored
[0.239s] Level 1:colcon.colcon_core.package_identification:_identify(install) by extensions ['ignore', 'ignore_ament_install']
[0.239s] Level 1:colcon.colcon_core.package_identification:_identify(install) by extension 'ignore'
[0.239s] Level 1:colcon.colcon_core.package_identification:_identify(install) ignored
[0.239s] Level 1:colcon.colcon_core.package_identification:_identify(log) by extensions ['ignore', 'ignore_ament_install']
[0.239s] Level 1:colcon.colcon_core.package_identification:_identify(log) by extension 'ignore'
[0.239s] Level 1:colcon.colcon_core.package_identification:_identify(log) ignored
[0.239s] Level 1:colcon.colcon_core.package_identification:_identify(src) by extensions ['ignore', 'ignore_ament_install']
[0.240s] Level 1:colcon.colcon_core.package_identification:_identify(src) by extension 'ignore'
[0.240s] Level 1:colcon.colcon_core.package_identification:_identify(src) by extension 'ignore_ament_install'
[0.240s] Level 1:colcon.colcon_core.package_identification:_identify(src) by extensions ['colcon_pkg']
[0.240s] Level 1:colcon.colcon_core.package_identification:_identify(src) by extension 'colcon_pkg'
[0.240s] Level 1:colcon.colcon_core.package_identification:_identify(src) by extensions ['colcon_meta']
[0.240s] Level 1:colcon.colcon_core.package_identification:_identify(src) by extension 'colcon_meta'
[0.240s] Level 1:colcon.colcon_core.package_identification:_identify(src) by extensions ['ros']
[0.240s] Level 1:colcon.colcon_core.package_identification:_identify(src) by extension 'ros'
[0.240s] Level 1:colcon.colcon_core.package_identification:_identify(src) by extensions ['cmake', 'python']
[0.240s] Level 1:colcon.colcon_core.package_identification:_identify(src) by extension 'cmake'
[0.240s] Level 1:colcon.colcon_core.package_identification:_identify(src) by extension 'python'
[0.240s] Level 1:colcon.colcon_core.package_identification:_identify(src) by extensions ['python_setup_py']
[0.240s] Level 1:colcon.colcon_core.package_identification:_identify(src) by extension 'python_setup_py'
[0.240s] Level 1:colcon.colcon_core.package_identification:_identify(src/chapt4_interfaces) by extensions ['ignore', 'ignore_ament_install']
[0.240s] Level 1:colcon.colcon_core.package_identification:_identify(src/chapt4_interfaces) by extension 'ignore'
[0.240s] Level 1:colcon.colcon_core.package_identification:_identify(src/chapt4_interfaces) by extension 'ignore_ament_install'
[0.240s] Level 1:colcon.colcon_core.package_identification:_identify(src/chapt4_interfaces) by extensions ['colcon_pkg']
[0.240s] Level 1:colcon.colcon_core.package_identification:_identify(src/chapt4_interfaces) by extension 'colcon_pkg'
[0.240s] Level 1:colcon.colcon_core.package_identification:_identify(src/chapt4_interfaces) by extensions ['colcon_meta']
[0.240s] Level 1:colcon.colcon_core.package_identification:_identify(src/chapt4_interfaces) by extension 'colcon_meta'
[0.240s] Level 1:colcon.colcon_core.package_identification:_identify(src/chapt4_interfaces) by extensions ['ros']
[0.240s] Level 1:colcon.colcon_core.package_identification:_identify(src/chapt4_interfaces) by extension 'ros'
[0.242s] DEBUG:colcon.colcon_core.package_identification:Package 'src/chapt4_interfaces' with type 'ros.ament_cmake' and name 'chapt4_interfaces'
[0.242s] Level 1:colcon.colcon_core.package_identification:_identify(src/demo_python_service) by extensions ['ignore', 'ignore_ament_install']
[0.242s] Level 1:colcon.colcon_core.package_identification:_identify(src/demo_python_service) by extension 'ignore'
[0.242s] Level 1:colcon.colcon_core.package_identification:_identify(src/demo_python_service) by extension 'ignore_ament_install'
[0.242s] Level 1:colcon.colcon_core.package_identification:_identify(src/demo_python_service) by extensions ['colcon_pkg']
[0.242s] Level 1:colcon.colcon_core.package_identification:_identify(src/demo_python_service) by extension 'colcon_pkg'
[0.242s] Level 1:colcon.colcon_core.package_identification:_identify(src/demo_python_service) by extensions ['colcon_meta']
[0.242s] Level 1:colcon.colcon_core.package_identification:_identify(src/demo_python_service) by extension 'colcon_meta'
[0.243s] Level 1:colcon.colcon_core.package_identification:_identify(src/demo_python_service) by extensions ['ros']
[0.243s] Level 1:colcon.colcon_core.package_identification:_identify(src/demo_python_service) by extension 'ros'
[0.243s] DEBUG:colcon.colcon_core.package_identification:Package 'src/demo_python_service' with type 'ros.ament_python' and name 'demo_python_service'
[0.243s] Level 1:colcon.colcon_core.package_discovery:discover_packages(recursive) using defaults
[0.243s] Level 1:colcon.colcon_core.package_discovery:discover_packages(ignore) discover
[0.243s] Level 1:colcon.colcon_core.package_discovery:discover_packages(ignore) using defaults
[0.243s] Level 1:colcon.colcon_core.package_discovery:discover_packages(path) discover
[0.243s] Level 1:colcon.colcon_core.package_discovery:discover_packages(path) using defaults
[0.258s] Level 1:colcon.colcon_core.package_discovery:discover_packages(prefix_path) check parameters
[0.258s] Level 1:colcon.colcon_core.package_discovery:discover_packages(prefix_path) discover
[0.260s] DEBUG:colcon.colcon_installed_package_information.package_discovery:Found 2 installed packages in /home/qing/ros2_humble/chapter4/face_detect/install
[0.260s] DEBUG:colcon.colcon_installed_package_information.package_discovery:Found 3 installed packages in /home/qing/ros2_humble/chapter3/chapt3_4/install
[0.261s] DEBUG:colcon.colcon_installed_package_information.package_discovery:Found 271 installed packages in /opt/ros/humble
[0.262s] Level 1:colcon.colcon_core.package_discovery:discover_packages(prefix_path) using defaults
[0.290s] Level 5:colcon.colcon_core.verb:set package 'chapt4_interfaces' build argument 'cmake_args' from command line to '['-DCMAKE_CXX_COMPILER=/usr/bin/g++', '-DCMAKE_CXX_FLAGS=-I/usr/include/c++/11', '-DCMAKE_SKIP_RPATH=ON']'
[0.290s] Level 5:colcon.colcon_core.verb:set package 'chapt4_interfaces' build argument 'cmake_target' from command line to 'None'
[0.290s] Level 5:colcon.colcon_core.verb:set package 'chapt4_interfaces' build argument 'cmake_target_skip_unavailable' from command line to 'False'
[0.290s] Level 5:colcon.colcon_core.verb:set package 'chapt4_interfaces' build argument 'cmake_clean_cache' from command line to 'False'
[0.290s] Level 5:colcon.colcon_core.verb:set package 'chapt4_interfaces' build argument 'cmake_clean_first' from command line to 'False'
[0.290s] Level 5:colcon.colcon_core.verb:set package 'chapt4_interfaces' build argument 'cmake_force_configure' from command line to 'False'
[0.290s] Level 5:colcon.colcon_core.verb:set package 'chapt4_interfaces' build argument 'ament_cmake_args' from command line to 'None'
[0.290s] Level 5:colcon.colcon_core.verb:set package 'chapt4_interfaces' build argument 'catkin_cmake_args' from command line to 'None'
[0.290s] Level 5:colcon.colcon_core.verb:set package 'chapt4_interfaces' build argument 'catkin_skip_building_tests' from command line to 'False'
[0.290s] DEBUG:colcon.colcon_core.verb:Building package 'chapt4_interfaces' with the following arguments: {'ament_cmake_args': None, 'build_base': '/home/qing/ros2_humble/chapter4/face_detect/build/chapt4_interfaces', 'catkin_cmake_args': None, 'catkin_skip_building_tests': False, 'cmake_args': ['-DCMAKE_CXX_COMPILER=/usr/bin/g++', '-DCMAKE_CXX_FLAGS=-I/usr/include/c++/11', '-DCMAKE_SKIP_RPATH=ON'], 'cmake_clean_cache': False, 'cmake_clean_first': False, 'cmake_force_configure': False, 'cmake_target': None, 'cmake_target_skip_unavailable': False, 'install_base': '/home/qing/ros2_humble/chapter4/face_detect/install/chapt4_interfaces', 'merge_install': False, 'path': '/home/qing/ros2_humble/chapter4/face_detect/src/chapt4_interfaces', 'symlink_install': False, 'test_result_base': None}
[0.290s] Level 5:colcon.colcon_core.verb:set package 'demo_python_service' build argument 'cmake_args' from command line to '['-DCMAKE_CXX_COMPILER=/usr/bin/g++', '-DCMAKE_CXX_FLAGS=-I/usr/include/c++/11', '-DCMAKE_SKIP_RPATH=ON']'
[0.290s] Level 5:colcon.colcon_core.verb:set package 'demo_python_service' build argument 'cmake_target' from command line to 'None'
[0.290s] Level 5:colcon.colcon_core.verb:set package 'demo_python_service' build argument 'cmake_target_skip_unavailable' from command line to 'False'
[0.291s] Level 5:colcon.colcon_core.verb:set package 'demo_python_service' build argument 'cmake_clean_cache' from command line to 'False'
[0.291s] Level 5:colcon.colcon_core.verb:set package 'demo_python_service' build argument 'cmake_clean_first' from command line to 'False'
[0.291s] Level 5:colcon.colcon_core.verb:set package 'demo_python_service' build argument 'cmake_force_configure' from command line to 'False'
[0.291s] Level 5:colcon.colcon_core.verb:set package 'demo_python_service' build argument 'ament_cmake_args' from command line to 'None'
[0.291s] Level 5:colcon.colcon_core.verb:set package 'demo_python_service' build argument 'catkin_cmake_args' from command line to 'None'
[0.291s] Level 5:colcon.colcon_core.verb:set package 'demo_python_service' build argument 'catkin_skip_building_tests' from command line to 'False'
[0.291s] DEBUG:colcon.colcon_core.verb:Building package 'demo_python_service' with the following arguments: {'ament_cmake_args': None, 'build_base': '/home/qing/ros2_humble/chapter4/face_detect/build/demo_python_service', 'catkin_cmake_args': None, 'catkin_skip_building_tests': False, 'cmake_args': ['-DCMAKE_CXX_COMPILER=/usr/bin/g++', '-DCMAKE_CXX_FLAGS=-I/usr/include/c++/11', '-DCMAKE_SKIP_RPATH=ON'], 'cmake_clean_cache': False, 'cmake_clean_first': False, 'cmake_force_configure': False, 'cmake_target': None, 'cmake_target_skip_unavailable': False, 'install_base': '/home/qing/ros2_humble/chapter4/face_detect/install/demo_python_service', 'merge_install': False, 'path': '/home/qing/ros2_humble/chapter4/face_detect/src/demo_python_service', 'symlink_install': False, 'test_result_base': None}
[0.291s] INFO:colcon.colcon_core.executor:Executing jobs using 'parallel' executor
[0.292s] DEBUG:colcon.colcon_parallel_executor.executor.parallel:run_until_complete
[0.292s] INFO:colcon.colcon_ros.task.ament_cmake.build:Building ROS package in '/home/qing/ros2_humble/chapter4/face_detect/src/chapt4_interfaces' with build type 'ament_cmake'
[0.292s] INFO:colcon.colcon_cmake.task.cmake.build:Building CMake package in '/home/qing/ros2_humble/chapter4/face_detect/src/chapt4_interfaces'
[0.293s] INFO:colcon.colcon_core.plugin_system:Skipping extension 'colcon_core.shell.bat': Not used on non-Windows systems
[0.294s] INFO:colcon.colcon_core.shell:Skip shell extension 'powershell' for command environment: Not usable outside of PowerShell
[0.294s] DEBUG:colcon.colcon_core.shell:Skip shell extension 'dsv' for command environment
[0.302s] DEBUG:colcon.colcon_core.event_handler.log_command:Invoking command in '/home/qing/ros2_humble/chapter4/face_detect/build/chapt4_interfaces': CMAKE_PREFIX_PATH=${CMAKE_PREFIX_PATH}:/home/qing/ros2_humble/chapter4/face_detect/install/demo_python_service:/home/qing/ros2_humble/chapter3/chapt3_4/install/status_publisher:/opt/ros/humble CONDA_PROMPT_MODIFIER=(ros_test) /usr/bin/cmake --build /home/qing/ros2_humble/chapter4/face_detect/build/chapt4_interfaces -- -j16 -l16
[0.665s] DEBUG:colcon.colcon_core.event_handler.log_command:Invoked command in '/home/qing/ros2_humble/chapter4/face_detect/build/chapt4_interfaces' returned '0': CMAKE_PREFIX_PATH=${CMAKE_PREFIX_PATH}:/home/qing/ros2_humble/chapter4/face_detect/install/demo_python_service:/home/qing/ros2_humble/chapter3/chapt3_4/install/status_publisher:/opt/ros/humble CONDA_PROMPT_MODIFIER=(ros_test) /usr/bin/cmake --build /home/qing/ros2_humble/chapter4/face_detect/build/chapt4_interfaces -- -j16 -l16
[0.675s] DEBUG:colcon.colcon_core.event_handler.log_command:Invoking command in '/home/qing/ros2_humble/chapter4/face_detect/build/chapt4_interfaces': CMAKE_PREFIX_PATH=${CMAKE_PREFIX_PATH}:/home/qing/ros2_humble/chapter4/face_detect/install/demo_python_service:/home/qing/ros2_humble/chapter3/chapt3_4/install/status_publisher:/opt/ros/humble CONDA_PROMPT_MODIFIER=(ros_test) /usr/bin/cmake --install /home/qing/ros2_humble/chapter4/face_detect/build/chapt4_interfaces
[0.722s] Level 1:colcon.colcon_core.environment:create_environment_scripts_only(chapt4_interfaces)
[0.722s] DEBUG:colcon.colcon_core.event_handler.log_command:Invoked command in '/home/qing/ros2_humble/chapter4/face_detect/build/chapt4_interfaces' returned '0': CMAKE_PREFIX_PATH=${CMAKE_PREFIX_PATH}:/home/qing/ros2_humble/chapter4/face_detect/install/demo_python_service:/home/qing/ros2_humble/chapter3/chapt3_4/install/status_publisher:/opt/ros/humble CONDA_PROMPT_MODIFIER=(ros_test) /usr/bin/cmake --install /home/qing/ros2_humble/chapter4/face_detect/build/chapt4_interfaces
[0.724s] Level 1:colcon.colcon_core.environment:checking '/home/qing/ros2_humble/chapter4/face_detect/install/chapt4_interfaces' for CMake module files
[0.724s] Level 1:colcon.colcon_core.environment:checking '/home/qing/ros2_humble/chapter4/face_detect/install/chapt4_interfaces' for CMake config files
[0.725s] Level 1:colcon.colcon_core.shell:create_environment_hook('chapt4_interfaces', 'cmake_prefix_path')
[0.725s] INFO:colcon.colcon_core.shell:Creating environment hook '/home/qing/ros2_humble/chapter4/face_detect/install/chapt4_interfaces/share/chapt4_interfaces/hook/cmake_prefix_path.ps1'
[0.725s] INFO:colcon.colcon_core.shell:Creating environment descriptor '/home/qing/ros2_humble/chapter4/face_detect/install/chapt4_interfaces/share/chapt4_interfaces/hook/cmake_prefix_path.dsv'
[0.726s] INFO:colcon.colcon_core.shell:Creating environment hook '/home/qing/ros2_humble/chapter4/face_detect/install/chapt4_interfaces/share/chapt4_interfaces/hook/cmake_prefix_path.sh'
[0.726s] Level 1:colcon.colcon_core.environment:checking '/home/qing/ros2_humble/chapter4/face_detect/install/chapt4_interfaces/lib'
[0.726s] Level 1:colcon.colcon_core.shell:create_environment_hook('chapt4_interfaces', 'ld_library_path_lib')
[0.727s] INFO:colcon.colcon_core.shell:Creating environment hook '/home/qing/ros2_humble/chapter4/face_detect/install/chapt4_interfaces/share/chapt4_interfaces/hook/ld_library_path_lib.ps1'
[0.727s] INFO:colcon.colcon_core.shell:Creating environment descriptor '/home/qing/ros2_humble/chapter4/face_detect/install/chapt4_interfaces/share/chapt4_interfaces/hook/ld_library_path_lib.dsv'
[0.727s] INFO:colcon.colcon_core.shell:Creating environment hook '/home/qing/ros2_humble/chapter4/face_detect/install/chapt4_interfaces/share/chapt4_interfaces/hook/ld_library_path_lib.sh'
[0.727s] Level 1:colcon.colcon_core.environment:checking '/home/qing/ros2_humble/chapter4/face_detect/install/chapt4_interfaces/bin'
[0.727s] Level 1:colcon.colcon_core.environment:checking '/home/qing/ros2_humble/chapter4/face_detect/install/chapt4_interfaces/lib/pkgconfig/chapt4_interfaces.pc'
[0.728s] Level 1:colcon.colcon_core.environment:checking '/home/qing/ros2_humble/chapter4/face_detect/install/chapt4_interfaces/lib/python3.10/site-packages'
[0.728s] Level 1:colcon.colcon_core.shell:create_environment_hook('chapt4_interfaces', 'pythonpath')
[0.728s] INFO:colcon.colcon_core.shell:Creating environment hook '/home/qing/ros2_humble/chapter4/face_detect/install/chapt4_interfaces/share/chapt4_interfaces/hook/pythonpath.ps1'
[0.728s] INFO:colcon.colcon_core.shell:Creating environment descriptor '/home/qing/ros2_humble/chapter4/face_detect/install/chapt4_interfaces/share/chapt4_interfaces/hook/pythonpath.dsv'
[0.728s] INFO:colcon.colcon_core.shell:Creating environment hook '/home/qing/ros2_humble/chapter4/face_detect/install/chapt4_interfaces/share/chapt4_interfaces/hook/pythonpath.sh'
[0.729s] Level 1:colcon.colcon_core.environment:checking '/home/qing/ros2_humble/chapter4/face_detect/install/chapt4_interfaces/bin'
[0.729s] INFO:colcon.colcon_core.shell:Creating package script '/home/qing/ros2_humble/chapter4/face_detect/install/chapt4_interfaces/share/chapt4_interfaces/package.ps1'
[0.730s] INFO:colcon.colcon_core.shell:Creating package descriptor '/home/qing/ros2_humble/chapter4/face_detect/install/chapt4_interfaces/share/chapt4_interfaces/package.dsv'
[0.730s] INFO:colcon.colcon_core.shell:Creating package script '/home/qing/ros2_humble/chapter4/face_detect/install/chapt4_interfaces/share/chapt4_interfaces/package.sh'
[0.731s] INFO:colcon.colcon_core.shell:Creating package script '/home/qing/ros2_humble/chapter4/face_detect/install/chapt4_interfaces/share/chapt4_interfaces/package.bash'
[0.731s] INFO:colcon.colcon_core.shell:Creating package script '/home/qing/ros2_humble/chapter4/face_detect/install/chapt4_interfaces/share/chapt4_interfaces/package.zsh'
[0.732s] Level 1:colcon.colcon_core.environment:create_file_with_runtime_dependencies(/home/qing/ros2_humble/chapter4/face_detect/install/chapt4_interfaces/share/colcon-core/packages/chapt4_interfaces)
[0.732s] Level 1:colcon.colcon_core.environment:create_environment_scripts_only(chapt4_interfaces)
[0.732s] Level 1:colcon.colcon_core.environment:checking '/home/qing/ros2_humble/chapter4/face_detect/install/chapt4_interfaces' for CMake module files
[0.733s] Level 1:colcon.colcon_core.environment:checking '/home/qing/ros2_humble/chapter4/face_detect/install/chapt4_interfaces' for CMake config files
[0.733s] Level 1:colcon.colcon_core.shell:create_environment_hook('chapt4_interfaces', 'cmake_prefix_path')
[0.733s] INFO:colcon.colcon_core.shell:Creating environment hook '/home/qing/ros2_humble/chapter4/face_detect/install/chapt4_interfaces/share/chapt4_interfaces/hook/cmake_prefix_path.ps1'
[0.733s] INFO:colcon.colcon_core.shell:Creating environment descriptor '/home/qing/ros2_humble/chapter4/face_detect/install/chapt4_interfaces/share/chapt4_interfaces/hook/cmake_prefix_path.dsv'
[0.734s] INFO:colcon.colcon_core.shell:Creating environment hook '/home/qing/ros2_humble/chapter4/face_detect/install/chapt4_interfaces/share/chapt4_interfaces/hook/cmake_prefix_path.sh'
[0.734s] Level 1:colcon.colcon_core.environment:checking '/home/qing/ros2_humble/chapter4/face_detect/install/chapt4_interfaces/lib'
[0.734s] Level 1:colcon.colcon_core.shell:create_environment_hook('chapt4_interfaces', 'ld_library_path_lib')
[0.734s] INFO:colcon.colcon_core.shell:Creating environment hook '/home/qing/ros2_humble/chapter4/face_detect/install/chapt4_interfaces/share/chapt4_interfaces/hook/ld_library_path_lib.ps1'
[0.735s] INFO:colcon.colcon_core.shell:Creating environment descriptor '/home/qing/ros2_humble/chapter4/face_detect/install/chapt4_interfaces/share/chapt4_interfaces/hook/ld_library_path_lib.dsv'
[0.735s] INFO:colcon.colcon_core.shell:Creating environment hook '/home/qing/ros2_humble/chapter4/face_detect/install/chapt4_interfaces/share/chapt4_interfaces/hook/ld_library_path_lib.sh'
[0.735s] Level 1:colcon.colcon_core.environment:checking '/home/qing/ros2_humble/chapter4/face_detect/install/chapt4_interfaces/bin'
[0.735s] Level 1:colcon.colcon_core.environment:checking '/home/qing/ros2_humble/chapter4/face_detect/install/chapt4_interfaces/lib/pkgconfig/chapt4_interfaces.pc'
[0.736s] Level 1:colcon.colcon_core.environment:checking '/home/qing/ros2_humble/chapter4/face_detect/install/chapt4_interfaces/lib/python3.10/site-packages'
[0.736s] Level 1:colcon.colcon_core.shell:create_environment_hook('chapt4_interfaces', 'pythonpath')
[0.736s] INFO:colcon.colcon_core.shell:Creating environment hook '/home/qing/ros2_humble/chapter4/face_detect/install/chapt4_interfaces/share/chapt4_interfaces/hook/pythonpath.ps1'
[0.736s] INFO:colcon.colcon_core.shell:Creating environment descriptor '/home/qing/ros2_humble/chapter4/face_detect/install/chapt4_interfaces/share/chapt4_interfaces/hook/pythonpath.dsv'
[0.736s] INFO:colcon.colcon_core.shell:Creating environment hook '/home/qing/ros2_humble/chapter4/face_detect/install/chapt4_interfaces/share/chapt4_interfaces/hook/pythonpath.sh'
[0.737s] Level 1:colcon.colcon_core.environment:checking '/home/qing/ros2_humble/chapter4/face_detect/install/chapt4_interfaces/bin'
[0.737s] INFO:colcon.colcon_core.shell:Creating package script '/home/qing/ros2_humble/chapter4/face_detect/install/chapt4_interfaces/share/chapt4_interfaces/package.ps1'
[0.737s] INFO:colcon.colcon_core.shell:Creating package descriptor '/home/qing/ros2_humble/chapter4/face_detect/install/chapt4_interfaces/share/chapt4_interfaces/package.dsv'
[0.738s] INFO:colcon.colcon_core.shell:Creating package script '/home/qing/ros2_humble/chapter4/face_detect/install/chapt4_interfaces/share/chapt4_interfaces/package.sh'
[0.738s] INFO:colcon.colcon_core.shell:Creating package script '/home/qing/ros2_humble/chapter4/face_detect/install/chapt4_interfaces/share/chapt4_interfaces/package.bash'
[0.738s] INFO:colcon.colcon_core.shell:Creating package script '/home/qing/ros2_humble/chapter4/face_detect/install/chapt4_interfaces/share/chapt4_interfaces/package.zsh'
[0.739s] Level 1:colcon.colcon_core.environment:create_file_with_runtime_dependencies(/home/qing/ros2_humble/chapter4/face_detect/install/chapt4_interfaces/share/colcon-core/packages/chapt4_interfaces)
[0.739s] INFO:colcon.colcon_ros.task.ament_python.build:Building ROS package in '/home/qing/ros2_humble/chapter4/face_detect/src/demo_python_service' with build type 'ament_python'
[0.739s] Level 1:colcon.colcon_core.shell:create_environment_hook('demo_python_service', 'ament_prefix_path')
[0.739s] INFO:colcon.colcon_core.shell:Creating environment hook '/home/qing/ros2_humble/chapter4/face_detect/install/demo_python_service/share/demo_python_service/hook/ament_prefix_path.ps1'
[0.740s] INFO:colcon.colcon_core.shell:Creating environment descriptor '/home/qing/ros2_humble/chapter4/face_detect/install/demo_python_service/share/demo_python_service/hook/ament_prefix_path.dsv'
[0.740s] INFO:colcon.colcon_core.shell:Creating environment hook '/home/qing/ros2_humble/chapter4/face_detect/install/demo_python_service/share/demo_python_service/hook/ament_prefix_path.sh'
[0.741s] INFO:colcon.colcon_core.shell:Skip shell extension 'powershell' for command environment: Not usable outside of PowerShell
[0.741s] DEBUG:colcon.colcon_core.shell:Skip shell extension 'dsv' for command environment
[0.956s] INFO:colcon.colcon_core.task.python.build:Building Python package in '/home/qing/ros2_humble/chapter4/face_detect/src/demo_python_service'
[0.956s] INFO:colcon.colcon_core.shell:Skip shell extension 'powershell' for command environment: Not usable outside of PowerShell
[0.956s] DEBUG:colcon.colcon_core.shell:Skip shell extension 'dsv' for command environment
[1.237s] DEBUG:colcon.colcon_core.event_handler.log_command:Invoking command in '/home/qing/ros2_humble/chapter4/face_detect/src/demo_python_service': CONDA_PROMPT_MODIFIER=(ros_test) PYTHONPATH=/home/qing/ros2_humble/chapter4/face_detect/build/demo_python_service/prefix_override:/usr/lib/python3/dist-packages/colcon_core/task/python/colcon_distutils_commands:/home/qing/ros2_humble/chapter4/face_detect/install/demo_python_service/lib/python3.10/site-packages:/home/qing/ros2_humble/chapter4/face_detect/install/chapt4_interfaces/lib/python3.10/site-packages:/home/qing/ros2_humble/chapter4/face_detect/install/demo_python_service/lib/python3.10/site-packages:/home/qing/ros2_humble/chapter3/chapt3_4/install/status_publisher/lib/python3.10/site-packages:/home/qing/ros2_humble/chapter3/chapt3_4/install/status_interfaces/local/lib/python3.10/dist-packages:/opt/ros/humble/lib/python3.10/site-packages:/opt/ros/humble/local/lib/python3.10/dist-packages /usr/bin/python3 -W ignore:setup.py install is deprecated -W ignore:easy_install command is deprecated setup.py egg_info --egg-base ../../build/demo_python_service build --build-base /home/qing/ros2_humble/chapter4/face_detect/build/demo_python_service/build install --record /home/qing/ros2_humble/chapter4/face_detect/build/demo_python_service/install.log --single-version-externally-managed install_data
[1.472s] Level 1:colcon.colcon_core.environment:checking '/home/qing/ros2_humble/chapter4/face_detect/install/demo_python_service' for CMake module files
[1.472s] DEBUG:colcon.colcon_core.event_handler.log_command:Invoked command in '/home/qing/ros2_humble/chapter4/face_detect/src/demo_python_service' returned '0': CONDA_PROMPT_MODIFIER=(ros_test) PYTHONPATH=/home/qing/ros2_humble/chapter4/face_detect/build/demo_python_service/prefix_override:/usr/lib/python3/dist-packages/colcon_core/task/python/colcon_distutils_commands:/home/qing/ros2_humble/chapter4/face_detect/install/demo_python_service/lib/python3.10/site-packages:/home/qing/ros2_humble/chapter4/face_detect/install/chapt4_interfaces/lib/python3.10/site-packages:/home/qing/ros2_humble/chapter4/face_detect/install/demo_python_service/lib/python3.10/site-packages:/home/qing/ros2_humble/chapter3/chapt3_4/install/status_publisher/lib/python3.10/site-packages:/home/qing/ros2_humble/chapter3/chapt3_4/install/status_interfaces/local/lib/python3.10/dist-packages:/opt/ros/humble/lib/python3.10/site-packages:/opt/ros/humble/local/lib/python3.10/dist-packages /usr/bin/python3 -W ignore:setup.py install is deprecated -W ignore:easy_install command is deprecated setup.py egg_info --egg-base ../../build/demo_python_service build --build-base /home/qing/ros2_humble/chapter4/face_detect/build/demo_python_service/build install --record /home/qing/ros2_humble/chapter4/face_detect/build/demo_python_service/install.log --single-version-externally-managed install_data
[1.472s] Level 1:colcon.colcon_core.environment:checking '/home/qing/ros2_humble/chapter4/face_detect/install/demo_python_service' for CMake config files
[1.473s] Level 1:colcon.colcon_core.environment:checking '/home/qing/ros2_humble/chapter4/face_detect/install/demo_python_service/lib'
[1.473s] Level 1:colcon.colcon_core.environment:checking '/home/qing/ros2_humble/chapter4/face_detect/install/demo_python_service/bin'
[1.473s] Level 1:colcon.colcon_core.environment:checking '/home/qing/ros2_humble/chapter4/face_detect/install/demo_python_service/lib/pkgconfig/demo_python_service.pc'
[1.473s] Level 1:colcon.colcon_core.environment:checking '/home/qing/ros2_humble/chapter4/face_detect/install/demo_python_service/lib/python3.10/site-packages'
[1.473s] Level 1:colcon.colcon_core.shell:create_environment_hook('demo_python_service', 'pythonpath')
[1.473s] INFO:colcon.colcon_core.shell:Creating environment hook '/home/qing/ros2_humble/chapter4/face_detect/install/demo_python_service/share/demo_python_service/hook/pythonpath.ps1'
[1.474s] INFO:colcon.colcon_core.shell:Creating environment descriptor '/home/qing/ros2_humble/chapter4/face_detect/install/demo_python_service/share/demo_python_service/hook/pythonpath.dsv'
[1.474s] INFO:colcon.colcon_core.shell:Creating environment hook '/home/qing/ros2_humble/chapter4/face_detect/install/demo_python_service/share/demo_python_service/hook/pythonpath.sh'
[1.474s] Level 1:colcon.colcon_core.environment:checking '/home/qing/ros2_humble/chapter4/face_detect/install/demo_python_service/bin'
[1.474s] Level 1:colcon.colcon_core.environment:create_environment_scripts_only(demo_python_service)
[1.475s] INFO:colcon.colcon_core.shell:Creating package script '/home/qing/ros2_humble/chapter4/face_detect/install/demo_python_service/share/demo_python_service/package.ps1'
[1.475s] INFO:colcon.colcon_core.shell:Creating package descriptor '/home/qing/ros2_humble/chapter4/face_detect/install/demo_python_service/share/demo_python_service/package.dsv'
[1.475s] INFO:colcon.colcon_core.shell:Creating package script '/home/qing/ros2_humble/chapter4/face_detect/install/demo_python_service/share/demo_python_service/package.sh'
[1.476s] INFO:colcon.colcon_core.shell:Creating package script '/home/qing/ros2_humble/chapter4/face_detect/install/demo_python_service/share/demo_python_service/package.bash'
[1.476s] INFO:colcon.colcon_core.shell:Creating package script '/home/qing/ros2_humble/chapter4/face_detect/install/demo_python_service/share/demo_python_service/package.zsh'
[1.476s] Level 1:colcon.colcon_core.environment:create_file_with_runtime_dependencies(/home/qing/ros2_humble/chapter4/face_detect/install/demo_python_service/share/colcon-core/packages/demo_python_service)
[1.477s] DEBUG:colcon.colcon_parallel_executor.executor.parallel:closing loop
[1.477s] DEBUG:colcon.colcon_parallel_executor.executor.parallel:loop closed
[1.477s] DEBUG:colcon.colcon_parallel_executor.executor.parallel:run_until_complete finished with '0'
[1.477s] DEBUG:colcon.colcon_core.event_reactor:joining thread
[1.481s] INFO:colcon.colcon_core.plugin_system:Skipping extension 'colcon_notification.desktop_notification.terminal_notifier': Not used on non-Darwin systems
[1.481s] INFO:colcon.colcon_core.plugin_system:Skipping extension 'colcon_notification.desktop_notification.win32': Not used on non-Windows systems
[1.481s] INFO:colcon.colcon_notification.desktop_notification:Sending desktop notification using 'notify2'
[1.492s] DEBUG:colcon.colcon_core.event_reactor:joined thread
[1.492s] INFO:colcon.colcon_core.shell:Creating prefix script '/home/qing/ros2_humble/chapter4/face_detect/install/local_setup.ps1'
[1.493s] INFO:colcon.colcon_core.shell:Creating prefix util module '/home/qing/ros2_humble/chapter4/face_detect/install/_local_setup_util_ps1.py'
[1.494s] INFO:colcon.colcon_core.shell:Creating prefix chain script '/home/qing/ros2_humble/chapter4/face_detect/install/setup.ps1'
[1.495s] INFO:colcon.colcon_core.shell:Creating prefix script '/home/qing/ros2_humble/chapter4/face_detect/install/local_setup.sh'
[1.496s] INFO:colcon.colcon_core.shell:Creating prefix util module '/home/qing/ros2_humble/chapter4/face_detect/install/_local_setup_util_sh.py'
[1.496s] INFO:colcon.colcon_core.shell:Creating prefix chain script '/home/qing/ros2_humble/chapter4/face_detect/install/setup.sh'
[1.498s] INFO:colcon.colcon_core.shell:Creating prefix script '/home/qing/ros2_humble/chapter4/face_detect/install/local_setup.bash'
[1.498s] INFO:colcon.colcon_core.shell:Creating prefix chain script '/home/qing/ros2_humble/chapter4/face_detect/install/setup.bash'
[1.499s] INFO:colcon.colcon_core.shell:Creating prefix script '/home/qing/ros2_humble/chapter4/face_detect/install/local_setup.zsh'
[1.499s] INFO:colcon.colcon_core.shell:Creating prefix chain script '/home/qing/ros2_humble/chapter4/face_detect/install/setup.zsh'
