[0.013s] Invoking command in '/home/qing/ros2_humble/chapt8/learn_pluginlib/build/motion_control_system': CMAKE_PREFIX_PATH=${CMAKE_PREFIX_PATH}:/home/qing/ros2_humble/chapter7/chapt7_ws/install/fishbot_application:/home/qing/ros2_humble/chapter7/chapt7_ws/install/autopatrol_robot:/opt/ros/humble CONDA_PROMPT_MODIFIER=(base) /usr/bin/cmake /home/qing/ros2_humble/chapt8/learn_pluginlib/src/motion_control_system -DCMAKE_CXX_COMPILER=/usr/bin/g++ -DCMAKE_CXX_FLAGS=-I/usr/include/c++/11 -DCMAKE_SKIP_RPATH=ON -DCMAKE_INSTALL_PREFIX=/home/qing/ros2_humble/chapt8/learn_pluginlib/install/motion_control_system
[0.242s] -- The C compiler identification is Clang 14.0.0
[0.331s] -- The CXX compiler identification is GNU 11.4.0
[0.341s] -- Detecting C compiler ABI info
[0.435s] -- Detecting C compiler ABI info - done
[0.439s] -- Check for working C compiler: /usr/bin/cc - skipped
[0.440s] -- Detecting C compile features
[0.440s] -- Detecting C compile features - done
[0.443s] -- Detecting CXX compiler ABI info
[0.514s] -- Detecting CXX compiler ABI info - done
[0.520s] -- Check for working CXX compiler: /usr/bin/g++ - skipped
[0.520s] -- Detecting CXX compile features
[0.521s] -- Detecting CXX compile features - done
[0.537s] -- Found ament_cmake: 1.3.11 (/opt/ros/humble/share/ament_cmake/cmake)
[1.150s] -- Found Python3: /home/qing/下载/enter/bin/python3 (found version "3.10.14") found components: Interpreter 
[1.292s] -- Found pluginlib: 5.1.0 (/opt/ros/humble/share/pluginlib/cmake)
[1.360s] -- Found ament_lint_auto: 0.12.11 (/opt/ros/humble/share/ament_lint_auto/cmake)
[1.450s] -- Added test 'cppcheck' to perform static code analysis on C / C++ code
[1.450s] -- Configured cppcheck include dirs: /home/qing/ros2_humble/chapt8/learn_pluginlib/src/motion_control_system/include
[1.450s] -- Configured cppcheck exclude dirs and/or files: 
[1.450s] -- Added test 'lint_cmake' to check CMake code style
[1.452s] -- Added test 'uncrustify' to check C / C++ code style
[1.452s] -- Configured uncrustify additional arguments: 
[1.452s] -- Added test 'xmllint' to check XML markup files
[1.454s] -- Configuring done
[1.460s] -- Generating done
[1.462s] -- Build files have been written to: /home/qing/ros2_humble/chapt8/learn_pluginlib/build/motion_control_system
[1.469s] Invoked command in '/home/qing/ros2_humble/chapt8/learn_pluginlib/build/motion_control_system' returned '0': CMAKE_PREFIX_PATH=${CMAKE_PREFIX_PATH}:/home/qing/ros2_humble/chapter7/chapt7_ws/install/fishbot_application:/home/qing/ros2_humble/chapter7/chapt7_ws/install/autopatrol_robot:/opt/ros/humble CONDA_PROMPT_MODIFIER=(base) /usr/bin/cmake /home/qing/ros2_humble/chapt8/learn_pluginlib/src/motion_control_system -DCMAKE_CXX_COMPILER=/usr/bin/g++ -DCMAKE_CXX_FLAGS=-I/usr/include/c++/11 -DCMAKE_SKIP_RPATH=ON -DCMAKE_INSTALL_PREFIX=/home/qing/ros2_humble/chapt8/learn_pluginlib/install/motion_control_system
[1.470s] Invoking command in '/home/qing/ros2_humble/chapt8/learn_pluginlib/build/motion_control_system': CMAKE_PREFIX_PATH=${CMAKE_PREFIX_PATH}:/home/qing/ros2_humble/chapter7/chapt7_ws/install/fishbot_application:/home/qing/ros2_humble/chapter7/chapt7_ws/install/autopatrol_robot:/opt/ros/humble CONDA_PROMPT_MODIFIER=(base) /usr/bin/cmake --build /home/qing/ros2_humble/chapt8/learn_pluginlib/build/motion_control_system -- -j16 -l16
[1.511s] [ 25%] [32mBuilding CXX object CMakeFiles/spin_motion_controller.dir/src/spin_motion_controller.cpp.o[0m
[1.511s] [ 50%] [32mBuilding CXX object CMakeFiles/test_plugin.dir/src/test_plugin.cpp.o[0m
[2.004s] [ 75%] [32m[1mLinking CXX shared library libspin_motion_controller.so[0m
[2.071s] [ 75%] Built target spin_motion_controller
[3.726s] [100%] [32m[1mLinking CXX executable test_plugin[0m
[3.848s] [100%] Built target test_plugin
[3.858s] Invoked command in '/home/qing/ros2_humble/chapt8/learn_pluginlib/build/motion_control_system' returned '0': CMAKE_PREFIX_PATH=${CMAKE_PREFIX_PATH}:/home/qing/ros2_humble/chapter7/chapt7_ws/install/fishbot_application:/home/qing/ros2_humble/chapter7/chapt7_ws/install/autopatrol_robot:/opt/ros/humble CONDA_PROMPT_MODIFIER=(base) /usr/bin/cmake --build /home/qing/ros2_humble/chapt8/learn_pluginlib/build/motion_control_system -- -j16 -l16
[3.868s] Invoking command in '/home/qing/ros2_humble/chapt8/learn_pluginlib/build/motion_control_system': CMAKE_PREFIX_PATH=${CMAKE_PREFIX_PATH}:/home/qing/ros2_humble/chapter7/chapt7_ws/install/fishbot_application:/home/qing/ros2_humble/chapter7/chapt7_ws/install/autopatrol_robot:/opt/ros/humble CONDA_PROMPT_MODIFIER=(base) /usr/bin/cmake --install /home/qing/ros2_humble/chapt8/learn_pluginlib/build/motion_control_system
[3.874s] -- Install configuration: ""
[3.874s] -- Installing: /home/qing/ros2_humble/chapt8/learn_pluginlib/install/motion_control_system/lib/motion_control_system/test_plugin
[3.875s] -- Installing: /home/qing/ros2_humble/chapt8/learn_pluginlib/install/motion_control_system/lib/libspin_motion_controller.so
[3.875s] -- Installing: /home/qing/ros2_humble/chapt8/learn_pluginlib/install/motion_control_system/include/
[3.875s] -- Installing: /home/qing/ros2_humble/chapt8/learn_pluginlib/install/motion_control_system/include//motion_control_system
[3.876s] -- Installing: /home/qing/ros2_humble/chapt8/learn_pluginlib/install/motion_control_system/include//motion_control_system/motion_control_interface.hpp
[3.876s] -- Installing: /home/qing/ros2_humble/chapt8/learn_pluginlib/install/motion_control_system/include//motion_control_system/spin_motion_controller.hpp
[3.876s] -- Installing: /home/qing/ros2_humble/chapt8/learn_pluginlib/install/motion_control_system/share/motion_control_system/spin_motion_plugins.xml
[3.876s] -- Installing: /home/qing/ros2_humble/chapt8/learn_pluginlib/install/motion_control_system/share/ament_index/resource_index/package_run_dependencies/motion_control_system
[3.876s] -- Installing: /home/qing/ros2_humble/chapt8/learn_pluginlib/install/motion_control_system/share/ament_index/resource_index/parent_prefix_path/motion_control_system
[3.876s] -- Installing: /home/qing/ros2_humble/chapt8/learn_pluginlib/install/motion_control_system/share/motion_control_system/environment/ament_prefix_path.sh
[3.877s] -- Installing: /home/qing/ros2_humble/chapt8/learn_pluginlib/install/motion_control_system/share/motion_control_system/environment/ament_prefix_path.dsv
[3.877s] -- Installing: /home/qing/ros2_humble/chapt8/learn_pluginlib/install/motion_control_system/share/motion_control_system/environment/path.sh
[3.877s] -- Installing: /home/qing/ros2_humble/chapt8/learn_pluginlib/install/motion_control_system/share/motion_control_system/environment/path.dsv
[3.877s] -- Installing: /home/qing/ros2_humble/chapt8/learn_pluginlib/install/motion_control_system/share/motion_control_system/local_setup.bash
[3.877s] -- Installing: /home/qing/ros2_humble/chapt8/learn_pluginlib/install/motion_control_system/share/motion_control_system/local_setup.sh
[3.877s] -- Installing: /home/qing/ros2_humble/chapt8/learn_pluginlib/install/motion_control_system/share/motion_control_system/local_setup.zsh
[3.877s] -- Installing: /home/qing/ros2_humble/chapt8/learn_pluginlib/install/motion_control_system/share/motion_control_system/local_setup.dsv
[3.877s] -- Installing: /home/qing/ros2_humble/chapt8/learn_pluginlib/install/motion_control_system/share/motion_control_system/package.dsv
[3.878s] -- Installing: /home/qing/ros2_humble/chapt8/learn_pluginlib/install/motion_control_system/share/ament_index/resource_index/packages/motion_control_system
[3.878s] -- Installing: /home/qing/ros2_humble/chapt8/learn_pluginlib/install/motion_control_system/share/ament_index/resource_index/motion_control_system__pluginlib__plugin/motion_control_system
[3.878s] -- Installing: /home/qing/ros2_humble/chapt8/learn_pluginlib/install/motion_control_system/share/motion_control_system/cmake/motion_control_systemConfig.cmake
[3.878s] -- Installing: /home/qing/ros2_humble/chapt8/learn_pluginlib/install/motion_control_system/share/motion_control_system/cmake/motion_control_systemConfig-version.cmake
[3.878s] -- Installing: /home/qing/ros2_humble/chapt8/learn_pluginlib/install/motion_control_system/share/motion_control_system/package.xml
[3.880s] Invoked command in '/home/qing/ros2_humble/chapt8/learn_pluginlib/build/motion_control_system' returned '0': CMAKE_PREFIX_PATH=${CMAKE_PREFIX_PATH}:/home/qing/ros2_humble/chapter7/chapt7_ws/install/fishbot_application:/home/qing/ros2_humble/chapter7/chapt7_ws/install/autopatrol_robot:/opt/ros/humble CONDA_PROMPT_MODIFIER=(base) /usr/bin/cmake --install /home/qing/ros2_humble/chapt8/learn_pluginlib/build/motion_control_system
