[0.174s] DEBUG:colcon:Command line arguments: ['/home/qing/下载/enter/bin/colcon', 'build', '--cmake-args', '-DCMAKE_CXX_COMPILER=/usr/bin/g++', '-DCMAKE_CXX_FLAGS=-I/usr/include/c++/11', '-DCMAKE_SKIP_RPATH=ON']
[0.174s] DEBUG:colcon:Parsed command line arguments: Namespace(log_base=None, log_level=None, verb_name='build', build_base='build', install_base='install', merge_install=False, symlink_install=False, test_result_base=None, continue_on_error=False, executor='parallel', parallel_workers=16, event_handlers=None, ignore_user_meta=False, metas=['./colcon.meta'], base_paths=['.'], packages_ignore=None, packages_ignore_regex=None, paths=None, packages_up_to=None, packages_up_to_regex=None, packages_above=None, packages_above_and_dependencies=None, packages_above_depth=None, packages_select_by_dep=None, packages_skip_by_dep=None, packages_skip_up_to=None, packages_select_build_failed=False, packages_skip_build_finished=False, packages_select_test_failures=False, packages_skip_test_passed=False, packages_select=None, packages_skip=None, packages_select_regex=None, packages_skip_regex=None, packages_start=None, packages_end=None, cmake_args=['-DCMAKE_CXX_COMPILER=/usr/bin/g++', '-DCMAKE_CXX_FLAGS=-I/usr/include/c++/11', '-DCMAKE_SKIP_RPATH=ON'], cmake_target=None, cmake_target_skip_unavailable=False, cmake_clean_cache=False, cmake_clean_first=False, cmake_force_configure=False, ament_cmake_args=None, catkin_cmake_args=None, catkin_skip_building_tests=False, verb_parser=<colcon_defaults.argument_parser.defaults.DefaultArgumentsDecorator object at 0x71bf7ca641f0>, verb_extension=<colcon_core.verb.build.BuildVerb object at 0x71bf7cb79780>, main=<bound method BuildVerb.main of <colcon_core.verb.build.BuildVerb object at 0x71bf7cb79780>>)
[0.479s] Level 1:colcon.colcon_core.package_discovery:discover_packages(colcon_meta) check parameters
[0.479s] Level 1:colcon.colcon_core.package_discovery:discover_packages(recursive) check parameters
[0.479s] Level 1:colcon.colcon_core.package_discovery:discover_packages(ignore) check parameters
[0.479s] Level 1:colcon.colcon_core.package_discovery:discover_packages(path) check parameters
[0.479s] Level 1:colcon.colcon_core.package_discovery:discover_packages(colcon_meta) discover
[0.479s] Level 1:colcon.colcon_core.package_discovery:discover_packages(recursive) discover
[0.479s] INFO:colcon.colcon_core.package_discovery:Crawling recursively for packages in '/home/qing/ros2_humble/chapt8/chapt8_ws'
[0.479s] Level 1:colcon.colcon_core.package_identification:_identify(.) by extensions ['ignore', 'ignore_ament_install']
[0.479s] Level 1:colcon.colcon_core.package_identification:_identify(.) by extension 'ignore'
[0.479s] Level 1:colcon.colcon_core.package_identification:_identify(.) by extension 'ignore_ament_install'
[0.479s] Level 1:colcon.colcon_core.package_identification:_identify(.) by extensions ['colcon_pkg']
[0.479s] Level 1:colcon.colcon_core.package_identification:_identify(.) by extension 'colcon_pkg'
[0.479s] Level 1:colcon.colcon_core.package_identification:_identify(.) by extensions ['colcon_meta']
[0.479s] Level 1:colcon.colcon_core.package_identification:_identify(.) by extension 'colcon_meta'
[0.479s] Level 1:colcon.colcon_core.package_identification:_identify(.) by extensions ['ros']
[0.479s] Level 1:colcon.colcon_core.package_identification:_identify(.) by extension 'ros'
[0.512s] Level 1:colcon.colcon_core.package_identification:_identify(.) by extensions ['cmake', 'python']
[0.512s] Level 1:colcon.colcon_core.package_identification:_identify(.) by extension 'cmake'
[0.512s] Level 1:colcon.colcon_core.package_identification:_identify(.) by extension 'python'
[0.512s] Level 1:colcon.colcon_core.package_identification:_identify(.) by extensions ['python_setup_py']
[0.512s] Level 1:colcon.colcon_core.package_identification:_identify(.) by extension 'python_setup_py'
[0.512s] Level 1:colcon.colcon_core.package_identification:_identify(build) by extensions ['ignore', 'ignore_ament_install']
[0.512s] Level 1:colcon.colcon_core.package_identification:_identify(build) by extension 'ignore'
[0.512s] Level 1:colcon.colcon_core.package_identification:_identify(build) ignored
[0.512s] Level 1:colcon.colcon_core.package_identification:_identify(install) by extensions ['ignore', 'ignore_ament_install']
[0.512s] Level 1:colcon.colcon_core.package_identification:_identify(install) by extension 'ignore'
[0.512s] Level 1:colcon.colcon_core.package_identification:_identify(install) ignored
[0.512s] Level 1:colcon.colcon_core.package_identification:_identify(log) by extensions ['ignore', 'ignore_ament_install']
[0.513s] Level 1:colcon.colcon_core.package_identification:_identify(log) by extension 'ignore'
[0.513s] Level 1:colcon.colcon_core.package_identification:_identify(log) ignored
[0.513s] Level 1:colcon.colcon_core.package_identification:_identify(src) by extensions ['ignore', 'ignore_ament_install']
[0.513s] Level 1:colcon.colcon_core.package_identification:_identify(src) by extension 'ignore'
[0.513s] Level 1:colcon.colcon_core.package_identification:_identify(src) by extension 'ignore_ament_install'
[0.513s] Level 1:colcon.colcon_core.package_identification:_identify(src) by extensions ['colcon_pkg']
[0.513s] Level 1:colcon.colcon_core.package_identification:_identify(src) by extension 'colcon_pkg'
[0.513s] Level 1:colcon.colcon_core.package_identification:_identify(src) by extensions ['colcon_meta']
[0.513s] Level 1:colcon.colcon_core.package_identification:_identify(src) by extension 'colcon_meta'
[0.513s] Level 1:colcon.colcon_core.package_identification:_identify(src) by extensions ['ros']
[0.513s] Level 1:colcon.colcon_core.package_identification:_identify(src) by extension 'ros'
[0.513s] Level 1:colcon.colcon_core.package_identification:_identify(src) by extensions ['cmake', 'python']
[0.513s] Level 1:colcon.colcon_core.package_identification:_identify(src) by extension 'cmake'
[0.513s] Level 1:colcon.colcon_core.package_identification:_identify(src) by extension 'python'
[0.513s] Level 1:colcon.colcon_core.package_identification:_identify(src) by extensions ['python_setup_py']
[0.513s] Level 1:colcon.colcon_core.package_identification:_identify(src) by extension 'python_setup_py'
[0.513s] Level 1:colcon.colcon_core.package_identification:_identify(src/autopatrol_interfaces) by extensions ['ignore', 'ignore_ament_install']
[0.513s] Level 1:colcon.colcon_core.package_identification:_identify(src/autopatrol_interfaces) by extension 'ignore'
[0.514s] Level 1:colcon.colcon_core.package_identification:_identify(src/autopatrol_interfaces) by extension 'ignore_ament_install'
[0.514s] Level 1:colcon.colcon_core.package_identification:_identify(src/autopatrol_interfaces) by extensions ['colcon_pkg']
[0.514s] Level 1:colcon.colcon_core.package_identification:_identify(src/autopatrol_interfaces) by extension 'colcon_pkg'
[0.514s] Level 1:colcon.colcon_core.package_identification:_identify(src/autopatrol_interfaces) by extensions ['colcon_meta']
[0.514s] Level 1:colcon.colcon_core.package_identification:_identify(src/autopatrol_interfaces) by extension 'colcon_meta'
[0.514s] Level 1:colcon.colcon_core.package_identification:_identify(src/autopatrol_interfaces) by extensions ['ros']
[0.514s] Level 1:colcon.colcon_core.package_identification:_identify(src/autopatrol_interfaces) by extension 'ros'
[0.516s] DEBUG:colcon.colcon_core.package_identification:Package 'src/autopatrol_interfaces' with type 'ros.ament_cmake' and name 'autopatrol_interfaces'
[0.517s] Level 1:colcon.colcon_core.package_identification:_identify(src/autopatrol_robot) by extensions ['ignore', 'ignore_ament_install']
[0.517s] Level 1:colcon.colcon_core.package_identification:_identify(src/autopatrol_robot) by extension 'ignore'
[0.517s] Level 1:colcon.colcon_core.package_identification:_identify(src/autopatrol_robot) by extension 'ignore_ament_install'
[0.517s] Level 1:colcon.colcon_core.package_identification:_identify(src/autopatrol_robot) by extensions ['colcon_pkg']
[0.517s] Level 1:colcon.colcon_core.package_identification:_identify(src/autopatrol_robot) by extension 'colcon_pkg'
[0.517s] Level 1:colcon.colcon_core.package_identification:_identify(src/autopatrol_robot) by extensions ['colcon_meta']
[0.517s] Level 1:colcon.colcon_core.package_identification:_identify(src/autopatrol_robot) by extension 'colcon_meta'
[0.517s] Level 1:colcon.colcon_core.package_identification:_identify(src/autopatrol_robot) by extensions ['ros']
[0.517s] Level 1:colcon.colcon_core.package_identification:_identify(src/autopatrol_robot) by extension 'ros'
[0.517s] DEBUG:colcon.colcon_core.package_identification:Package 'src/autopatrol_robot' with type 'ros.ament_python' and name 'autopatrol_robot'
[0.518s] Level 1:colcon.colcon_core.package_identification:_identify(src/fishbot_application) by extensions ['ignore', 'ignore_ament_install']
[0.518s] Level 1:colcon.colcon_core.package_identification:_identify(src/fishbot_application) by extension 'ignore'
[0.518s] Level 1:colcon.colcon_core.package_identification:_identify(src/fishbot_application) by extension 'ignore_ament_install'
[0.518s] Level 1:colcon.colcon_core.package_identification:_identify(src/fishbot_application) by extensions ['colcon_pkg']
[0.518s] Level 1:colcon.colcon_core.package_identification:_identify(src/fishbot_application) by extension 'colcon_pkg'
[0.518s] Level 1:colcon.colcon_core.package_identification:_identify(src/fishbot_application) by extensions ['colcon_meta']
[0.518s] Level 1:colcon.colcon_core.package_identification:_identify(src/fishbot_application) by extension 'colcon_meta'
[0.518s] Level 1:colcon.colcon_core.package_identification:_identify(src/fishbot_application) by extensions ['ros']
[0.518s] Level 1:colcon.colcon_core.package_identification:_identify(src/fishbot_application) by extension 'ros'
[0.518s] DEBUG:colcon.colcon_core.package_identification:Package 'src/fishbot_application' with type 'ros.ament_python' and name 'fishbot_application'
[0.518s] Level 1:colcon.colcon_core.package_identification:_identify(src/fishbot_application_cpp) by extensions ['ignore', 'ignore_ament_install']
[0.519s] Level 1:colcon.colcon_core.package_identification:_identify(src/fishbot_application_cpp) by extension 'ignore'
[0.519s] Level 1:colcon.colcon_core.package_identification:_identify(src/fishbot_application_cpp) by extension 'ignore_ament_install'
[0.519s] Level 1:colcon.colcon_core.package_identification:_identify(src/fishbot_application_cpp) by extensions ['colcon_pkg']
[0.519s] Level 1:colcon.colcon_core.package_identification:_identify(src/fishbot_application_cpp) by extension 'colcon_pkg'
[0.519s] Level 1:colcon.colcon_core.package_identification:_identify(src/fishbot_application_cpp) by extensions ['colcon_meta']
[0.519s] Level 1:colcon.colcon_core.package_identification:_identify(src/fishbot_application_cpp) by extension 'colcon_meta'
[0.519s] Level 1:colcon.colcon_core.package_identification:_identify(src/fishbot_application_cpp) by extensions ['ros']
[0.519s] Level 1:colcon.colcon_core.package_identification:_identify(src/fishbot_application_cpp) by extension 'ros'
[0.520s] DEBUG:colcon.colcon_core.package_identification:Package 'src/fishbot_application_cpp' with type 'ros.ament_cmake' and name 'fishbot_application_cpp'
[0.520s] Level 1:colcon.colcon_core.package_identification:_identify(src/fishbot_description) by extensions ['ignore', 'ignore_ament_install']
[0.520s] Level 1:colcon.colcon_core.package_identification:_identify(src/fishbot_description) by extension 'ignore'
[0.520s] Level 1:colcon.colcon_core.package_identification:_identify(src/fishbot_description) by extension 'ignore_ament_install'
[0.520s] Level 1:colcon.colcon_core.package_identification:_identify(src/fishbot_description) by extensions ['colcon_pkg']
[0.520s] Level 1:colcon.colcon_core.package_identification:_identify(src/fishbot_description) by extension 'colcon_pkg'
[0.520s] Level 1:colcon.colcon_core.package_identification:_identify(src/fishbot_description) by extensions ['colcon_meta']
[0.520s] Level 1:colcon.colcon_core.package_identification:_identify(src/fishbot_description) by extension 'colcon_meta'
[0.520s] Level 1:colcon.colcon_core.package_identification:_identify(src/fishbot_description) by extensions ['ros']
[0.520s] Level 1:colcon.colcon_core.package_identification:_identify(src/fishbot_description) by extension 'ros'
[0.520s] DEBUG:colcon.colcon_core.package_identification:Package 'src/fishbot_description' with type 'ros.ament_cmake' and name 'fishbot_description'
[0.521s] Level 1:colcon.colcon_core.package_identification:_identify(src/fishbot_navigation2) by extensions ['ignore', 'ignore_ament_install']
[0.521s] Level 1:colcon.colcon_core.package_identification:_identify(src/fishbot_navigation2) by extension 'ignore'
[0.521s] Level 1:colcon.colcon_core.package_identification:_identify(src/fishbot_navigation2) by extension 'ignore_ament_install'
[0.521s] Level 1:colcon.colcon_core.package_identification:_identify(src/fishbot_navigation2) by extensions ['colcon_pkg']
[0.521s] Level 1:colcon.colcon_core.package_identification:_identify(src/fishbot_navigation2) by extension 'colcon_pkg'
[0.521s] Level 1:colcon.colcon_core.package_identification:_identify(src/fishbot_navigation2) by extensions ['colcon_meta']
[0.521s] Level 1:colcon.colcon_core.package_identification:_identify(src/fishbot_navigation2) by extension 'colcon_meta'
[0.521s] Level 1:colcon.colcon_core.package_identification:_identify(src/fishbot_navigation2) by extensions ['ros']
[0.521s] Level 1:colcon.colcon_core.package_identification:_identify(src/fishbot_navigation2) by extension 'ros'
[0.521s] DEBUG:colcon.colcon_core.package_identification:Package 'src/fishbot_navigation2' with type 'ros.ament_cmake' and name 'fishbot_navigation2'
[0.522s] Level 1:colcon.colcon_core.package_identification:_identify(src/nav2_custom_controller) by extensions ['ignore', 'ignore_ament_install']
[0.522s] Level 1:colcon.colcon_core.package_identification:_identify(src/nav2_custom_controller) by extension 'ignore'
[0.522s] Level 1:colcon.colcon_core.package_identification:_identify(src/nav2_custom_controller) by extension 'ignore_ament_install'
[0.522s] Level 1:colcon.colcon_core.package_identification:_identify(src/nav2_custom_controller) by extensions ['colcon_pkg']
[0.522s] Level 1:colcon.colcon_core.package_identification:_identify(src/nav2_custom_controller) by extension 'colcon_pkg'
[0.522s] Level 1:colcon.colcon_core.package_identification:_identify(src/nav2_custom_controller) by extensions ['colcon_meta']
[0.522s] Level 1:colcon.colcon_core.package_identification:_identify(src/nav2_custom_controller) by extension 'colcon_meta'
[0.522s] Level 1:colcon.colcon_core.package_identification:_identify(src/nav2_custom_controller) by extensions ['ros']
[0.522s] Level 1:colcon.colcon_core.package_identification:_identify(src/nav2_custom_controller) by extension 'ros'
[0.523s] DEBUG:colcon.colcon_core.package_identification:Package 'src/nav2_custom_controller' with type 'ros.ament_cmake' and name 'nav2_custom_controller'
[0.523s] Level 1:colcon.colcon_core.package_identification:_identify(src/nav2_custom_planner) by extensions ['ignore', 'ignore_ament_install']
[0.523s] Level 1:colcon.colcon_core.package_identification:_identify(src/nav2_custom_planner) by extension 'ignore'
[0.523s] Level 1:colcon.colcon_core.package_identification:_identify(src/nav2_custom_planner) by extension 'ignore_ament_install'
[0.523s] Level 1:colcon.colcon_core.package_identification:_identify(src/nav2_custom_planner) by extensions ['colcon_pkg']
[0.523s] Level 1:colcon.colcon_core.package_identification:_identify(src/nav2_custom_planner) by extension 'colcon_pkg'
[0.523s] Level 1:colcon.colcon_core.package_identification:_identify(src/nav2_custom_planner) by extensions ['colcon_meta']
[0.523s] Level 1:colcon.colcon_core.package_identification:_identify(src/nav2_custom_planner) by extension 'colcon_meta'
[0.523s] Level 1:colcon.colcon_core.package_identification:_identify(src/nav2_custom_planner) by extensions ['ros']
[0.523s] Level 1:colcon.colcon_core.package_identification:_identify(src/nav2_custom_planner) by extension 'ros'
[0.524s] DEBUG:colcon.colcon_core.package_identification:Package 'src/nav2_custom_planner' with type 'ros.ament_cmake' and name 'nav2_custom_planner'
[0.524s] Level 1:colcon.colcon_core.package_discovery:discover_packages(recursive) using defaults
[0.524s] Level 1:colcon.colcon_core.package_discovery:discover_packages(ignore) discover
[0.524s] Level 1:colcon.colcon_core.package_discovery:discover_packages(ignore) using defaults
[0.524s] Level 1:colcon.colcon_core.package_discovery:discover_packages(path) discover
[0.524s] Level 1:colcon.colcon_core.package_discovery:discover_packages(path) using defaults
[0.547s] Level 5:colcon.colcon_core.verb:set package 'autopatrol_interfaces' build argument 'cmake_args' from command line to '['-DCMAKE_CXX_COMPILER=/usr/bin/g++', '-DCMAKE_CXX_FLAGS=-I/usr/include/c++/11', '-DCMAKE_SKIP_RPATH=ON']'
[0.547s] Level 5:colcon.colcon_core.verb:set package 'autopatrol_interfaces' build argument 'cmake_target' from command line to 'None'
[0.547s] Level 5:colcon.colcon_core.verb:set package 'autopatrol_interfaces' build argument 'cmake_target_skip_unavailable' from command line to 'False'
[0.547s] Level 5:colcon.colcon_core.verb:set package 'autopatrol_interfaces' build argument 'cmake_clean_cache' from command line to 'False'
[0.547s] Level 5:colcon.colcon_core.verb:set package 'autopatrol_interfaces' build argument 'cmake_clean_first' from command line to 'False'
[0.547s] Level 5:colcon.colcon_core.verb:set package 'autopatrol_interfaces' build argument 'cmake_force_configure' from command line to 'False'
[0.547s] Level 5:colcon.colcon_core.verb:set package 'autopatrol_interfaces' build argument 'ament_cmake_args' from command line to 'None'
[0.547s] Level 5:colcon.colcon_core.verb:set package 'autopatrol_interfaces' build argument 'catkin_cmake_args' from command line to 'None'
[0.547s] Level 5:colcon.colcon_core.verb:set package 'autopatrol_interfaces' build argument 'catkin_skip_building_tests' from command line to 'False'
[0.547s] DEBUG:colcon.colcon_core.verb:Building package 'autopatrol_interfaces' with the following arguments: {'ament_cmake_args': None, 'build_base': '/home/qing/ros2_humble/chapt8/chapt8_ws/build/autopatrol_interfaces', 'catkin_cmake_args': None, 'catkin_skip_building_tests': False, 'cmake_args': ['-DCMAKE_CXX_COMPILER=/usr/bin/g++', '-DCMAKE_CXX_FLAGS=-I/usr/include/c++/11', '-DCMAKE_SKIP_RPATH=ON'], 'cmake_clean_cache': False, 'cmake_clean_first': False, 'cmake_force_configure': False, 'cmake_target': None, 'cmake_target_skip_unavailable': False, 'install_base': '/home/qing/ros2_humble/chapt8/chapt8_ws/install/autopatrol_interfaces', 'merge_install': False, 'path': '/home/qing/ros2_humble/chapt8/chapt8_ws/src/autopatrol_interfaces', 'symlink_install': False, 'test_result_base': None}
[0.548s] Level 5:colcon.colcon_core.verb:set package 'autopatrol_robot' build argument 'cmake_args' from command line to '['-DCMAKE_CXX_COMPILER=/usr/bin/g++', '-DCMAKE_CXX_FLAGS=-I/usr/include/c++/11', '-DCMAKE_SKIP_RPATH=ON']'
[0.548s] Level 5:colcon.colcon_core.verb:set package 'autopatrol_robot' build argument 'cmake_target' from command line to 'None'
[0.548s] Level 5:colcon.colcon_core.verb:set package 'autopatrol_robot' build argument 'cmake_target_skip_unavailable' from command line to 'False'
[0.548s] Level 5:colcon.colcon_core.verb:set package 'autopatrol_robot' build argument 'cmake_clean_cache' from command line to 'False'
[0.548s] Level 5:colcon.colcon_core.verb:set package 'autopatrol_robot' build argument 'cmake_clean_first' from command line to 'False'
[0.548s] Level 5:colcon.colcon_core.verb:set package 'autopatrol_robot' build argument 'cmake_force_configure' from command line to 'False'
[0.548s] Level 5:colcon.colcon_core.verb:set package 'autopatrol_robot' build argument 'ament_cmake_args' from command line to 'None'
[0.548s] Level 5:colcon.colcon_core.verb:set package 'autopatrol_robot' build argument 'catkin_cmake_args' from command line to 'None'
[0.548s] Level 5:colcon.colcon_core.verb:set package 'autopatrol_robot' build argument 'catkin_skip_building_tests' from command line to 'False'
[0.548s] DEBUG:colcon.colcon_core.verb:Building package 'autopatrol_robot' with the following arguments: {'ament_cmake_args': None, 'build_base': '/home/qing/ros2_humble/chapt8/chapt8_ws/build/autopatrol_robot', 'catkin_cmake_args': None, 'catkin_skip_building_tests': False, 'cmake_args': ['-DCMAKE_CXX_COMPILER=/usr/bin/g++', '-DCMAKE_CXX_FLAGS=-I/usr/include/c++/11', '-DCMAKE_SKIP_RPATH=ON'], 'cmake_clean_cache': False, 'cmake_clean_first': False, 'cmake_force_configure': False, 'cmake_target': None, 'cmake_target_skip_unavailable': False, 'install_base': '/home/qing/ros2_humble/chapt8/chapt8_ws/install/autopatrol_robot', 'merge_install': False, 'path': '/home/qing/ros2_humble/chapt8/chapt8_ws/src/autopatrol_robot', 'symlink_install': False, 'test_result_base': None}
[0.548s] Level 5:colcon.colcon_core.verb:set package 'fishbot_application' build argument 'cmake_args' from command line to '['-DCMAKE_CXX_COMPILER=/usr/bin/g++', '-DCMAKE_CXX_FLAGS=-I/usr/include/c++/11', '-DCMAKE_SKIP_RPATH=ON']'
[0.548s] Level 5:colcon.colcon_core.verb:set package 'fishbot_application' build argument 'cmake_target' from command line to 'None'
[0.548s] Level 5:colcon.colcon_core.verb:set package 'fishbot_application' build argument 'cmake_target_skip_unavailable' from command line to 'False'
[0.548s] Level 5:colcon.colcon_core.verb:set package 'fishbot_application' build argument 'cmake_clean_cache' from command line to 'False'
[0.548s] Level 5:colcon.colcon_core.verb:set package 'fishbot_application' build argument 'cmake_clean_first' from command line to 'False'
[0.548s] Level 5:colcon.colcon_core.verb:set package 'fishbot_application' build argument 'cmake_force_configure' from command line to 'False'
[0.548s] Level 5:colcon.colcon_core.verb:set package 'fishbot_application' build argument 'ament_cmake_args' from command line to 'None'
[0.548s] Level 5:colcon.colcon_core.verb:set package 'fishbot_application' build argument 'catkin_cmake_args' from command line to 'None'
[0.548s] Level 5:colcon.colcon_core.verb:set package 'fishbot_application' build argument 'catkin_skip_building_tests' from command line to 'False'
[0.548s] DEBUG:colcon.colcon_core.verb:Building package 'fishbot_application' with the following arguments: {'ament_cmake_args': None, 'build_base': '/home/qing/ros2_humble/chapt8/chapt8_ws/build/fishbot_application', 'catkin_cmake_args': None, 'catkin_skip_building_tests': False, 'cmake_args': ['-DCMAKE_CXX_COMPILER=/usr/bin/g++', '-DCMAKE_CXX_FLAGS=-I/usr/include/c++/11', '-DCMAKE_SKIP_RPATH=ON'], 'cmake_clean_cache': False, 'cmake_clean_first': False, 'cmake_force_configure': False, 'cmake_target': None, 'cmake_target_skip_unavailable': False, 'install_base': '/home/qing/ros2_humble/chapt8/chapt8_ws/install/fishbot_application', 'merge_install': False, 'path': '/home/qing/ros2_humble/chapt8/chapt8_ws/src/fishbot_application', 'symlink_install': False, 'test_result_base': None}
[0.549s] Level 5:colcon.colcon_core.verb:set package 'fishbot_application_cpp' build argument 'cmake_args' from command line to '['-DCMAKE_CXX_COMPILER=/usr/bin/g++', '-DCMAKE_CXX_FLAGS=-I/usr/include/c++/11', '-DCMAKE_SKIP_RPATH=ON']'
[0.549s] Level 5:colcon.colcon_core.verb:set package 'fishbot_application_cpp' build argument 'cmake_target' from command line to 'None'
[0.549s] Level 5:colcon.colcon_core.verb:set package 'fishbot_application_cpp' build argument 'cmake_target_skip_unavailable' from command line to 'False'
[0.549s] Level 5:colcon.colcon_core.verb:set package 'fishbot_application_cpp' build argument 'cmake_clean_cache' from command line to 'False'
[0.549s] Level 5:colcon.colcon_core.verb:set package 'fishbot_application_cpp' build argument 'cmake_clean_first' from command line to 'False'
[0.549s] Level 5:colcon.colcon_core.verb:set package 'fishbot_application_cpp' build argument 'cmake_force_configure' from command line to 'False'
[0.549s] Level 5:colcon.colcon_core.verb:set package 'fishbot_application_cpp' build argument 'ament_cmake_args' from command line to 'None'
[0.549s] Level 5:colcon.colcon_core.verb:set package 'fishbot_application_cpp' build argument 'catkin_cmake_args' from command line to 'None'
[0.549s] Level 5:colcon.colcon_core.verb:set package 'fishbot_application_cpp' build argument 'catkin_skip_building_tests' from command line to 'False'
[0.549s] DEBUG:colcon.colcon_core.verb:Building package 'fishbot_application_cpp' with the following arguments: {'ament_cmake_args': None, 'build_base': '/home/qing/ros2_humble/chapt8/chapt8_ws/build/fishbot_application_cpp', 'catkin_cmake_args': None, 'catkin_skip_building_tests': False, 'cmake_args': ['-DCMAKE_CXX_COMPILER=/usr/bin/g++', '-DCMAKE_CXX_FLAGS=-I/usr/include/c++/11', '-DCMAKE_SKIP_RPATH=ON'], 'cmake_clean_cache': False, 'cmake_clean_first': False, 'cmake_force_configure': False, 'cmake_target': None, 'cmake_target_skip_unavailable': False, 'install_base': '/home/qing/ros2_humble/chapt8/chapt8_ws/install/fishbot_application_cpp', 'merge_install': False, 'path': '/home/qing/ros2_humble/chapt8/chapt8_ws/src/fishbot_application_cpp', 'symlink_install': False, 'test_result_base': None}
[0.549s] Level 5:colcon.colcon_core.verb:set package 'fishbot_description' build argument 'cmake_args' from command line to '['-DCMAKE_CXX_COMPILER=/usr/bin/g++', '-DCMAKE_CXX_FLAGS=-I/usr/include/c++/11', '-DCMAKE_SKIP_RPATH=ON']'
[0.549s] Level 5:colcon.colcon_core.verb:set package 'fishbot_description' build argument 'cmake_target' from command line to 'None'
[0.549s] Level 5:colcon.colcon_core.verb:set package 'fishbot_description' build argument 'cmake_target_skip_unavailable' from command line to 'False'
[0.549s] Level 5:colcon.colcon_core.verb:set package 'fishbot_description' build argument 'cmake_clean_cache' from command line to 'False'
[0.549s] Level 5:colcon.colcon_core.verb:set package 'fishbot_description' build argument 'cmake_clean_first' from command line to 'False'
[0.549s] Level 5:colcon.colcon_core.verb:set package 'fishbot_description' build argument 'cmake_force_configure' from command line to 'False'
[0.549s] Level 5:colcon.colcon_core.verb:set package 'fishbot_description' build argument 'ament_cmake_args' from command line to 'None'
[0.549s] Level 5:colcon.colcon_core.verb:set package 'fishbot_description' build argument 'catkin_cmake_args' from command line to 'None'
[0.549s] Level 5:colcon.colcon_core.verb:set package 'fishbot_description' build argument 'catkin_skip_building_tests' from command line to 'False'
[0.549s] DEBUG:colcon.colcon_core.verb:Building package 'fishbot_description' with the following arguments: {'ament_cmake_args': None, 'build_base': '/home/qing/ros2_humble/chapt8/chapt8_ws/build/fishbot_description', 'catkin_cmake_args': None, 'catkin_skip_building_tests': False, 'cmake_args': ['-DCMAKE_CXX_COMPILER=/usr/bin/g++', '-DCMAKE_CXX_FLAGS=-I/usr/include/c++/11', '-DCMAKE_SKIP_RPATH=ON'], 'cmake_clean_cache': False, 'cmake_clean_first': False, 'cmake_force_configure': False, 'cmake_target': None, 'cmake_target_skip_unavailable': False, 'install_base': '/home/qing/ros2_humble/chapt8/chapt8_ws/install/fishbot_description', 'merge_install': False, 'path': '/home/qing/ros2_humble/chapt8/chapt8_ws/src/fishbot_description', 'symlink_install': False, 'test_result_base': None}
[0.549s] Level 5:colcon.colcon_core.verb:set package 'fishbot_navigation2' build argument 'cmake_args' from command line to '['-DCMAKE_CXX_COMPILER=/usr/bin/g++', '-DCMAKE_CXX_FLAGS=-I/usr/include/c++/11', '-DCMAKE_SKIP_RPATH=ON']'
[0.549s] Level 5:colcon.colcon_core.verb:set package 'fishbot_navigation2' build argument 'cmake_target' from command line to 'None'
[0.549s] Level 5:colcon.colcon_core.verb:set package 'fishbot_navigation2' build argument 'cmake_target_skip_unavailable' from command line to 'False'
[0.549s] Level 5:colcon.colcon_core.verb:set package 'fishbot_navigation2' build argument 'cmake_clean_cache' from command line to 'False'
[0.550s] Level 5:colcon.colcon_core.verb:set package 'fishbot_navigation2' build argument 'cmake_clean_first' from command line to 'False'
[0.550s] Level 5:colcon.colcon_core.verb:set package 'fishbot_navigation2' build argument 'cmake_force_configure' from command line to 'False'
[0.550s] Level 5:colcon.colcon_core.verb:set package 'fishbot_navigation2' build argument 'ament_cmake_args' from command line to 'None'
[0.550s] Level 5:colcon.colcon_core.verb:set package 'fishbot_navigation2' build argument 'catkin_cmake_args' from command line to 'None'
[0.550s] Level 5:colcon.colcon_core.verb:set package 'fishbot_navigation2' build argument 'catkin_skip_building_tests' from command line to 'False'
[0.550s] DEBUG:colcon.colcon_core.verb:Building package 'fishbot_navigation2' with the following arguments: {'ament_cmake_args': None, 'build_base': '/home/qing/ros2_humble/chapt8/chapt8_ws/build/fishbot_navigation2', 'catkin_cmake_args': None, 'catkin_skip_building_tests': False, 'cmake_args': ['-DCMAKE_CXX_COMPILER=/usr/bin/g++', '-DCMAKE_CXX_FLAGS=-I/usr/include/c++/11', '-DCMAKE_SKIP_RPATH=ON'], 'cmake_clean_cache': False, 'cmake_clean_first': False, 'cmake_force_configure': False, 'cmake_target': None, 'cmake_target_skip_unavailable': False, 'install_base': '/home/qing/ros2_humble/chapt8/chapt8_ws/install/fishbot_navigation2', 'merge_install': False, 'path': '/home/qing/ros2_humble/chapt8/chapt8_ws/src/fishbot_navigation2', 'symlink_install': False, 'test_result_base': None}
[0.550s] Level 5:colcon.colcon_core.verb:set package 'nav2_custom_controller' build argument 'cmake_args' from command line to '['-DCMAKE_CXX_COMPILER=/usr/bin/g++', '-DCMAKE_CXX_FLAGS=-I/usr/include/c++/11', '-DCMAKE_SKIP_RPATH=ON']'
[0.550s] Level 5:colcon.colcon_core.verb:set package 'nav2_custom_controller' build argument 'cmake_target' from command line to 'None'
[0.550s] Level 5:colcon.colcon_core.verb:set package 'nav2_custom_controller' build argument 'cmake_target_skip_unavailable' from command line to 'False'
[0.550s] Level 5:colcon.colcon_core.verb:set package 'nav2_custom_controller' build argument 'cmake_clean_cache' from command line to 'False'
[0.550s] Level 5:colcon.colcon_core.verb:set package 'nav2_custom_controller' build argument 'cmake_clean_first' from command line to 'False'
[0.550s] Level 5:colcon.colcon_core.verb:set package 'nav2_custom_controller' build argument 'cmake_force_configure' from command line to 'False'
[0.550s] Level 5:colcon.colcon_core.verb:set package 'nav2_custom_controller' build argument 'ament_cmake_args' from command line to 'None'
[0.550s] Level 5:colcon.colcon_core.verb:set package 'nav2_custom_controller' build argument 'catkin_cmake_args' from command line to 'None'
[0.550s] Level 5:colcon.colcon_core.verb:set package 'nav2_custom_controller' build argument 'catkin_skip_building_tests' from command line to 'False'
[0.550s] DEBUG:colcon.colcon_core.verb:Building package 'nav2_custom_controller' with the following arguments: {'ament_cmake_args': None, 'build_base': '/home/qing/ros2_humble/chapt8/chapt8_ws/build/nav2_custom_controller', 'catkin_cmake_args': None, 'catkin_skip_building_tests': False, 'cmake_args': ['-DCMAKE_CXX_COMPILER=/usr/bin/g++', '-DCMAKE_CXX_FLAGS=-I/usr/include/c++/11', '-DCMAKE_SKIP_RPATH=ON'], 'cmake_clean_cache': False, 'cmake_clean_first': False, 'cmake_force_configure': False, 'cmake_target': None, 'cmake_target_skip_unavailable': False, 'install_base': '/home/qing/ros2_humble/chapt8/chapt8_ws/install/nav2_custom_controller', 'merge_install': False, 'path': '/home/qing/ros2_humble/chapt8/chapt8_ws/src/nav2_custom_controller', 'symlink_install': False, 'test_result_base': None}
[0.550s] Level 5:colcon.colcon_core.verb:set package 'nav2_custom_planner' build argument 'cmake_args' from command line to '['-DCMAKE_CXX_COMPILER=/usr/bin/g++', '-DCMAKE_CXX_FLAGS=-I/usr/include/c++/11', '-DCMAKE_SKIP_RPATH=ON']'
[0.550s] Level 5:colcon.colcon_core.verb:set package 'nav2_custom_planner' build argument 'cmake_target' from command line to 'None'
[0.550s] Level 5:colcon.colcon_core.verb:set package 'nav2_custom_planner' build argument 'cmake_target_skip_unavailable' from command line to 'False'
[0.550s] Level 5:colcon.colcon_core.verb:set package 'nav2_custom_planner' build argument 'cmake_clean_cache' from command line to 'False'
[0.550s] Level 5:colcon.colcon_core.verb:set package 'nav2_custom_planner' build argument 'cmake_clean_first' from command line to 'False'
[0.550s] Level 5:colcon.colcon_core.verb:set package 'nav2_custom_planner' build argument 'cmake_force_configure' from command line to 'False'
[0.550s] Level 5:colcon.colcon_core.verb:set package 'nav2_custom_planner' build argument 'ament_cmake_args' from command line to 'None'
[0.550s] Level 5:colcon.colcon_core.verb:set package 'nav2_custom_planner' build argument 'catkin_cmake_args' from command line to 'None'
[0.550s] Level 5:colcon.colcon_core.verb:set package 'nav2_custom_planner' build argument 'catkin_skip_building_tests' from command line to 'False'
[0.550s] DEBUG:colcon.colcon_core.verb:Building package 'nav2_custom_planner' with the following arguments: {'ament_cmake_args': None, 'build_base': '/home/qing/ros2_humble/chapt8/chapt8_ws/build/nav2_custom_planner', 'catkin_cmake_args': None, 'catkin_skip_building_tests': False, 'cmake_args': ['-DCMAKE_CXX_COMPILER=/usr/bin/g++', '-DCMAKE_CXX_FLAGS=-I/usr/include/c++/11', '-DCMAKE_SKIP_RPATH=ON'], 'cmake_clean_cache': False, 'cmake_clean_first': False, 'cmake_force_configure': False, 'cmake_target': None, 'cmake_target_skip_unavailable': False, 'install_base': '/home/qing/ros2_humble/chapt8/chapt8_ws/install/nav2_custom_planner', 'merge_install': False, 'path': '/home/qing/ros2_humble/chapt8/chapt8_ws/src/nav2_custom_planner', 'symlink_install': False, 'test_result_base': None}
[0.551s] INFO:colcon.colcon_core.executor:Executing jobs using 'parallel' executor
[0.552s] DEBUG:colcon.colcon_parallel_executor.executor.parallel:run_until_complete
[0.552s] INFO:colcon.colcon_ros.task.ament_cmake.build:Building ROS package in '/home/qing/ros2_humble/chapt8/chapt8_ws/src/autopatrol_interfaces' with build type 'ament_cmake'
[0.553s] INFO:colcon.colcon_cmake.task.cmake.build:Building CMake package in '/home/qing/ros2_humble/chapt8/chapt8_ws/src/autopatrol_interfaces'
[0.556s] INFO:colcon.colcon_core.plugin_system:Skipping extension 'colcon_core.shell.bat': Not used on non-Windows systems
[0.556s] INFO:colcon.colcon_core.shell:Skip shell extension 'powershell' for command environment: Not usable outside of PowerShell
[0.556s] DEBUG:colcon.colcon_core.shell:Skip shell extension 'dsv' for command environment
[0.563s] INFO:colcon.colcon_ros.task.ament_python.build:Building ROS package in '/home/qing/ros2_humble/chapt8/chapt8_ws/src/autopatrol_robot' with build type 'ament_python'
[0.563s] Level 1:colcon.colcon_core.shell:create_environment_hook('autopatrol_robot', 'ament_prefix_path')
[0.563s] INFO:colcon.colcon_core.shell:Creating environment hook '/home/qing/ros2_humble/chapt8/chapt8_ws/install/autopatrol_robot/share/autopatrol_robot/hook/ament_prefix_path.ps1'
[0.564s] INFO:colcon.colcon_core.shell:Creating environment descriptor '/home/qing/ros2_humble/chapt8/chapt8_ws/install/autopatrol_robot/share/autopatrol_robot/hook/ament_prefix_path.dsv'
[0.564s] INFO:colcon.colcon_core.shell:Creating environment hook '/home/qing/ros2_humble/chapt8/chapt8_ws/install/autopatrol_robot/share/autopatrol_robot/hook/ament_prefix_path.sh'
[0.565s] INFO:colcon.colcon_core.shell:Skip shell extension 'powershell' for command environment: Not usable outside of PowerShell
[0.565s] DEBUG:colcon.colcon_core.shell:Skip shell extension 'dsv' for command environment
[0.567s] INFO:colcon.colcon_ros.task.ament_python.build:Building ROS package in '/home/qing/ros2_humble/chapt8/chapt8_ws/src/fishbot_application' with build type 'ament_python'
[0.567s] Level 1:colcon.colcon_core.shell:create_environment_hook('fishbot_application', 'ament_prefix_path')
[0.568s] INFO:colcon.colcon_core.shell:Creating environment hook '/home/qing/ros2_humble/chapt8/chapt8_ws/install/fishbot_application/share/fishbot_application/hook/ament_prefix_path.ps1'
[0.568s] INFO:colcon.colcon_core.shell:Creating environment descriptor '/home/qing/ros2_humble/chapt8/chapt8_ws/install/fishbot_application/share/fishbot_application/hook/ament_prefix_path.dsv'
[0.568s] INFO:colcon.colcon_core.shell:Creating environment hook '/home/qing/ros2_humble/chapt8/chapt8_ws/install/fishbot_application/share/fishbot_application/hook/ament_prefix_path.sh'
[0.569s] INFO:colcon.colcon_core.shell:Skip shell extension 'powershell' for command environment: Not usable outside of PowerShell
[0.569s] DEBUG:colcon.colcon_core.shell:Skip shell extension 'dsv' for command environment
[0.571s] INFO:colcon.colcon_ros.task.ament_cmake.build:Building ROS package in '/home/qing/ros2_humble/chapt8/chapt8_ws/src/fishbot_application_cpp' with build type 'ament_cmake'
[0.571s] INFO:colcon.colcon_cmake.task.cmake.build:Building CMake package in '/home/qing/ros2_humble/chapt8/chapt8_ws/src/fishbot_application_cpp'
[0.571s] INFO:colcon.colcon_core.shell:Skip shell extension 'powershell' for command environment: Not usable outside of PowerShell
[0.571s] DEBUG:colcon.colcon_core.shell:Skip shell extension 'dsv' for command environment
[0.574s] INFO:colcon.colcon_ros.task.ament_cmake.build:Building ROS package in '/home/qing/ros2_humble/chapt8/chapt8_ws/src/fishbot_description' with build type 'ament_cmake'
[0.574s] INFO:colcon.colcon_cmake.task.cmake.build:Building CMake package in '/home/qing/ros2_humble/chapt8/chapt8_ws/src/fishbot_description'
[0.574s] INFO:colcon.colcon_core.shell:Skip shell extension 'powershell' for command environment: Not usable outside of PowerShell
[0.574s] DEBUG:colcon.colcon_core.shell:Skip shell extension 'dsv' for command environment
[0.576s] INFO:colcon.colcon_ros.task.ament_cmake.build:Building ROS package in '/home/qing/ros2_humble/chapt8/chapt8_ws/src/fishbot_navigation2' with build type 'ament_cmake'
[0.577s] INFO:colcon.colcon_cmake.task.cmake.build:Building CMake package in '/home/qing/ros2_humble/chapt8/chapt8_ws/src/fishbot_navigation2'
[0.577s] INFO:colcon.colcon_core.shell:Skip shell extension 'powershell' for command environment: Not usable outside of PowerShell
[0.577s] DEBUG:colcon.colcon_core.shell:Skip shell extension 'dsv' for command environment
[0.579s] INFO:colcon.colcon_ros.task.ament_cmake.build:Building ROS package in '/home/qing/ros2_humble/chapt8/chapt8_ws/src/nav2_custom_controller' with build type 'ament_cmake'
[0.579s] INFO:colcon.colcon_cmake.task.cmake.build:Building CMake package in '/home/qing/ros2_humble/chapt8/chapt8_ws/src/nav2_custom_controller'
[0.580s] INFO:colcon.colcon_core.shell:Skip shell extension 'powershell' for command environment: Not usable outside of PowerShell
[0.580s] DEBUG:colcon.colcon_core.shell:Skip shell extension 'dsv' for command environment
[0.582s] INFO:colcon.colcon_ros.task.ament_cmake.build:Building ROS package in '/home/qing/ros2_humble/chapt8/chapt8_ws/src/nav2_custom_planner' with build type 'ament_cmake'
[0.582s] INFO:colcon.colcon_cmake.task.cmake.build:Building CMake package in '/home/qing/ros2_humble/chapt8/chapt8_ws/src/nav2_custom_planner'
[0.582s] INFO:colcon.colcon_core.shell:Skip shell extension 'powershell' for command environment: Not usable outside of PowerShell
[0.582s] DEBUG:colcon.colcon_core.shell:Skip shell extension 'dsv' for command environment
[0.588s] DEBUG:colcon.colcon_core.event_handler.log_command:Invoking command in '/home/qing/ros2_humble/chapt8/chapt8_ws/build/autopatrol_interfaces': CMAKE_PREFIX_PATH=/opt/ros/humble CONDA_PROMPT_MODIFIER=(base) /usr/bin/cmake /home/qing/ros2_humble/chapt8/chapt8_ws/src/autopatrol_interfaces -DCMAKE_CXX_COMPILER=/usr/bin/g++ -DCMAKE_CXX_FLAGS=-I/usr/include/c++/11 -DCMAKE_SKIP_RPATH=ON -DCMAKE_INSTALL_PREFIX=/home/qing/ros2_humble/chapt8/chapt8_ws/install/autopatrol_interfaces
[1.333s] INFO:colcon.colcon_core.task.python.build:Building Python package in '/home/qing/ros2_humble/chapt8/chapt8_ws/src/autopatrol_robot'
[1.334s] INFO:colcon.colcon_core.shell:Skip shell extension 'powershell' for command environment: Not usable outside of PowerShell
[1.334s] DEBUG:colcon.colcon_core.shell:Skip shell extension 'dsv' for command environment
[1.708s] INFO:colcon.colcon_core.task.python.build:Building Python package in '/home/qing/ros2_humble/chapt8/chapt8_ws/src/fishbot_application'
[1.709s] INFO:colcon.colcon_core.shell:Skip shell extension 'powershell' for command environment: Not usable outside of PowerShell
[1.709s] DEBUG:colcon.colcon_core.shell:Skip shell extension 'dsv' for command environment
[1.714s] DEBUG:colcon.colcon_core.event_handler.log_command:Invoking command in '/home/qing/ros2_humble/chapt8/chapt8_ws/build/fishbot_application_cpp': CMAKE_PREFIX_PATH=/opt/ros/humble CONDA_PROMPT_MODIFIER=(base) /usr/bin/cmake /home/qing/ros2_humble/chapt8/chapt8_ws/src/fishbot_application_cpp -DCMAKE_CXX_COMPILER=/usr/bin/g++ -DCMAKE_CXX_FLAGS=-I/usr/include/c++/11 -DCMAKE_SKIP_RPATH=ON -DCMAKE_INSTALL_PREFIX=/home/qing/ros2_humble/chapt8/chapt8_ws/install/fishbot_application_cpp
[1.717s] DEBUG:colcon.colcon_core.event_handler.log_command:Invoking command in '/home/qing/ros2_humble/chapt8/chapt8_ws/build/fishbot_description': CMAKE_PREFIX_PATH=/opt/ros/humble CONDA_PROMPT_MODIFIER=(base) /usr/bin/cmake /home/qing/ros2_humble/chapt8/chapt8_ws/src/fishbot_description -DCMAKE_CXX_COMPILER=/usr/bin/g++ -DCMAKE_CXX_FLAGS=-I/usr/include/c++/11 -DCMAKE_SKIP_RPATH=ON -DCMAKE_INSTALL_PREFIX=/home/qing/ros2_humble/chapt8/chapt8_ws/install/fishbot_description
[1.719s] DEBUG:colcon.colcon_core.event_handler.log_command:Invoking command in '/home/qing/ros2_humble/chapt8/chapt8_ws/build/fishbot_navigation2': CMAKE_PREFIX_PATH=/opt/ros/humble CONDA_PROMPT_MODIFIER=(base) /usr/bin/cmake /home/qing/ros2_humble/chapt8/chapt8_ws/src/fishbot_navigation2 -DCMAKE_CXX_COMPILER=/usr/bin/g++ -DCMAKE_CXX_FLAGS=-I/usr/include/c++/11 -DCMAKE_SKIP_RPATH=ON -DCMAKE_INSTALL_PREFIX=/home/qing/ros2_humble/chapt8/chapt8_ws/install/fishbot_navigation2
[1.722s] DEBUG:colcon.colcon_core.event_handler.log_command:Invoking command in '/home/qing/ros2_humble/chapt8/chapt8_ws/build/nav2_custom_controller': CMAKE_PREFIX_PATH=/opt/ros/humble CONDA_PROMPT_MODIFIER=(base) /usr/bin/cmake /home/qing/ros2_humble/chapt8/chapt8_ws/src/nav2_custom_controller -DCMAKE_CXX_COMPILER=/usr/bin/g++ -DCMAKE_CXX_FLAGS=-I/usr/include/c++/11 -DCMAKE_SKIP_RPATH=ON -DCMAKE_INSTALL_PREFIX=/home/qing/ros2_humble/chapt8/chapt8_ws/install/nav2_custom_controller
[1.724s] DEBUG:colcon.colcon_core.event_handler.log_command:Invoking command in '/home/qing/ros2_humble/chapt8/chapt8_ws/build/nav2_custom_planner': CMAKE_PREFIX_PATH=/opt/ros/humble CONDA_PROMPT_MODIFIER=(base) /usr/bin/cmake /home/qing/ros2_humble/chapt8/chapt8_ws/src/nav2_custom_planner -DCMAKE_CXX_COMPILER=/usr/bin/g++ -DCMAKE_CXX_FLAGS=-I/usr/include/c++/11 -DCMAKE_SKIP_RPATH=ON -DCMAKE_INSTALL_PREFIX=/home/qing/ros2_humble/chapt8/chapt8_ws/install/nav2_custom_planner
[2.387s] DEBUG:colcon.colcon_core.event_handler.log_command:Invoking command in '/home/qing/ros2_humble/chapt8/chapt8_ws/src/fishbot_application': CONDA_PROMPT_MODIFIER=(base) PYTHONPATH=/home/qing/ros2_humble/chapt8/chapt8_ws/build/fishbot_application/prefix_override:/home/qing/下载/enter/lib/python3.10/site-packages/colcon_core/task/python/colcon_distutils_commands:/home/qing/ros2_humble/chapt8/chapt8_ws/install/fishbot_application/lib/python3.10/site-packages:${PYTHONPATH} /home/qing/下载/enter/bin/python3.10 -W ignore:setup.py install is deprecated -W ignore:easy_install command is deprecated setup.py egg_info --egg-base ../../build/fishbot_application build --build-base /home/qing/ros2_humble/chapt8/chapt8_ws/build/fishbot_application/build install --record /home/qing/ros2_humble/chapt8/chapt8_ws/build/fishbot_application/install.log --single-version-externally-managed install_data
[2.390s] DEBUG:colcon.colcon_core.event_handler.log_command:Invoking command in '/home/qing/ros2_humble/chapt8/chapt8_ws/src/autopatrol_robot': CONDA_PROMPT_MODIFIER=(base) PYTHONPATH=/home/qing/ros2_humble/chapt8/chapt8_ws/build/autopatrol_robot/prefix_override:/home/qing/下载/enter/lib/python3.10/site-packages/colcon_core/task/python/colcon_distutils_commands:/home/qing/ros2_humble/chapt8/chapt8_ws/install/autopatrol_robot/lib/python3.10/site-packages:${PYTHONPATH} /home/qing/下载/enter/bin/python3.10 -W ignore:setup.py install is deprecated -W ignore:easy_install command is deprecated setup.py egg_info --egg-base ../../build/autopatrol_robot build --build-base /home/qing/ros2_humble/chapt8/chapt8_ws/build/autopatrol_robot/build install --record /home/qing/ros2_humble/chapt8/chapt8_ws/build/autopatrol_robot/install.log --single-version-externally-managed install_data
[2.759s] DEBUG:colcon.colcon_core.event_handler.log_command:Invoked command in '/home/qing/ros2_humble/chapt8/chapt8_ws/src/fishbot_application' returned '0': CONDA_PROMPT_MODIFIER=(base) PYTHONPATH=/home/qing/ros2_humble/chapt8/chapt8_ws/build/fishbot_application/prefix_override:/home/qing/下载/enter/lib/python3.10/site-packages/colcon_core/task/python/colcon_distutils_commands:/home/qing/ros2_humble/chapt8/chapt8_ws/install/fishbot_application/lib/python3.10/site-packages:${PYTHONPATH} /home/qing/下载/enter/bin/python3.10 -W ignore:setup.py install is deprecated -W ignore:easy_install command is deprecated setup.py egg_info --egg-base ../../build/fishbot_application build --build-base /home/qing/ros2_humble/chapt8/chapt8_ws/build/fishbot_application/build install --record /home/qing/ros2_humble/chapt8/chapt8_ws/build/fishbot_application/install.log --single-version-externally-managed install_data
[2.765s] Level 1:colcon.colcon_core.environment:checking '/home/qing/ros2_humble/chapt8/chapt8_ws/install/fishbot_application' for CMake module files
[2.766s] Level 1:colcon.colcon_core.environment:checking '/home/qing/ros2_humble/chapt8/chapt8_ws/install/fishbot_application' for CMake config files
[2.766s] Level 1:colcon.colcon_core.environment:checking '/home/qing/ros2_humble/chapt8/chapt8_ws/install/fishbot_application/lib'
[2.767s] Level 1:colcon.colcon_core.environment:checking '/home/qing/ros2_humble/chapt8/chapt8_ws/install/fishbot_application/bin'
[2.767s] Level 1:colcon.colcon_core.environment:checking '/home/qing/ros2_humble/chapt8/chapt8_ws/install/fishbot_application/lib/pkgconfig/fishbot_application.pc'
[2.767s] Level 1:colcon.colcon_core.environment:checking '/home/qing/ros2_humble/chapt8/chapt8_ws/install/fishbot_application/lib/python3.10/site-packages'
[2.767s] Level 1:colcon.colcon_core.shell:create_environment_hook('fishbot_application', 'pythonpath')
[2.767s] INFO:colcon.colcon_core.shell:Creating environment hook '/home/qing/ros2_humble/chapt8/chapt8_ws/install/fishbot_application/share/fishbot_application/hook/pythonpath.ps1'
[2.768s] INFO:colcon.colcon_core.shell:Creating environment descriptor '/home/qing/ros2_humble/chapt8/chapt8_ws/install/fishbot_application/share/fishbot_application/hook/pythonpath.dsv'
[2.769s] INFO:colcon.colcon_core.shell:Creating environment hook '/home/qing/ros2_humble/chapt8/chapt8_ws/install/fishbot_application/share/fishbot_application/hook/pythonpath.sh'
[2.770s] Level 1:colcon.colcon_core.environment:checking '/home/qing/ros2_humble/chapt8/chapt8_ws/install/fishbot_application/bin'
[2.770s] Level 1:colcon.colcon_core.environment:create_environment_scripts_only(fishbot_application)
[2.770s] INFO:colcon.colcon_core.shell:Creating package script '/home/qing/ros2_humble/chapt8/chapt8_ws/install/fishbot_application/share/fishbot_application/package.ps1'
[2.771s] INFO:colcon.colcon_core.shell:Creating package descriptor '/home/qing/ros2_humble/chapt8/chapt8_ws/install/fishbot_application/share/fishbot_application/package.dsv'
[2.772s] INFO:colcon.colcon_core.shell:Creating package script '/home/qing/ros2_humble/chapt8/chapt8_ws/install/fishbot_application/share/fishbot_application/package.sh'
[2.773s] INFO:colcon.colcon_core.shell:Creating package script '/home/qing/ros2_humble/chapt8/chapt8_ws/install/fishbot_application/share/fishbot_application/package.bash'
[2.775s] INFO:colcon.colcon_core.shell:Creating package script '/home/qing/ros2_humble/chapt8/chapt8_ws/install/fishbot_application/share/fishbot_application/package.zsh'
[2.776s] Level 1:colcon.colcon_core.environment:create_file_with_runtime_dependencies(/home/qing/ros2_humble/chapt8/chapt8_ws/install/fishbot_application/share/colcon-core/packages/fishbot_application)
[2.781s] Level 1:colcon.colcon_core.environment:checking '/home/qing/ros2_humble/chapt8/chapt8_ws/install/autopatrol_robot' for CMake module files
[2.782s] DEBUG:colcon.colcon_core.event_handler.log_command:Invoked command in '/home/qing/ros2_humble/chapt8/chapt8_ws/src/autopatrol_robot' returned '0': CONDA_PROMPT_MODIFIER=(base) PYTHONPATH=/home/qing/ros2_humble/chapt8/chapt8_ws/build/autopatrol_robot/prefix_override:/home/qing/下载/enter/lib/python3.10/site-packages/colcon_core/task/python/colcon_distutils_commands:/home/qing/ros2_humble/chapt8/chapt8_ws/install/autopatrol_robot/lib/python3.10/site-packages:${PYTHONPATH} /home/qing/下载/enter/bin/python3.10 -W ignore:setup.py install is deprecated -W ignore:easy_install command is deprecated setup.py egg_info --egg-base ../../build/autopatrol_robot build --build-base /home/qing/ros2_humble/chapt8/chapt8_ws/build/autopatrol_robot/build install --record /home/qing/ros2_humble/chapt8/chapt8_ws/build/autopatrol_robot/install.log --single-version-externally-managed install_data
[2.782s] Level 1:colcon.colcon_core.environment:checking '/home/qing/ros2_humble/chapt8/chapt8_ws/install/autopatrol_robot' for CMake config files
[2.783s] Level 1:colcon.colcon_core.environment:checking '/home/qing/ros2_humble/chapt8/chapt8_ws/install/autopatrol_robot/lib'
[2.783s] Level 1:colcon.colcon_core.environment:checking '/home/qing/ros2_humble/chapt8/chapt8_ws/install/autopatrol_robot/bin'
[2.783s] Level 1:colcon.colcon_core.environment:checking '/home/qing/ros2_humble/chapt8/chapt8_ws/install/autopatrol_robot/lib/pkgconfig/autopatrol_robot.pc'
[2.783s] Level 1:colcon.colcon_core.environment:checking '/home/qing/ros2_humble/chapt8/chapt8_ws/install/autopatrol_robot/lib/python3.10/site-packages'
[2.783s] Level 1:colcon.colcon_core.shell:create_environment_hook('autopatrol_robot', 'pythonpath')
[2.783s] INFO:colcon.colcon_core.shell:Creating environment hook '/home/qing/ros2_humble/chapt8/chapt8_ws/install/autopatrol_robot/share/autopatrol_robot/hook/pythonpath.ps1'
[2.784s] INFO:colcon.colcon_core.shell:Creating environment descriptor '/home/qing/ros2_humble/chapt8/chapt8_ws/install/autopatrol_robot/share/autopatrol_robot/hook/pythonpath.dsv'
[2.784s] INFO:colcon.colcon_core.shell:Creating environment hook '/home/qing/ros2_humble/chapt8/chapt8_ws/install/autopatrol_robot/share/autopatrol_robot/hook/pythonpath.sh'
[2.784s] Level 1:colcon.colcon_core.environment:checking '/home/qing/ros2_humble/chapt8/chapt8_ws/install/autopatrol_robot/bin'
[2.784s] Level 1:colcon.colcon_core.environment:create_environment_scripts_only(autopatrol_robot)
[2.785s] INFO:colcon.colcon_core.shell:Creating package script '/home/qing/ros2_humble/chapt8/chapt8_ws/install/autopatrol_robot/share/autopatrol_robot/package.ps1'
[2.785s] INFO:colcon.colcon_core.shell:Creating package descriptor '/home/qing/ros2_humble/chapt8/chapt8_ws/install/autopatrol_robot/share/autopatrol_robot/package.dsv'
[2.786s] INFO:colcon.colcon_core.shell:Creating package script '/home/qing/ros2_humble/chapt8/chapt8_ws/install/autopatrol_robot/share/autopatrol_robot/package.sh'
[2.786s] INFO:colcon.colcon_core.shell:Creating package script '/home/qing/ros2_humble/chapt8/chapt8_ws/install/autopatrol_robot/share/autopatrol_robot/package.bash'
[2.786s] INFO:colcon.colcon_core.shell:Creating package script '/home/qing/ros2_humble/chapt8/chapt8_ws/install/autopatrol_robot/share/autopatrol_robot/package.zsh'
[2.786s] Level 1:colcon.colcon_core.environment:create_file_with_runtime_dependencies(/home/qing/ros2_humble/chapt8/chapt8_ws/install/autopatrol_robot/share/colcon-core/packages/autopatrol_robot)
[2.999s] DEBUG:colcon.colcon_core.event_handler.log_command:Invoked command in '/home/qing/ros2_humble/chapt8/chapt8_ws/build/fishbot_description' returned '0': CMAKE_PREFIX_PATH=/opt/ros/humble CONDA_PROMPT_MODIFIER=(base) /usr/bin/cmake /home/qing/ros2_humble/chapt8/chapt8_ws/src/fishbot_description -DCMAKE_CXX_COMPILER=/usr/bin/g++ -DCMAKE_CXX_FLAGS=-I/usr/include/c++/11 -DCMAKE_SKIP_RPATH=ON -DCMAKE_INSTALL_PREFIX=/home/qing/ros2_humble/chapt8/chapt8_ws/install/fishbot_description
[3.001s] DEBUG:colcon.colcon_core.event_handler.log_command:Invoking command in '/home/qing/ros2_humble/chapt8/chapt8_ws/build/fishbot_description': CMAKE_PREFIX_PATH=/opt/ros/humble CONDA_PROMPT_MODIFIER=(base) /usr/bin/cmake --build /home/qing/ros2_humble/chapt8/chapt8_ws/build/fishbot_description -- -j16 -l16
[3.020s] DEBUG:colcon.colcon_core.event_handler.log_command:Invoked command in '/home/qing/ros2_humble/chapt8/chapt8_ws/build/fishbot_navigation2' returned '0': CMAKE_PREFIX_PATH=/opt/ros/humble CONDA_PROMPT_MODIFIER=(base) /usr/bin/cmake /home/qing/ros2_humble/chapt8/chapt8_ws/src/fishbot_navigation2 -DCMAKE_CXX_COMPILER=/usr/bin/g++ -DCMAKE_CXX_FLAGS=-I/usr/include/c++/11 -DCMAKE_SKIP_RPATH=ON -DCMAKE_INSTALL_PREFIX=/home/qing/ros2_humble/chapt8/chapt8_ws/install/fishbot_navigation2
[3.022s] DEBUG:colcon.colcon_core.event_handler.log_command:Invoking command in '/home/qing/ros2_humble/chapt8/chapt8_ws/build/fishbot_navigation2': CMAKE_PREFIX_PATH=/opt/ros/humble CONDA_PROMPT_MODIFIER=(base) /usr/bin/cmake --build /home/qing/ros2_humble/chapt8/chapt8_ws/build/fishbot_navigation2 -- -j16 -l16
[3.039s] DEBUG:colcon.colcon_core.event_handler.log_command:Invoked command in '/home/qing/ros2_humble/chapt8/chapt8_ws/build/fishbot_description' returned '0': CMAKE_PREFIX_PATH=/opt/ros/humble CONDA_PROMPT_MODIFIER=(base) /usr/bin/cmake --build /home/qing/ros2_humble/chapt8/chapt8_ws/build/fishbot_description -- -j16 -l16
[3.049s] DEBUG:colcon.colcon_core.event_handler.log_command:Invoking command in '/home/qing/ros2_humble/chapt8/chapt8_ws/build/fishbot_description': CMAKE_PREFIX_PATH=/opt/ros/humble CONDA_PROMPT_MODIFIER=(base) /usr/bin/cmake --install /home/qing/ros2_humble/chapt8/chapt8_ws/build/fishbot_description
[3.058s] DEBUG:colcon.colcon_core.event_handler.log_command:Invoked command in '/home/qing/ros2_humble/chapt8/chapt8_ws/build/fishbot_navigation2' returned '0': CMAKE_PREFIX_PATH=/opt/ros/humble CONDA_PROMPT_MODIFIER=(base) /usr/bin/cmake --build /home/qing/ros2_humble/chapt8/chapt8_ws/build/fishbot_navigation2 -- -j16 -l16
[3.061s] DEBUG:colcon.colcon_core.event_handler.log_command:Invoking command in '/home/qing/ros2_humble/chapt8/chapt8_ws/build/fishbot_navigation2': CMAKE_PREFIX_PATH=/opt/ros/humble CONDA_PROMPT_MODIFIER=(base) /usr/bin/cmake --install /home/qing/ros2_humble/chapt8/chapt8_ws/build/fishbot_navigation2
[3.066s] Level 1:colcon.colcon_core.environment:create_environment_scripts_only(fishbot_description)
[3.067s] DEBUG:colcon.colcon_core.event_handler.log_command:Invoked command in '/home/qing/ros2_humble/chapt8/chapt8_ws/build/fishbot_description' returned '0': CMAKE_PREFIX_PATH=/opt/ros/humble CONDA_PROMPT_MODIFIER=(base) /usr/bin/cmake --install /home/qing/ros2_humble/chapt8/chapt8_ws/build/fishbot_description
[3.067s] Level 1:colcon.colcon_core.environment:checking '/home/qing/ros2_humble/chapt8/chapt8_ws/install/fishbot_description' for CMake module files
[3.068s] Level 1:colcon.colcon_core.environment:checking '/home/qing/ros2_humble/chapt8/chapt8_ws/install/fishbot_description' for CMake config files
[3.069s] Level 1:colcon.colcon_core.shell:create_environment_hook('fishbot_description', 'cmake_prefix_path')
[3.070s] INFO:colcon.colcon_core.shell:Creating environment hook '/home/qing/ros2_humble/chapt8/chapt8_ws/install/fishbot_description/share/fishbot_description/hook/cmake_prefix_path.ps1'
[3.072s] INFO:colcon.colcon_core.shell:Creating environment descriptor '/home/qing/ros2_humble/chapt8/chapt8_ws/install/fishbot_description/share/fishbot_description/hook/cmake_prefix_path.dsv'
[3.072s] INFO:colcon.colcon_core.shell:Creating environment hook '/home/qing/ros2_humble/chapt8/chapt8_ws/install/fishbot_description/share/fishbot_description/hook/cmake_prefix_path.sh'
[3.073s] Level 1:colcon.colcon_core.environment:checking '/home/qing/ros2_humble/chapt8/chapt8_ws/install/fishbot_description/bin'
[3.073s] Level 1:colcon.colcon_core.environment:checking '/home/qing/ros2_humble/chapt8/chapt8_ws/install/fishbot_description/lib/pkgconfig/fishbot_description.pc'
[3.073s] Level 1:colcon.colcon_core.environment:checking '/home/qing/ros2_humble/chapt8/chapt8_ws/install/fishbot_description/lib/python3.10/site-packages'
[3.074s] Level 1:colcon.colcon_core.environment:checking '/home/qing/ros2_humble/chapt8/chapt8_ws/install/fishbot_description/bin'
[3.074s] INFO:colcon.colcon_core.shell:Creating package script '/home/qing/ros2_humble/chapt8/chapt8_ws/install/fishbot_description/share/fishbot_description/package.ps1'
[3.074s] INFO:colcon.colcon_core.shell:Creating package descriptor '/home/qing/ros2_humble/chapt8/chapt8_ws/install/fishbot_description/share/fishbot_description/package.dsv'
[3.075s] INFO:colcon.colcon_core.shell:Creating package script '/home/qing/ros2_humble/chapt8/chapt8_ws/install/fishbot_description/share/fishbot_description/package.sh'
[3.075s] INFO:colcon.colcon_core.shell:Creating package script '/home/qing/ros2_humble/chapt8/chapt8_ws/install/fishbot_description/share/fishbot_description/package.bash'
[3.076s] INFO:colcon.colcon_core.shell:Creating package script '/home/qing/ros2_humble/chapt8/chapt8_ws/install/fishbot_description/share/fishbot_description/package.zsh'
[3.076s] Level 1:colcon.colcon_core.environment:create_file_with_runtime_dependencies(/home/qing/ros2_humble/chapt8/chapt8_ws/install/fishbot_description/share/colcon-core/packages/fishbot_description)
[3.077s] Level 1:colcon.colcon_core.environment:create_environment_scripts_only(fishbot_description)
[3.077s] Level 1:colcon.colcon_core.environment:checking '/home/qing/ros2_humble/chapt8/chapt8_ws/install/fishbot_description' for CMake module files
[3.077s] Level 1:colcon.colcon_core.environment:checking '/home/qing/ros2_humble/chapt8/chapt8_ws/install/fishbot_description' for CMake config files
[3.078s] Level 1:colcon.colcon_core.shell:create_environment_hook('fishbot_description', 'cmake_prefix_path')
[3.078s] INFO:colcon.colcon_core.shell:Creating environment hook '/home/qing/ros2_humble/chapt8/chapt8_ws/install/fishbot_description/share/fishbot_description/hook/cmake_prefix_path.ps1'
[3.078s] INFO:colcon.colcon_core.shell:Creating environment descriptor '/home/qing/ros2_humble/chapt8/chapt8_ws/install/fishbot_description/share/fishbot_description/hook/cmake_prefix_path.dsv'
[3.079s] INFO:colcon.colcon_core.shell:Creating environment hook '/home/qing/ros2_humble/chapt8/chapt8_ws/install/fishbot_description/share/fishbot_description/hook/cmake_prefix_path.sh'
[3.079s] Level 1:colcon.colcon_core.environment:checking '/home/qing/ros2_humble/chapt8/chapt8_ws/install/fishbot_description/bin'
[3.079s] Level 1:colcon.colcon_core.environment:checking '/home/qing/ros2_humble/chapt8/chapt8_ws/install/fishbot_description/lib/pkgconfig/fishbot_description.pc'
[3.079s] Level 1:colcon.colcon_core.environment:checking '/home/qing/ros2_humble/chapt8/chapt8_ws/install/fishbot_description/lib/python3.10/site-packages'
[3.080s] Level 1:colcon.colcon_core.environment:checking '/home/qing/ros2_humble/chapt8/chapt8_ws/install/fishbot_description/bin'
[3.080s] INFO:colcon.colcon_core.shell:Creating package script '/home/qing/ros2_humble/chapt8/chapt8_ws/install/fishbot_description/share/fishbot_description/package.ps1'
[3.081s] INFO:colcon.colcon_core.shell:Creating package descriptor '/home/qing/ros2_humble/chapt8/chapt8_ws/install/fishbot_description/share/fishbot_description/package.dsv'
[3.081s] INFO:colcon.colcon_core.shell:Creating package script '/home/qing/ros2_humble/chapt8/chapt8_ws/install/fishbot_description/share/fishbot_description/package.sh'
[3.082s] INFO:colcon.colcon_core.shell:Creating package script '/home/qing/ros2_humble/chapt8/chapt8_ws/install/fishbot_description/share/fishbot_description/package.bash'
[3.082s] INFO:colcon.colcon_core.shell:Creating package script '/home/qing/ros2_humble/chapt8/chapt8_ws/install/fishbot_description/share/fishbot_description/package.zsh'
[3.083s] Level 1:colcon.colcon_core.environment:create_file_with_runtime_dependencies(/home/qing/ros2_humble/chapt8/chapt8_ws/install/fishbot_description/share/colcon-core/packages/fishbot_description)
[3.084s] Level 1:colcon.colcon_core.environment:create_environment_scripts_only(fishbot_navigation2)
[3.084s] Level 1:colcon.colcon_core.environment:checking '/home/qing/ros2_humble/chapt8/chapt8_ws/install/fishbot_navigation2' for CMake module files
[3.084s] DEBUG:colcon.colcon_core.event_handler.log_command:Invoked command in '/home/qing/ros2_humble/chapt8/chapt8_ws/build/fishbot_navigation2' returned '0': CMAKE_PREFIX_PATH=/opt/ros/humble CONDA_PROMPT_MODIFIER=(base) /usr/bin/cmake --install /home/qing/ros2_humble/chapt8/chapt8_ws/build/fishbot_navigation2
[3.085s] Level 1:colcon.colcon_core.environment:checking '/home/qing/ros2_humble/chapt8/chapt8_ws/install/fishbot_navigation2' for CMake config files
[3.085s] Level 1:colcon.colcon_core.shell:create_environment_hook('fishbot_navigation2', 'cmake_prefix_path')
[3.085s] INFO:colcon.colcon_core.shell:Creating environment hook '/home/qing/ros2_humble/chapt8/chapt8_ws/install/fishbot_navigation2/share/fishbot_navigation2/hook/cmake_prefix_path.ps1'
[3.085s] INFO:colcon.colcon_core.shell:Creating environment descriptor '/home/qing/ros2_humble/chapt8/chapt8_ws/install/fishbot_navigation2/share/fishbot_navigation2/hook/cmake_prefix_path.dsv'
[3.086s] INFO:colcon.colcon_core.shell:Creating environment hook '/home/qing/ros2_humble/chapt8/chapt8_ws/install/fishbot_navigation2/share/fishbot_navigation2/hook/cmake_prefix_path.sh'
[3.086s] Level 1:colcon.colcon_core.environment:checking '/home/qing/ros2_humble/chapt8/chapt8_ws/install/fishbot_navigation2/bin'
[3.086s] Level 1:colcon.colcon_core.environment:checking '/home/qing/ros2_humble/chapt8/chapt8_ws/install/fishbot_navigation2/lib/pkgconfig/fishbot_navigation2.pc'
[3.086s] Level 1:colcon.colcon_core.environment:checking '/home/qing/ros2_humble/chapt8/chapt8_ws/install/fishbot_navigation2/lib/python3.10/site-packages'
[3.087s] Level 1:colcon.colcon_core.environment:checking '/home/qing/ros2_humble/chapt8/chapt8_ws/install/fishbot_navigation2/bin'
[3.087s] INFO:colcon.colcon_core.shell:Creating package script '/home/qing/ros2_humble/chapt8/chapt8_ws/install/fishbot_navigation2/share/fishbot_navigation2/package.ps1'
[3.087s] INFO:colcon.colcon_core.shell:Creating package descriptor '/home/qing/ros2_humble/chapt8/chapt8_ws/install/fishbot_navigation2/share/fishbot_navigation2/package.dsv'
[3.088s] INFO:colcon.colcon_core.shell:Creating package script '/home/qing/ros2_humble/chapt8/chapt8_ws/install/fishbot_navigation2/share/fishbot_navigation2/package.sh'
[3.088s] INFO:colcon.colcon_core.shell:Creating package script '/home/qing/ros2_humble/chapt8/chapt8_ws/install/fishbot_navigation2/share/fishbot_navigation2/package.bash'
[3.088s] INFO:colcon.colcon_core.shell:Creating package script '/home/qing/ros2_humble/chapt8/chapt8_ws/install/fishbot_navigation2/share/fishbot_navigation2/package.zsh'
[3.088s] Level 1:colcon.colcon_core.environment:create_file_with_runtime_dependencies(/home/qing/ros2_humble/chapt8/chapt8_ws/install/fishbot_navigation2/share/colcon-core/packages/fishbot_navigation2)
[3.089s] Level 1:colcon.colcon_core.environment:create_environment_scripts_only(fishbot_navigation2)
[3.089s] Level 1:colcon.colcon_core.environment:checking '/home/qing/ros2_humble/chapt8/chapt8_ws/install/fishbot_navigation2' for CMake module files
[3.090s] Level 1:colcon.colcon_core.environment:checking '/home/qing/ros2_humble/chapt8/chapt8_ws/install/fishbot_navigation2' for CMake config files
[3.090s] Level 1:colcon.colcon_core.shell:create_environment_hook('fishbot_navigation2', 'cmake_prefix_path')
[3.090s] INFO:colcon.colcon_core.shell:Creating environment hook '/home/qing/ros2_humble/chapt8/chapt8_ws/install/fishbot_navigation2/share/fishbot_navigation2/hook/cmake_prefix_path.ps1'
[3.091s] INFO:colcon.colcon_core.shell:Creating environment descriptor '/home/qing/ros2_humble/chapt8/chapt8_ws/install/fishbot_navigation2/share/fishbot_navigation2/hook/cmake_prefix_path.dsv'
[3.091s] INFO:colcon.colcon_core.shell:Creating environment hook '/home/qing/ros2_humble/chapt8/chapt8_ws/install/fishbot_navigation2/share/fishbot_navigation2/hook/cmake_prefix_path.sh'
[3.092s] Level 1:colcon.colcon_core.environment:checking '/home/qing/ros2_humble/chapt8/chapt8_ws/install/fishbot_navigation2/bin'
[3.092s] Level 1:colcon.colcon_core.environment:checking '/home/qing/ros2_humble/chapt8/chapt8_ws/install/fishbot_navigation2/lib/pkgconfig/fishbot_navigation2.pc'
[3.092s] Level 1:colcon.colcon_core.environment:checking '/home/qing/ros2_humble/chapt8/chapt8_ws/install/fishbot_navigation2/lib/python3.10/site-packages'
[3.092s] Level 1:colcon.colcon_core.environment:checking '/home/qing/ros2_humble/chapt8/chapt8_ws/install/fishbot_navigation2/bin'
[3.093s] INFO:colcon.colcon_core.shell:Creating package script '/home/qing/ros2_humble/chapt8/chapt8_ws/install/fishbot_navigation2/share/fishbot_navigation2/package.ps1'
[3.093s] INFO:colcon.colcon_core.shell:Creating package descriptor '/home/qing/ros2_humble/chapt8/chapt8_ws/install/fishbot_navigation2/share/fishbot_navigation2/package.dsv'
[3.094s] INFO:colcon.colcon_core.shell:Creating package script '/home/qing/ros2_humble/chapt8/chapt8_ws/install/fishbot_navigation2/share/fishbot_navigation2/package.sh'
[3.094s] INFO:colcon.colcon_core.shell:Creating package script '/home/qing/ros2_humble/chapt8/chapt8_ws/install/fishbot_navigation2/share/fishbot_navigation2/package.bash'
[3.094s] INFO:colcon.colcon_core.shell:Creating package script '/home/qing/ros2_humble/chapt8/chapt8_ws/install/fishbot_navigation2/share/fishbot_navigation2/package.zsh'
[3.094s] Level 1:colcon.colcon_core.environment:create_file_with_runtime_dependencies(/home/qing/ros2_humble/chapt8/chapt8_ws/install/fishbot_navigation2/share/colcon-core/packages/fishbot_navigation2)
[3.612s] DEBUG:colcon.colcon_core.event_handler.log_command:Invoked command in '/home/qing/ros2_humble/chapt8/chapt8_ws/build/autopatrol_interfaces' returned '0': CMAKE_PREFIX_PATH=/opt/ros/humble CONDA_PROMPT_MODIFIER=(base) /usr/bin/cmake /home/qing/ros2_humble/chapt8/chapt8_ws/src/autopatrol_interfaces -DCMAKE_CXX_COMPILER=/usr/bin/g++ -DCMAKE_CXX_FLAGS=-I/usr/include/c++/11 -DCMAKE_SKIP_RPATH=ON -DCMAKE_INSTALL_PREFIX=/home/qing/ros2_humble/chapt8/chapt8_ws/install/autopatrol_interfaces
[3.614s] DEBUG:colcon.colcon_core.event_handler.log_command:Invoking command in '/home/qing/ros2_humble/chapt8/chapt8_ws/build/autopatrol_interfaces': CMAKE_PREFIX_PATH=/opt/ros/humble CONDA_PROMPT_MODIFIER=(base) /usr/bin/cmake --build /home/qing/ros2_humble/chapt8/chapt8_ws/build/autopatrol_interfaces -- -j16 -l16
[3.769s] DEBUG:colcon.colcon_core.event_handler.log_command:Invoked command in '/home/qing/ros2_humble/chapt8/chapt8_ws/build/fishbot_application_cpp' returned '0': CMAKE_PREFIX_PATH=/opt/ros/humble CONDA_PROMPT_MODIFIER=(base) /usr/bin/cmake /home/qing/ros2_humble/chapt8/chapt8_ws/src/fishbot_application_cpp -DCMAKE_CXX_COMPILER=/usr/bin/g++ -DCMAKE_CXX_FLAGS=-I/usr/include/c++/11 -DCMAKE_SKIP_RPATH=ON -DCMAKE_INSTALL_PREFIX=/home/qing/ros2_humble/chapt8/chapt8_ws/install/fishbot_application_cpp
[3.771s] DEBUG:colcon.colcon_core.event_handler.log_command:Invoking command in '/home/qing/ros2_humble/chapt8/chapt8_ws/build/fishbot_application_cpp': CMAKE_PREFIX_PATH=/opt/ros/humble CONDA_PROMPT_MODIFIER=(base) /usr/bin/cmake --build /home/qing/ros2_humble/chapt8/chapt8_ws/build/fishbot_application_cpp -- -j16 -l16
[4.200s] DEBUG:colcon.colcon_core.event_handler.log_command:Invoked command in '/home/qing/ros2_humble/chapt8/chapt8_ws/build/nav2_custom_planner' returned '0': CMAKE_PREFIX_PATH=/opt/ros/humble CONDA_PROMPT_MODIFIER=(base) /usr/bin/cmake /home/qing/ros2_humble/chapt8/chapt8_ws/src/nav2_custom_planner -DCMAKE_CXX_COMPILER=/usr/bin/g++ -DCMAKE_CXX_FLAGS=-I/usr/include/c++/11 -DCMAKE_SKIP_RPATH=ON -DCMAKE_INSTALL_PREFIX=/home/qing/ros2_humble/chapt8/chapt8_ws/install/nav2_custom_planner
[4.202s] DEBUG:colcon.colcon_core.event_handler.log_command:Invoking command in '/home/qing/ros2_humble/chapt8/chapt8_ws/build/nav2_custom_planner': CMAKE_PREFIX_PATH=/opt/ros/humble CONDA_PROMPT_MODIFIER=(base) /usr/bin/cmake --build /home/qing/ros2_humble/chapt8/chapt8_ws/build/nav2_custom_planner -- -j16 -l16
[4.219s] DEBUG:colcon.colcon_core.event_handler.log_command:Invoked command in '/home/qing/ros2_humble/chapt8/chapt8_ws/build/nav2_custom_controller' returned '0': CMAKE_PREFIX_PATH=/opt/ros/humble CONDA_PROMPT_MODIFIER=(base) /usr/bin/cmake /home/qing/ros2_humble/chapt8/chapt8_ws/src/nav2_custom_controller -DCMAKE_CXX_COMPILER=/usr/bin/g++ -DCMAKE_CXX_FLAGS=-I/usr/include/c++/11 -DCMAKE_SKIP_RPATH=ON -DCMAKE_INSTALL_PREFIX=/home/qing/ros2_humble/chapt8/chapt8_ws/install/nav2_custom_controller
[4.220s] DEBUG:colcon.colcon_core.event_handler.log_command:Invoking command in '/home/qing/ros2_humble/chapt8/chapt8_ws/build/nav2_custom_controller': CMAKE_PREFIX_PATH=/opt/ros/humble CONDA_PROMPT_MODIFIER=(base) /usr/bin/cmake --build /home/qing/ros2_humble/chapt8/chapt8_ws/build/nav2_custom_controller -- -j16 -l16
[118.186s] DEBUG:colcon.colcon_parallel_executor.executor.parallel:run_until_complete was interrupted
[118.186s] DEBUG:colcon.colcon_parallel_executor.executor.parallel:run_until_complete again
[118.197s] DEBUG:colcon.colcon_core.event_handler.log_command:Invoked command in '/home/qing/ros2_humble/chapt8/chapt8_ws/build/autopatrol_interfaces' returned '-2': CMAKE_PREFIX_PATH=/opt/ros/humble CONDA_PROMPT_MODIFIER=(base) /usr/bin/cmake --build /home/qing/ros2_humble/chapt8/chapt8_ws/build/autopatrol_interfaces -- -j16 -l16
[118.199s] Level 1:colcon.colcon_core.environment:create_environment_scripts_only(autopatrol_interfaces)
[118.199s] Level 1:colcon.colcon_core.environment:checking '/home/qing/ros2_humble/chapt8/chapt8_ws/install/autopatrol_interfaces' for CMake module files
[118.199s] Level 1:colcon.colcon_core.environment:checking '/home/qing/ros2_humble/chapt8/chapt8_ws/install/autopatrol_interfaces' for CMake config files
[118.200s] Level 1:colcon.colcon_core.environment:checking '/home/qing/ros2_humble/chapt8/chapt8_ws/install/autopatrol_interfaces/bin'
[118.200s] Level 1:colcon.colcon_core.environment:checking '/home/qing/ros2_humble/chapt8/chapt8_ws/install/autopatrol_interfaces/lib/pkgconfig/autopatrol_interfaces.pc'
[118.200s] Level 1:colcon.colcon_core.environment:checking '/home/qing/ros2_humble/chapt8/chapt8_ws/install/autopatrol_interfaces/lib/python3.10/site-packages'
[118.200s] Level 1:colcon.colcon_core.environment:checking '/home/qing/ros2_humble/chapt8/chapt8_ws/install/autopatrol_interfaces/bin'
[118.201s] INFO:colcon.colcon_core.shell:Creating package script '/home/qing/ros2_humble/chapt8/chapt8_ws/install/autopatrol_interfaces/share/autopatrol_interfaces/package.ps1'
[118.207s] INFO:colcon.colcon_core.shell:Creating package descriptor '/home/qing/ros2_humble/chapt8/chapt8_ws/install/autopatrol_interfaces/share/autopatrol_interfaces/package.dsv'
[118.210s] INFO:colcon.colcon_core.shell:Creating package script '/home/qing/ros2_humble/chapt8/chapt8_ws/install/autopatrol_interfaces/share/autopatrol_interfaces/package.sh'
[118.211s] INFO:colcon.colcon_core.shell:Creating package script '/home/qing/ros2_humble/chapt8/chapt8_ws/install/autopatrol_interfaces/share/autopatrol_interfaces/package.bash'
[118.213s] INFO:colcon.colcon_core.shell:Creating package script '/home/qing/ros2_humble/chapt8/chapt8_ws/install/autopatrol_interfaces/share/autopatrol_interfaces/package.zsh'
[118.215s] Level 1:colcon.colcon_core.environment:create_file_with_runtime_dependencies(/home/qing/ros2_humble/chapt8/chapt8_ws/install/autopatrol_interfaces/share/colcon-core/packages/autopatrol_interfaces)
[118.246s] DEBUG:colcon.colcon_parallel_executor.executor.parallel:run_until_complete finished
[118.246s] DEBUG:colcon.colcon_parallel_executor.executor.parallel:closing loop
[118.246s] DEBUG:colcon.colcon_parallel_executor.executor.parallel:loop closed
[118.246s] DEBUG:colcon.colcon_core.event_reactor:joining thread
[118.252s] INFO:colcon.colcon_core.plugin_system:Skipping extension 'colcon_notification.desktop_notification.notify2': 'notify2' not found
[118.255s] INFO:colcon.colcon_core.plugin_system:Skipping extension 'colcon_notification.desktop_notification.terminal_notifier': Not used on non-Darwin systems
[118.255s] INFO:colcon.colcon_core.plugin_system:Skipping extension 'colcon_notification.desktop_notification.win32': Not used on non-Windows systems
[118.255s] INFO:colcon.colcon_notification.desktop_notification:Sending desktop notification using 'notify_send'
[118.329s] DEBUG:colcon.colcon_core.event_reactor:joined thread
[118.330s] INFO:colcon.colcon_core.shell:Creating prefix script '/home/qing/ros2_humble/chapt8/chapt8_ws/install/local_setup.ps1'
[118.331s] INFO:colcon.colcon_core.shell:Creating prefix util module '/home/qing/ros2_humble/chapt8/chapt8_ws/install/_local_setup_util_ps1.py'
[118.333s] INFO:colcon.colcon_core.shell:Creating prefix chain script '/home/qing/ros2_humble/chapt8/chapt8_ws/install/setup.ps1'
[118.334s] INFO:colcon.colcon_core.shell:Creating prefix script '/home/qing/ros2_humble/chapt8/chapt8_ws/install/local_setup.sh'
[118.335s] INFO:colcon.colcon_core.shell:Creating prefix util module '/home/qing/ros2_humble/chapt8/chapt8_ws/install/_local_setup_util_sh.py'
[118.335s] INFO:colcon.colcon_core.shell:Creating prefix chain script '/home/qing/ros2_humble/chapt8/chapt8_ws/install/setup.sh'
[118.336s] INFO:colcon.colcon_core.shell:Creating prefix script '/home/qing/ros2_humble/chapt8/chapt8_ws/install/local_setup.bash'
[118.337s] INFO:colcon.colcon_core.shell:Creating prefix chain script '/home/qing/ros2_humble/chapt8/chapt8_ws/install/setup.bash'
[118.338s] INFO:colcon.colcon_core.shell:Creating prefix script '/home/qing/ros2_humble/chapt8/chapt8_ws/install/local_setup.zsh'
[118.338s] INFO:colcon.colcon_core.shell:Creating prefix chain script '/home/qing/ros2_humble/chapt8/chapt8_ws/install/setup.zsh'
