[0.009s] Invoking command in '/home/qing/ros2_humble/chapter3/chapt3_4/build/status_display': AMENT_PREFIX_PATH=/home/qing/ros2_humble/chapter3/chapt3_4/install/status_interfaces:${AMENT_PREFIX_PATH} CMAKE_PREFIX_PATH=/home/qing/ros2_humble/chapter3/chapt3_4/install/status_interfaces:/opt/ros/humble CONDA_PROMPT_MODIFIER=(base) LD_LIBRARY_PATH=/home/qing/ros2_humble/chapter3/chapt3_4/install/status_interfaces/lib:${LD_LIBRARY_PATH} PYTHONPATH=/home/qing/ros2_humble/chapter3/chapt3_4/install/status_interfaces/local/lib/python3.10/dist-packages:${PYTHONPATH} /usr/bin/cmake --build /home/qing/ros2_humble/chapter3/chapt3_4/build/status_display -- -j16 -l16
[0.045s] [35m[1mConsolidate compiler generated dependencies of target hello_qt[0m
[0.045s] [35m[1mConsolidate compiler generated dependencies of target sys_status_display[0m
[0.059s] [ 50%] Built target hello_qt
[0.064s] [100%] Built target sys_status_display
[0.288s] Invoked command in '/home/qing/ros2_humble/chapter3/chapt3_4/build/status_display' returned '0': AMENT_PREFIX_PATH=/home/qing/ros2_humble/chapter3/chapt3_4/install/status_interfaces:${AMENT_PREFIX_PATH} CMAKE_PREFIX_PATH=/home/qing/ros2_humble/chapter3/chapt3_4/install/status_interfaces:/opt/ros/humble CONDA_PROMPT_MODIFIER=(base) LD_LIBRARY_PATH=/home/qing/ros2_humble/chapter3/chapt3_4/install/status_interfaces/lib:${LD_LIBRARY_PATH} PYTHONPATH=/home/qing/ros2_humble/chapter3/chapt3_4/install/status_interfaces/local/lib/python3.10/dist-packages:${PYTHONPATH} /usr/bin/cmake --build /home/qing/ros2_humble/chapter3/chapt3_4/build/status_display -- -j16 -l16
[0.290s] Invoking command in '/home/qing/ros2_humble/chapter3/chapt3_4/build/status_display': AMENT_PREFIX_PATH=/home/qing/ros2_humble/chapter3/chapt3_4/install/status_interfaces:${AMENT_PREFIX_PATH} CMAKE_PREFIX_PATH=/home/qing/ros2_humble/chapter3/chapt3_4/install/status_interfaces:/opt/ros/humble CONDA_PROMPT_MODIFIER=(base) LD_LIBRARY_PATH=/home/qing/ros2_humble/chapter3/chapt3_4/install/status_interfaces/lib:${LD_LIBRARY_PATH} PYTHONPATH=/home/qing/ros2_humble/chapter3/chapt3_4/install/status_interfaces/local/lib/python3.10/dist-packages:${PYTHONPATH} /usr/bin/cmake --install /home/qing/ros2_humble/chapter3/chapt3_4/build/status_display
[0.296s] -- Install configuration: ""
[0.296s] -- Up-to-date: /home/qing/ros2_humble/chapter3/chapt3_4/install/status_display/lib/status_display/hello_qt
[0.297s] -- Up-to-date: /home/qing/ros2_humble/chapter3/chapt3_4/install/status_display/lib/status_display/sys_status_display
[0.297s] -- Up-to-date: /home/qing/ros2_humble/chapter3/chapt3_4/install/status_display/share/ament_index/resource_index/package_run_dependencies/status_display
[0.297s] -- Up-to-date: /home/qing/ros2_humble/chapter3/chapt3_4/install/status_display/share/ament_index/resource_index/parent_prefix_path/status_display
[0.297s] -- Up-to-date: /home/qing/ros2_humble/chapter3/chapt3_4/install/status_display/share/status_display/environment/ament_prefix_path.sh
[0.297s] -- Up-to-date: /home/qing/ros2_humble/chapter3/chapt3_4/install/status_display/share/status_display/environment/ament_prefix_path.dsv
[0.297s] -- Up-to-date: /home/qing/ros2_humble/chapter3/chapt3_4/install/status_display/share/status_display/environment/path.sh
[0.297s] -- Up-to-date: /home/qing/ros2_humble/chapter3/chapt3_4/install/status_display/share/status_display/environment/path.dsv
[0.297s] -- Up-to-date: /home/qing/ros2_humble/chapter3/chapt3_4/install/status_display/share/status_display/local_setup.bash
[0.297s] -- Up-to-date: /home/qing/ros2_humble/chapter3/chapt3_4/install/status_display/share/status_display/local_setup.sh
[0.297s] -- Up-to-date: /home/qing/ros2_humble/chapter3/chapt3_4/install/status_display/share/status_display/local_setup.zsh
[0.297s] -- Up-to-date: /home/qing/ros2_humble/chapter3/chapt3_4/install/status_display/share/status_display/local_setup.dsv
[0.297s] -- Installing: /home/qing/ros2_humble/chapter3/chapt3_4/install/status_display/share/status_display/package.dsv
[0.297s] -- Up-to-date: /home/qing/ros2_humble/chapter3/chapt3_4/install/status_display/share/ament_index/resource_index/packages/status_display
[0.298s] -- Up-to-date: /home/qing/ros2_humble/chapter3/chapt3_4/install/status_display/share/status_display/cmake/status_displayConfig.cmake
[0.298s] -- Up-to-date: /home/qing/ros2_humble/chapter3/chapt3_4/install/status_display/share/status_display/cmake/status_displayConfig-version.cmake
[0.298s] -- Up-to-date: /home/qing/ros2_humble/chapter3/chapt3_4/install/status_display/share/status_display/package.xml
[0.300s] Invoked command in '/home/qing/ros2_humble/chapter3/chapt3_4/build/status_display' returned '0': AMENT_PREFIX_PATH=/home/qing/ros2_humble/chapter3/chapt3_4/install/status_interfaces:${AMENT_PREFIX_PATH} CMAKE_PREFIX_PATH=/home/qing/ros2_humble/chapter3/chapt3_4/install/status_interfaces:/opt/ros/humble CONDA_PROMPT_MODIFIER=(base) LD_LIBRARY_PATH=/home/qing/ros2_humble/chapter3/chapt3_4/install/status_interfaces/lib:${LD_LIBRARY_PATH} PYTHONPATH=/home/qing/ros2_humble/chapter3/chapt3_4/install/status_interfaces/local/lib/python3.10/dist-packages:${PYTHONPATH} /usr/bin/cmake --install /home/qing/ros2_humble/chapter3/chapt3_4/build/status_display
