[0.687s] Invoking command in '/home/qing/ros2_humble/chapt8/chapt8_ws/build/nav2_custom_controller': CMAKE_PREFIX_PATH=${CMAKE_PREFIX_PATH}:/home/qing/ros2_humble/chapt8/chapt8_ws/install/fishbot_application:/home/qing/ros2_humble/chapt8/chapt8_ws/install/autopatrol_robot:/opt/ros/humble CONDA_PROMPT_MODIFIER=(base) /usr/bin/cmake --build /home/qing/ros2_humble/chapt8/chapt8_ws/build/nav2_custom_controller -- -j16 -l16
[0.756s] [100%] Built target nav2_custom_controller_plugin
[0.809s] Invoked command in '/home/qing/ros2_humble/chapt8/chapt8_ws/build/nav2_custom_controller' returned '0': CMAKE_PREFIX_PATH=${CMAKE_PREFIX_PATH}:/home/qing/ros2_humble/chapt8/chapt8_ws/install/fishbot_application:/home/qing/ros2_humble/chapt8/chapt8_ws/install/autopatrol_robot:/opt/ros/humble CONDA_PROMPT_MODIFIER=(base) /usr/bin/cmake --build /home/qing/ros2_humble/chapt8/chapt8_ws/build/nav2_custom_controller -- -j16 -l16
[0.810s] Invoking command in '/home/qing/ros2_humble/chapt8/chapt8_ws/build/nav2_custom_controller': CMAKE_PREFIX_PATH=${CMAKE_PREFIX_PATH}:/home/qing/ros2_humble/chapt8/chapt8_ws/install/fishbot_application:/home/qing/ros2_humble/chapt8/chapt8_ws/install/autopatrol_robot:/opt/ros/humble CONDA_PROMPT_MODIFIER=(base) /usr/bin/cmake --install /home/qing/ros2_humble/chapt8/chapt8_ws/build/nav2_custom_controller
[0.818s] -- Install configuration: ""
[0.818s] -- Up-to-date: /home/qing/ros2_humble/chapt8/chapt8_ws/install/nav2_custom_controller/lib/libnav2_custom_controller_plugin.so
[0.819s] -- Up-to-date: /home/qing/ros2_humble/chapt8/chapt8_ws/install/nav2_custom_controller/include/
[0.819s] -- Up-to-date: /home/qing/ros2_humble/chapt8/chapt8_ws/install/nav2_custom_controller/include//nav2_custom_controller
[0.819s] -- Up-to-date: /home/qing/ros2_humble/chapt8/chapt8_ws/install/nav2_custom_controller/include//nav2_custom_controller/custom_controller.hpp
[0.819s] -- Up-to-date: /home/qing/ros2_humble/chapt8/chapt8_ws/install/nav2_custom_controller/share/nav2_custom_controller/nav2_custom_controller.xml
[0.819s] -- Up-to-date: /home/qing/ros2_humble/chapt8/chapt8_ws/install/nav2_custom_controller/share/ament_index/resource_index/package_run_dependencies/nav2_custom_controller
[0.820s] -- Up-to-date: /home/qing/ros2_humble/chapt8/chapt8_ws/install/nav2_custom_controller/share/ament_index/resource_index/parent_prefix_path/nav2_custom_controller
[0.820s] -- Up-to-date: /home/qing/ros2_humble/chapt8/chapt8_ws/install/nav2_custom_controller/share/nav2_custom_controller/environment/ament_prefix_path.sh
[0.820s] -- Up-to-date: /home/qing/ros2_humble/chapt8/chapt8_ws/install/nav2_custom_controller/share/nav2_custom_controller/environment/ament_prefix_path.dsv
[0.820s] -- Up-to-date: /home/qing/ros2_humble/chapt8/chapt8_ws/install/nav2_custom_controller/share/nav2_custom_controller/environment/path.sh
[0.820s] -- Up-to-date: /home/qing/ros2_humble/chapt8/chapt8_ws/install/nav2_custom_controller/share/nav2_custom_controller/environment/path.dsv
[0.820s] -- Up-to-date: /home/qing/ros2_humble/chapt8/chapt8_ws/install/nav2_custom_controller/share/nav2_custom_controller/local_setup.bash
[0.820s] -- Up-to-date: /home/qing/ros2_humble/chapt8/chapt8_ws/install/nav2_custom_controller/share/nav2_custom_controller/local_setup.sh
[0.820s] -- Up-to-date: /home/qing/ros2_humble/chapt8/chapt8_ws/install/nav2_custom_controller/share/nav2_custom_controller/local_setup.zsh
[0.820s] -- Up-to-date: /home/qing/ros2_humble/chapt8/chapt8_ws/install/nav2_custom_controller/share/nav2_custom_controller/local_setup.dsv
[0.821s] -- Up-to-date: /home/qing/ros2_humble/chapt8/chapt8_ws/install/nav2_custom_controller/share/nav2_custom_controller/package.dsv
[0.821s] -- Up-to-date: /home/qing/ros2_humble/chapt8/chapt8_ws/install/nav2_custom_controller/share/ament_index/resource_index/packages/nav2_custom_controller
[0.822s] -- Up-to-date: /home/qing/ros2_humble/chapt8/chapt8_ws/install/nav2_custom_controller/share/ament_index/resource_index/nav2_core__pluginlib__plugin/nav2_custom_controller
[0.823s] -- Up-to-date: /home/qing/ros2_humble/chapt8/chapt8_ws/install/nav2_custom_controller/share/nav2_custom_controller/cmake/nav2_custom_controllerConfig.cmake
[0.823s] -- Up-to-date: /home/qing/ros2_humble/chapt8/chapt8_ws/install/nav2_custom_controller/share/nav2_custom_controller/cmake/nav2_custom_controllerConfig-version.cmake
[0.823s] -- Up-to-date: /home/qing/ros2_humble/chapt8/chapt8_ws/install/nav2_custom_controller/share/nav2_custom_controller/package.xml
[0.849s] Invoked command in '/home/qing/ros2_humble/chapt8/chapt8_ws/build/nav2_custom_controller' returned '0': CMAKE_PREFIX_PATH=${CMAKE_PREFIX_PATH}:/home/qing/ros2_humble/chapt8/chapt8_ws/install/fishbot_application:/home/qing/ros2_humble/chapt8/chapt8_ws/install/autopatrol_robot:/opt/ros/humble CONDA_PROMPT_MODIFIER=(base) /usr/bin/cmake --install /home/qing/ros2_humble/chapt8/chapt8_ws/build/nav2_custom_controller
