[1.178s] Invoking command in '/home/qing/ros2_humble/chapter7/chapt7_ws/src/autopatrol_robot': CONDA_PROMPT_MODIFIER=(base) PYTHONPATH=/home/qing/ros2_humble/chapter7/chapt7_ws/build/autopatrol_robot/prefix_override:/home/qing/下载/enter/lib/python3.10/site-packages/colcon_core/task/python/colcon_distutils_commands:/home/qing/ros2_humble/chapter7/chapt7_ws/install/autopatrol_robot/lib/python3.10/site-packages:${PYTHONPATH} /home/qing/下载/enter/bin/python3.10 -W ignore:setup.py install is deprecated -W ignore:easy_install command is deprecated setup.py egg_info --egg-base ../../build/autopatrol_robot build --build-base /home/qing/ros2_humble/chapter7/chapt7_ws/build/autopatrol_robot/build install --record /home/qing/ros2_humble/chapter7/chapt7_ws/build/autopatrol_robot/install.log --single-version-externally-managed install_data
[1.467s] running egg_info
[1.467s] creating ../../build/autopatrol_robot/autopatrol_robot.egg-info
[1.468s] writing manifest file '../../build/autopatrol_robot/autopatrol_robot.egg-info/SOURCES.txt'
[1.470s] writing manifest file '../../build/autopatrol_robot/autopatrol_robot.egg-info/SOURCES.txt'
[1.471s] running build
[1.471s] running build_py
[1.471s] creating /home/qing/ros2_humble/chapter7/chapt7_ws/build/autopatrol_robot/build
[1.471s] creating /home/qing/ros2_humble/chapter7/chapt7_ws/build/autopatrol_robot/build/lib
[1.471s] creating /home/qing/ros2_humble/chapter7/chapt7_ws/build/autopatrol_robot/build/lib/autopatrol_robot
[1.471s] copying autopatrol_robot/speaker.py -> /home/qing/ros2_humble/chapter7/chapt7_ws/build/autopatrol_robot/build/lib/autopatrol_robot
[1.471s] copying autopatrol_robot/patrol_node.py -> /home/qing/ros2_humble/chapter7/chapt7_ws/build/autopatrol_robot/build/lib/autopatrol_robot
[1.471s] copying autopatrol_robot/__init__.py -> /home/qing/ros2_humble/chapter7/chapt7_ws/build/autopatrol_robot/build/lib/autopatrol_robot
[1.471s] running install
[1.473s] running install_lib
[1.474s] creating /home/qing/ros2_humble/chapter7/chapt7_ws/install/autopatrol_robot/lib/python3.10/site-packages/autopatrol_robot
[1.474s] byte-compiling /home/qing/ros2_humble/chapter7/chapt7_ws/install/autopatrol_robot/lib/python3.10/site-packages/autopatrol_robot/speaker.py to speaker.cpython-310.pyc
[1.475s] byte-compiling /home/qing/ros2_humble/chapter7/chapt7_ws/install/autopatrol_robot/lib/python3.10/site-packages/autopatrol_robot/patrol_node.py to patrol_node.cpython-310.pyc
[1.477s] byte-compiling /home/qing/ros2_humble/chapter7/chapt7_ws/install/autopatrol_robot/lib/python3.10/site-packages/autopatrol_robot/__init__.py to __init__.cpython-310.pyc
[1.477s] running install_data
[1.477s] creating /home/qing/ros2_humble/chapter7/chapt7_ws/install/autopatrol_robot/share/ament_index
[1.477s] creating /home/qing/ros2_humble/chapter7/chapt7_ws/install/autopatrol_robot/share/ament_index/resource_index
[1.477s] creating /home/qing/ros2_humble/chapter7/chapt7_ws/install/autopatrol_robot/share/ament_index/resource_index/packages
[1.477s] copying resource/autopatrol_robot -> /home/qing/ros2_humble/chapter7/chapt7_ws/install/autopatrol_robot/share/ament_index/resource_index/packages
[1.477s] copying package.xml -> /home/qing/ros2_humble/chapter7/chapt7_ws/install/autopatrol_robot/share/autopatrol_robot
[1.478s] creating /home/qing/ros2_humble/chapter7/chapt7_ws/install/autopatrol_robot/share/autopatrol_robot/config
[1.478s] copying config/patrol_config.yaml -> /home/qing/ros2_humble/chapter7/chapt7_ws/install/autopatrol_robot/share/autopatrol_robot/config
[1.478s] creating /home/qing/ros2_humble/chapter7/chapt7_ws/install/autopatrol_robot/share/autopatrol_robot/launch
[1.478s] copying launch/autopatrol.launch.py -> /home/qing/ros2_humble/chapter7/chapt7_ws/install/autopatrol_robot/share/autopatrol_robot/launch
[1.478s] running install_egg_info
[1.479s] Copying ../../build/autopatrol_robot/autopatrol_robot.egg-info to /home/qing/ros2_humble/chapter7/chapt7_ws/install/autopatrol_robot/lib/python3.10/site-packages/autopatrol_robot-0.0.0-py3.10.egg-info
[1.480s] running install_scripts
[1.502s] writing list of installed files to '/home/qing/ros2_humble/chapter7/chapt7_ws/build/autopatrol_robot/install.log'
[1.541s] Invoked command in '/home/qing/ros2_humble/chapter7/chapt7_ws/src/autopatrol_robot' returned '0': CONDA_PROMPT_MODIFIER=(base) PYTHONPATH=/home/qing/ros2_humble/chapter7/chapt7_ws/build/autopatrol_robot/prefix_override:/home/qing/下载/enter/lib/python3.10/site-packages/colcon_core/task/python/colcon_distutils_commands:/home/qing/ros2_humble/chapter7/chapt7_ws/install/autopatrol_robot/lib/python3.10/site-packages:${PYTHONPATH} /home/qing/下载/enter/bin/python3.10 -W ignore:setup.py install is deprecated -W ignore:easy_install command is deprecated setup.py egg_info --egg-base ../../build/autopatrol_robot build --build-base /home/qing/ros2_humble/chapter7/chapt7_ws/build/autopatrol_robot/build install --record /home/qing/ros2_humble/chapter7/chapt7_ws/build/autopatrol_robot/install.log --single-version-externally-managed install_data
