[ 50%] [32mBuilding CXX object CMakeFiles/nav2_custom_controller_plugin.dir/src/custom_controller.cpp.o[0m
[100%] [32m[1mLinking CXX shared library libnav2_custom_controller_plugin.so[0m
[100%] Built target nav2_custom_controller_plugin
-- Install configuration: ""
-- Installing: /home/qing/ros2_humble/chapt8/chapt8_ws/install/nav2_custom_controller/lib/libnav2_custom_controller_plugin.so
-- Installing: /home/qing/ros2_humble/chapt8/chapt8_ws/install/nav2_custom_controller/include/
-- Installing: /home/qing/ros2_humble/chapt8/chapt8_ws/install/nav2_custom_controller/include//nav2_custom_controller
-- Installing: /home/qing/ros2_humble/chapt8/chapt8_ws/install/nav2_custom_controller/include//nav2_custom_controller/custom_controller.hpp
-- Installing: /home/qing/ros2_humble/chapt8/chapt8_ws/install/nav2_custom_controller/share/nav2_custom_controller/nav2_custom_controller.xml
-- Installing: /home/qing/ros2_humble/chapt8/chapt8_ws/install/nav2_custom_controller/share/ament_index/resource_index/package_run_dependencies/nav2_custom_controller
-- Installing: /home/qing/ros2_humble/chapt8/chapt8_ws/install/nav2_custom_controller/share/ament_index/resource_index/parent_prefix_path/nav2_custom_controller
-- Installing: /home/qing/ros2_humble/chapt8/chapt8_ws/install/nav2_custom_controller/share/nav2_custom_controller/environment/ament_prefix_path.sh
-- Installing: /home/qing/ros2_humble/chapt8/chapt8_ws/install/nav2_custom_controller/share/nav2_custom_controller/environment/ament_prefix_path.dsv
-- Installing: /home/qing/ros2_humble/chapt8/chapt8_ws/install/nav2_custom_controller/share/nav2_custom_controller/environment/path.sh
-- Installing: /home/qing/ros2_humble/chapt8/chapt8_ws/install/nav2_custom_controller/share/nav2_custom_controller/environment/path.dsv
-- Installing: /home/qing/ros2_humble/chapt8/chapt8_ws/install/nav2_custom_controller/share/nav2_custom_controller/local_setup.bash
-- Installing: /home/qing/ros2_humble/chapt8/chapt8_ws/install/nav2_custom_controller/share/nav2_custom_controller/local_setup.sh
-- Installing: /home/qing/ros2_humble/chapt8/chapt8_ws/install/nav2_custom_controller/share/nav2_custom_controller/local_setup.zsh
-- Installing: /home/qing/ros2_humble/chapt8/chapt8_ws/install/nav2_custom_controller/share/nav2_custom_controller/local_setup.dsv
-- Installing: /home/qing/ros2_humble/chapt8/chapt8_ws/install/nav2_custom_controller/share/nav2_custom_controller/package.dsv
-- Installing: /home/qing/ros2_humble/chapt8/chapt8_ws/install/nav2_custom_controller/share/ament_index/resource_index/packages/nav2_custom_controller
-- Installing: /home/qing/ros2_humble/chapt8/chapt8_ws/install/nav2_custom_controller/share/ament_index/resource_index/nav2_core__pluginlib__plugin/nav2_custom_controller
-- Installing: /home/qing/ros2_humble/chapt8/chapt8_ws/install/nav2_custom_controller/share/nav2_custom_controller/cmake/nav2_custom_controllerConfig.cmake
-- Installing: /home/qing/ros2_humble/chapt8/chapt8_ws/install/nav2_custom_controller/share/nav2_custom_controller/cmake/nav2_custom_controllerConfig-version.cmake
-- Installing: /home/qing/ros2_humble/chapt8/chapt8_ws/install/nav2_custom_controller/share/nav2_custom_controller/package.xml
