[0.008s] Invoking command in '/home/qing/ros2_humble/chapter2/chapt2_4/build/demo_cpp_pkg': CMAKE_PREFIX_PATH=${CMAKE_PREFIX_PATH}:/home/qing/ros2_humble/chapt2_4/install/demo_python_pkg:/opt/ros/humble CONDA_PROMPT_MODIFIER=(ros_test) /usr/bin/cmake /home/qing/ros2_humble/chapter2/chapt2_4/src/demo_cpp_pkg -DCMAKE_INSTALL_PREFIX=/home/qing/ros2_humble/chapter2/chapt2_4/install/demo_cpp_pkg
[0.060s] -- The C compiler identification is GNU 11.4.0
[0.106s] -- The CXX compiler identification is GNU 11.4.0
[0.112s] -- Detecting C compiler ABI info
[0.172s] -- Detecting C compiler ABI info - done
[0.177s] -- Check for working C compiler: /usr/bin/gcc - skipped
[0.177s] -- Detecting C compile features
[0.178s] -- Detecting C compile features - done
[0.180s] -- Detecting CXX compiler ABI info
[0.247s] -- Detecting CXX compiler ABI info - done
[0.253s] -- Check for working CXX compiler: /usr/bin/g++ - skipped
[0.253s] -- Detecting CXX compile features
[0.254s] -- Detecting CXX compile features - done
[0.256s] -- Found ament_cmake: 1.3.11 (/opt/ros/humble/share/ament_cmake/cmake)
[0.526s] -- Found Python3: /home/qing/下载/enter/envs/ros_test/bin/python3 (found version "3.10.16") found components: Interpreter 
[0.593s] -- Found rclcpp: 16.0.11 (/opt/ros/humble/share/rclcpp/cmake)
[0.631s] -- Found rosidl_generator_c: 3.1.6 (/opt/ros/humble/share/rosidl_generator_c/cmake)
[0.635s] -- Found rosidl_adapter: 3.1.6 (/opt/ros/humble/share/rosidl_adapter/cmake)
[0.641s] -- Found rosidl_generator_cpp: 3.1.6 (/opt/ros/humble/share/rosidl_generator_cpp/cmake)
[0.650s] -- Using all available rosidl_typesupport_c: rosidl_typesupport_fastrtps_c;rosidl_typesupport_introspection_c
[0.662s] -- Using all available rosidl_typesupport_cpp: rosidl_typesupport_fastrtps_cpp;rosidl_typesupport_introspection_cpp
[0.693s] -- Found rmw_implementation_cmake: 6.1.2 (/opt/ros/humble/share/rmw_implementation_cmake/cmake)
[0.695s] -- Found rmw_fastrtps_cpp: 6.2.7 (/opt/ros/humble/share/rmw_fastrtps_cpp/cmake)
[0.770s] -- Found OpenSSL: /usr/lib/x86_64-linux-gnu/libcrypto.so (found version "3.0.2")  
[0.794s] -- Found FastRTPS: /opt/ros/humble/include  
[0.829s] -- Using RMW implementation 'rmw_fastrtps_cpp' as default
[0.836s] -- Looking for pthread.h
[0.900s] -- Looking for pthread.h - found
[0.900s] -- Performing Test CMAKE_HAVE_LIBC_PTHREAD
[0.966s] -- Performing Test CMAKE_HAVE_LIBC_PTHREAD - Success
[0.967s] -- Found Threads: TRUE  
[1.005s] -- Found ament_lint_auto: 0.12.11 (/opt/ros/humble/share/ament_lint_auto/cmake)
[1.075s] -- Added test 'cppcheck' to perform static code analysis on C / C++ code
[1.076s] -- Configured cppcheck include dirs: 
[1.076s] -- Configured cppcheck exclude dirs and/or files: 
[1.076s] -- Added test 'lint_cmake' to check CMake code style
[1.077s] -- Added test 'uncrustify' to check C / C++ code style
[1.077s] -- Configured uncrustify additional arguments: 
[1.077s] -- Added test 'xmllint' to check XML markup files
[1.078s] -- Configuring done
[1.088s] -- Generating done
[1.091s] -- Build files have been written to: /home/qing/ros2_humble/chapter2/chapt2_4/build/demo_cpp_pkg
[1.100s] Invoked command in '/home/qing/ros2_humble/chapter2/chapt2_4/build/demo_cpp_pkg' returned '0': CMAKE_PREFIX_PATH=${CMAKE_PREFIX_PATH}:/home/qing/ros2_humble/chapt2_4/install/demo_python_pkg:/opt/ros/humble CONDA_PROMPT_MODIFIER=(ros_test) /usr/bin/cmake /home/qing/ros2_humble/chapter2/chapt2_4/src/demo_cpp_pkg -DCMAKE_INSTALL_PREFIX=/home/qing/ros2_humble/chapter2/chapt2_4/install/demo_cpp_pkg
[1.102s] Invoking command in '/home/qing/ros2_humble/chapter2/chapt2_4/build/demo_cpp_pkg': CMAKE_PREFIX_PATH=${CMAKE_PREFIX_PATH}:/home/qing/ros2_humble/chapt2_4/install/demo_python_pkg:/opt/ros/humble CONDA_PROMPT_MODIFIER=(ros_test) /usr/bin/cmake --build /home/qing/ros2_humble/chapter2/chapt2_4/build/demo_cpp_pkg -- -j16 -l16
[1.146s] [ 50%] [32mBuilding CXX object CMakeFiles/person_node.dir/src/person_node.cpp.o[0m
[1.146s] [ 50%] [32mBuilding CXX object CMakeFiles/cpp_node.dir/src/cpp_node.cpp.o[0m
[3.426s] [ 75%] [32m[1mLinking CXX executable cpp_node[0m
[3.478s] [100%] [32m[1mLinking CXX executable person_node[0m
[3.519s] [100%] Built target cpp_node
[3.572s] [100%] Built target person_node
[3.582s] Invoked command in '/home/qing/ros2_humble/chapter2/chapt2_4/build/demo_cpp_pkg' returned '0': CMAKE_PREFIX_PATH=${CMAKE_PREFIX_PATH}:/home/qing/ros2_humble/chapt2_4/install/demo_python_pkg:/opt/ros/humble CONDA_PROMPT_MODIFIER=(ros_test) /usr/bin/cmake --build /home/qing/ros2_humble/chapter2/chapt2_4/build/demo_cpp_pkg -- -j16 -l16
[3.591s] Invoking command in '/home/qing/ros2_humble/chapter2/chapt2_4/build/demo_cpp_pkg': CMAKE_PREFIX_PATH=${CMAKE_PREFIX_PATH}:/home/qing/ros2_humble/chapt2_4/install/demo_python_pkg:/opt/ros/humble CONDA_PROMPT_MODIFIER=(ros_test) /usr/bin/cmake --install /home/qing/ros2_humble/chapter2/chapt2_4/build/demo_cpp_pkg
[3.596s] -- Install configuration: ""
[3.597s] -- Installing: /home/qing/ros2_humble/chapter2/chapt2_4/install/demo_cpp_pkg/lib/demo_cpp_pkg/cpp_node
[3.597s] -- Set runtime path of "/home/qing/ros2_humble/chapter2/chapt2_4/install/demo_cpp_pkg/lib/demo_cpp_pkg/cpp_node" to ""
[3.597s] -- Installing: /home/qing/ros2_humble/chapter2/chapt2_4/install/demo_cpp_pkg/lib/demo_cpp_pkg/person_node
[3.597s] -- Set runtime path of "/home/qing/ros2_humble/chapter2/chapt2_4/install/demo_cpp_pkg/lib/demo_cpp_pkg/person_node" to ""
[3.598s] -- Installing: /home/qing/ros2_humble/chapter2/chapt2_4/install/demo_cpp_pkg/share/ament_index/resource_index/package_run_dependencies/demo_cpp_pkg
[3.598s] -- Installing: /home/qing/ros2_humble/chapter2/chapt2_4/install/demo_cpp_pkg/share/ament_index/resource_index/parent_prefix_path/demo_cpp_pkg
[3.598s] -- Installing: /home/qing/ros2_humble/chapter2/chapt2_4/install/demo_cpp_pkg/share/demo_cpp_pkg/environment/ament_prefix_path.sh
[3.598s] -- Installing: /home/qing/ros2_humble/chapter2/chapt2_4/install/demo_cpp_pkg/share/demo_cpp_pkg/environment/ament_prefix_path.dsv
[3.598s] -- Installing: /home/qing/ros2_humble/chapter2/chapt2_4/install/demo_cpp_pkg/share/demo_cpp_pkg/environment/path.sh
[3.598s] -- Installing: /home/qing/ros2_humble/chapter2/chapt2_4/install/demo_cpp_pkg/share/demo_cpp_pkg/environment/path.dsv
[3.598s] -- Installing: /home/qing/ros2_humble/chapter2/chapt2_4/install/demo_cpp_pkg/share/demo_cpp_pkg/local_setup.bash
[3.599s] -- Installing: /home/qing/ros2_humble/chapter2/chapt2_4/install/demo_cpp_pkg/share/demo_cpp_pkg/local_setup.sh
[3.599s] -- Installing: /home/qing/ros2_humble/chapter2/chapt2_4/install/demo_cpp_pkg/share/demo_cpp_pkg/local_setup.zsh
[3.599s] -- Installing: /home/qing/ros2_humble/chapter2/chapt2_4/install/demo_cpp_pkg/share/demo_cpp_pkg/local_setup.dsv
[3.599s] -- Installing: /home/qing/ros2_humble/chapter2/chapt2_4/install/demo_cpp_pkg/share/demo_cpp_pkg/package.dsv
[3.599s] -- Installing: /home/qing/ros2_humble/chapter2/chapt2_4/install/demo_cpp_pkg/share/ament_index/resource_index/packages/demo_cpp_pkg
[3.599s] -- Installing: /home/qing/ros2_humble/chapter2/chapt2_4/install/demo_cpp_pkg/share/demo_cpp_pkg/cmake/demo_cpp_pkgConfig.cmake
[3.599s] -- Installing: /home/qing/ros2_humble/chapter2/chapt2_4/install/demo_cpp_pkg/share/demo_cpp_pkg/cmake/demo_cpp_pkgConfig-version.cmake
[3.600s] -- Installing: /home/qing/ros2_humble/chapter2/chapt2_4/install/demo_cpp_pkg/share/demo_cpp_pkg/package.xml
[3.602s] Invoked command in '/home/qing/ros2_humble/chapter2/chapt2_4/build/demo_cpp_pkg' returned '0': CMAKE_PREFIX_PATH=${CMAKE_PREFIX_PATH}:/home/qing/ros2_humble/chapt2_4/install/demo_python_pkg:/opt/ros/humble CONDA_PROMPT_MODIFIER=(ros_test) /usr/bin/cmake --install /home/qing/ros2_humble/chapter2/chapt2_4/build/demo_cpp_pkg
