[0.008s] Invoking command in '/home/qing/ros2_humble/chapter5/chapt5_2/build/demo_cpp_tf': CMAKE_PREFIX_PATH=/home/qing/ros2_humble/chapter5/chapt5_1/install/demo_python_tf:/opt/ros/humble CONDA_PROMPT_MODIFIER=(ros_test) /usr/bin/cmake /home/qing/ros2_humble/chapter5/chapt5_2/src/demo_cpp_tf -DCMAKE_CXX_COMPILER=/usr/bin/g++ -DCMAKE_CXX_FLAGS=-I/usr/include/c++/11 -DCMAKE_SKIP_RPATH=ON -DCMAKE_INSTALL_PREFIX=/home/qing/ros2_humble/chapter5/chapt5_2/install/demo_cpp_tf
[0.026s] -- Found ament_cmake: 1.3.11 (/opt/ros/humble/share/ament_cmake/cmake)
[0.387s] -- Found Python3: /home/qing/下载/enter/envs/ros_test/bin/python3 (found version "3.10.16") found components: Interpreter 
[0.529s] -- Found rclcpp: 16.0.11 (/opt/ros/humble/share/rclcpp/cmake)
[0.597s] -- Found rosidl_generator_c: 3.1.6 (/opt/ros/humble/share/rosidl_generator_c/cmake)
[0.601s] -- Found rosidl_adapter: 3.1.6 (/opt/ros/humble/share/rosidl_adapter/cmake)
[0.610s] -- Found rosidl_generator_cpp: 3.1.6 (/opt/ros/humble/share/rosidl_generator_cpp/cmake)
[0.623s] -- Using all available rosidl_typesupport_c: rosidl_typesupport_fastrtps_c;rosidl_typesupport_introspection_c
[0.638s] -- Using all available rosidl_typesupport_cpp: rosidl_typesupport_fastrtps_cpp;rosidl_typesupport_introspection_cpp
[0.679s] -- Found rmw_implementation_cmake: 6.1.2 (/opt/ros/humble/share/rmw_implementation_cmake/cmake)
[0.682s] -- Found rmw_fastrtps_cpp: 6.2.7 (/opt/ros/humble/share/rmw_fastrtps_cpp/cmake)
[0.791s] -- Found OpenSSL: /usr/lib/x86_64-linux-gnu/libcrypto.so (found version "3.0.2")  
[0.815s] -- Found FastRTPS: /opt/ros/humble/include  
[0.853s] -- Using RMW implementation 'rmw_fastrtps_cpp' as default
[0.862s] -- Looking for pthread.h
[0.936s] -- Looking for pthread.h - found
[0.936s] -- Performing Test CMAKE_HAVE_LIBC_PTHREAD
[1.004s] -- Performing Test CMAKE_HAVE_LIBC_PTHREAD - Failed
[1.004s] -- Looking for pthread_create in pthreads
[1.058s] -- Looking for pthread_create in pthreads - not found
[1.058s] -- Looking for pthread_create in pthread
[1.123s] -- Looking for pthread_create in pthread - found
[1.124s] -- Found Threads: TRUE  
[1.174s] -- Found tf2: 0.25.12 (/opt/ros/humble/share/tf2/cmake)
[1.197s] -- Found tf2_ros: 0.25.12 (/opt/ros/humble/share/tf2_ros/cmake)
[1.281s] -- Found tf2_geometry_msgs: 0.25.12 (/opt/ros/humble/share/tf2_geometry_msgs/cmake)
[1.296s] -- Found eigen3_cmake_module: 0.1.1 (/opt/ros/humble/share/eigen3_cmake_module/cmake)
[1.297s] -- Found Eigen3: TRUE (found version "3.4.0") 
[1.298s] -- Ensuring Eigen3 include directory is part of orocos-kdl CMake target
[1.302s] -- Found ament_lint_auto: 0.12.11 (/opt/ros/humble/share/ament_lint_auto/cmake)
[1.389s] -- Added test 'cppcheck' to perform static code analysis on C / C++ code
[1.389s] -- Configured cppcheck include dirs: 
[1.390s] -- Configured cppcheck exclude dirs and/or files: 
[1.390s] -- Added test 'lint_cmake' to check CMake code style
[1.391s] -- Added test 'uncrustify' to check C / C++ code style
[1.391s] -- Configured uncrustify additional arguments: 
[1.391s] -- Added test 'xmllint' to check XML markup files
[1.393s] -- Configuring done
[1.404s] -- Generating done
[1.407s] -- Build files have been written to: /home/qing/ros2_humble/chapter5/chapt5_2/build/demo_cpp_tf
[1.416s] Invoked command in '/home/qing/ros2_humble/chapter5/chapt5_2/build/demo_cpp_tf' returned '0': CMAKE_PREFIX_PATH=/home/qing/ros2_humble/chapter5/chapt5_1/install/demo_python_tf:/opt/ros/humble CONDA_PROMPT_MODIFIER=(ros_test) /usr/bin/cmake /home/qing/ros2_humble/chapter5/chapt5_2/src/demo_cpp_tf -DCMAKE_CXX_COMPILER=/usr/bin/g++ -DCMAKE_CXX_FLAGS=-I/usr/include/c++/11 -DCMAKE_SKIP_RPATH=ON -DCMAKE_INSTALL_PREFIX=/home/qing/ros2_humble/chapter5/chapt5_2/install/demo_cpp_tf
[1.416s] Invoking command in '/home/qing/ros2_humble/chapter5/chapt5_2/build/demo_cpp_tf': CMAKE_PREFIX_PATH=/home/qing/ros2_humble/chapter5/chapt5_1/install/demo_python_tf:/opt/ros/humble CONDA_PROMPT_MODIFIER=(ros_test) /usr/bin/cmake --build /home/qing/ros2_humble/chapter5/chapt5_2/build/demo_cpp_tf -- -j16 -l16
[1.459s] [ 50%] [32mBuilding CXX object CMakeFiles/static_tf_broadcaster.dir/src/static_tf_broadcaster.cpp.o[0m
[4.660s] [100%] [32m[1mLinking CXX executable static_tf_broadcaster[0m
[4.826s] [100%] Built target static_tf_broadcaster
[4.836s] Invoked command in '/home/qing/ros2_humble/chapter5/chapt5_2/build/demo_cpp_tf' returned '0': CMAKE_PREFIX_PATH=/home/qing/ros2_humble/chapter5/chapt5_1/install/demo_python_tf:/opt/ros/humble CONDA_PROMPT_MODIFIER=(ros_test) /usr/bin/cmake --build /home/qing/ros2_humble/chapter5/chapt5_2/build/demo_cpp_tf -- -j16 -l16
[4.846s] Invoking command in '/home/qing/ros2_humble/chapter5/chapt5_2/build/demo_cpp_tf': CMAKE_PREFIX_PATH=/home/qing/ros2_humble/chapter5/chapt5_1/install/demo_python_tf:/opt/ros/humble CONDA_PROMPT_MODIFIER=(ros_test) /usr/bin/cmake --install /home/qing/ros2_humble/chapter5/chapt5_2/build/demo_cpp_tf
[4.852s] -- Install configuration: ""
[4.852s] -- Installing: /home/qing/ros2_humble/chapter5/chapt5_2/install/demo_cpp_tf/lib/demo_cpp_tf/static_tf_broadcaster
[4.853s] -- Installing: /home/qing/ros2_humble/chapter5/chapt5_2/install/demo_cpp_tf/share/ament_index/resource_index/package_run_dependencies/demo_cpp_tf
[4.854s] -- Installing: /home/qing/ros2_humble/chapter5/chapt5_2/install/demo_cpp_tf/share/ament_index/resource_index/parent_prefix_path/demo_cpp_tf
[4.854s] -- Installing: /home/qing/ros2_humble/chapter5/chapt5_2/install/demo_cpp_tf/share/demo_cpp_tf/environment/ament_prefix_path.sh
[4.854s] -- Installing: /home/qing/ros2_humble/chapter5/chapt5_2/install/demo_cpp_tf/share/demo_cpp_tf/environment/ament_prefix_path.dsv
[4.854s] -- Installing: /home/qing/ros2_humble/chapter5/chapt5_2/install/demo_cpp_tf/share/demo_cpp_tf/environment/path.sh
[4.854s] -- Installing: /home/qing/ros2_humble/chapter5/chapt5_2/install/demo_cpp_tf/share/demo_cpp_tf/environment/path.dsv
[4.854s] -- Installing: /home/qing/ros2_humble/chapter5/chapt5_2/install/demo_cpp_tf/share/demo_cpp_tf/local_setup.bash
[4.855s] -- Installing: /home/qing/ros2_humble/chapter5/chapt5_2/install/demo_cpp_tf/share/demo_cpp_tf/local_setup.sh
[4.855s] -- Installing: /home/qing/ros2_humble/chapter5/chapt5_2/install/demo_cpp_tf/share/demo_cpp_tf/local_setup.zsh
[4.855s] -- Installing: /home/qing/ros2_humble/chapter5/chapt5_2/install/demo_cpp_tf/share/demo_cpp_tf/local_setup.dsv
[4.855s] -- Installing: /home/qing/ros2_humble/chapter5/chapt5_2/install/demo_cpp_tf/share/demo_cpp_tf/package.dsv
[4.855s] -- Installing: /home/qing/ros2_humble/chapter5/chapt5_2/install/demo_cpp_tf/share/ament_index/resource_index/packages/demo_cpp_tf
[4.856s] -- Installing: /home/qing/ros2_humble/chapter5/chapt5_2/install/demo_cpp_tf/share/demo_cpp_tf/cmake/demo_cpp_tfConfig.cmake
[4.856s] -- Installing: /home/qing/ros2_humble/chapter5/chapt5_2/install/demo_cpp_tf/share/demo_cpp_tf/cmake/demo_cpp_tfConfig-version.cmake
[4.856s] -- Installing: /home/qing/ros2_humble/chapter5/chapt5_2/install/demo_cpp_tf/share/demo_cpp_tf/package.xml
[4.858s] Invoked command in '/home/qing/ros2_humble/chapter5/chapt5_2/build/demo_cpp_tf' returned '0': CMAKE_PREFIX_PATH=/home/qing/ros2_humble/chapter5/chapt5_1/install/demo_python_tf:/opt/ros/humble CONDA_PROMPT_MODIFIER=(ros_test) /usr/bin/cmake --install /home/qing/ros2_humble/chapter5/chapt5_2/build/demo_cpp_tf
