[0.008s] Invoking command in '/home/qing/ros2_humble/chapt2/c2_3/build/demo_cpp_pkg': CMAKE_PREFIX_PATH=${CMAKE_PREFIX_PATH}:/home/qing/ros2_humble/chapt2/c2_2/install/demo_python_pkg:/opt/ros/humble CONDA_PROMPT_MODIFIER=(ros_test) /usr/bin/cmake /home/qing/ros2_humble/chapt2/c2_3/demo_cpp_pkg -DCMAKE_INSTALL_PREFIX=/home/qing/ros2_humble/chapt2/c2_3/install/demo_cpp_pkg
[0.061s] -- The C compiler identification is GNU 11.2.0
[0.109s] -- The CXX compiler identification is GNU 11.4.0
[0.115s] -- Detecting C compiler ABI info
[0.182s] -- Detecting C compiler ABI info - done
[0.188s] -- Check for working C compiler: /home/qing/下载/enter/envs/ros_test/bin/cc - skipped
[0.188s] -- Detecting C compile features
[0.189s] -- Detecting C compile features - done
[0.191s] -- Detecting CXX compiler ABI info
[0.260s] -- Detecting CXX compiler ABI info - done
[0.265s] -- Check for working CXX compiler: /usr/bin/c++ - skipped
[0.265s] -- Detecting CXX compile features
[0.266s] -- Detecting CXX compile features - done
[0.268s] -- Found ament_cmake: 1.3.11 (/opt/ros/humble/share/ament_cmake/cmake)
[0.539s] -- Found Python3: /home/qing/下载/enter/envs/ros_test/bin/python3 (found version "3.10.16") found components: Interpreter 
[0.612s] -- Found rclcpp: 16.0.11 (/opt/ros/humble/share/rclcpp/cmake)
[0.642s] -- Found rosidl_generator_c: 3.1.6 (/opt/ros/humble/share/rosidl_generator_c/cmake)
[0.646s] -- Found rosidl_adapter: 3.1.6 (/opt/ros/humble/share/rosidl_adapter/cmake)
[0.652s] -- Found rosidl_generator_cpp: 3.1.6 (/opt/ros/humble/share/rosidl_generator_cpp/cmake)
[0.661s] -- Using all available rosidl_typesupport_c: rosidl_typesupport_fastrtps_c;rosidl_typesupport_introspection_c
[0.673s] -- Using all available rosidl_typesupport_cpp: rosidl_typesupport_fastrtps_cpp;rosidl_typesupport_introspection_cpp
[0.707s] -- Found rmw_implementation_cmake: 6.1.2 (/opt/ros/humble/share/rmw_implementation_cmake/cmake)
[0.709s] -- Found rmw_fastrtps_cpp: 6.2.7 (/opt/ros/humble/share/rmw_fastrtps_cpp/cmake)
[0.787s] -- Found OpenSSL: /usr/lib/x86_64-linux-gnu/libcrypto.so (found version "3.0.2")  
[0.811s] -- Found FastRTPS: /opt/ros/humble/include  
[0.847s] -- Using RMW implementation 'rmw_fastrtps_cpp' as default
[0.859s] -- Looking for pthread.h
[0.930s] -- Looking for pthread.h - found
[0.931s] -- Performing Test CMAKE_HAVE_LIBC_PTHREAD
[1.004s] -- Performing Test CMAKE_HAVE_LIBC_PTHREAD - Failed
[1.004s] -- Looking for pthread_create in pthreads
[1.061s] -- Looking for pthread_create in pthreads - not found
[1.061s] -- Looking for pthread_create in pthread
[1.129s] -- Looking for pthread_create in pthread - found
[1.130s] -- Found Threads: TRUE  
[1.170s] -- Found ament_lint_auto: 0.12.11 (/opt/ros/humble/share/ament_lint_auto/cmake)
[1.243s] -- Added test 'cppcheck' to perform static code analysis on C / C++ code
[1.243s] -- Configured cppcheck include dirs: 
[1.243s] -- Configured cppcheck exclude dirs and/or files: 
[1.243s] -- Added test 'lint_cmake' to check CMake code style
[1.244s] -- Added test 'uncrustify' to check C / C++ code style
[1.244s] -- Configured uncrustify additional arguments: 
[1.245s] -- Added test 'xmllint' to check XML markup files
[1.246s] -- Configuring done
[1.253s] -- Generating done
[1.256s] -- Build files have been written to: /home/qing/ros2_humble/chapt2/c2_3/build/demo_cpp_pkg
[1.265s] Invoked command in '/home/qing/ros2_humble/chapt2/c2_3/build/demo_cpp_pkg' returned '0': CMAKE_PREFIX_PATH=${CMAKE_PREFIX_PATH}:/home/qing/ros2_humble/chapt2/c2_2/install/demo_python_pkg:/opt/ros/humble CONDA_PROMPT_MODIFIER=(ros_test) /usr/bin/cmake /home/qing/ros2_humble/chapt2/c2_3/demo_cpp_pkg -DCMAKE_INSTALL_PREFIX=/home/qing/ros2_humble/chapt2/c2_3/install/demo_cpp_pkg
[1.267s] Invoking command in '/home/qing/ros2_humble/chapt2/c2_3/build/demo_cpp_pkg': CMAKE_PREFIX_PATH=${CMAKE_PREFIX_PATH}:/home/qing/ros2_humble/chapt2/c2_2/install/demo_python_pkg:/opt/ros/humble CONDA_PROMPT_MODIFIER=(ros_test) /usr/bin/cmake --build /home/qing/ros2_humble/chapt2/c2_3/build/demo_cpp_pkg -- -j16 -l16
[1.311s] [ 50%] [32mBuilding CXX object CMakeFiles/cpp_node2.dir/src/cpp_node2.cpp.o[0m
[3.572s] [100%] [32m[1mLinking CXX executable cpp_node2[0m
[3.662s] [100%] Built target cpp_node2
[3.673s] Invoked command in '/home/qing/ros2_humble/chapt2/c2_3/build/demo_cpp_pkg' returned '0': CMAKE_PREFIX_PATH=${CMAKE_PREFIX_PATH}:/home/qing/ros2_humble/chapt2/c2_2/install/demo_python_pkg:/opt/ros/humble CONDA_PROMPT_MODIFIER=(ros_test) /usr/bin/cmake --build /home/qing/ros2_humble/chapt2/c2_3/build/demo_cpp_pkg -- -j16 -l16
[3.682s] Invoking command in '/home/qing/ros2_humble/chapt2/c2_3/build/demo_cpp_pkg': CMAKE_PREFIX_PATH=${CMAKE_PREFIX_PATH}:/home/qing/ros2_humble/chapt2/c2_2/install/demo_python_pkg:/opt/ros/humble CONDA_PROMPT_MODIFIER=(ros_test) /usr/bin/cmake --install /home/qing/ros2_humble/chapt2/c2_3/build/demo_cpp_pkg
[3.688s] -- Install configuration: ""
[3.688s] -- Installing: /home/qing/ros2_humble/chapt2/c2_3/install/demo_cpp_pkg/lib/demo_cpp_pkg/cpp_node2
[3.689s] -- Set runtime path of "/home/qing/ros2_humble/chapt2/c2_3/install/demo_cpp_pkg/lib/demo_cpp_pkg/cpp_node2" to ""
[3.689s] -- Installing: /home/qing/ros2_humble/chapt2/c2_3/install/demo_cpp_pkg/share/ament_index/resource_index/package_run_dependencies/demo_cpp_pkg
[3.689s] -- Installing: /home/qing/ros2_humble/chapt2/c2_3/install/demo_cpp_pkg/share/ament_index/resource_index/parent_prefix_path/demo_cpp_pkg
[3.690s] -- Installing: /home/qing/ros2_humble/chapt2/c2_3/install/demo_cpp_pkg/share/demo_cpp_pkg/environment/ament_prefix_path.sh
[3.690s] -- Installing: /home/qing/ros2_humble/chapt2/c2_3/install/demo_cpp_pkg/share/demo_cpp_pkg/environment/ament_prefix_path.dsv
[3.690s] -- Installing: /home/qing/ros2_humble/chapt2/c2_3/install/demo_cpp_pkg/share/demo_cpp_pkg/environment/path.sh
[3.690s] -- Installing: /home/qing/ros2_humble/chapt2/c2_3/install/demo_cpp_pkg/share/demo_cpp_pkg/environment/path.dsv
[3.690s] -- Installing: /home/qing/ros2_humble/chapt2/c2_3/install/demo_cpp_pkg/share/demo_cpp_pkg/local_setup.bash
[3.690s] -- Installing: /home/qing/ros2_humble/chapt2/c2_3/install/demo_cpp_pkg/share/demo_cpp_pkg/local_setup.sh
[3.691s] -- Installing: /home/qing/ros2_humble/chapt2/c2_3/install/demo_cpp_pkg/share/demo_cpp_pkg/local_setup.zsh
[3.691s] -- Installing: /home/qing/ros2_humble/chapt2/c2_3/install/demo_cpp_pkg/share/demo_cpp_pkg/local_setup.dsv
[3.691s] -- Installing: /home/qing/ros2_humble/chapt2/c2_3/install/demo_cpp_pkg/share/demo_cpp_pkg/package.dsv
[3.691s] -- Installing: /home/qing/ros2_humble/chapt2/c2_3/install/demo_cpp_pkg/share/ament_index/resource_index/packages/demo_cpp_pkg
[3.691s] -- Installing: /home/qing/ros2_humble/chapt2/c2_3/install/demo_cpp_pkg/share/demo_cpp_pkg/cmake/demo_cpp_pkgConfig.cmake
[3.691s] -- Installing: /home/qing/ros2_humble/chapt2/c2_3/install/demo_cpp_pkg/share/demo_cpp_pkg/cmake/demo_cpp_pkgConfig-version.cmake
[3.691s] -- Installing: /home/qing/ros2_humble/chapt2/c2_3/install/demo_cpp_pkg/share/demo_cpp_pkg/package.xml
[3.694s] Invoked command in '/home/qing/ros2_humble/chapt2/c2_3/build/demo_cpp_pkg' returned '0': CMAKE_PREFIX_PATH=${CMAKE_PREFIX_PATH}:/home/qing/ros2_humble/chapt2/c2_2/install/demo_python_pkg:/opt/ros/humble CONDA_PROMPT_MODIFIER=(ros_test) /usr/bin/cmake --install /home/qing/ros2_humble/chapt2/c2_3/build/demo_cpp_pkg
