[0.669s] Invoking command in '/home/qing/ros2_humble/chapter7/chapt7_ws/build/fishbot_application_cpp': CMAKE_PREFIX_PATH=/opt/ros/humble CONDA_PROMPT_MODIFIER=(base) /usr/bin/cmake --build /home/qing/ros2_humble/chapter7/chapt7_ws/build/fishbot_application_cpp -- -j16 -l16
[0.736s] [35m[1mConsolidate compiler generated dependencies of target nav2pose[0m
[0.772s] [100%] Built target nav2pose
[0.806s] Invoked command in '/home/qing/ros2_humble/chapter7/chapt7_ws/build/fishbot_application_cpp' returned '0': CMAKE_PREFIX_PATH=/opt/ros/humble CONDA_PROMPT_MODIFIER=(base) /usr/bin/cmake --build /home/qing/ros2_humble/chapter7/chapt7_ws/build/fishbot_application_cpp -- -j16 -l16
[0.808s] Invoking command in '/home/qing/ros2_humble/chapter7/chapt7_ws/build/fishbot_application_cpp': CMAKE_PREFIX_PATH=/opt/ros/humble CONDA_PROMPT_MODIFIER=(base) /usr/bin/cmake --install /home/qing/ros2_humble/chapter7/chapt7_ws/build/fishbot_application_cpp
[0.816s] -- Install configuration: ""
[0.816s] -- Up-to-date: /home/qing/ros2_humble/chapter7/chapt7_ws/install/fishbot_application_cpp/lib/fishbot_application_cpp/nav2pose
[0.817s] -- Up-to-date: /home/qing/ros2_humble/chapter7/chapt7_ws/install/fishbot_application_cpp/share/ament_index/resource_index/package_run_dependencies/fishbot_application_cpp
[0.817s] -- Up-to-date: /home/qing/ros2_humble/chapter7/chapt7_ws/install/fishbot_application_cpp/share/ament_index/resource_index/parent_prefix_path/fishbot_application_cpp
[0.817s] -- Up-to-date: /home/qing/ros2_humble/chapter7/chapt7_ws/install/fishbot_application_cpp/share/fishbot_application_cpp/environment/ament_prefix_path.sh
[0.817s] -- Up-to-date: /home/qing/ros2_humble/chapter7/chapt7_ws/install/fishbot_application_cpp/share/fishbot_application_cpp/environment/ament_prefix_path.dsv
[0.817s] -- Up-to-date: /home/qing/ros2_humble/chapter7/chapt7_ws/install/fishbot_application_cpp/share/fishbot_application_cpp/environment/path.sh
[0.817s] -- Up-to-date: /home/qing/ros2_humble/chapter7/chapt7_ws/install/fishbot_application_cpp/share/fishbot_application_cpp/environment/path.dsv
[0.817s] -- Up-to-date: /home/qing/ros2_humble/chapter7/chapt7_ws/install/fishbot_application_cpp/share/fishbot_application_cpp/local_setup.bash
[0.818s] -- Up-to-date: /home/qing/ros2_humble/chapter7/chapt7_ws/install/fishbot_application_cpp/share/fishbot_application_cpp/local_setup.sh
[0.818s] -- Up-to-date: /home/qing/ros2_humble/chapter7/chapt7_ws/install/fishbot_application_cpp/share/fishbot_application_cpp/local_setup.zsh
[0.818s] -- Up-to-date: /home/qing/ros2_humble/chapter7/chapt7_ws/install/fishbot_application_cpp/share/fishbot_application_cpp/local_setup.dsv
[0.818s] -- Installing: /home/qing/ros2_humble/chapter7/chapt7_ws/install/fishbot_application_cpp/share/fishbot_application_cpp/package.dsv
[0.818s] -- Up-to-date: /home/qing/ros2_humble/chapter7/chapt7_ws/install/fishbot_application_cpp/share/ament_index/resource_index/packages/fishbot_application_cpp
[0.818s] -- Up-to-date: /home/qing/ros2_humble/chapter7/chapt7_ws/install/fishbot_application_cpp/share/fishbot_application_cpp/cmake/fishbot_application_cppConfig.cmake
[0.818s] -- Up-to-date: /home/qing/ros2_humble/chapter7/chapt7_ws/install/fishbot_application_cpp/share/fishbot_application_cpp/cmake/fishbot_application_cppConfig-version.cmake
[0.818s] -- Up-to-date: /home/qing/ros2_humble/chapter7/chapt7_ws/install/fishbot_application_cpp/share/fishbot_application_cpp/package.xml
[0.822s] Invoked command in '/home/qing/ros2_humble/chapter7/chapt7_ws/build/fishbot_application_cpp' returned '0': CMAKE_PREFIX_PATH=/opt/ros/humble CONDA_PROMPT_MODIFIER=(base) /usr/bin/cmake --install /home/qing/ros2_humble/chapter7/chapt7_ws/build/fishbot_application_cpp
