[0.826s] Invoking command in '/home/qing/ros2_humble/chapter7/chapt7_ws/build/fishbot_navigation2': CMAKE_PREFIX_PATH=${CMAKE_PREFIX_PATH}:/home/qing/ros2_humble/chapter7/chapt7_ws/install/fishbot_application:/home/qing/ros2_humble/chapter7/chapt7_ws/install/autopatrol_robot:/opt/ros/humble CONDA_PROMPT_MODIFIER=(base) /usr/bin/cmake --build /home/qing/ros2_humble/chapter7/chapt7_ws/build/fishbot_navigation2 -- -j16 -l16
[0.871s] Invoked command in '/home/qing/ros2_humble/chapter7/chapt7_ws/build/fishbot_navigation2' returned '0': CMAKE_PREFIX_PATH=${CMAKE_PREFIX_PATH}:/home/qing/ros2_humble/chapter7/chapt7_ws/install/fishbot_application:/home/qing/ros2_humble/chapter7/chapt7_ws/install/autopatrol_robot:/opt/ros/humble CONDA_PROMPT_MODIFIER=(base) /usr/bin/cmake --build /home/qing/ros2_humble/chapter7/chapt7_ws/build/fishbot_navigation2 -- -j16 -l16
[0.873s] Invoking command in '/home/qing/ros2_humble/chapter7/chapt7_ws/build/fishbot_navigation2': CMAKE_PREFIX_PATH=${CMAKE_PREFIX_PATH}:/home/qing/ros2_humble/chapter7/chapt7_ws/install/fishbot_application:/home/qing/ros2_humble/chapter7/chapt7_ws/install/autopatrol_robot:/opt/ros/humble CONDA_PROMPT_MODIFIER=(base) /usr/bin/cmake --install /home/qing/ros2_humble/chapter7/chapt7_ws/build/fishbot_navigation2
[0.883s] -- Install configuration: ""
[0.884s] -- Up-to-date: /home/qing/ros2_humble/chapter7/chapt7_ws/install/fishbot_navigation2/share/fishbot_navigation2/launch
[0.884s] -- Up-to-date: /home/qing/ros2_humble/chapter7/chapt7_ws/install/fishbot_navigation2/share/fishbot_navigation2/launch/navigation2.launch.py
[0.884s] -- Up-to-date: /home/qing/ros2_humble/chapter7/chapt7_ws/install/fishbot_navigation2/share/fishbot_navigation2/maps
[0.884s] -- Up-to-date: /home/qing/ros2_humble/chapter7/chapt7_ws/install/fishbot_navigation2/share/fishbot_navigation2/maps/room.yaml
[0.884s] -- Up-to-date: /home/qing/ros2_humble/chapter7/chapt7_ws/install/fishbot_navigation2/share/fishbot_navigation2/maps/room.pgm
[0.884s] -- Up-to-date: /home/qing/ros2_humble/chapter7/chapt7_ws/install/fishbot_navigation2/share/fishbot_navigation2/config
[0.884s] -- Up-to-date: /home/qing/ros2_humble/chapter7/chapt7_ws/install/fishbot_navigation2/share/fishbot_navigation2/config/nav2_params.yaml
[0.885s] -- Up-to-date: /home/qing/ros2_humble/chapter7/chapt7_ws/install/fishbot_navigation2/share/ament_index/resource_index/package_run_dependencies/fishbot_navigation2
[0.885s] -- Up-to-date: /home/qing/ros2_humble/chapter7/chapt7_ws/install/fishbot_navigation2/share/ament_index/resource_index/parent_prefix_path/fishbot_navigation2
[0.885s] -- Up-to-date: /home/qing/ros2_humble/chapter7/chapt7_ws/install/fishbot_navigation2/share/fishbot_navigation2/environment/ament_prefix_path.sh
[0.885s] -- Up-to-date: /home/qing/ros2_humble/chapter7/chapt7_ws/install/fishbot_navigation2/share/fishbot_navigation2/environment/ament_prefix_path.dsv
[0.885s] -- Up-to-date: /home/qing/ros2_humble/chapter7/chapt7_ws/install/fishbot_navigation2/share/fishbot_navigation2/environment/path.sh
[0.885s] -- Up-to-date: /home/qing/ros2_humble/chapter7/chapt7_ws/install/fishbot_navigation2/share/fishbot_navigation2/environment/path.dsv
[0.885s] -- Up-to-date: /home/qing/ros2_humble/chapter7/chapt7_ws/install/fishbot_navigation2/share/fishbot_navigation2/local_setup.bash
[0.885s] -- Up-to-date: /home/qing/ros2_humble/chapter7/chapt7_ws/install/fishbot_navigation2/share/fishbot_navigation2/local_setup.sh
[0.885s] -- Up-to-date: /home/qing/ros2_humble/chapter7/chapt7_ws/install/fishbot_navigation2/share/fishbot_navigation2/local_setup.zsh
[0.885s] -- Up-to-date: /home/qing/ros2_humble/chapter7/chapt7_ws/install/fishbot_navigation2/share/fishbot_navigation2/local_setup.dsv
[0.885s] -- Installing: /home/qing/ros2_humble/chapter7/chapt7_ws/install/fishbot_navigation2/share/fishbot_navigation2/package.dsv
[0.886s] -- Up-to-date: /home/qing/ros2_humble/chapter7/chapt7_ws/install/fishbot_navigation2/share/ament_index/resource_index/packages/fishbot_navigation2
[0.886s] -- Up-to-date: /home/qing/ros2_humble/chapter7/chapt7_ws/install/fishbot_navigation2/share/fishbot_navigation2/cmake/fishbot_navigation2Config.cmake
[0.886s] -- Up-to-date: /home/qing/ros2_humble/chapter7/chapt7_ws/install/fishbot_navigation2/share/fishbot_navigation2/cmake/fishbot_navigation2Config-version.cmake
[0.886s] -- Up-to-date: /home/qing/ros2_humble/chapter7/chapt7_ws/install/fishbot_navigation2/share/fishbot_navigation2/package.xml
[0.940s] Invoked command in '/home/qing/ros2_humble/chapter7/chapt7_ws/build/fishbot_navigation2' returned '0': CMAKE_PREFIX_PATH=${CMAKE_PREFIX_PATH}:/home/qing/ros2_humble/chapter7/chapt7_ws/install/fishbot_application:/home/qing/ros2_humble/chapter7/chapt7_ws/install/autopatrol_robot:/opt/ros/humble CONDA_PROMPT_MODIFIER=(base) /usr/bin/cmake --install /home/qing/ros2_humble/chapter7/chapt7_ws/build/fishbot_navigation2
