[0.079s] DEBUG:colcon:Command line arguments: ['/usr/bin/colcon', 'build', '--cmake-args', '-DCMAKE_CXX_COMPILER=/usr/bin/g++', '-DCMAKE_CXX_FLAGS=-I/usr/include/c++/11', '-DCMAKE_SKIP_RPATH=ON']
[0.079s] DEBUG:colcon:Parsed command line arguments: Namespace(log_base=None, log_level=None, verb_name='build', build_base='build', install_base='install', merge_install=False, symlink_install=False, test_result_base=None, continue_on_error=False, executor='parallel', parallel_workers=16, event_handlers=None, ignore_user_meta=False, metas=['./colcon.meta'], base_paths=['.'], packages_ignore=None, packages_ignore_regex=None, paths=None, packages_up_to=None, packages_up_to_regex=None, packages_above=None, packages_above_and_dependencies=None, packages_above_depth=None, packages_select_by_dep=None, packages_skip_by_dep=None, packages_skip_up_to=None, packages_select_build_failed=False, packages_skip_build_finished=False, packages_select_test_failures=False, packages_skip_test_passed=False, packages_select=None, packages_skip=None, packages_select_regex=None, packages_skip_regex=None, packages_start=None, packages_end=None, allow_overriding=[], cmake_args=['-DCMAKE_CXX_COMPILER=/usr/bin/g++', '-DCMAKE_CXX_FLAGS=-I/usr/include/c++/11', '-DCMAKE_SKIP_RPATH=ON'], cmake_target=None, cmake_target_skip_unavailable=False, cmake_clean_cache=False, cmake_clean_first=False, cmake_force_configure=False, ament_cmake_args=None, catkin_cmake_args=None, catkin_skip_building_tests=False, verb_parser=<colcon_defaults.argument_parser.defaults.DefaultArgumentsDecorator object at 0x71291123b1c0>, verb_extension=<colcon_core.verb.build.BuildVerb object at 0x7129113805b0>, main=<bound method BuildVerb.main of <colcon_core.verb.build.BuildVerb object at 0x7129113805b0>>)
[0.217s] Level 1:colcon.colcon_core.package_discovery:discover_packages(colcon_meta) check parameters
[0.217s] Level 1:colcon.colcon_core.package_discovery:discover_packages(recursive) check parameters
[0.217s] Level 1:colcon.colcon_core.package_discovery:discover_packages(ignore) check parameters
[0.217s] Level 1:colcon.colcon_core.package_discovery:discover_packages(path) check parameters
[0.217s] Level 1:colcon.colcon_core.package_discovery:discover_packages(colcon_meta) discover
[0.217s] Level 1:colcon.colcon_core.package_discovery:discover_packages(recursive) discover
[0.217s] INFO:colcon.colcon_core.package_discovery:Crawling recursively for packages in '/home/qing/ros2_humble/chapter3/chapt3_4'
[0.217s] Level 1:colcon.colcon_core.package_identification:_identify(.) by extensions ['ignore', 'ignore_ament_install']
[0.218s] Level 1:colcon.colcon_core.package_identification:_identify(.) by extension 'ignore'
[0.218s] Level 1:colcon.colcon_core.package_identification:_identify(.) by extension 'ignore_ament_install'
[0.218s] Level 1:colcon.colcon_core.package_identification:_identify(.) by extensions ['colcon_pkg']
[0.218s] Level 1:colcon.colcon_core.package_identification:_identify(.) by extension 'colcon_pkg'
[0.218s] Level 1:colcon.colcon_core.package_identification:_identify(.) by extensions ['colcon_meta']
[0.218s] Level 1:colcon.colcon_core.package_identification:_identify(.) by extension 'colcon_meta'
[0.218s] Level 1:colcon.colcon_core.package_identification:_identify(.) by extensions ['ros']
[0.218s] Level 1:colcon.colcon_core.package_identification:_identify(.) by extension 'ros'
[0.234s] Level 1:colcon.colcon_core.package_identification:_identify(.) by extensions ['cmake', 'python']
[0.234s] Level 1:colcon.colcon_core.package_identification:_identify(.) by extension 'cmake'
[0.235s] Level 1:colcon.colcon_core.package_identification:_identify(.) by extension 'python'
[0.235s] Level 1:colcon.colcon_core.package_identification:_identify(.) by extensions ['python_setup_py']
[0.235s] Level 1:colcon.colcon_core.package_identification:_identify(.) by extension 'python_setup_py'
[0.235s] Level 1:colcon.colcon_core.package_identification:_identify(build) by extensions ['ignore', 'ignore_ament_install']
[0.235s] Level 1:colcon.colcon_core.package_identification:_identify(build) by extension 'ignore'
[0.235s] Level 1:colcon.colcon_core.package_identification:_identify(build) ignored
[0.235s] Level 1:colcon.colcon_core.package_identification:_identify(install) by extensions ['ignore', 'ignore_ament_install']
[0.235s] Level 1:colcon.colcon_core.package_identification:_identify(install) by extension 'ignore'
[0.235s] Level 1:colcon.colcon_core.package_identification:_identify(install) ignored
[0.235s] Level 1:colcon.colcon_core.package_identification:_identify(log) by extensions ['ignore', 'ignore_ament_install']
[0.235s] Level 1:colcon.colcon_core.package_identification:_identify(log) by extension 'ignore'
[0.235s] Level 1:colcon.colcon_core.package_identification:_identify(log) ignored
[0.235s] Level 1:colcon.colcon_core.package_identification:_identify(src) by extensions ['ignore', 'ignore_ament_install']
[0.235s] Level 1:colcon.colcon_core.package_identification:_identify(src) by extension 'ignore'
[0.235s] Level 1:colcon.colcon_core.package_identification:_identify(src) by extension 'ignore_ament_install'
[0.235s] Level 1:colcon.colcon_core.package_identification:_identify(src) by extensions ['colcon_pkg']
[0.235s] Level 1:colcon.colcon_core.package_identification:_identify(src) by extension 'colcon_pkg'
[0.235s] Level 1:colcon.colcon_core.package_identification:_identify(src) by extensions ['colcon_meta']
[0.235s] Level 1:colcon.colcon_core.package_identification:_identify(src) by extension 'colcon_meta'
[0.235s] Level 1:colcon.colcon_core.package_identification:_identify(src) by extensions ['ros']
[0.235s] Level 1:colcon.colcon_core.package_identification:_identify(src) by extension 'ros'
[0.236s] Level 1:colcon.colcon_core.package_identification:_identify(src) by extensions ['cmake', 'python']
[0.236s] Level 1:colcon.colcon_core.package_identification:_identify(src) by extension 'cmake'
[0.236s] Level 1:colcon.colcon_core.package_identification:_identify(src) by extension 'python'
[0.236s] Level 1:colcon.colcon_core.package_identification:_identify(src) by extensions ['python_setup_py']
[0.236s] Level 1:colcon.colcon_core.package_identification:_identify(src) by extension 'python_setup_py'
[0.236s] Level 1:colcon.colcon_core.package_identification:_identify(src/status_display) by extensions ['ignore', 'ignore_ament_install']
[0.236s] Level 1:colcon.colcon_core.package_identification:_identify(src/status_display) by extension 'ignore'
[0.236s] Level 1:colcon.colcon_core.package_identification:_identify(src/status_display) by extension 'ignore_ament_install'
[0.236s] Level 1:colcon.colcon_core.package_identification:_identify(src/status_display) by extensions ['colcon_pkg']
[0.236s] Level 1:colcon.colcon_core.package_identification:_identify(src/status_display) by extension 'colcon_pkg'
[0.236s] Level 1:colcon.colcon_core.package_identification:_identify(src/status_display) by extensions ['colcon_meta']
[0.236s] Level 1:colcon.colcon_core.package_identification:_identify(src/status_display) by extension 'colcon_meta'
[0.236s] Level 1:colcon.colcon_core.package_identification:_identify(src/status_display) by extensions ['ros']
[0.236s] Level 1:colcon.colcon_core.package_identification:_identify(src/status_display) by extension 'ros'
[0.238s] DEBUG:colcon.colcon_core.package_identification:Package 'src/status_display' with type 'ros.ament_cmake' and name 'status_display'
[0.238s] Level 1:colcon.colcon_core.package_identification:_identify(src/status_interfaces) by extensions ['ignore', 'ignore_ament_install']
[0.238s] Level 1:colcon.colcon_core.package_identification:_identify(src/status_interfaces) by extension 'ignore'
[0.238s] Level 1:colcon.colcon_core.package_identification:_identify(src/status_interfaces) by extension 'ignore_ament_install'
[0.238s] Level 1:colcon.colcon_core.package_identification:_identify(src/status_interfaces) by extensions ['colcon_pkg']
[0.238s] Level 1:colcon.colcon_core.package_identification:_identify(src/status_interfaces) by extension 'colcon_pkg'
[0.238s] Level 1:colcon.colcon_core.package_identification:_identify(src/status_interfaces) by extensions ['colcon_meta']
[0.238s] Level 1:colcon.colcon_core.package_identification:_identify(src/status_interfaces) by extension 'colcon_meta'
[0.238s] Level 1:colcon.colcon_core.package_identification:_identify(src/status_interfaces) by extensions ['ros']
[0.238s] Level 1:colcon.colcon_core.package_identification:_identify(src/status_interfaces) by extension 'ros'
[0.239s] DEBUG:colcon.colcon_core.package_identification:Package 'src/status_interfaces' with type 'ros.ament_cmake' and name 'status_interfaces'
[0.239s] Level 1:colcon.colcon_core.package_identification:_identify(src/status_publisher) by extensions ['ignore', 'ignore_ament_install']
[0.239s] Level 1:colcon.colcon_core.package_identification:_identify(src/status_publisher) by extension 'ignore'
[0.239s] Level 1:colcon.colcon_core.package_identification:_identify(src/status_publisher) by extension 'ignore_ament_install'
[0.239s] Level 1:colcon.colcon_core.package_identification:_identify(src/status_publisher) by extensions ['colcon_pkg']
[0.239s] Level 1:colcon.colcon_core.package_identification:_identify(src/status_publisher) by extension 'colcon_pkg'
[0.239s] Level 1:colcon.colcon_core.package_identification:_identify(src/status_publisher) by extensions ['colcon_meta']
[0.239s] Level 1:colcon.colcon_core.package_identification:_identify(src/status_publisher) by extension 'colcon_meta'
[0.239s] Level 1:colcon.colcon_core.package_identification:_identify(src/status_publisher) by extensions ['ros']
[0.239s] Level 1:colcon.colcon_core.package_identification:_identify(src/status_publisher) by extension 'ros'
[0.240s] DEBUG:colcon.colcon_core.package_identification:Package 'src/status_publisher' with type 'ros.ament_python' and name 'status_publisher'
[0.240s] Level 1:colcon.colcon_core.package_discovery:discover_packages(recursive) using defaults
[0.240s] Level 1:colcon.colcon_core.package_discovery:discover_packages(ignore) discover
[0.240s] Level 1:colcon.colcon_core.package_discovery:discover_packages(ignore) using defaults
[0.240s] Level 1:colcon.colcon_core.package_discovery:discover_packages(path) discover
[0.240s] Level 1:colcon.colcon_core.package_discovery:discover_packages(path) using defaults
[0.255s] Level 1:colcon.colcon_core.package_discovery:discover_packages(prefix_path) check parameters
[0.256s] Level 1:colcon.colcon_core.package_discovery:discover_packages(prefix_path) discover
[0.257s] DEBUG:colcon.colcon_installed_package_information.package_discovery:Found 271 installed packages in /opt/ros/humble
[0.258s] Level 1:colcon.colcon_core.package_discovery:discover_packages(prefix_path) using defaults
[0.286s] Level 5:colcon.colcon_core.verb:set package 'status_interfaces' build argument 'cmake_args' from command line to '['-DCMAKE_CXX_COMPILER=/usr/bin/g++', '-DCMAKE_CXX_FLAGS=-I/usr/include/c++/11', '-DCMAKE_SKIP_RPATH=ON']'
[0.286s] Level 5:colcon.colcon_core.verb:set package 'status_interfaces' build argument 'cmake_target' from command line to 'None'
[0.286s] Level 5:colcon.colcon_core.verb:set package 'status_interfaces' build argument 'cmake_target_skip_unavailable' from command line to 'False'
[0.286s] Level 5:colcon.colcon_core.verb:set package 'status_interfaces' build argument 'cmake_clean_cache' from command line to 'False'
[0.286s] Level 5:colcon.colcon_core.verb:set package 'status_interfaces' build argument 'cmake_clean_first' from command line to 'False'
[0.286s] Level 5:colcon.colcon_core.verb:set package 'status_interfaces' build argument 'cmake_force_configure' from command line to 'False'
[0.286s] Level 5:colcon.colcon_core.verb:set package 'status_interfaces' build argument 'ament_cmake_args' from command line to 'None'
[0.287s] Level 5:colcon.colcon_core.verb:set package 'status_interfaces' build argument 'catkin_cmake_args' from command line to 'None'
[0.287s] Level 5:colcon.colcon_core.verb:set package 'status_interfaces' build argument 'catkin_skip_building_tests' from command line to 'False'
[0.287s] DEBUG:colcon.colcon_core.verb:Building package 'status_interfaces' with the following arguments: {'ament_cmake_args': None, 'build_base': '/home/qing/ros2_humble/chapter3/chapt3_4/build/status_interfaces', 'catkin_cmake_args': None, 'catkin_skip_building_tests': False, 'cmake_args': ['-DCMAKE_CXX_COMPILER=/usr/bin/g++', '-DCMAKE_CXX_FLAGS=-I/usr/include/c++/11', '-DCMAKE_SKIP_RPATH=ON'], 'cmake_clean_cache': False, 'cmake_clean_first': False, 'cmake_force_configure': False, 'cmake_target': None, 'cmake_target_skip_unavailable': False, 'install_base': '/home/qing/ros2_humble/chapter3/chapt3_4/install/status_interfaces', 'merge_install': False, 'path': '/home/qing/ros2_humble/chapter3/chapt3_4/src/status_interfaces', 'symlink_install': False, 'test_result_base': None}
[0.287s] Level 5:colcon.colcon_core.verb:set package 'status_display' build argument 'cmake_args' from command line to '['-DCMAKE_CXX_COMPILER=/usr/bin/g++', '-DCMAKE_CXX_FLAGS=-I/usr/include/c++/11', '-DCMAKE_SKIP_RPATH=ON']'
[0.287s] Level 5:colcon.colcon_core.verb:set package 'status_display' build argument 'cmake_target' from command line to 'None'
[0.287s] Level 5:colcon.colcon_core.verb:set package 'status_display' build argument 'cmake_target_skip_unavailable' from command line to 'False'
[0.287s] Level 5:colcon.colcon_core.verb:set package 'status_display' build argument 'cmake_clean_cache' from command line to 'False'
[0.287s] Level 5:colcon.colcon_core.verb:set package 'status_display' build argument 'cmake_clean_first' from command line to 'False'
[0.287s] Level 5:colcon.colcon_core.verb:set package 'status_display' build argument 'cmake_force_configure' from command line to 'False'
[0.287s] Level 5:colcon.colcon_core.verb:set package 'status_display' build argument 'ament_cmake_args' from command line to 'None'
[0.287s] Level 5:colcon.colcon_core.verb:set package 'status_display' build argument 'catkin_cmake_args' from command line to 'None'
[0.287s] Level 5:colcon.colcon_core.verb:set package 'status_display' build argument 'catkin_skip_building_tests' from command line to 'False'
[0.287s] DEBUG:colcon.colcon_core.verb:Building package 'status_display' with the following arguments: {'ament_cmake_args': None, 'build_base': '/home/qing/ros2_humble/chapter3/chapt3_4/build/status_display', 'catkin_cmake_args': None, 'catkin_skip_building_tests': False, 'cmake_args': ['-DCMAKE_CXX_COMPILER=/usr/bin/g++', '-DCMAKE_CXX_FLAGS=-I/usr/include/c++/11', '-DCMAKE_SKIP_RPATH=ON'], 'cmake_clean_cache': False, 'cmake_clean_first': False, 'cmake_force_configure': False, 'cmake_target': None, 'cmake_target_skip_unavailable': False, 'install_base': '/home/qing/ros2_humble/chapter3/chapt3_4/install/status_display', 'merge_install': False, 'path': '/home/qing/ros2_humble/chapter3/chapt3_4/src/status_display', 'symlink_install': False, 'test_result_base': None}
[0.287s] Level 5:colcon.colcon_core.verb:set package 'status_publisher' build argument 'cmake_args' from command line to '['-DCMAKE_CXX_COMPILER=/usr/bin/g++', '-DCMAKE_CXX_FLAGS=-I/usr/include/c++/11', '-DCMAKE_SKIP_RPATH=ON']'
[0.287s] Level 5:colcon.colcon_core.verb:set package 'status_publisher' build argument 'cmake_target' from command line to 'None'
[0.287s] Level 5:colcon.colcon_core.verb:set package 'status_publisher' build argument 'cmake_target_skip_unavailable' from command line to 'False'
[0.287s] Level 5:colcon.colcon_core.verb:set package 'status_publisher' build argument 'cmake_clean_cache' from command line to 'False'
[0.287s] Level 5:colcon.colcon_core.verb:set package 'status_publisher' build argument 'cmake_clean_first' from command line to 'False'
[0.287s] Level 5:colcon.colcon_core.verb:set package 'status_publisher' build argument 'cmake_force_configure' from command line to 'False'
[0.287s] Level 5:colcon.colcon_core.verb:set package 'status_publisher' build argument 'ament_cmake_args' from command line to 'None'
[0.287s] Level 5:colcon.colcon_core.verb:set package 'status_publisher' build argument 'catkin_cmake_args' from command line to 'None'
[0.287s] Level 5:colcon.colcon_core.verb:set package 'status_publisher' build argument 'catkin_skip_building_tests' from command line to 'False'
[0.287s] DEBUG:colcon.colcon_core.verb:Building package 'status_publisher' with the following arguments: {'ament_cmake_args': None, 'build_base': '/home/qing/ros2_humble/chapter3/chapt3_4/build/status_publisher', 'catkin_cmake_args': None, 'catkin_skip_building_tests': False, 'cmake_args': ['-DCMAKE_CXX_COMPILER=/usr/bin/g++', '-DCMAKE_CXX_FLAGS=-I/usr/include/c++/11', '-DCMAKE_SKIP_RPATH=ON'], 'cmake_clean_cache': False, 'cmake_clean_first': False, 'cmake_force_configure': False, 'cmake_target': None, 'cmake_target_skip_unavailable': False, 'install_base': '/home/qing/ros2_humble/chapter3/chapt3_4/install/status_publisher', 'merge_install': False, 'path': '/home/qing/ros2_humble/chapter3/chapt3_4/src/status_publisher', 'symlink_install': False, 'test_result_base': None}
[0.288s] INFO:colcon.colcon_core.executor:Executing jobs using 'parallel' executor
[0.288s] DEBUG:colcon.colcon_parallel_executor.executor.parallel:run_until_complete
[0.288s] INFO:colcon.colcon_ros.task.ament_cmake.build:Building ROS package in '/home/qing/ros2_humble/chapter3/chapt3_4/src/status_interfaces' with build type 'ament_cmake'
[0.289s] INFO:colcon.colcon_cmake.task.cmake.build:Building CMake package in '/home/qing/ros2_humble/chapter3/chapt3_4/src/status_interfaces'
[0.290s] INFO:colcon.colcon_core.plugin_system:Skipping extension 'colcon_core.shell.bat': Not used on non-Windows systems
[0.290s] INFO:colcon.colcon_core.shell:Skip shell extension 'powershell' for command environment: Not usable outside of PowerShell
[0.290s] DEBUG:colcon.colcon_core.shell:Skip shell extension 'dsv' for command environment
[0.297s] DEBUG:colcon.colcon_core.event_handler.log_command:Invoking command in '/home/qing/ros2_humble/chapter3/chapt3_4/build/status_interfaces': CMAKE_PREFIX_PATH=/opt/ros/humble /usr/bin/cmake /home/qing/ros2_humble/chapter3/chapt3_4/src/status_interfaces -DCMAKE_CXX_COMPILER=/usr/bin/g++ -DCMAKE_CXX_FLAGS=-I/usr/include/c++/11 -DCMAKE_SKIP_RPATH=ON -DCMAKE_INSTALL_PREFIX=/home/qing/ros2_humble/chapter3/chapt3_4/install/status_interfaces
[1.490s] DEBUG:colcon.colcon_core.event_handler.log_command:Invoked command in '/home/qing/ros2_humble/chapter3/chapt3_4/build/status_interfaces' returned '0': CMAKE_PREFIX_PATH=/opt/ros/humble /usr/bin/cmake /home/qing/ros2_humble/chapter3/chapt3_4/src/status_interfaces -DCMAKE_CXX_COMPILER=/usr/bin/g++ -DCMAKE_CXX_FLAGS=-I/usr/include/c++/11 -DCMAKE_SKIP_RPATH=ON -DCMAKE_INSTALL_PREFIX=/home/qing/ros2_humble/chapter3/chapt3_4/install/status_interfaces
[1.491s] DEBUG:colcon.colcon_core.event_handler.log_command:Invoking command in '/home/qing/ros2_humble/chapter3/chapt3_4/build/status_interfaces': CMAKE_PREFIX_PATH=/opt/ros/humble /usr/bin/cmake --build /home/qing/ros2_humble/chapter3/chapt3_4/build/status_interfaces -- -j16 -l16
[3.177s] DEBUG:colcon.colcon_core.event_handler.log_command:Invoked command in '/home/qing/ros2_humble/chapter3/chapt3_4/build/status_interfaces' returned '0': CMAKE_PREFIX_PATH=/opt/ros/humble /usr/bin/cmake --build /home/qing/ros2_humble/chapter3/chapt3_4/build/status_interfaces -- -j16 -l16
[3.186s] DEBUG:colcon.colcon_core.event_handler.log_command:Invoking command in '/home/qing/ros2_humble/chapter3/chapt3_4/build/status_interfaces': CMAKE_PREFIX_PATH=/opt/ros/humble /usr/bin/cmake --install /home/qing/ros2_humble/chapter3/chapt3_4/build/status_interfaces
[3.238s] Level 1:colcon.colcon_core.environment:create_environment_scripts_only(status_interfaces)
[3.238s] DEBUG:colcon.colcon_core.event_handler.log_command:Invoked command in '/home/qing/ros2_humble/chapter3/chapt3_4/build/status_interfaces' returned '0': CMAKE_PREFIX_PATH=/opt/ros/humble /usr/bin/cmake --install /home/qing/ros2_humble/chapter3/chapt3_4/build/status_interfaces
[3.240s] Level 1:colcon.colcon_core.environment:checking '/home/qing/ros2_humble/chapter3/chapt3_4/install/status_interfaces' for CMake module files
[3.241s] Level 1:colcon.colcon_core.environment:checking '/home/qing/ros2_humble/chapter3/chapt3_4/install/status_interfaces' for CMake config files
[3.241s] Level 1:colcon.colcon_core.shell:create_environment_hook('status_interfaces', 'cmake_prefix_path')
[3.241s] INFO:colcon.colcon_core.shell:Creating environment hook '/home/qing/ros2_humble/chapter3/chapt3_4/install/status_interfaces/share/status_interfaces/hook/cmake_prefix_path.ps1'
[3.242s] INFO:colcon.colcon_core.shell:Creating environment descriptor '/home/qing/ros2_humble/chapter3/chapt3_4/install/status_interfaces/share/status_interfaces/hook/cmake_prefix_path.dsv'
[3.242s] INFO:colcon.colcon_core.shell:Creating environment hook '/home/qing/ros2_humble/chapter3/chapt3_4/install/status_interfaces/share/status_interfaces/hook/cmake_prefix_path.sh'
[3.243s] Level 1:colcon.colcon_core.environment:checking '/home/qing/ros2_humble/chapter3/chapt3_4/install/status_interfaces/lib'
[3.243s] Level 1:colcon.colcon_core.shell:create_environment_hook('status_interfaces', 'ld_library_path_lib')
[3.243s] INFO:colcon.colcon_core.shell:Creating environment hook '/home/qing/ros2_humble/chapter3/chapt3_4/install/status_interfaces/share/status_interfaces/hook/ld_library_path_lib.ps1'
[3.244s] INFO:colcon.colcon_core.shell:Creating environment descriptor '/home/qing/ros2_humble/chapter3/chapt3_4/install/status_interfaces/share/status_interfaces/hook/ld_library_path_lib.dsv'
[3.244s] INFO:colcon.colcon_core.shell:Creating environment hook '/home/qing/ros2_humble/chapter3/chapt3_4/install/status_interfaces/share/status_interfaces/hook/ld_library_path_lib.sh'
[3.244s] Level 1:colcon.colcon_core.environment:checking '/home/qing/ros2_humble/chapter3/chapt3_4/install/status_interfaces/bin'
[3.244s] Level 1:colcon.colcon_core.environment:checking '/home/qing/ros2_humble/chapter3/chapt3_4/install/status_interfaces/lib/pkgconfig/status_interfaces.pc'
[3.245s] Level 1:colcon.colcon_core.environment:checking '/home/qing/ros2_humble/chapter3/chapt3_4/install/status_interfaces/lib/python3.10/site-packages'
[3.245s] Level 1:colcon.colcon_core.environment:checking '/home/qing/ros2_humble/chapter3/chapt3_4/install/status_interfaces/bin'
[3.245s] INFO:colcon.colcon_core.shell:Creating package script '/home/qing/ros2_humble/chapter3/chapt3_4/install/status_interfaces/share/status_interfaces/package.ps1'
[3.246s] INFO:colcon.colcon_core.shell:Creating package descriptor '/home/qing/ros2_humble/chapter3/chapt3_4/install/status_interfaces/share/status_interfaces/package.dsv'
[3.246s] INFO:colcon.colcon_core.shell:Creating package script '/home/qing/ros2_humble/chapter3/chapt3_4/install/status_interfaces/share/status_interfaces/package.sh'
[3.247s] INFO:colcon.colcon_core.shell:Creating package script '/home/qing/ros2_humble/chapter3/chapt3_4/install/status_interfaces/share/status_interfaces/package.bash'
[3.247s] INFO:colcon.colcon_core.shell:Creating package script '/home/qing/ros2_humble/chapter3/chapt3_4/install/status_interfaces/share/status_interfaces/package.zsh'
[3.248s] Level 1:colcon.colcon_core.environment:create_file_with_runtime_dependencies(/home/qing/ros2_humble/chapter3/chapt3_4/install/status_interfaces/share/colcon-core/packages/status_interfaces)
[3.248s] Level 1:colcon.colcon_core.environment:create_environment_scripts_only(status_interfaces)
[3.248s] Level 1:colcon.colcon_core.environment:checking '/home/qing/ros2_humble/chapter3/chapt3_4/install/status_interfaces' for CMake module files
[3.249s] Level 1:colcon.colcon_core.environment:checking '/home/qing/ros2_humble/chapter3/chapt3_4/install/status_interfaces' for CMake config files
[3.249s] Level 1:colcon.colcon_core.shell:create_environment_hook('status_interfaces', 'cmake_prefix_path')
[3.249s] INFO:colcon.colcon_core.shell:Creating environment hook '/home/qing/ros2_humble/chapter3/chapt3_4/install/status_interfaces/share/status_interfaces/hook/cmake_prefix_path.ps1'
[3.249s] INFO:colcon.colcon_core.shell:Creating environment descriptor '/home/qing/ros2_humble/chapter3/chapt3_4/install/status_interfaces/share/status_interfaces/hook/cmake_prefix_path.dsv'
[3.250s] INFO:colcon.colcon_core.shell:Creating environment hook '/home/qing/ros2_humble/chapter3/chapt3_4/install/status_interfaces/share/status_interfaces/hook/cmake_prefix_path.sh'
[3.250s] Level 1:colcon.colcon_core.environment:checking '/home/qing/ros2_humble/chapter3/chapt3_4/install/status_interfaces/lib'
[3.250s] Level 1:colcon.colcon_core.shell:create_environment_hook('status_interfaces', 'ld_library_path_lib')
[3.250s] INFO:colcon.colcon_core.shell:Creating environment hook '/home/qing/ros2_humble/chapter3/chapt3_4/install/status_interfaces/share/status_interfaces/hook/ld_library_path_lib.ps1'
[3.250s] INFO:colcon.colcon_core.shell:Creating environment descriptor '/home/qing/ros2_humble/chapter3/chapt3_4/install/status_interfaces/share/status_interfaces/hook/ld_library_path_lib.dsv'
[3.251s] INFO:colcon.colcon_core.shell:Creating environment hook '/home/qing/ros2_humble/chapter3/chapt3_4/install/status_interfaces/share/status_interfaces/hook/ld_library_path_lib.sh'
[3.251s] Level 1:colcon.colcon_core.environment:checking '/home/qing/ros2_humble/chapter3/chapt3_4/install/status_interfaces/bin'
[3.251s] Level 1:colcon.colcon_core.environment:checking '/home/qing/ros2_humble/chapter3/chapt3_4/install/status_interfaces/lib/pkgconfig/status_interfaces.pc'
[3.251s] Level 1:colcon.colcon_core.environment:checking '/home/qing/ros2_humble/chapter3/chapt3_4/install/status_interfaces/lib/python3.10/site-packages'
[3.251s] Level 1:colcon.colcon_core.environment:checking '/home/qing/ros2_humble/chapter3/chapt3_4/install/status_interfaces/bin'
[3.252s] INFO:colcon.colcon_core.shell:Creating package script '/home/qing/ros2_humble/chapter3/chapt3_4/install/status_interfaces/share/status_interfaces/package.ps1'
[3.252s] INFO:colcon.colcon_core.shell:Creating package descriptor '/home/qing/ros2_humble/chapter3/chapt3_4/install/status_interfaces/share/status_interfaces/package.dsv'
[3.252s] INFO:colcon.colcon_core.shell:Creating package script '/home/qing/ros2_humble/chapter3/chapt3_4/install/status_interfaces/share/status_interfaces/package.sh'
[3.253s] INFO:colcon.colcon_core.shell:Creating package script '/home/qing/ros2_humble/chapter3/chapt3_4/install/status_interfaces/share/status_interfaces/package.bash'
[3.253s] INFO:colcon.colcon_core.shell:Creating package script '/home/qing/ros2_humble/chapter3/chapt3_4/install/status_interfaces/share/status_interfaces/package.zsh'
[3.253s] Level 1:colcon.colcon_core.environment:create_file_with_runtime_dependencies(/home/qing/ros2_humble/chapter3/chapt3_4/install/status_interfaces/share/colcon-core/packages/status_interfaces)
[3.254s] INFO:colcon.colcon_ros.task.ament_cmake.build:Building ROS package in '/home/qing/ros2_humble/chapter3/chapt3_4/src/status_display' with build type 'ament_cmake'
[3.254s] INFO:colcon.colcon_cmake.task.cmake.build:Building CMake package in '/home/qing/ros2_humble/chapter3/chapt3_4/src/status_display'
[3.254s] INFO:colcon.colcon_core.shell:Skip shell extension 'powershell' for command environment: Not usable outside of PowerShell
[3.254s] DEBUG:colcon.colcon_core.shell:Skip shell extension 'dsv' for command environment
[3.256s] INFO:colcon.colcon_ros.task.ament_python.build:Building ROS package in '/home/qing/ros2_humble/chapter3/chapt3_4/src/status_publisher' with build type 'ament_python'
[3.256s] Level 1:colcon.colcon_core.shell:create_environment_hook('status_publisher', 'ament_prefix_path')
[3.257s] INFO:colcon.colcon_core.shell:Creating environment hook '/home/qing/ros2_humble/chapter3/chapt3_4/install/status_publisher/share/status_publisher/hook/ament_prefix_path.ps1'
[3.257s] INFO:colcon.colcon_core.shell:Creating environment descriptor '/home/qing/ros2_humble/chapter3/chapt3_4/install/status_publisher/share/status_publisher/hook/ament_prefix_path.dsv'
[3.257s] INFO:colcon.colcon_core.shell:Creating environment hook '/home/qing/ros2_humble/chapter3/chapt3_4/install/status_publisher/share/status_publisher/hook/ament_prefix_path.sh'
[3.258s] INFO:colcon.colcon_core.shell:Skip shell extension 'powershell' for command environment: Not usable outside of PowerShell
[3.258s] DEBUG:colcon.colcon_core.shell:Skip shell extension 'dsv' for command environment
[3.262s] DEBUG:colcon.colcon_core.event_handler.log_command:Invoking command in '/home/qing/ros2_humble/chapter3/chapt3_4/build/status_display': AMENT_PREFIX_PATH=/home/qing/ros2_humble/chapter3/chapt3_4/install/status_interfaces:${AMENT_PREFIX_PATH} CMAKE_PREFIX_PATH=/home/qing/ros2_humble/chapter3/chapt3_4/install/status_interfaces:/opt/ros/humble LD_LIBRARY_PATH=/home/qing/ros2_humble/chapter3/chapt3_4/install/status_interfaces/lib:${LD_LIBRARY_PATH} PYTHONPATH=/home/qing/ros2_humble/chapter3/chapt3_4/install/status_interfaces/local/lib/python3.10/dist-packages:${PYTHONPATH} /usr/bin/cmake /home/qing/ros2_humble/chapter3/chapt3_4/src/status_display -DCMAKE_CXX_COMPILER=/usr/bin/g++ -DCMAKE_CXX_FLAGS=-I/usr/include/c++/11 -DCMAKE_SKIP_RPATH=ON -DCMAKE_INSTALL_PREFIX=/home/qing/ros2_humble/chapter3/chapt3_4/install/status_display
[3.469s] INFO:colcon.colcon_core.task.python.build:Building Python package in '/home/qing/ros2_humble/chapter3/chapt3_4/src/status_publisher'
[3.469s] INFO:colcon.colcon_core.shell:Skip shell extension 'powershell' for command environment: Not usable outside of PowerShell
[3.469s] DEBUG:colcon.colcon_core.shell:Skip shell extension 'dsv' for command environment
[3.757s] DEBUG:colcon.colcon_core.event_handler.log_command:Invoking command in '/home/qing/ros2_humble/chapter3/chapt3_4/src/status_publisher': AMENT_PREFIX_PATH=/home/qing/ros2_humble/chapter3/chapt3_4/install/status_interfaces:${AMENT_PREFIX_PATH} CMAKE_PREFIX_PATH=/home/qing/ros2_humble/chapter3/chapt3_4/install/status_interfaces LD_LIBRARY_PATH=/home/qing/ros2_humble/chapter3/chapt3_4/install/status_interfaces/lib:${LD_LIBRARY_PATH} PYTHONPATH=/home/qing/ros2_humble/chapter3/chapt3_4/build/status_publisher/prefix_override:/usr/lib/python3/dist-packages/colcon_core/task/python/colcon_distutils_commands:/home/qing/ros2_humble/chapter3/chapt3_4/install/status_publisher/lib/python3.10/site-packages:/home/qing/ros2_humble/chapter3/chapt3_4/install/status_interfaces/local/lib/python3.10/dist-packages:${PYTHONPATH} /usr/bin/python3 -W ignore:setup.py install is deprecated -W ignore:easy_install command is deprecated setup.py egg_info --egg-base ../../build/status_publisher build --build-base /home/qing/ros2_humble/chapter3/chapt3_4/build/status_publisher/build install --record /home/qing/ros2_humble/chapter3/chapt3_4/build/status_publisher/install.log --single-version-externally-managed install_data
[3.992s] Level 1:colcon.colcon_core.environment:checking '/home/qing/ros2_humble/chapter3/chapt3_4/install/status_publisher' for CMake module files
[3.992s] DEBUG:colcon.colcon_core.event_handler.log_command:Invoked command in '/home/qing/ros2_humble/chapter3/chapt3_4/src/status_publisher' returned '0': AMENT_PREFIX_PATH=/home/qing/ros2_humble/chapter3/chapt3_4/install/status_interfaces:${AMENT_PREFIX_PATH} CMAKE_PREFIX_PATH=/home/qing/ros2_humble/chapter3/chapt3_4/install/status_interfaces LD_LIBRARY_PATH=/home/qing/ros2_humble/chapter3/chapt3_4/install/status_interfaces/lib:${LD_LIBRARY_PATH} PYTHONPATH=/home/qing/ros2_humble/chapter3/chapt3_4/build/status_publisher/prefix_override:/usr/lib/python3/dist-packages/colcon_core/task/python/colcon_distutils_commands:/home/qing/ros2_humble/chapter3/chapt3_4/install/status_publisher/lib/python3.10/site-packages:/home/qing/ros2_humble/chapter3/chapt3_4/install/status_interfaces/local/lib/python3.10/dist-packages:${PYTHONPATH} /usr/bin/python3 -W ignore:setup.py install is deprecated -W ignore:easy_install command is deprecated setup.py egg_info --egg-base ../../build/status_publisher build --build-base /home/qing/ros2_humble/chapter3/chapt3_4/build/status_publisher/build install --record /home/qing/ros2_humble/chapter3/chapt3_4/build/status_publisher/install.log --single-version-externally-managed install_data
[3.993s] Level 1:colcon.colcon_core.environment:checking '/home/qing/ros2_humble/chapter3/chapt3_4/install/status_publisher' for CMake config files
[3.993s] Level 1:colcon.colcon_core.environment:checking '/home/qing/ros2_humble/chapter3/chapt3_4/install/status_publisher/lib'
[3.994s] Level 1:colcon.colcon_core.environment:checking '/home/qing/ros2_humble/chapter3/chapt3_4/install/status_publisher/bin'
[3.994s] Level 1:colcon.colcon_core.environment:checking '/home/qing/ros2_humble/chapter3/chapt3_4/install/status_publisher/lib/pkgconfig/status_publisher.pc'
[3.994s] Level 1:colcon.colcon_core.environment:checking '/home/qing/ros2_humble/chapter3/chapt3_4/install/status_publisher/lib/python3.10/site-packages'
[3.994s] Level 1:colcon.colcon_core.shell:create_environment_hook('status_publisher', 'pythonpath')
[3.994s] INFO:colcon.colcon_core.shell:Creating environment hook '/home/qing/ros2_humble/chapter3/chapt3_4/install/status_publisher/share/status_publisher/hook/pythonpath.ps1'
[3.994s] INFO:colcon.colcon_core.shell:Creating environment descriptor '/home/qing/ros2_humble/chapter3/chapt3_4/install/status_publisher/share/status_publisher/hook/pythonpath.dsv'
[3.995s] INFO:colcon.colcon_core.shell:Creating environment hook '/home/qing/ros2_humble/chapter3/chapt3_4/install/status_publisher/share/status_publisher/hook/pythonpath.sh'
[3.995s] Level 1:colcon.colcon_core.environment:checking '/home/qing/ros2_humble/chapter3/chapt3_4/install/status_publisher/bin'
[3.995s] Level 1:colcon.colcon_core.environment:create_environment_scripts_only(status_publisher)
[3.995s] INFO:colcon.colcon_core.shell:Creating package script '/home/qing/ros2_humble/chapter3/chapt3_4/install/status_publisher/share/status_publisher/package.ps1'
[3.996s] INFO:colcon.colcon_core.shell:Creating package descriptor '/home/qing/ros2_humble/chapter3/chapt3_4/install/status_publisher/share/status_publisher/package.dsv'
[3.996s] INFO:colcon.colcon_core.shell:Creating package script '/home/qing/ros2_humble/chapter3/chapt3_4/install/status_publisher/share/status_publisher/package.sh'
[3.996s] INFO:colcon.colcon_core.shell:Creating package script '/home/qing/ros2_humble/chapter3/chapt3_4/install/status_publisher/share/status_publisher/package.bash'
[3.996s] INFO:colcon.colcon_core.shell:Creating package script '/home/qing/ros2_humble/chapter3/chapt3_4/install/status_publisher/share/status_publisher/package.zsh'
[3.997s] Level 1:colcon.colcon_core.environment:create_file_with_runtime_dependencies(/home/qing/ros2_humble/chapter3/chapt3_4/install/status_publisher/share/colcon-core/packages/status_publisher)
[4.337s] DEBUG:colcon.colcon_core.event_handler.log_command:Invoked command in '/home/qing/ros2_humble/chapter3/chapt3_4/build/status_display' returned '0': AMENT_PREFIX_PATH=/home/qing/ros2_humble/chapter3/chapt3_4/install/status_interfaces:${AMENT_PREFIX_PATH} CMAKE_PREFIX_PATH=/home/qing/ros2_humble/chapter3/chapt3_4/install/status_interfaces:/opt/ros/humble LD_LIBRARY_PATH=/home/qing/ros2_humble/chapter3/chapt3_4/install/status_interfaces/lib:${LD_LIBRARY_PATH} PYTHONPATH=/home/qing/ros2_humble/chapter3/chapt3_4/install/status_interfaces/local/lib/python3.10/dist-packages:${PYTHONPATH} /usr/bin/cmake /home/qing/ros2_humble/chapter3/chapt3_4/src/status_display -DCMAKE_CXX_COMPILER=/usr/bin/g++ -DCMAKE_CXX_FLAGS=-I/usr/include/c++/11 -DCMAKE_SKIP_RPATH=ON -DCMAKE_INSTALL_PREFIX=/home/qing/ros2_humble/chapter3/chapt3_4/install/status_display
[4.338s] DEBUG:colcon.colcon_core.event_handler.log_command:Invoking command in '/home/qing/ros2_humble/chapter3/chapt3_4/build/status_display': AMENT_PREFIX_PATH=/home/qing/ros2_humble/chapter3/chapt3_4/install/status_interfaces:${AMENT_PREFIX_PATH} CMAKE_PREFIX_PATH=/home/qing/ros2_humble/chapter3/chapt3_4/install/status_interfaces:/opt/ros/humble LD_LIBRARY_PATH=/home/qing/ros2_humble/chapter3/chapt3_4/install/status_interfaces/lib:${LD_LIBRARY_PATH} PYTHONPATH=/home/qing/ros2_humble/chapter3/chapt3_4/install/status_interfaces/local/lib/python3.10/dist-packages:${PYTHONPATH} /usr/bin/cmake --build /home/qing/ros2_humble/chapter3/chapt3_4/build/status_display -- -j16 -l16
[12.066s] DEBUG:colcon.colcon_core.event_handler.log_command:Invoked command in '/home/qing/ros2_humble/chapter3/chapt3_4/build/status_display' returned '0': AMENT_PREFIX_PATH=/home/qing/ros2_humble/chapter3/chapt3_4/install/status_interfaces:${AMENT_PREFIX_PATH} CMAKE_PREFIX_PATH=/home/qing/ros2_humble/chapter3/chapt3_4/install/status_interfaces:/opt/ros/humble LD_LIBRARY_PATH=/home/qing/ros2_humble/chapter3/chapt3_4/install/status_interfaces/lib:${LD_LIBRARY_PATH} PYTHONPATH=/home/qing/ros2_humble/chapter3/chapt3_4/install/status_interfaces/local/lib/python3.10/dist-packages:${PYTHONPATH} /usr/bin/cmake --build /home/qing/ros2_humble/chapter3/chapt3_4/build/status_display -- -j16 -l16
[12.068s] DEBUG:colcon.colcon_core.event_handler.log_command:Invoking command in '/home/qing/ros2_humble/chapter3/chapt3_4/build/status_display': AMENT_PREFIX_PATH=/home/qing/ros2_humble/chapter3/chapt3_4/install/status_interfaces:${AMENT_PREFIX_PATH} CMAKE_PREFIX_PATH=/home/qing/ros2_humble/chapter3/chapt3_4/install/status_interfaces:/opt/ros/humble LD_LIBRARY_PATH=/home/qing/ros2_humble/chapter3/chapt3_4/install/status_interfaces/lib:${LD_LIBRARY_PATH} PYTHONPATH=/home/qing/ros2_humble/chapter3/chapt3_4/install/status_interfaces/local/lib/python3.10/dist-packages:${PYTHONPATH} /usr/bin/cmake --install /home/qing/ros2_humble/chapter3/chapt3_4/build/status_display
[12.081s] Level 1:colcon.colcon_core.environment:create_environment_scripts_only(status_display)
[12.081s] DEBUG:colcon.colcon_core.event_handler.log_command:Invoked command in '/home/qing/ros2_humble/chapter3/chapt3_4/build/status_display' returned '0': AMENT_PREFIX_PATH=/home/qing/ros2_humble/chapter3/chapt3_4/install/status_interfaces:${AMENT_PREFIX_PATH} CMAKE_PREFIX_PATH=/home/qing/ros2_humble/chapter3/chapt3_4/install/status_interfaces:/opt/ros/humble LD_LIBRARY_PATH=/home/qing/ros2_humble/chapter3/chapt3_4/install/status_interfaces/lib:${LD_LIBRARY_PATH} PYTHONPATH=/home/qing/ros2_humble/chapter3/chapt3_4/install/status_interfaces/local/lib/python3.10/dist-packages:${PYTHONPATH} /usr/bin/cmake --install /home/qing/ros2_humble/chapter3/chapt3_4/build/status_display
[12.082s] Level 1:colcon.colcon_core.environment:checking '/home/qing/ros2_humble/chapter3/chapt3_4/install/status_display' for CMake module files
[12.082s] Level 1:colcon.colcon_core.environment:checking '/home/qing/ros2_humble/chapter3/chapt3_4/install/status_display' for CMake config files
[12.082s] Level 1:colcon.colcon_core.shell:create_environment_hook('status_display', 'cmake_prefix_path')
[12.082s] INFO:colcon.colcon_core.shell:Creating environment hook '/home/qing/ros2_humble/chapter3/chapt3_4/install/status_display/share/status_display/hook/cmake_prefix_path.ps1'
[12.083s] INFO:colcon.colcon_core.shell:Creating environment descriptor '/home/qing/ros2_humble/chapter3/chapt3_4/install/status_display/share/status_display/hook/cmake_prefix_path.dsv'
[12.083s] INFO:colcon.colcon_core.shell:Creating environment hook '/home/qing/ros2_humble/chapter3/chapt3_4/install/status_display/share/status_display/hook/cmake_prefix_path.sh'
[12.083s] Level 1:colcon.colcon_core.environment:checking '/home/qing/ros2_humble/chapter3/chapt3_4/install/status_display/lib'
[12.083s] Level 1:colcon.colcon_core.environment:checking '/home/qing/ros2_humble/chapter3/chapt3_4/install/status_display/bin'
[12.083s] Level 1:colcon.colcon_core.environment:checking '/home/qing/ros2_humble/chapter3/chapt3_4/install/status_display/lib/pkgconfig/status_display.pc'
[12.084s] Level 1:colcon.colcon_core.environment:checking '/home/qing/ros2_humble/chapter3/chapt3_4/install/status_display/lib/python3.10/site-packages'
[12.084s] Level 1:colcon.colcon_core.environment:checking '/home/qing/ros2_humble/chapter3/chapt3_4/install/status_display/bin'
[12.084s] INFO:colcon.colcon_core.shell:Creating package script '/home/qing/ros2_humble/chapter3/chapt3_4/install/status_display/share/status_display/package.ps1'
[12.084s] INFO:colcon.colcon_core.shell:Creating package descriptor '/home/qing/ros2_humble/chapter3/chapt3_4/install/status_display/share/status_display/package.dsv'
[12.085s] INFO:colcon.colcon_core.shell:Creating package script '/home/qing/ros2_humble/chapter3/chapt3_4/install/status_display/share/status_display/package.sh'
[12.085s] INFO:colcon.colcon_core.shell:Creating package script '/home/qing/ros2_humble/chapter3/chapt3_4/install/status_display/share/status_display/package.bash'
[12.085s] INFO:colcon.colcon_core.shell:Creating package script '/home/qing/ros2_humble/chapter3/chapt3_4/install/status_display/share/status_display/package.zsh'
[12.085s] Level 1:colcon.colcon_core.environment:create_file_with_runtime_dependencies(/home/qing/ros2_humble/chapter3/chapt3_4/install/status_display/share/colcon-core/packages/status_display)
[12.086s] Level 1:colcon.colcon_core.environment:create_environment_scripts_only(status_display)
[12.086s] Level 1:colcon.colcon_core.environment:checking '/home/qing/ros2_humble/chapter3/chapt3_4/install/status_display' for CMake module files
[12.086s] Level 1:colcon.colcon_core.environment:checking '/home/qing/ros2_humble/chapter3/chapt3_4/install/status_display' for CMake config files
[12.086s] Level 1:colcon.colcon_core.shell:create_environment_hook('status_display', 'cmake_prefix_path')
[12.087s] INFO:colcon.colcon_core.shell:Creating environment hook '/home/qing/ros2_humble/chapter3/chapt3_4/install/status_display/share/status_display/hook/cmake_prefix_path.ps1'
[12.087s] INFO:colcon.colcon_core.shell:Creating environment descriptor '/home/qing/ros2_humble/chapter3/chapt3_4/install/status_display/share/status_display/hook/cmake_prefix_path.dsv'
[12.087s] INFO:colcon.colcon_core.shell:Creating environment hook '/home/qing/ros2_humble/chapter3/chapt3_4/install/status_display/share/status_display/hook/cmake_prefix_path.sh'
[12.087s] Level 1:colcon.colcon_core.environment:checking '/home/qing/ros2_humble/chapter3/chapt3_4/install/status_display/lib'
[12.087s] Level 1:colcon.colcon_core.environment:checking '/home/qing/ros2_humble/chapter3/chapt3_4/install/status_display/bin'
[12.088s] Level 1:colcon.colcon_core.environment:checking '/home/qing/ros2_humble/chapter3/chapt3_4/install/status_display/lib/pkgconfig/status_display.pc'
[12.088s] Level 1:colcon.colcon_core.environment:checking '/home/qing/ros2_humble/chapter3/chapt3_4/install/status_display/lib/python3.10/site-packages'
[12.088s] Level 1:colcon.colcon_core.environment:checking '/home/qing/ros2_humble/chapter3/chapt3_4/install/status_display/bin'
[12.088s] INFO:colcon.colcon_core.shell:Creating package script '/home/qing/ros2_humble/chapter3/chapt3_4/install/status_display/share/status_display/package.ps1'
[12.088s] INFO:colcon.colcon_core.shell:Creating package descriptor '/home/qing/ros2_humble/chapter3/chapt3_4/install/status_display/share/status_display/package.dsv'
[12.089s] INFO:colcon.colcon_core.shell:Creating package script '/home/qing/ros2_humble/chapter3/chapt3_4/install/status_display/share/status_display/package.sh'
[12.089s] INFO:colcon.colcon_core.shell:Creating package script '/home/qing/ros2_humble/chapter3/chapt3_4/install/status_display/share/status_display/package.bash'
[12.089s] INFO:colcon.colcon_core.shell:Creating package script '/home/qing/ros2_humble/chapter3/chapt3_4/install/status_display/share/status_display/package.zsh'
[12.089s] Level 1:colcon.colcon_core.environment:create_file_with_runtime_dependencies(/home/qing/ros2_humble/chapter3/chapt3_4/install/status_display/share/colcon-core/packages/status_display)
[12.090s] DEBUG:colcon.colcon_parallel_executor.executor.parallel:closing loop
[12.090s] DEBUG:colcon.colcon_parallel_executor.executor.parallel:loop closed
[12.090s] DEBUG:colcon.colcon_parallel_executor.executor.parallel:run_until_complete finished with '0'
[12.090s] DEBUG:colcon.colcon_core.event_reactor:joining thread
[12.094s] INFO:colcon.colcon_core.plugin_system:Skipping extension 'colcon_notification.desktop_notification.terminal_notifier': Not used on non-Darwin systems
[12.094s] INFO:colcon.colcon_core.plugin_system:Skipping extension 'colcon_notification.desktop_notification.win32': Not used on non-Windows systems
[12.094s] INFO:colcon.colcon_notification.desktop_notification:Sending desktop notification using 'notify2'
[12.116s] DEBUG:colcon.colcon_core.event_reactor:joined thread
[12.116s] INFO:colcon.colcon_core.shell:Creating prefix script '/home/qing/ros2_humble/chapter3/chapt3_4/install/local_setup.ps1'
[12.117s] INFO:colcon.colcon_core.shell:Creating prefix util module '/home/qing/ros2_humble/chapter3/chapt3_4/install/_local_setup_util_ps1.py'
[12.118s] INFO:colcon.colcon_core.shell:Creating prefix chain script '/home/qing/ros2_humble/chapter3/chapt3_4/install/setup.ps1'
[12.118s] INFO:colcon.colcon_core.shell:Creating prefix script '/home/qing/ros2_humble/chapter3/chapt3_4/install/local_setup.sh'
[12.119s] INFO:colcon.colcon_core.shell:Creating prefix util module '/home/qing/ros2_humble/chapter3/chapt3_4/install/_local_setup_util_sh.py'
[12.119s] INFO:colcon.colcon_core.shell:Creating prefix chain script '/home/qing/ros2_humble/chapter3/chapt3_4/install/setup.sh'
[12.120s] INFO:colcon.colcon_core.shell:Creating prefix script '/home/qing/ros2_humble/chapter3/chapt3_4/install/local_setup.bash'
[12.120s] INFO:colcon.colcon_core.shell:Creating prefix chain script '/home/qing/ros2_humble/chapter3/chapt3_4/install/setup.bash'
[12.121s] INFO:colcon.colcon_core.shell:Creating prefix script '/home/qing/ros2_humble/chapter3/chapt3_4/install/local_setup.zsh'
[12.121s] INFO:colcon.colcon_core.shell:Creating prefix chain script '/home/qing/ros2_humble/chapter3/chapt3_4/install/setup.zsh'
