Performing C SOURCE FILE Test CMAKE_HAVE_LIBC_PTHREAD failed with the following output:
Change Dir: /home/qing/ros2_humble/chapt2/c2_2/build/demo_cpp_pkg/CMakeFiles/CMakeTmp

Run Build Command(s):/usr/bin/gmake -f Makefile cmTC_7b6b7/fast && /usr/bin/gmake  -f CMakeFiles/cmTC_7b6b7.dir/build.make CMakeFiles/cmTC_7b6b7.dir/build
gmake[1]: 进入目录“/home/qing/ros2_humble/chapt2/c2_2/build/demo_cpp_pkg/CMakeFiles/CMakeTmp”
Building C object CMakeFiles/cmTC_7b6b7.dir/src.c.o
/home/qing/下载/enter/envs/ros_test/bin/cc -DCMAKE_HAVE_LIBC_PTHREAD   -o CMakeFiles/cmTC_7b6b7.dir/src.c.o -c /home/qing/ros2_humble/chapt2/c2_2/build/demo_cpp_pkg/CMakeFiles/CMakeTmp/src.c
Linking C executable cmTC_7b6b7
/usr/bin/cmake -E cmake_link_script CMakeFiles/cmTC_7b6b7.dir/link.txt --verbose=1
/home/qing/下载/enter/envs/ros_test/bin/cc CMakeFiles/cmTC_7b6b7.dir/src.c.o -o cmTC_7b6b7 
/home/qing/下载/enter/envs/ros_test/bin/../lib/gcc/x86_64-conda-linux-gnu/11.2.0/../../../../x86_64-conda-linux-gnu/bin/ld: CMakeFiles/cmTC_7b6b7.dir/src.c.o: in function `main':
src.c:(.text+0x2d): undefined reference to `pthread_create'
/home/qing/下载/enter/envs/ros_test/bin/../lib/gcc/x86_64-conda-linux-gnu/11.2.0/../../../../x86_64-conda-linux-gnu/bin/ld: src.c:(.text+0x39): undefined reference to `pthread_detach'
/home/qing/下载/enter/envs/ros_test/bin/../lib/gcc/x86_64-conda-linux-gnu/11.2.0/../../../../x86_64-conda-linux-gnu/bin/ld: src.c:(.text+0x45): undefined reference to `pthread_cancel'
/home/qing/下载/enter/envs/ros_test/bin/../lib/gcc/x86_64-conda-linux-gnu/11.2.0/../../../../x86_64-conda-linux-gnu/bin/ld: src.c:(.text+0x56): undefined reference to `pthread_join'
/home/qing/下载/enter/envs/ros_test/bin/../lib/gcc/x86_64-conda-linux-gnu/11.2.0/../../../../x86_64-conda-linux-gnu/bin/ld: src.c:(.text+0x6a): undefined reference to `pthread_atfork'
collect2: error: ld returned 1 exit status
gmake[1]: *** [CMakeFiles/cmTC_7b6b7.dir/build.make:99：cmTC_7b6b7] 错误 1
gmake[1]: 离开目录“/home/qing/ros2_humble/chapt2/c2_2/build/demo_cpp_pkg/CMakeFiles/CMakeTmp”
gmake: *** [Makefile:127：cmTC_7b6b7/fast] 错误 2


Source file was:
#include <pthread.h>

static void* test_func(void* data)
{
  return data;
}

int main(void)
{
  pthread_t thread;
  pthread_create(&thread, NULL, test_func, NULL);
  pthread_detach(thread);
  pthread_cancel(thread);
  pthread_join(thread, NULL);
  pthread_atfork(NULL, NULL, NULL);
  pthread_exit(NULL);

  return 0;
}

Determining if the function pthread_create exists in the pthreads failed with the following output:
Change Dir: /home/qing/ros2_humble/chapt2/c2_2/build/demo_cpp_pkg/CMakeFiles/CMakeTmp

Run Build Command(s):/usr/bin/gmake -f Makefile cmTC_540b7/fast && /usr/bin/gmake  -f CMakeFiles/cmTC_540b7.dir/build.make CMakeFiles/cmTC_540b7.dir/build
gmake[1]: 进入目录“/home/qing/ros2_humble/chapt2/c2_2/build/demo_cpp_pkg/CMakeFiles/CMakeTmp”
Building C object CMakeFiles/cmTC_540b7.dir/CheckFunctionExists.c.o
/home/qing/下载/enter/envs/ros_test/bin/cc   -DCHECK_FUNCTION_EXISTS=pthread_create -o CMakeFiles/cmTC_540b7.dir/CheckFunctionExists.c.o -c /usr/share/cmake-3.22/Modules/CheckFunctionExists.c
Linking C executable cmTC_540b7
/usr/bin/cmake -E cmake_link_script CMakeFiles/cmTC_540b7.dir/link.txt --verbose=1
/home/qing/下载/enter/envs/ros_test/bin/cc  -DCHECK_FUNCTION_EXISTS=pthread_create CMakeFiles/cmTC_540b7.dir/CheckFunctionExists.c.o -o cmTC_540b7  -lpthreads 
/home/qing/下载/enter/envs/ros_test/bin/../lib/gcc/x86_64-conda-linux-gnu/11.2.0/../../../../x86_64-conda-linux-gnu/bin/ld: cannot find -lpthreads: 没有那个文件或目录
collect2: error: ld returned 1 exit status
gmake[1]: *** [CMakeFiles/cmTC_540b7.dir/build.make:99：cmTC_540b7] 错误 1
gmake[1]: 离开目录“/home/qing/ros2_humble/chapt2/c2_2/build/demo_cpp_pkg/CMakeFiles/CMakeTmp”
gmake: *** [Makefile:127：cmTC_540b7/fast] 错误 2



