[0.009s] Invoking command in '/home/qing/ros2_humble/chapter5/chapt5_2/build/demo_cpp_tf': CMAKE_PREFIX_PATH=${CMAKE_PREFIX_PATH}:/home/qing/ros2_humble/chapter5/chapt5_1/install/demo_python_tf:/opt/ros/humble CONDA_PROMPT_MODIFIER=(ros_test) /usr/bin/cmake --build /home/qing/ros2_humble/chapter5/chapt5_2/build/demo_cpp_tf -- -j16 -l16
[0.030s] -- Found ament_cmake: 1.3.11 (/opt/ros/humble/share/ament_cmake/cmake)
[0.130s] -- Found rclcpp: 16.0.11 (/opt/ros/humble/share/rclcpp/cmake)
[0.149s] -- Found rosidl_generator_c: 3.1.6 (/opt/ros/humble/share/rosidl_generator_c/cmake)
[0.151s] -- Found rosidl_adapter: 3.1.6 (/opt/ros/humble/share/rosidl_adapter/cmake)
[0.155s] -- Found rosidl_generator_cpp: 3.1.6 (/opt/ros/humble/share/rosidl_generator_cpp/cmake)
[0.162s] -- Using all available rosidl_typesupport_c: rosidl_typesupport_fastrtps_c;rosidl_typesupport_introspection_c
[0.171s] -- Using all available rosidl_typesupport_cpp: rosidl_typesupport_fastrtps_cpp;rosidl_typesupport_introspection_cpp
[0.194s] -- Found rmw_implementation_cmake: 6.1.2 (/opt/ros/humble/share/rmw_implementation_cmake/cmake)
[0.195s] -- Found rmw_fastrtps_cpp: 6.2.7 (/opt/ros/humble/share/rmw_fastrtps_cpp/cmake)
[0.288s] -- Using RMW implementation 'rmw_fastrtps_cpp' as default
[0.324s] -- Found tf2: 0.25.12 (/opt/ros/humble/share/tf2/cmake)
[0.336s] -- Found tf2_ros: 0.25.12 (/opt/ros/humble/share/tf2_ros/cmake)
[0.394s] -- Found tf2_geometry_msgs: 0.25.12 (/opt/ros/humble/share/tf2_geometry_msgs/cmake)
[0.396s] -- Found eigen3_cmake_module: 0.1.1 (/opt/ros/humble/share/eigen3_cmake_module/cmake)
[0.397s] -- Ensuring Eigen3 include directory is part of orocos-kdl CMake target
[0.400s] -- Found ament_lint_auto: 0.12.11 (/opt/ros/humble/share/ament_lint_auto/cmake)
[0.468s] -- Added test 'cppcheck' to perform static code analysis on C / C++ code
[0.468s] -- Configured cppcheck include dirs: 
[0.468s] -- Configured cppcheck exclude dirs and/or files: 
[0.468s] -- Added test 'lint_cmake' to check CMake code style
[0.469s] -- Added test 'uncrustify' to check C / C++ code style
[0.469s] -- Configured uncrustify additional arguments: 
[0.469s] -- Added test 'xmllint' to check XML markup files
[0.470s] -- Configuring done
[0.482s] -- Generating done
[0.487s] -- Build files have been written to: /home/qing/ros2_humble/chapter5/chapt5_2/build/demo_cpp_tf
[0.510s] [35m[1mConsolidate compiler generated dependencies of target static_tf_broadcaster[0m
[0.517s] [ 25%] [32mBuilding CXX object CMakeFiles/dynamic_tf_broadcaster.dir/src/dynamic_tf_broadcaster.cpp.o[0m
[0.527s] [ 75%] Built target static_tf_broadcaster
[3.773s] [100%] [32m[1mLinking CXX executable dynamic_tf_broadcaster[0m
[3.939s] [100%] Built target dynamic_tf_broadcaster
[3.950s] Invoked command in '/home/qing/ros2_humble/chapter5/chapt5_2/build/demo_cpp_tf' returned '0': CMAKE_PREFIX_PATH=${CMAKE_PREFIX_PATH}:/home/qing/ros2_humble/chapter5/chapt5_1/install/demo_python_tf:/opt/ros/humble CONDA_PROMPT_MODIFIER=(ros_test) /usr/bin/cmake --build /home/qing/ros2_humble/chapter5/chapt5_2/build/demo_cpp_tf -- -j16 -l16
[3.959s] Invoking command in '/home/qing/ros2_humble/chapter5/chapt5_2/build/demo_cpp_tf': CMAKE_PREFIX_PATH=${CMAKE_PREFIX_PATH}:/home/qing/ros2_humble/chapter5/chapt5_1/install/demo_python_tf:/opt/ros/humble CONDA_PROMPT_MODIFIER=(ros_test) /usr/bin/cmake --install /home/qing/ros2_humble/chapter5/chapt5_2/build/demo_cpp_tf
[3.965s] -- Install configuration: ""
[3.965s] -- Up-to-date: /home/qing/ros2_humble/chapter5/chapt5_2/install/demo_cpp_tf/lib/demo_cpp_tf/static_tf_broadcaster
[3.965s] -- Installing: /home/qing/ros2_humble/chapter5/chapt5_2/install/demo_cpp_tf/lib/demo_cpp_tf/dynamic_tf_broadcaster
[3.966s] -- Up-to-date: /home/qing/ros2_humble/chapter5/chapt5_2/install/demo_cpp_tf/share/ament_index/resource_index/package_run_dependencies/demo_cpp_tf
[3.966s] -- Installing: /home/qing/ros2_humble/chapter5/chapt5_2/install/demo_cpp_tf/share/ament_index/resource_index/parent_prefix_path/demo_cpp_tf
[3.966s] -- Up-to-date: /home/qing/ros2_humble/chapter5/chapt5_2/install/demo_cpp_tf/share/demo_cpp_tf/environment/ament_prefix_path.sh
[3.966s] -- Installing: /home/qing/ros2_humble/chapter5/chapt5_2/install/demo_cpp_tf/share/demo_cpp_tf/environment/ament_prefix_path.dsv
[3.966s] -- Up-to-date: /home/qing/ros2_humble/chapter5/chapt5_2/install/demo_cpp_tf/share/demo_cpp_tf/environment/path.sh
[3.966s] -- Installing: /home/qing/ros2_humble/chapter5/chapt5_2/install/demo_cpp_tf/share/demo_cpp_tf/environment/path.dsv
[3.966s] -- Up-to-date: /home/qing/ros2_humble/chapter5/chapt5_2/install/demo_cpp_tf/share/demo_cpp_tf/local_setup.bash
[3.966s] -- Up-to-date: /home/qing/ros2_humble/chapter5/chapt5_2/install/demo_cpp_tf/share/demo_cpp_tf/local_setup.sh
[3.967s] -- Up-to-date: /home/qing/ros2_humble/chapter5/chapt5_2/install/demo_cpp_tf/share/demo_cpp_tf/local_setup.zsh
[3.967s] -- Installing: /home/qing/ros2_humble/chapter5/chapt5_2/install/demo_cpp_tf/share/demo_cpp_tf/local_setup.dsv
[3.967s] -- Installing: /home/qing/ros2_humble/chapter5/chapt5_2/install/demo_cpp_tf/share/demo_cpp_tf/package.dsv
[3.967s] -- Up-to-date: /home/qing/ros2_humble/chapter5/chapt5_2/install/demo_cpp_tf/share/ament_index/resource_index/packages/demo_cpp_tf
[3.967s] -- Up-to-date: /home/qing/ros2_humble/chapter5/chapt5_2/install/demo_cpp_tf/share/demo_cpp_tf/cmake/demo_cpp_tfConfig.cmake
[3.967s] -- Up-to-date: /home/qing/ros2_humble/chapter5/chapt5_2/install/demo_cpp_tf/share/demo_cpp_tf/cmake/demo_cpp_tfConfig-version.cmake
[3.967s] -- Up-to-date: /home/qing/ros2_humble/chapter5/chapt5_2/install/demo_cpp_tf/share/demo_cpp_tf/package.xml
[3.969s] Invoked command in '/home/qing/ros2_humble/chapter5/chapt5_2/build/demo_cpp_tf' returned '0': CMAKE_PREFIX_PATH=${CMAKE_PREFIX_PATH}:/home/qing/ros2_humble/chapter5/chapt5_1/install/demo_python_tf:/opt/ros/humble CONDA_PROMPT_MODIFIER=(ros_test) /usr/bin/cmake --install /home/qing/ros2_humble/chapter5/chapt5_2/build/demo_cpp_tf
