[0.611s] Invoking command in '/home/qing/ros2_humble/chapt8/chapt8_ws/build/fishbot_navigation2': CMAKE_PREFIX_PATH=${CMAKE_PREFIX_PATH}:/home/qing/ros2_humble/chapt8/chapt8_ws/install/fishbot_application:/home/qing/ros2_humble/chapt8/chapt8_ws/install/autopatrol_robot:/opt/ros/humble CONDA_PROMPT_MODIFIER=(base) /usr/bin/cmake /home/qing/ros2_humble/chapt8/chapt8_ws/src/fishbot_navigation2 -DCMAKE_INSTALL_PREFIX=/home/qing/ros2_humble/chapt8/chapt8_ws/install/fishbot_navigation2
[0.623s] -- Found ament_cmake: 1.3.11 (/opt/ros/humble/share/ament_cmake/cmake)
[0.751s] -- Found ament_lint_auto: 0.12.11 (/opt/ros/humble/share/ament_lint_auto/cmake)
[0.836s] -- Added test 'flake8' to check Python code syntax and style conventions
[0.836s] -- Added test 'lint_cmake' to check CMake code style
[0.837s] -- Added test 'pep257' to check Python code against some of the docstring style conventions in PEP 257
[0.838s] -- Added test 'xmllint' to check XML markup files
[0.839s] -- Configuring done
[0.844s] -- Generating done
[0.847s] -- Build files have been written to: /home/qing/ros2_humble/chapt8/chapt8_ws/build/fishbot_navigation2
[0.854s] Invoked command in '/home/qing/ros2_humble/chapt8/chapt8_ws/build/fishbot_navigation2' returned '0': CMAKE_PREFIX_PATH=${CMAKE_PREFIX_PATH}:/home/qing/ros2_humble/chapt8/chapt8_ws/install/fishbot_application:/home/qing/ros2_humble/chapt8/chapt8_ws/install/autopatrol_robot:/opt/ros/humble CONDA_PROMPT_MODIFIER=(base) /usr/bin/cmake /home/qing/ros2_humble/chapt8/chapt8_ws/src/fishbot_navigation2 -DCMAKE_INSTALL_PREFIX=/home/qing/ros2_humble/chapt8/chapt8_ws/install/fishbot_navigation2
[0.855s] Invoking command in '/home/qing/ros2_humble/chapt8/chapt8_ws/build/fishbot_navigation2': CMAKE_PREFIX_PATH=${CMAKE_PREFIX_PATH}:/home/qing/ros2_humble/chapt8/chapt8_ws/install/fishbot_application:/home/qing/ros2_humble/chapt8/chapt8_ws/install/autopatrol_robot:/opt/ros/humble CONDA_PROMPT_MODIFIER=(base) /usr/bin/cmake --build /home/qing/ros2_humble/chapt8/chapt8_ws/build/fishbot_navigation2 -- -j16 -l16
[0.890s] Invoked command in '/home/qing/ros2_humble/chapt8/chapt8_ws/build/fishbot_navigation2' returned '0': CMAKE_PREFIX_PATH=${CMAKE_PREFIX_PATH}:/home/qing/ros2_humble/chapt8/chapt8_ws/install/fishbot_application:/home/qing/ros2_humble/chapt8/chapt8_ws/install/autopatrol_robot:/opt/ros/humble CONDA_PROMPT_MODIFIER=(base) /usr/bin/cmake --build /home/qing/ros2_humble/chapt8/chapt8_ws/build/fishbot_navigation2 -- -j16 -l16
[0.901s] Invoking command in '/home/qing/ros2_humble/chapt8/chapt8_ws/build/fishbot_navigation2': CMAKE_PREFIX_PATH=${CMAKE_PREFIX_PATH}:/home/qing/ros2_humble/chapt8/chapt8_ws/install/fishbot_application:/home/qing/ros2_humble/chapt8/chapt8_ws/install/autopatrol_robot:/opt/ros/humble CONDA_PROMPT_MODIFIER=(base) /usr/bin/cmake --install /home/qing/ros2_humble/chapt8/chapt8_ws/build/fishbot_navigation2
[0.908s] -- Install configuration: ""
[0.908s] -- Up-to-date: /home/qing/ros2_humble/chapt8/chapt8_ws/install/fishbot_navigation2/share/fishbot_navigation2/launch
[0.908s] -- Installing: /home/qing/ros2_humble/chapt8/chapt8_ws/install/fishbot_navigation2/share/fishbot_navigation2/launch/navigation2.launch.py
[0.908s] -- Up-to-date: /home/qing/ros2_humble/chapt8/chapt8_ws/install/fishbot_navigation2/share/fishbot_navigation2/maps
[0.908s] -- Up-to-date: /home/qing/ros2_humble/chapt8/chapt8_ws/install/fishbot_navigation2/share/fishbot_navigation2/maps/room.yaml
[0.908s] -- Up-to-date: /home/qing/ros2_humble/chapt8/chapt8_ws/install/fishbot_navigation2/share/fishbot_navigation2/maps/room.pgm
[0.909s] -- Up-to-date: /home/qing/ros2_humble/chapt8/chapt8_ws/install/fishbot_navigation2/share/fishbot_navigation2/config
[0.909s] -- Installing: /home/qing/ros2_humble/chapt8/chapt8_ws/install/fishbot_navigation2/share/fishbot_navigation2/config/nav2_params.yaml
[0.909s] -- Up-to-date: /home/qing/ros2_humble/chapt8/chapt8_ws/install/fishbot_navigation2/share/ament_index/resource_index/package_run_dependencies/fishbot_navigation2
[0.909s] -- Installing: /home/qing/ros2_humble/chapt8/chapt8_ws/install/fishbot_navigation2/share/ament_index/resource_index/parent_prefix_path/fishbot_navigation2
[0.909s] -- Up-to-date: /home/qing/ros2_humble/chapt8/chapt8_ws/install/fishbot_navigation2/share/fishbot_navigation2/environment/ament_prefix_path.sh
[0.909s] -- Installing: /home/qing/ros2_humble/chapt8/chapt8_ws/install/fishbot_navigation2/share/fishbot_navigation2/environment/ament_prefix_path.dsv
[0.909s] -- Up-to-date: /home/qing/ros2_humble/chapt8/chapt8_ws/install/fishbot_navigation2/share/fishbot_navigation2/environment/path.sh
[0.909s] -- Installing: /home/qing/ros2_humble/chapt8/chapt8_ws/install/fishbot_navigation2/share/fishbot_navigation2/environment/path.dsv
[0.910s] -- Up-to-date: /home/qing/ros2_humble/chapt8/chapt8_ws/install/fishbot_navigation2/share/fishbot_navigation2/local_setup.bash
[0.910s] -- Up-to-date: /home/qing/ros2_humble/chapt8/chapt8_ws/install/fishbot_navigation2/share/fishbot_navigation2/local_setup.sh
[0.910s] -- Up-to-date: /home/qing/ros2_humble/chapt8/chapt8_ws/install/fishbot_navigation2/share/fishbot_navigation2/local_setup.zsh
[0.910s] -- Installing: /home/qing/ros2_humble/chapt8/chapt8_ws/install/fishbot_navigation2/share/fishbot_navigation2/local_setup.dsv
[0.910s] -- Installing: /home/qing/ros2_humble/chapt8/chapt8_ws/install/fishbot_navigation2/share/fishbot_navigation2/package.dsv
[0.911s] -- Up-to-date: /home/qing/ros2_humble/chapt8/chapt8_ws/install/fishbot_navigation2/share/ament_index/resource_index/packages/fishbot_navigation2
[0.911s] -- Up-to-date: /home/qing/ros2_humble/chapt8/chapt8_ws/install/fishbot_navigation2/share/fishbot_navigation2/cmake/fishbot_navigation2Config.cmake
[0.911s] -- Up-to-date: /home/qing/ros2_humble/chapt8/chapt8_ws/install/fishbot_navigation2/share/fishbot_navigation2/cmake/fishbot_navigation2Config-version.cmake
[0.911s] -- Installing: /home/qing/ros2_humble/chapt8/chapt8_ws/install/fishbot_navigation2/share/fishbot_navigation2/package.xml
[0.915s] Invoked command in '/home/qing/ros2_humble/chapt8/chapt8_ws/build/fishbot_navigation2' returned '0': CMAKE_PREFIX_PATH=${CMAKE_PREFIX_PATH}:/home/qing/ros2_humble/chapt8/chapt8_ws/install/fishbot_application:/home/qing/ros2_humble/chapt8/chapt8_ws/install/autopatrol_robot:/opt/ros/humble CONDA_PROMPT_MODIFIER=(base) /usr/bin/cmake --install /home/qing/ros2_humble/chapt8/chapt8_ws/build/fishbot_navigation2
