[0.615s] Invoking command in '/home/qing/ros2_humble/chapt8/chapt8_ws/build/fishbot_application_cpp': CMAKE_PREFIX_PATH=${CMAKE_PREFIX_PATH}:/home/qing/ros2_humble/chapt8/chapt8_ws/install/fishbot_application:/home/qing/ros2_humble/chapt8/chapt8_ws/install/autopatrol_robot:/opt/ros/humble CONDA_PROMPT_MODIFIER=(base) /usr/bin/cmake --build /home/qing/ros2_humble/chapt8/chapt8_ws/build/fishbot_application_cpp -- -j16 -l16
[0.674s] [100%] Built target nav2pose
[0.701s] Invoked command in '/home/qing/ros2_humble/chapt8/chapt8_ws/build/fishbot_application_cpp' returned '0': CMAKE_PREFIX_PATH=${CMAKE_PREFIX_PATH}:/home/qing/ros2_humble/chapt8/chapt8_ws/install/fishbot_application:/home/qing/ros2_humble/chapt8/chapt8_ws/install/autopatrol_robot:/opt/ros/humble CONDA_PROMPT_MODIFIER=(base) /usr/bin/cmake --build /home/qing/ros2_humble/chapt8/chapt8_ws/build/fishbot_application_cpp -- -j16 -l16
[0.703s] Invoking command in '/home/qing/ros2_humble/chapt8/chapt8_ws/build/fishbot_application_cpp': CMAKE_PREFIX_PATH=${CMAKE_PREFIX_PATH}:/home/qing/ros2_humble/chapt8/chapt8_ws/install/fishbot_application:/home/qing/ros2_humble/chapt8/chapt8_ws/install/autopatrol_robot:/opt/ros/humble CONDA_PROMPT_MODIFIER=(base) /usr/bin/cmake --install /home/qing/ros2_humble/chapt8/chapt8_ws/build/fishbot_application_cpp
[0.708s] -- Install configuration: ""
[0.709s] -- Up-to-date: /home/qing/ros2_humble/chapt8/chapt8_ws/install/fishbot_application_cpp/lib/fishbot_application_cpp/nav2pose
[0.709s] -- Up-to-date: /home/qing/ros2_humble/chapt8/chapt8_ws/install/fishbot_application_cpp/share/ament_index/resource_index/package_run_dependencies/fishbot_application_cpp
[0.709s] -- Up-to-date: /home/qing/ros2_humble/chapt8/chapt8_ws/install/fishbot_application_cpp/share/ament_index/resource_index/parent_prefix_path/fishbot_application_cpp
[0.709s] -- Up-to-date: /home/qing/ros2_humble/chapt8/chapt8_ws/install/fishbot_application_cpp/share/fishbot_application_cpp/environment/ament_prefix_path.sh
[0.709s] -- Up-to-date: /home/qing/ros2_humble/chapt8/chapt8_ws/install/fishbot_application_cpp/share/fishbot_application_cpp/environment/ament_prefix_path.dsv
[0.709s] -- Up-to-date: /home/qing/ros2_humble/chapt8/chapt8_ws/install/fishbot_application_cpp/share/fishbot_application_cpp/environment/path.sh
[0.709s] -- Up-to-date: /home/qing/ros2_humble/chapt8/chapt8_ws/install/fishbot_application_cpp/share/fishbot_application_cpp/environment/path.dsv
[0.709s] -- Up-to-date: /home/qing/ros2_humble/chapt8/chapt8_ws/install/fishbot_application_cpp/share/fishbot_application_cpp/local_setup.bash
[0.709s] -- Up-to-date: /home/qing/ros2_humble/chapt8/chapt8_ws/install/fishbot_application_cpp/share/fishbot_application_cpp/local_setup.sh
[0.710s] -- Up-to-date: /home/qing/ros2_humble/chapt8/chapt8_ws/install/fishbot_application_cpp/share/fishbot_application_cpp/local_setup.zsh
[0.710s] -- Up-to-date: /home/qing/ros2_humble/chapt8/chapt8_ws/install/fishbot_application_cpp/share/fishbot_application_cpp/local_setup.dsv
[0.710s] -- Installing: /home/qing/ros2_humble/chapt8/chapt8_ws/install/fishbot_application_cpp/share/fishbot_application_cpp/package.dsv
[0.710s] -- Up-to-date: /home/qing/ros2_humble/chapt8/chapt8_ws/install/fishbot_application_cpp/share/ament_index/resource_index/packages/fishbot_application_cpp
[0.710s] -- Up-to-date: /home/qing/ros2_humble/chapt8/chapt8_ws/install/fishbot_application_cpp/share/fishbot_application_cpp/cmake/fishbot_application_cppConfig.cmake
[0.710s] -- Up-to-date: /home/qing/ros2_humble/chapt8/chapt8_ws/install/fishbot_application_cpp/share/fishbot_application_cpp/cmake/fishbot_application_cppConfig-version.cmake
[0.710s] -- Up-to-date: /home/qing/ros2_humble/chapt8/chapt8_ws/install/fishbot_application_cpp/share/fishbot_application_cpp/package.xml
[0.739s] Invoked command in '/home/qing/ros2_humble/chapt8/chapt8_ws/build/fishbot_application_cpp' returned '0': CMAKE_PREFIX_PATH=${CMAKE_PREFIX_PATH}:/home/qing/ros2_humble/chapt8/chapt8_ws/install/fishbot_application:/home/qing/ros2_humble/chapt8/chapt8_ws/install/autopatrol_robot:/opt/ros/humble CONDA_PROMPT_MODIFIER=(base) /usr/bin/cmake --install /home/qing/ros2_humble/chapt8/chapt8_ws/build/fishbot_application_cpp
