[0.012s] Invoking command in '/home/qing/ros2_humble/chapt2/build/demo_cpp_pkg': CMAKE_PREFIX_PATH=/opt/ros/humble CONDA_PROMPT_MODIFIER=(ros_test) /usr/bin/cmake /home/qing/ros2_humble/chapt2/c2_2/demo_cpp_pkg -DCMAKE_INSTALL_PREFIX=/home/qing/ros2_humble/chapt2/install/demo_cpp_pkg
[0.066s] -- The C compiler identification is GNU 11.2.0
[0.117s] -- The CXX compiler identification is GNU 11.4.0
[0.124s] -- Detecting C compiler ABI info
[0.193s] -- Detecting C compiler ABI info - done
[0.199s] -- Check for working C compiler: /home/qing/下载/enter/envs/ros_test/bin/cc - skipped
[0.199s] -- Detecting C compile features
[0.200s] -- Detecting C compile features - done
[0.202s] -- Detecting CXX compiler ABI info
[0.274s] -- Detecting CXX compiler ABI info - done
[0.279s] -- Check for working CXX compiler: /usr/bin/c++ - skipped
[0.280s] -- Detecting CXX compile features
[0.280s] -- Detecting CXX compile features - done
[0.282s] -- Found ament_cmake: 1.3.11 (/opt/ros/humble/share/ament_cmake/cmake)
[0.572s] -- Found Python3: /home/qing/下载/enter/envs/ros_test/bin/python3 (found version "3.10.16") found components: Interpreter 
[0.642s] -- Found rclcpp: 16.0.11 (/opt/ros/humble/share/rclcpp/cmake)
[0.670s] -- Found rosidl_generator_c: 3.1.6 (/opt/ros/humble/share/rosidl_generator_c/cmake)
[0.674s] -- Found rosidl_adapter: 3.1.6 (/opt/ros/humble/share/rosidl_adapter/cmake)
[0.680s] -- Found rosidl_generator_cpp: 3.1.6 (/opt/ros/humble/share/rosidl_generator_cpp/cmake)
[0.689s] -- Using all available rosidl_typesupport_c: rosidl_typesupport_fastrtps_c;rosidl_typesupport_introspection_c
[0.701s] -- Using all available rosidl_typesupport_cpp: rosidl_typesupport_fastrtps_cpp;rosidl_typesupport_introspection_cpp
[0.732s] -- Found rmw_implementation_cmake: 6.1.2 (/opt/ros/humble/share/rmw_implementation_cmake/cmake)
[0.734s] -- Found rmw_fastrtps_cpp: 6.2.7 (/opt/ros/humble/share/rmw_fastrtps_cpp/cmake)
[0.808s] -- Found OpenSSL: /usr/lib/x86_64-linux-gnu/libcrypto.so (found version "3.0.2")  
[0.831s] -- Found FastRTPS: /opt/ros/humble/include  
[0.868s] -- Using RMW implementation 'rmw_fastrtps_cpp' as default
[0.880s] -- Looking for pthread.h
[0.950s] -- Looking for pthread.h - found
[0.950s] -- Performing Test CMAKE_HAVE_LIBC_PTHREAD
[1.020s] -- Performing Test CMAKE_HAVE_LIBC_PTHREAD - Failed
[1.020s] -- Looking for pthread_create in pthreads
[1.076s] -- Looking for pthread_create in pthreads - not found
[1.076s] -- Looking for pthread_create in pthread
[1.143s] -- Looking for pthread_create in pthread - found
[1.144s] -- Found Threads: TRUE  
[1.184s] -- Found ament_lint_auto: 0.12.11 (/opt/ros/humble/share/ament_lint_auto/cmake)
[1.268s] -- Added test 'cppcheck' to perform static code analysis on C / C++ code
[1.268s] -- Configured cppcheck include dirs: 
[1.268s] -- Configured cppcheck exclude dirs and/or files: 
[1.269s] -- Added test 'flake8' to check Python code syntax and style conventions
[1.272s] -- Added test 'lint_cmake' to check CMake code style
[1.274s] -- Added test 'pep257' to check Python code against some of the docstring style conventions in PEP 257
[1.285s] -- Added test 'uncrustify' to check C / C++ code style
[1.285s] -- Configured uncrustify additional arguments: 
[1.287s] -- Added test 'xmllint' to check XML markup files
[1.288s] -- Configuring done
[1.295s] -- Generating done
[1.298s] -- Build files have been written to: /home/qing/ros2_humble/chapt2/build/demo_cpp_pkg
[1.307s] Invoked command in '/home/qing/ros2_humble/chapt2/build/demo_cpp_pkg' returned '0': CMAKE_PREFIX_PATH=/opt/ros/humble CONDA_PROMPT_MODIFIER=(ros_test) /usr/bin/cmake /home/qing/ros2_humble/chapt2/c2_2/demo_cpp_pkg -DCMAKE_INSTALL_PREFIX=/home/qing/ros2_humble/chapt2/install/demo_cpp_pkg
[1.309s] Invoking command in '/home/qing/ros2_humble/chapt2/build/demo_cpp_pkg': CMAKE_PREFIX_PATH=/opt/ros/humble CONDA_PROMPT_MODIFIER=(ros_test) /usr/bin/cmake --build /home/qing/ros2_humble/chapt2/build/demo_cpp_pkg -- -j16 -l16
[1.357s] [ 50%] [32mBuilding CXX object CMakeFiles/cpp_node.dir/src/cpp_node.cpp.o[0m
[3.614s] [100%] [32m[1mLinking CXX executable cpp_node[0m
[3.701s] [100%] Built target cpp_node
[3.710s] Invoked command in '/home/qing/ros2_humble/chapt2/build/demo_cpp_pkg' returned '0': CMAKE_PREFIX_PATH=/opt/ros/humble CONDA_PROMPT_MODIFIER=(ros_test) /usr/bin/cmake --build /home/qing/ros2_humble/chapt2/build/demo_cpp_pkg -- -j16 -l16
[3.719s] Invoking command in '/home/qing/ros2_humble/chapt2/build/demo_cpp_pkg': CMAKE_PREFIX_PATH=/opt/ros/humble CONDA_PROMPT_MODIFIER=(ros_test) /usr/bin/cmake --install /home/qing/ros2_humble/chapt2/build/demo_cpp_pkg
[3.725s] -- Install configuration: ""
[3.725s] -- Installing: /home/qing/ros2_humble/chapt2/install/demo_cpp_pkg/lib/demo_cpp_pkg/cpp_node
[3.726s] -- Set runtime path of "/home/qing/ros2_humble/chapt2/install/demo_cpp_pkg/lib/demo_cpp_pkg/cpp_node" to ""
[3.726s] -- Installing: /home/qing/ros2_humble/chapt2/install/demo_cpp_pkg/share/ament_index/resource_index/package_run_dependencies/demo_cpp_pkg
[3.726s] -- Installing: /home/qing/ros2_humble/chapt2/install/demo_cpp_pkg/share/ament_index/resource_index/parent_prefix_path/demo_cpp_pkg
[3.726s] -- Installing: /home/qing/ros2_humble/chapt2/install/demo_cpp_pkg/share/demo_cpp_pkg/environment/ament_prefix_path.sh
[3.727s] -- Installing: /home/qing/ros2_humble/chapt2/install/demo_cpp_pkg/share/demo_cpp_pkg/environment/ament_prefix_path.dsv
[3.727s] -- Installing: /home/qing/ros2_humble/chapt2/install/demo_cpp_pkg/share/demo_cpp_pkg/environment/path.sh
[3.727s] -- Installing: /home/qing/ros2_humble/chapt2/install/demo_cpp_pkg/share/demo_cpp_pkg/environment/path.dsv
[3.727s] -- Installing: /home/qing/ros2_humble/chapt2/install/demo_cpp_pkg/share/demo_cpp_pkg/local_setup.bash
[3.727s] -- Installing: /home/qing/ros2_humble/chapt2/install/demo_cpp_pkg/share/demo_cpp_pkg/local_setup.sh
[3.727s] -- Installing: /home/qing/ros2_humble/chapt2/install/demo_cpp_pkg/share/demo_cpp_pkg/local_setup.zsh
[3.727s] -- Installing: /home/qing/ros2_humble/chapt2/install/demo_cpp_pkg/share/demo_cpp_pkg/local_setup.dsv
[3.728s] -- Installing: /home/qing/ros2_humble/chapt2/install/demo_cpp_pkg/share/demo_cpp_pkg/package.dsv
[3.728s] -- Installing: /home/qing/ros2_humble/chapt2/install/demo_cpp_pkg/share/ament_index/resource_index/packages/demo_cpp_pkg
[3.728s] -- Installing: /home/qing/ros2_humble/chapt2/install/demo_cpp_pkg/share/demo_cpp_pkg/cmake/demo_cpp_pkgConfig.cmake
[3.728s] -- Installing: /home/qing/ros2_humble/chapt2/install/demo_cpp_pkg/share/demo_cpp_pkg/cmake/demo_cpp_pkgConfig-version.cmake
[3.728s] -- Installing: /home/qing/ros2_humble/chapt2/install/demo_cpp_pkg/share/demo_cpp_pkg/package.xml
[3.730s] Invoked command in '/home/qing/ros2_humble/chapt2/build/demo_cpp_pkg' returned '0': CMAKE_PREFIX_PATH=/opt/ros/humble CONDA_PROMPT_MODIFIER=(ros_test) /usr/bin/cmake --install /home/qing/ros2_humble/chapt2/build/demo_cpp_pkg
