[0.008s] Invoking command in '/home/qing/ros2_humble/chapter3/chapt3_4/build/status_interfaces': CMAKE_PREFIX_PATH=/opt/ros/humble /usr/bin/cmake /home/qing/ros2_humble/chapter3/chapt3_4/src/status_interfaces -DCMAKE_CXX_COMPILER=/usr/bin/g++ -DCMAKE_CXX_FLAGS=-I/usr/include/c++/11 -DCMAKE_SKIP_RPATH=ON -DCMAKE_INSTALL_PREFIX=/home/qing/ros2_humble/chapter3/chapt3_4/install/status_interfaces
[0.081s] -- The C compiler identification is Clang 14.0.0
[0.125s] -- The CXX compiler identification is GNU 11.4.0
[0.132s] -- Detecting C compiler ABI info
[0.222s] -- Detecting C compiler ABI info - done
[0.226s] -- Check for working C compiler: /usr/bin/cc - skipped
[0.227s] -- Detecting C compile features
[0.227s] -- Detecting C compile features - done
[0.229s] -- Detecting CXX compiler ABI info
[0.295s] -- Detecting CXX compiler ABI info - done
[0.300s] -- Check for working CXX compiler: /usr/bin/g++ - skipped
[0.300s] -- Detecting CXX compile features
[0.301s] -- Detecting CXX compile features - done
[0.303s] -- Found ament_cmake: 1.3.11 (/opt/ros/humble/share/ament_cmake/cmake)
[0.417s] -- Found Python3: /usr/bin/python3 (found version "3.10.12") found components: Interpreter 
[0.482s] -- Found rosidl_default_generators: 1.2.0 (/opt/ros/humble/share/rosidl_default_generators/cmake)
[0.484s] -- Using all available rosidl_typesupport_c: rosidl_typesupport_fastrtps_c;rosidl_typesupport_introspection_c
[0.488s] -- Found rosidl_adapter: 3.1.6 (/opt/ros/humble/share/rosidl_adapter/cmake)
[0.517s] -- Using all available rosidl_typesupport_cpp: rosidl_typesupport_fastrtps_cpp;rosidl_typesupport_introspection_cpp
[0.540s] -- Found builtin_interfaces: 1.2.1 (/opt/ros/humble/share/builtin_interfaces/cmake)
[0.736s] -- Found ament_cmake_ros: 0.10.0 (/opt/ros/humble/share/ament_cmake_ros/cmake)
[0.876s] -- Using all available rosidl_typesupport_c: rosidl_typesupport_fastrtps_c;rosidl_typesupport_introspection_c
[1.061s] -- Using all available rosidl_typesupport_cpp: rosidl_typesupport_fastrtps_cpp;rosidl_typesupport_introspection_cpp
[1.078s] -- Found PythonInterp: /usr/bin/python3 (found suitable version "3.10.12", minimum required is "3.6") 
[1.079s] -- Found python_cmake_module: 0.10.0 (/opt/ros/humble/share/python_cmake_module/cmake)
[1.099s] -- Found PythonLibs: /usr/lib/x86_64-linux-gnu/libpython3.10.so (found suitable version "3.10.12", minimum required is "3.5") 
[1.099s] -- Using PYTHON_EXECUTABLE: /usr/bin/python3
[1.099s] -- Using PYTHON_INCLUDE_DIRS: /usr/include/python3.10
[1.099s] -- Using PYTHON_LIBRARIES: /usr/lib/x86_64-linux-gnu/libpython3.10.so
[1.115s] -- Found PythonExtra: .so  
[1.141s] -- Found ament_lint_auto: 0.12.11 (/opt/ros/humble/share/ament_lint_auto/cmake)
[1.156s] -- Added test 'lint_cmake' to check CMake code style
[1.157s] -- Added test 'xmllint' to check XML markup files
[1.159s] -- Configuring done
[1.184s] -- Generating done
[1.194s] -- Build files have been written to: /home/qing/ros2_humble/chapter3/chapt3_4/build/status_interfaces
[1.201s] Invoked command in '/home/qing/ros2_humble/chapter3/chapt3_4/build/status_interfaces' returned '0': CMAKE_PREFIX_PATH=/opt/ros/humble /usr/bin/cmake /home/qing/ros2_humble/chapter3/chapt3_4/src/status_interfaces -DCMAKE_CXX_COMPILER=/usr/bin/g++ -DCMAKE_CXX_FLAGS=-I/usr/include/c++/11 -DCMAKE_SKIP_RPATH=ON -DCMAKE_INSTALL_PREFIX=/home/qing/ros2_humble/chapter3/chapt3_4/install/status_interfaces
[1.202s] Invoking command in '/home/qing/ros2_humble/chapter3/chapt3_4/build/status_interfaces': CMAKE_PREFIX_PATH=/opt/ros/humble /usr/bin/cmake --build /home/qing/ros2_humble/chapter3/chapt3_4/build/status_interfaces -- -j16 -l16
[1.235s] [  3%] [34m[1mGenerating C code for ROS interfaces[0m
[1.243s] [  6%] [34m[1mGenerating C++ code for ROS interfaces[0m
[1.250s] [  6%] Built target ament_cmake_python_copy_status_interfaces
[1.456s] running egg_info
[1.456s] creating status_interfaces.egg-info
[1.456s] writing status_interfaces.egg-info/PKG-INFO
[1.456s] writing dependency_links to status_interfaces.egg-info/dependency_links.txt
[1.456s] writing top-level names to status_interfaces.egg-info/top_level.txt
[1.456s] writing manifest file 'status_interfaces.egg-info/SOURCES.txt'
[1.458s] reading manifest file 'status_interfaces.egg-info/SOURCES.txt'
[1.458s] writing manifest file 'status_interfaces.egg-info/SOURCES.txt'
[1.484s] [  6%] Built target status_interfaces__cpp
[1.487s] [  6%] Built target ament_cmake_python_build_status_interfaces_egg
[1.492s] [ 19%] [32mBuilding C object CMakeFiles/status_interfaces__rosidl_generator_c.dir/rosidl_generator_c/status_interfaces/msg/detail/system_status__functions.c.o[0m
[1.492s] [ 19%] [34m[1mGenerating C++ introspection for ROS interfaces[0m
[1.492s] [ 19%] [34m[1mGenerating C++ type support for eProsima Fast-RTPS[0m
[1.492s] [ 19%] [34m[1mGenerating C++ type support dispatch for ROS interfaces[0m
[1.542s] [ 22%] [32m[1mLinking C shared library libstatus_interfaces__rosidl_generator_c.so[0m
[1.592s] [ 22%] Built target status_interfaces__rosidl_generator_c
[1.600s] [ 32%] [34m[1mGenerating C type support for eProsima Fast-RTPS[0m
[1.601s] [ 32%] [34m[1mGenerating C type support dispatch for ROS interfaces[0m
[1.601s] [ 32%] [34m[1mGenerating C introspection for ROS interfaces[0m
[1.716s] [ 35%] [32mBuilding CXX object CMakeFiles/status_interfaces__rosidl_typesupport_cpp.dir/rosidl_typesupport_cpp/status_interfaces/msg/system_status__type_support.cpp.o[0m
[1.734s] [ 38%] [32mBuilding CXX object CMakeFiles/status_interfaces__rosidl_typesupport_fastrtps_cpp.dir/rosidl_typesupport_fastrtps_cpp/status_interfaces/msg/detail/dds_fastrtps/system_status__type_support.cpp.o[0m
[1.743s] [ 41%] [32mBuilding CXX object CMakeFiles/status_interfaces__rosidl_typesupport_introspection_cpp.dir/rosidl_typesupport_introspection_cpp/status_interfaces/msg/detail/system_status__type_support.cpp.o[0m
[1.849s] [ 45%] [32mBuilding C object CMakeFiles/status_interfaces__rosidl_typesupport_introspection_c.dir/rosidl_typesupport_introspection_c/status_interfaces/msg/detail/system_status__type_support.c.o[0m
[1.849s] [ 48%] [32mBuilding CXX object CMakeFiles/status_interfaces__rosidl_typesupport_c.dir/rosidl_typesupport_c/status_interfaces/msg/system_status__type_support.cpp.o[0m
[1.858s] [ 51%] [32mBuilding CXX object CMakeFiles/status_interfaces__rosidl_typesupport_fastrtps_c.dir/rosidl_typesupport_fastrtps_c/status_interfaces/msg/detail/system_status__type_support_c.cpp.o[0m
[1.876s] [ 54%] [32m[1mLinking CXX shared library libstatus_interfaces__rosidl_typesupport_c.so[0m
[1.894s] [ 58%] [32m[1mLinking C shared library libstatus_interfaces__rosidl_typesupport_introspection_c.so[0m
[1.916s] [ 58%] Built target status_interfaces__rosidl_typesupport_c
[1.940s] [ 61%] [32m[1mLinking CXX shared library libstatus_interfaces__rosidl_typesupport_cpp.so[0m
[1.947s] [ 61%] Built target status_interfaces__rosidl_typesupport_introspection_c
[1.976s] [ 61%] Built target status_interfaces__rosidl_typesupport_cpp
[2.059s] [ 67%] [32m[1mLinking CXX shared library libstatus_interfaces__rosidl_typesupport_introspection_cpp.so[0m
[2.059s] [ 67%] [32m[1mLinking CXX shared library libstatus_interfaces__rosidl_typesupport_fastrtps_cpp.so[0m
[2.118s] [ 67%] Built target status_interfaces__rosidl_typesupport_introspection_cpp
[2.128s] [ 70%] [32m[1mLinking CXX shared library libstatus_interfaces__rosidl_typesupport_fastrtps_c.so[0m
[2.128s] [ 70%] Built target status_interfaces__rosidl_typesupport_fastrtps_cpp
[2.186s] [ 70%] Built target status_interfaces__rosidl_typesupport_fastrtps_c
[2.201s] [ 70%] Built target status_interfaces
[2.218s] [ 74%] [34m[1mGenerating Python code for ROS interfaces[0m
[2.543s] [ 74%] Built target status_interfaces__py
[2.559s] [ 77%] [32mBuilding C object CMakeFiles/status_interfaces__rosidl_generator_py.dir/rosidl_generator_py/status_interfaces/msg/_system_status_s.c.o[0m
[2.661s] [ 80%] [32m[1mLinking C shared library rosidl_generator_py/status_interfaces/libstatus_interfaces__rosidl_generator_py.so[0m
[2.713s] [ 80%] Built target status_interfaces__rosidl_generator_py
[2.730s] [ 83%] [32mBuilding C object CMakeFiles/status_interfaces__rosidl_typesupport_c__pyext.dir/rosidl_generator_py/status_interfaces/_status_interfaces_s.ep.rosidl_typesupport_c.c.o[0m
[2.730s] [ 87%] [32mBuilding C object CMakeFiles/status_interfaces__rosidl_typesupport_introspection_c__pyext.dir/rosidl_generator_py/status_interfaces/_status_interfaces_s.ep.rosidl_typesupport_introspection_c.c.o[0m
[2.730s] [ 90%] [32mBuilding C object CMakeFiles/status_interfaces__rosidl_typesupport_fastrtps_c__pyext.dir/rosidl_generator_py/status_interfaces/_status_interfaces_s.ep.rosidl_typesupport_fastrtps_c.c.o[0m
[2.825s] [ 96%] [32m[1mLinking C shared library rosidl_generator_py/status_interfaces/status_interfaces_s__rosidl_typesupport_introspection_c.cpython-310-x86_64-linux-gnu.so[0m
[2.825s] [ 96%] [32m[1mLinking C shared library rosidl_generator_py/status_interfaces/status_interfaces_s__rosidl_typesupport_fastrtps_c.cpython-310-x86_64-linux-gnu.so[0m
[2.826s] [100%] [32m[1mLinking C shared library rosidl_generator_py/status_interfaces/status_interfaces_s__rosidl_typesupport_c.cpython-310-x86_64-linux-gnu.so[0m
[2.878s] [100%] Built target status_interfaces__rosidl_typesupport_c__pyext
[2.878s] [100%] Built target status_interfaces__rosidl_typesupport_introspection_c__pyext
[2.878s] [100%] Built target status_interfaces__rosidl_typesupport_fastrtps_c__pyext
[2.888s] Invoked command in '/home/qing/ros2_humble/chapter3/chapt3_4/build/status_interfaces' returned '0': CMAKE_PREFIX_PATH=/opt/ros/humble /usr/bin/cmake --build /home/qing/ros2_humble/chapter3/chapt3_4/build/status_interfaces -- -j16 -l16
[2.897s] Invoking command in '/home/qing/ros2_humble/chapter3/chapt3_4/build/status_interfaces': CMAKE_PREFIX_PATH=/opt/ros/humble /usr/bin/cmake --install /home/qing/ros2_humble/chapter3/chapt3_4/build/status_interfaces
[2.902s] -- Install configuration: ""
[2.902s] -- Installing: /home/qing/ros2_humble/chapter3/chapt3_4/install/status_interfaces/share/ament_index/resource_index/rosidl_interfaces/status_interfaces
[2.902s] -- Installing: /home/qing/ros2_humble/chapter3/chapt3_4/install/status_interfaces/include/status_interfaces/status_interfaces
[2.903s] -- Installing: /home/qing/ros2_humble/chapter3/chapt3_4/install/status_interfaces/include/status_interfaces/status_interfaces/msg
[2.903s] -- Installing: /home/qing/ros2_humble/chapter3/chapt3_4/install/status_interfaces/include/status_interfaces/status_interfaces/msg/rosidl_generator_c__visibility_control.h
[2.903s] -- Installing: /home/qing/ros2_humble/chapter3/chapt3_4/install/status_interfaces/include/status_interfaces/status_interfaces/msg/detail
[2.903s] -- Installing: /home/qing/ros2_humble/chapter3/chapt3_4/install/status_interfaces/include/status_interfaces/status_interfaces/msg/detail/system_status__type_support.h
[2.903s] -- Installing: /home/qing/ros2_humble/chapter3/chapt3_4/install/status_interfaces/include/status_interfaces/status_interfaces/msg/detail/system_status__functions.h
[2.903s] -- Installing: /home/qing/ros2_humble/chapter3/chapt3_4/install/status_interfaces/include/status_interfaces/status_interfaces/msg/detail/system_status__struct.h
[2.903s] -- Installing: /home/qing/ros2_humble/chapter3/chapt3_4/install/status_interfaces/include/status_interfaces/status_interfaces/msg/detail/system_status__functions.c
[2.903s] -- Installing: /home/qing/ros2_humble/chapter3/chapt3_4/install/status_interfaces/include/status_interfaces/status_interfaces/msg/system_status.h
[2.904s] -- Installing: /home/qing/ros2_humble/chapter3/chapt3_4/install/status_interfaces/share/status_interfaces/environment/library_path.sh
[2.904s] -- Installing: /home/qing/ros2_humble/chapter3/chapt3_4/install/status_interfaces/share/status_interfaces/environment/library_path.dsv
[2.904s] -- Installing: /home/qing/ros2_humble/chapter3/chapt3_4/install/status_interfaces/lib/libstatus_interfaces__rosidl_generator_c.so
[2.904s] -- Up-to-date: /home/qing/ros2_humble/chapter3/chapt3_4/install/status_interfaces/include/status_interfaces/status_interfaces
[2.904s] -- Up-to-date: /home/qing/ros2_humble/chapter3/chapt3_4/install/status_interfaces/include/status_interfaces/status_interfaces/msg
[2.904s] -- Up-to-date: /home/qing/ros2_humble/chapter3/chapt3_4/install/status_interfaces/include/status_interfaces/status_interfaces/msg/detail
[2.905s] -- Installing: /home/qing/ros2_humble/chapter3/chapt3_4/install/status_interfaces/include/status_interfaces/status_interfaces/msg/detail/system_status__rosidl_typesupport_fastrtps_c.h
[2.905s] -- Installing: /home/qing/ros2_humble/chapter3/chapt3_4/install/status_interfaces/include/status_interfaces/status_interfaces/msg/rosidl_typesupport_fastrtps_c__visibility_control.h
[2.905s] -- Installing: /home/qing/ros2_humble/chapter3/chapt3_4/install/status_interfaces/lib/libstatus_interfaces__rosidl_typesupport_fastrtps_c.so
[2.905s] -- Up-to-date: /home/qing/ros2_humble/chapter3/chapt3_4/install/status_interfaces/include/status_interfaces/status_interfaces
[2.905s] -- Up-to-date: /home/qing/ros2_humble/chapter3/chapt3_4/install/status_interfaces/include/status_interfaces/status_interfaces/msg
[2.905s] -- Installing: /home/qing/ros2_humble/chapter3/chapt3_4/install/status_interfaces/include/status_interfaces/status_interfaces/msg/rosidl_typesupport_introspection_c__visibility_control.h
[2.905s] -- Up-to-date: /home/qing/ros2_humble/chapter3/chapt3_4/install/status_interfaces/include/status_interfaces/status_interfaces/msg/detail
[2.905s] -- Installing: /home/qing/ros2_humble/chapter3/chapt3_4/install/status_interfaces/include/status_interfaces/status_interfaces/msg/detail/system_status__type_support.c
[2.905s] -- Installing: /home/qing/ros2_humble/chapter3/chapt3_4/install/status_interfaces/include/status_interfaces/status_interfaces/msg/detail/system_status__rosidl_typesupport_introspection_c.h
[2.906s] -- Installing: /home/qing/ros2_humble/chapter3/chapt3_4/install/status_interfaces/lib/libstatus_interfaces__rosidl_typesupport_introspection_c.so
[2.906s] -- Installing: /home/qing/ros2_humble/chapter3/chapt3_4/install/status_interfaces/lib/libstatus_interfaces__rosidl_typesupport_c.so
[2.906s] -- Up-to-date: /home/qing/ros2_humble/chapter3/chapt3_4/install/status_interfaces/include/status_interfaces/status_interfaces
[2.906s] -- Up-to-date: /home/qing/ros2_humble/chapter3/chapt3_4/install/status_interfaces/include/status_interfaces/status_interfaces/msg
[2.906s] -- Installing: /home/qing/ros2_humble/chapter3/chapt3_4/install/status_interfaces/include/status_interfaces/status_interfaces/msg/system_status.hpp
[2.906s] -- Up-to-date: /home/qing/ros2_humble/chapter3/chapt3_4/install/status_interfaces/include/status_interfaces/status_interfaces/msg/detail
[2.906s] -- Installing: /home/qing/ros2_humble/chapter3/chapt3_4/install/status_interfaces/include/status_interfaces/status_interfaces/msg/detail/system_status__traits.hpp
[2.906s] -- Installing: /home/qing/ros2_humble/chapter3/chapt3_4/install/status_interfaces/include/status_interfaces/status_interfaces/msg/detail/system_status__builder.hpp
[2.906s] -- Installing: /home/qing/ros2_humble/chapter3/chapt3_4/install/status_interfaces/include/status_interfaces/status_interfaces/msg/detail/system_status__type_support.hpp
[2.906s] -- Installing: /home/qing/ros2_humble/chapter3/chapt3_4/install/status_interfaces/include/status_interfaces/status_interfaces/msg/detail/system_status__struct.hpp
[2.907s] -- Installing: /home/qing/ros2_humble/chapter3/chapt3_4/install/status_interfaces/include/status_interfaces/status_interfaces/msg/rosidl_generator_cpp__visibility_control.hpp
[2.907s] -- Up-to-date: /home/qing/ros2_humble/chapter3/chapt3_4/install/status_interfaces/include/status_interfaces/status_interfaces
[2.907s] -- Up-to-date: /home/qing/ros2_humble/chapter3/chapt3_4/install/status_interfaces/include/status_interfaces/status_interfaces/msg
[2.907s] -- Installing: /home/qing/ros2_humble/chapter3/chapt3_4/install/status_interfaces/include/status_interfaces/status_interfaces/msg/rosidl_typesupport_fastrtps_cpp__visibility_control.h
[2.907s] -- Up-to-date: /home/qing/ros2_humble/chapter3/chapt3_4/install/status_interfaces/include/status_interfaces/status_interfaces/msg/detail
[2.907s] -- Installing: /home/qing/ros2_humble/chapter3/chapt3_4/install/status_interfaces/include/status_interfaces/status_interfaces/msg/detail/system_status__rosidl_typesupport_fastrtps_cpp.hpp
[2.907s] -- Installing: /home/qing/ros2_humble/chapter3/chapt3_4/install/status_interfaces/include/status_interfaces/status_interfaces/msg/detail/dds_fastrtps
[2.907s] -- Installing: /home/qing/ros2_humble/chapter3/chapt3_4/install/status_interfaces/lib/libstatus_interfaces__rosidl_typesupport_fastrtps_cpp.so
[2.907s] -- Up-to-date: /home/qing/ros2_humble/chapter3/chapt3_4/install/status_interfaces/include/status_interfaces/status_interfaces
[2.907s] -- Up-to-date: /home/qing/ros2_humble/chapter3/chapt3_4/install/status_interfaces/include/status_interfaces/status_interfaces/msg
[2.907s] -- Up-to-date: /home/qing/ros2_humble/chapter3/chapt3_4/install/status_interfaces/include/status_interfaces/status_interfaces/msg/detail
[2.907s] -- Installing: /home/qing/ros2_humble/chapter3/chapt3_4/install/status_interfaces/include/status_interfaces/status_interfaces/msg/detail/system_status__type_support.cpp
[2.907s] -- Installing: /home/qing/ros2_humble/chapter3/chapt3_4/install/status_interfaces/include/status_interfaces/status_interfaces/msg/detail/system_status__rosidl_typesupport_introspection_cpp.hpp
[2.908s] -- Installing: /home/qing/ros2_humble/chapter3/chapt3_4/install/status_interfaces/lib/libstatus_interfaces__rosidl_typesupport_introspection_cpp.so
[2.908s] -- Installing: /home/qing/ros2_humble/chapter3/chapt3_4/install/status_interfaces/lib/libstatus_interfaces__rosidl_typesupport_cpp.so
[2.908s] -- Installing: /home/qing/ros2_humble/chapter3/chapt3_4/install/status_interfaces/share/status_interfaces/environment/pythonpath.sh
[2.908s] -- Installing: /home/qing/ros2_humble/chapter3/chapt3_4/install/status_interfaces/share/status_interfaces/environment/pythonpath.dsv
[2.908s] -- Installing: /home/qing/ros2_humble/chapter3/chapt3_4/install/status_interfaces/local/lib/python3.10/dist-packages/status_interfaces-0.0.0-py3.10.egg-info
[2.908s] -- Installing: /home/qing/ros2_humble/chapter3/chapt3_4/install/status_interfaces/local/lib/python3.10/dist-packages/status_interfaces-0.0.0-py3.10.egg-info/top_level.txt
[2.909s] -- Installing: /home/qing/ros2_humble/chapter3/chapt3_4/install/status_interfaces/local/lib/python3.10/dist-packages/status_interfaces-0.0.0-py3.10.egg-info/PKG-INFO
[2.909s] -- Installing: /home/qing/ros2_humble/chapter3/chapt3_4/install/status_interfaces/local/lib/python3.10/dist-packages/status_interfaces-0.0.0-py3.10.egg-info/dependency_links.txt
[2.909s] -- Installing: /home/qing/ros2_humble/chapter3/chapt3_4/install/status_interfaces/local/lib/python3.10/dist-packages/status_interfaces-0.0.0-py3.10.egg-info/SOURCES.txt
[2.909s] -- Installing: /home/qing/ros2_humble/chapter3/chapt3_4/install/status_interfaces/local/lib/python3.10/dist-packages/status_interfaces
[2.909s] -- Installing: /home/qing/ros2_humble/chapter3/chapt3_4/install/status_interfaces/local/lib/python3.10/dist-packages/status_interfaces/status_interfaces_s__rosidl_typesupport_c.cpython-310-x86_64-linux-gnu.so
[2.909s] -- Installing: /home/qing/ros2_humble/chapter3/chapt3_4/install/status_interfaces/local/lib/python3.10/dist-packages/status_interfaces/_status_interfaces_s.ep.rosidl_typesupport_c.c
[2.909s] -- Installing: /home/qing/ros2_humble/chapter3/chapt3_4/install/status_interfaces/local/lib/python3.10/dist-packages/status_interfaces/_status_interfaces_s.ep.rosidl_typesupport_introspection_c.c
[2.909s] -- Installing: /home/qing/ros2_humble/chapter3/chapt3_4/install/status_interfaces/local/lib/python3.10/dist-packages/status_interfaces/status_interfaces_s__rosidl_typesupport_fastrtps_c.cpython-310-x86_64-linux-gnu.so
[2.909s] -- Installing: /home/qing/ros2_humble/chapter3/chapt3_4/install/status_interfaces/local/lib/python3.10/dist-packages/status_interfaces/libstatus_interfaces__rosidl_generator_py.so
[2.910s] -- Installing: /home/qing/ros2_humble/chapter3/chapt3_4/install/status_interfaces/local/lib/python3.10/dist-packages/status_interfaces/status_interfaces_s__rosidl_typesupport_introspection_c.cpython-310-x86_64-linux-gnu.so
[2.910s] -- Installing: /home/qing/ros2_humble/chapter3/chapt3_4/install/status_interfaces/local/lib/python3.10/dist-packages/status_interfaces/__init__.py
[2.910s] -- Installing: /home/qing/ros2_humble/chapter3/chapt3_4/install/status_interfaces/local/lib/python3.10/dist-packages/status_interfaces/_status_interfaces_s.ep.rosidl_typesupport_fastrtps_c.c
[2.910s] -- Installing: /home/qing/ros2_humble/chapter3/chapt3_4/install/status_interfaces/local/lib/python3.10/dist-packages/status_interfaces/msg
[2.910s] -- Installing: /home/qing/ros2_humble/chapter3/chapt3_4/install/status_interfaces/local/lib/python3.10/dist-packages/status_interfaces/msg/_system_status.py
[2.910s] -- Installing: /home/qing/ros2_humble/chapter3/chapt3_4/install/status_interfaces/local/lib/python3.10/dist-packages/status_interfaces/msg/_system_status_s.c
[2.910s] -- Installing: /home/qing/ros2_humble/chapter3/chapt3_4/install/status_interfaces/local/lib/python3.10/dist-packages/status_interfaces/msg/__init__.py
[2.937s] Listing '/home/qing/ros2_humble/chapter3/chapt3_4/install/status_interfaces/local/lib/python3.10/dist-packages/status_interfaces'...
[2.937s] Compiling '/home/qing/ros2_humble/chapter3/chapt3_4/install/status_interfaces/local/lib/python3.10/dist-packages/status_interfaces/__init__.py'...
[2.937s] Listing '/home/qing/ros2_humble/chapter3/chapt3_4/install/status_interfaces/local/lib/python3.10/dist-packages/status_interfaces/msg'...
[2.937s] Compiling '/home/qing/ros2_humble/chapter3/chapt3_4/install/status_interfaces/local/lib/python3.10/dist-packages/status_interfaces/msg/__init__.py'...
[2.937s] Compiling '/home/qing/ros2_humble/chapter3/chapt3_4/install/status_interfaces/local/lib/python3.10/dist-packages/status_interfaces/msg/_system_status.py'...
[2.941s] -- Up-to-date: /home/qing/ros2_humble/chapter3/chapt3_4/install/status_interfaces/local/lib/python3.10/dist-packages/status_interfaces/status_interfaces_s__rosidl_typesupport_fastrtps_c.cpython-310-x86_64-linux-gnu.so
[2.941s] -- Up-to-date: /home/qing/ros2_humble/chapter3/chapt3_4/install/status_interfaces/local/lib/python3.10/dist-packages/status_interfaces/status_interfaces_s__rosidl_typesupport_introspection_c.cpython-310-x86_64-linux-gnu.so
[2.941s] -- Up-to-date: /home/qing/ros2_humble/chapter3/chapt3_4/install/status_interfaces/local/lib/python3.10/dist-packages/status_interfaces/status_interfaces_s__rosidl_typesupport_c.cpython-310-x86_64-linux-gnu.so
[2.941s] -- Installing: /home/qing/ros2_humble/chapter3/chapt3_4/install/status_interfaces/lib/libstatus_interfaces__rosidl_generator_py.so
[2.941s] -- Installing: /home/qing/ros2_humble/chapter3/chapt3_4/install/status_interfaces/share/status_interfaces/msg/SystemStatus.idl
[2.941s] -- Installing: /home/qing/ros2_humble/chapter3/chapt3_4/install/status_interfaces/share/status_interfaces/msg/SystemStatus.msg
[2.941s] -- Installing: /home/qing/ros2_humble/chapter3/chapt3_4/install/status_interfaces/share/ament_index/resource_index/package_run_dependencies/status_interfaces
[2.942s] -- Installing: /home/qing/ros2_humble/chapter3/chapt3_4/install/status_interfaces/share/ament_index/resource_index/parent_prefix_path/status_interfaces
[2.942s] -- Installing: /home/qing/ros2_humble/chapter3/chapt3_4/install/status_interfaces/share/status_interfaces/environment/ament_prefix_path.sh
[2.942s] -- Installing: /home/qing/ros2_humble/chapter3/chapt3_4/install/status_interfaces/share/status_interfaces/environment/ament_prefix_path.dsv
[2.942s] -- Installing: /home/qing/ros2_humble/chapter3/chapt3_4/install/status_interfaces/share/status_interfaces/environment/path.sh
[2.942s] -- Installing: /home/qing/ros2_humble/chapter3/chapt3_4/install/status_interfaces/share/status_interfaces/environment/path.dsv
[2.942s] -- Installing: /home/qing/ros2_humble/chapter3/chapt3_4/install/status_interfaces/share/status_interfaces/local_setup.bash
[2.942s] -- Installing: /home/qing/ros2_humble/chapter3/chapt3_4/install/status_interfaces/share/status_interfaces/local_setup.sh
[2.942s] -- Installing: /home/qing/ros2_humble/chapter3/chapt3_4/install/status_interfaces/share/status_interfaces/local_setup.zsh
[2.943s] -- Installing: /home/qing/ros2_humble/chapter3/chapt3_4/install/status_interfaces/share/status_interfaces/local_setup.dsv
[2.943s] -- Installing: /home/qing/ros2_humble/chapter3/chapt3_4/install/status_interfaces/share/status_interfaces/package.dsv
[2.943s] -- Installing: /home/qing/ros2_humble/chapter3/chapt3_4/install/status_interfaces/share/ament_index/resource_index/packages/status_interfaces
[2.943s] -- Installing: /home/qing/ros2_humble/chapter3/chapt3_4/install/status_interfaces/share/status_interfaces/cmake/export_status_interfaces__rosidl_generator_cExport.cmake
[2.943s] -- Installing: /home/qing/ros2_humble/chapter3/chapt3_4/install/status_interfaces/share/status_interfaces/cmake/export_status_interfaces__rosidl_generator_cExport-noconfig.cmake
[2.943s] -- Installing: /home/qing/ros2_humble/chapter3/chapt3_4/install/status_interfaces/share/status_interfaces/cmake/export_status_interfaces__rosidl_typesupport_fastrtps_cExport.cmake
[2.944s] -- Installing: /home/qing/ros2_humble/chapter3/chapt3_4/install/status_interfaces/share/status_interfaces/cmake/export_status_interfaces__rosidl_typesupport_fastrtps_cExport-noconfig.cmake
[2.944s] -- Installing: /home/qing/ros2_humble/chapter3/chapt3_4/install/status_interfaces/share/status_interfaces/cmake/status_interfaces__rosidl_typesupport_introspection_cExport.cmake
[2.944s] -- Installing: /home/qing/ros2_humble/chapter3/chapt3_4/install/status_interfaces/share/status_interfaces/cmake/status_interfaces__rosidl_typesupport_introspection_cExport-noconfig.cmake
[2.944s] -- Installing: /home/qing/ros2_humble/chapter3/chapt3_4/install/status_interfaces/share/status_interfaces/cmake/status_interfaces__rosidl_typesupport_cExport.cmake
[2.944s] -- Installing: /home/qing/ros2_humble/chapter3/chapt3_4/install/status_interfaces/share/status_interfaces/cmake/status_interfaces__rosidl_typesupport_cExport-noconfig.cmake
[2.944s] -- Installing: /home/qing/ros2_humble/chapter3/chapt3_4/install/status_interfaces/share/status_interfaces/cmake/export_status_interfaces__rosidl_generator_cppExport.cmake
[2.944s] -- Installing: /home/qing/ros2_humble/chapter3/chapt3_4/install/status_interfaces/share/status_interfaces/cmake/export_status_interfaces__rosidl_typesupport_fastrtps_cppExport.cmake
[2.945s] -- Installing: /home/qing/ros2_humble/chapter3/chapt3_4/install/status_interfaces/share/status_interfaces/cmake/export_status_interfaces__rosidl_typesupport_fastrtps_cppExport-noconfig.cmake
[2.945s] -- Installing: /home/qing/ros2_humble/chapter3/chapt3_4/install/status_interfaces/share/status_interfaces/cmake/status_interfaces__rosidl_typesupport_introspection_cppExport.cmake
[2.945s] -- Installing: /home/qing/ros2_humble/chapter3/chapt3_4/install/status_interfaces/share/status_interfaces/cmake/status_interfaces__rosidl_typesupport_introspection_cppExport-noconfig.cmake
[2.945s] -- Installing: /home/qing/ros2_humble/chapter3/chapt3_4/install/status_interfaces/share/status_interfaces/cmake/status_interfaces__rosidl_typesupport_cppExport.cmake
[2.945s] -- Installing: /home/qing/ros2_humble/chapter3/chapt3_4/install/status_interfaces/share/status_interfaces/cmake/status_interfaces__rosidl_typesupport_cppExport-noconfig.cmake
[2.945s] -- Installing: /home/qing/ros2_humble/chapter3/chapt3_4/install/status_interfaces/share/status_interfaces/cmake/export_status_interfaces__rosidl_generator_pyExport.cmake
[2.945s] -- Installing: /home/qing/ros2_humble/chapter3/chapt3_4/install/status_interfaces/share/status_interfaces/cmake/export_status_interfaces__rosidl_generator_pyExport-noconfig.cmake
[2.946s] -- Installing: /home/qing/ros2_humble/chapter3/chapt3_4/install/status_interfaces/share/status_interfaces/cmake/rosidl_cmake-extras.cmake
[2.946s] -- Installing: /home/qing/ros2_humble/chapter3/chapt3_4/install/status_interfaces/share/status_interfaces/cmake/ament_cmake_export_dependencies-extras.cmake
[2.946s] -- Installing: /home/qing/ros2_humble/chapter3/chapt3_4/install/status_interfaces/share/status_interfaces/cmake/ament_cmake_export_include_directories-extras.cmake
[2.946s] -- Installing: /home/qing/ros2_humble/chapter3/chapt3_4/install/status_interfaces/share/status_interfaces/cmake/ament_cmake_export_libraries-extras.cmake
[2.946s] -- Installing: /home/qing/ros2_humble/chapter3/chapt3_4/install/status_interfaces/share/status_interfaces/cmake/ament_cmake_export_targets-extras.cmake
[2.946s] -- Installing: /home/qing/ros2_humble/chapter3/chapt3_4/install/status_interfaces/share/status_interfaces/cmake/rosidl_cmake_export_typesupport_targets-extras.cmake
[2.946s] -- Installing: /home/qing/ros2_humble/chapter3/chapt3_4/install/status_interfaces/share/status_interfaces/cmake/rosidl_cmake_export_typesupport_libraries-extras.cmake
[2.947s] -- Installing: /home/qing/ros2_humble/chapter3/chapt3_4/install/status_interfaces/share/status_interfaces/cmake/status_interfacesConfig.cmake
[2.947s] -- Installing: /home/qing/ros2_humble/chapter3/chapt3_4/install/status_interfaces/share/status_interfaces/cmake/status_interfacesConfig-version.cmake
[2.947s] -- Installing: /home/qing/ros2_humble/chapter3/chapt3_4/install/status_interfaces/share/status_interfaces/package.xml
[2.949s] Invoked command in '/home/qing/ros2_humble/chapter3/chapt3_4/build/status_interfaces' returned '0': CMAKE_PREFIX_PATH=/opt/ros/humble /usr/bin/cmake --install /home/qing/ros2_humble/chapter3/chapt3_4/build/status_interfaces
