running egg_info
creating ../../build/demo_python_tf/demo_python_tf.egg-info
writing manifest file '../../build/demo_python_tf/demo_python_tf.egg-info/SOURCES.txt'
writing manifest file '../../build/demo_python_tf/demo_python_tf.egg-info/SOURCES.txt'
running build
running build_py
creating /home/qing/ros2_humble/chapter5/chapt5_1/build/demo_python_tf/build
creating /home/qing/ros2_humble/chapter5/chapt5_1/build/demo_python_tf/build/lib
creating /home/qing/ros2_humble/chapter5/chapt5_1/build/demo_python_tf/build/lib/demo_python_tf
copying demo_python_tf/static_tf_broadcaster.py -> /home/qing/ros2_humble/chapter5/chapt5_1/build/demo_python_tf/build/lib/demo_python_tf
copying demo_python_tf/__init__.py -> /home/qing/ros2_humble/chapter5/chapt5_1/build/demo_python_tf/build/lib/demo_python_tf
running install
running install_lib
creating /home/qing/ros2_humble/chapter5/chapt5_1/install/demo_python_tf/lib/python3.10/site-packages/demo_python_tf
byte-compiling /home/qing/ros2_humble/chapter5/chapt5_1/install/demo_python_tf/lib/python3.10/site-packages/demo_python_tf/static_tf_broadcaster.py to static_tf_broadcaster.cpython-310.pyc
byte-compiling /home/qing/ros2_humble/chapter5/chapt5_1/install/demo_python_tf/lib/python3.10/site-packages/demo_python_tf/__init__.py to __init__.cpython-310.pyc
running install_data
creating /home/qing/ros2_humble/chapter5/chapt5_1/install/demo_python_tf/share/ament_index
creating /home/qing/ros2_humble/chapter5/chapt5_1/install/demo_python_tf/share/ament_index/resource_index
creating /home/qing/ros2_humble/chapter5/chapt5_1/install/demo_python_tf/share/ament_index/resource_index/packages
copying resource/demo_python_tf -> /home/qing/ros2_humble/chapter5/chapt5_1/install/demo_python_tf/share/ament_index/resource_index/packages
copying package.xml -> /home/qing/ros2_humble/chapter5/chapt5_1/install/demo_python_tf/share/demo_python_tf
running install_egg_info
Copying ../../build/demo_python_tf/demo_python_tf.egg-info to /home/qing/ros2_humble/chapter5/chapt5_1/install/demo_python_tf/lib/python3.10/site-packages/demo_python_tf-0.0.0-py3.10.egg-info
running install_scripts
writing list of installed files to '/home/qing/ros2_humble/chapter5/chapt5_1/build/demo_python_tf/install.log'
