[0.670s] Invoking command in '/home/qing/ros2_humble/chapter5/chapt5_1/src/demo_python_tf': CONDA_PROMPT_MODIFIER=(base) PYTHONPATH=/home/qing/ros2_humble/chapter5/chapt5_1/build/demo_python_tf/prefix_override:/home/qing/下载/enter/lib/python3.10/site-packages/colcon_core/task/python/colcon_distutils_commands:/home/qing/ros2_humble/chapter5/chapt5_1/install/demo_python_tf/lib/python3.10/site-packages:${PYTHONPATH} /home/qing/下载/enter/bin/python3.10 -W ignore:setup.py install is deprecated -W ignore:easy_install command is deprecated setup.py egg_info --egg-base ../../build/demo_python_tf build --build-base /home/qing/ros2_humble/chapter5/chapt5_1/build/demo_python_tf/build install --record /home/qing/ros2_humble/chapter5/chapt5_1/build/demo_python_tf/install.log --single-version-externally-managed install_data
[0.923s] running egg_info
[0.923s] creating ../../build/demo_python_tf/demo_python_tf.egg-info
[0.924s] writing manifest file '../../build/demo_python_tf/demo_python_tf.egg-info/SOURCES.txt'
[0.926s] writing manifest file '../../build/demo_python_tf/demo_python_tf.egg-info/SOURCES.txt'
[0.926s] running build
[0.926s] running build_py
[0.927s] creating /home/qing/ros2_humble/chapter5/chapt5_1/build/demo_python_tf/build
[0.927s] creating /home/qing/ros2_humble/chapter5/chapt5_1/build/demo_python_tf/build/lib
[0.927s] creating /home/qing/ros2_humble/chapter5/chapt5_1/build/demo_python_tf/build/lib/demo_python_tf
[0.927s] copying demo_python_tf/static_tf_broadcaster.py -> /home/qing/ros2_humble/chapter5/chapt5_1/build/demo_python_tf/build/lib/demo_python_tf
[0.927s] copying demo_python_tf/__init__.py -> /home/qing/ros2_humble/chapter5/chapt5_1/build/demo_python_tf/build/lib/demo_python_tf
[0.927s] running install
[0.928s] running install_lib
[0.929s] creating /home/qing/ros2_humble/chapter5/chapt5_1/install/demo_python_tf/lib/python3.10/site-packages/demo_python_tf
[0.929s] byte-compiling /home/qing/ros2_humble/chapter5/chapt5_1/install/demo_python_tf/lib/python3.10/site-packages/demo_python_tf/static_tf_broadcaster.py to static_tf_broadcaster.cpython-310.pyc
[0.930s] byte-compiling /home/qing/ros2_humble/chapter5/chapt5_1/install/demo_python_tf/lib/python3.10/site-packages/demo_python_tf/__init__.py to __init__.cpython-310.pyc
[0.930s] running install_data
[0.930s] creating /home/qing/ros2_humble/chapter5/chapt5_1/install/demo_python_tf/share/ament_index
[0.930s] creating /home/qing/ros2_humble/chapter5/chapt5_1/install/demo_python_tf/share/ament_index/resource_index
[0.930s] creating /home/qing/ros2_humble/chapter5/chapt5_1/install/demo_python_tf/share/ament_index/resource_index/packages
[0.930s] copying resource/demo_python_tf -> /home/qing/ros2_humble/chapter5/chapt5_1/install/demo_python_tf/share/ament_index/resource_index/packages
[0.930s] copying package.xml -> /home/qing/ros2_humble/chapter5/chapt5_1/install/demo_python_tf/share/demo_python_tf
[0.930s] running install_egg_info
[0.932s] Copying ../../build/demo_python_tf/demo_python_tf.egg-info to /home/qing/ros2_humble/chapter5/chapt5_1/install/demo_python_tf/lib/python3.10/site-packages/demo_python_tf-0.0.0-py3.10.egg-info
[0.932s] running install_scripts
[0.948s] writing list of installed files to '/home/qing/ros2_humble/chapter5/chapt5_1/build/demo_python_tf/install.log'
[0.967s] Invoked command in '/home/qing/ros2_humble/chapter5/chapt5_1/src/demo_python_tf' returned '0': CONDA_PROMPT_MODIFIER=(base) PYTHONPATH=/home/qing/ros2_humble/chapter5/chapt5_1/build/demo_python_tf/prefix_override:/home/qing/下载/enter/lib/python3.10/site-packages/colcon_core/task/python/colcon_distutils_commands:/home/qing/ros2_humble/chapter5/chapt5_1/install/demo_python_tf/lib/python3.10/site-packages:${PYTHONPATH} /home/qing/下载/enter/bin/python3.10 -W ignore:setup.py install is deprecated -W ignore:easy_install command is deprecated setup.py egg_info --egg-base ../../build/demo_python_tf build --build-base /home/qing/ros2_humble/chapter5/chapt5_1/build/demo_python_tf/build install --record /home/qing/ros2_humble/chapter5/chapt5_1/build/demo_python_tf/install.log --single-version-externally-managed install_data
