running egg_info
creating ../../build/demo_python_service/demo_python_service.egg-info
writing manifest file '../../build/demo_python_service/demo_python_service.egg-info/SOURCES.txt'
writing manifest file '../../build/demo_python_service/demo_python_service.egg-info/SOURCES.txt'
running build
running build_py
creating /home/qing/ros2_humble/chapter4/face_detect/build/demo_python_service/build
creating /home/qing/ros2_humble/chapter4/face_detect/build/demo_python_service/build/lib
creating /home/qing/ros2_humble/chapter4/face_detect/build/demo_python_service/build/lib/demo_python_service
copying demo_python_service/face_detect_node.py -> /home/qing/ros2_humble/chapter4/face_detect/build/demo_python_service/build/lib/demo_python_service
copying demo_python_service/__init__.py -> /home/qing/ros2_humble/chapter4/face_detect/build/demo_python_service/build/lib/demo_python_service
copying demo_python_service/face_detect.py -> /home/qing/ros2_humble/chapter4/face_detect/build/demo_python_service/build/lib/demo_python_service
running install
running install_lib
creating /home/qing/ros2_humble/chapter4/face_detect/install/demo_python_service/lib/python3.10/site-packages/demo_python_service
byte-compiling /home/qing/ros2_humble/chapter4/face_detect/install/demo_python_service/lib/python3.10/site-packages/demo_python_service/face_detect_node.py to face_detect_node.cpython-310.pyc
byte-compiling /home/qing/ros2_humble/chapter4/face_detect/install/demo_python_service/lib/python3.10/site-packages/demo_python_service/__init__.py to __init__.cpython-310.pyc
byte-compiling /home/qing/ros2_humble/chapter4/face_detect/install/demo_python_service/lib/python3.10/site-packages/demo_python_service/face_detect.py to face_detect.cpython-310.pyc
running install_data
creating /home/qing/ros2_humble/chapter4/face_detect/install/demo_python_service/share/ament_index
creating /home/qing/ros2_humble/chapter4/face_detect/install/demo_python_service/share/ament_index/resource_index
creating /home/qing/ros2_humble/chapter4/face_detect/install/demo_python_service/share/ament_index/resource_index/packages
copying resource/demo_python_service -> /home/qing/ros2_humble/chapter4/face_detect/install/demo_python_service/share/ament_index/resource_index/packages
copying package.xml -> /home/qing/ros2_humble/chapter4/face_detect/install/demo_python_service/share/demo_python_service
creating /home/qing/ros2_humble/chapter4/face_detect/install/demo_python_service/share/demo_python_service/resource
copying resource/images.jpeg -> /home/qing/ros2_humble/chapter4/face_detect/install/demo_python_service/share/demo_python_service/resource
running install_egg_info
Copying ../../build/demo_python_service/demo_python_service.egg-info to /home/qing/ros2_humble/chapter4/face_detect/install/demo_python_service/lib/python3.10/site-packages/demo_python_service-0.0.0-py3.10.egg-info
running install_scripts
writing list of installed files to '/home/qing/ros2_humble/chapter4/face_detect/build/demo_python_service/install.log'
