[0.500s] Invoking command in '/home/qing/ros2_humble/chapter3/chapt3_4/src/status_publisher': AMENT_PREFIX_PATH=/home/qing/ros2_humble/chapter3/chapt3_4/install/status_interfaces:${AMENT_PREFIX_PATH} CMAKE_PREFIX_PATH=/home/qing/ros2_humble/chapter3/chapt3_4/install/status_interfaces LD_LIBRARY_PATH=/home/qing/ros2_humble/chapter3/chapt3_4/install/status_interfaces/lib:${LD_LIBRARY_PATH} PYTHONPATH=/home/qing/ros2_humble/chapter3/chapt3_4/build/status_publisher/prefix_override:/usr/lib/python3/dist-packages/colcon_core/task/python/colcon_distutils_commands:/home/qing/ros2_humble/chapter3/chapt3_4/install/status_publisher/lib/python3.10/site-packages:/home/qing/ros2_humble/chapter3/chapt3_4/install/status_interfaces/local/lib/python3.10/dist-packages:${PYTHONPATH} /usr/bin/python3 -W ignore:setup.py install is deprecated -W ignore:easy_install command is deprecated setup.py egg_info --egg-base ../../build/status_publisher build --build-base /home/qing/ros2_humble/chapter3/chapt3_4/build/status_publisher/build install --record /home/qing/ros2_humble/chapter3/chapt3_4/build/status_publisher/install.log --single-version-externally-managed install_data
[0.693s] running egg_info
[0.693s] creating ../../build/status_publisher/status_publisher.egg-info
[0.693s] writing ../../build/status_publisher/status_publisher.egg-info/PKG-INFO
[0.693s] writing dependency_links to ../../build/status_publisher/status_publisher.egg-info/dependency_links.txt
[0.693s] writing entry points to ../../build/status_publisher/status_publisher.egg-info/entry_points.txt
[0.694s] writing requirements to ../../build/status_publisher/status_publisher.egg-info/requires.txt
[0.694s] writing top-level names to ../../build/status_publisher/status_publisher.egg-info/top_level.txt
[0.694s] writing manifest file '../../build/status_publisher/status_publisher.egg-info/SOURCES.txt'
[0.695s] reading manifest file '../../build/status_publisher/status_publisher.egg-info/SOURCES.txt'
[0.695s] writing manifest file '../../build/status_publisher/status_publisher.egg-info/SOURCES.txt'
[0.696s] running build
[0.696s] running build_py
[0.696s] creating /home/qing/ros2_humble/chapter3/chapt3_4/build/status_publisher/build
[0.696s] creating /home/qing/ros2_humble/chapter3/chapt3_4/build/status_publisher/build/lib
[0.696s] creating /home/qing/ros2_humble/chapter3/chapt3_4/build/status_publisher/build/lib/status_publisher
[0.696s] copying status_publisher/sys_status_pub.py -> /home/qing/ros2_humble/chapter3/chapt3_4/build/status_publisher/build/lib/status_publisher
[0.696s] copying status_publisher/__init__.py -> /home/qing/ros2_humble/chapter3/chapt3_4/build/status_publisher/build/lib/status_publisher
[0.696s] running install
[0.696s] running install_lib
[0.697s] creating /home/qing/ros2_humble/chapter3/chapt3_4/install/status_publisher/lib/python3.10/site-packages/status_publisher
[0.697s] copying /home/qing/ros2_humble/chapter3/chapt3_4/build/status_publisher/build/lib/status_publisher/sys_status_pub.py -> /home/qing/ros2_humble/chapter3/chapt3_4/install/status_publisher/lib/python3.10/site-packages/status_publisher
[0.697s] copying /home/qing/ros2_humble/chapter3/chapt3_4/build/status_publisher/build/lib/status_publisher/__init__.py -> /home/qing/ros2_humble/chapter3/chapt3_4/install/status_publisher/lib/python3.10/site-packages/status_publisher
[0.698s] byte-compiling /home/qing/ros2_humble/chapter3/chapt3_4/install/status_publisher/lib/python3.10/site-packages/status_publisher/sys_status_pub.py to sys_status_pub.cpython-310.pyc
[0.698s] byte-compiling /home/qing/ros2_humble/chapter3/chapt3_4/install/status_publisher/lib/python3.10/site-packages/status_publisher/__init__.py to __init__.cpython-310.pyc
[0.698s] running install_data
[0.698s] creating /home/qing/ros2_humble/chapter3/chapt3_4/install/status_publisher/share/ament_index
[0.698s] creating /home/qing/ros2_humble/chapter3/chapt3_4/install/status_publisher/share/ament_index/resource_index
[0.698s] creating /home/qing/ros2_humble/chapter3/chapt3_4/install/status_publisher/share/ament_index/resource_index/packages
[0.698s] copying resource/status_publisher -> /home/qing/ros2_humble/chapter3/chapt3_4/install/status_publisher/share/ament_index/resource_index/packages
[0.699s] copying package.xml -> /home/qing/ros2_humble/chapter3/chapt3_4/install/status_publisher/share/status_publisher
[0.699s] running install_egg_info
[0.700s] Copying ../../build/status_publisher/status_publisher.egg-info to /home/qing/ros2_humble/chapter3/chapt3_4/install/status_publisher/lib/python3.10/site-packages/status_publisher-0.0.0-py3.10.egg-info
[0.701s] running install_scripts
[0.715s] Installing sys_status_pub script to /home/qing/ros2_humble/chapter3/chapt3_4/install/status_publisher/lib/status_publisher
[0.715s] writing list of installed files to '/home/qing/ros2_humble/chapter3/chapt3_4/build/status_publisher/install.log'
[0.736s] Invoked command in '/home/qing/ros2_humble/chapter3/chapt3_4/src/status_publisher' returned '0': AMENT_PREFIX_PATH=/home/qing/ros2_humble/chapter3/chapt3_4/install/status_interfaces:${AMENT_PREFIX_PATH} CMAKE_PREFIX_PATH=/home/qing/ros2_humble/chapter3/chapt3_4/install/status_interfaces LD_LIBRARY_PATH=/home/qing/ros2_humble/chapter3/chapt3_4/install/status_interfaces/lib:${LD_LIBRARY_PATH} PYTHONPATH=/home/qing/ros2_humble/chapter3/chapt3_4/build/status_publisher/prefix_override:/usr/lib/python3/dist-packages/colcon_core/task/python/colcon_distutils_commands:/home/qing/ros2_humble/chapter3/chapt3_4/install/status_publisher/lib/python3.10/site-packages:/home/qing/ros2_humble/chapter3/chapt3_4/install/status_interfaces/local/lib/python3.10/dist-packages:${PYTHONPATH} /usr/bin/python3 -W ignore:setup.py install is deprecated -W ignore:easy_install command is deprecated setup.py egg_info --egg-base ../../build/status_publisher build --build-base /home/qing/ros2_humble/chapter3/chapt3_4/build/status_publisher/build install --record /home/qing/ros2_humble/chapter3/chapt3_4/build/status_publisher/install.log --single-version-externally-managed install_data
