[0.039s] Invoking command in '/home/qing/ros2_humble/chapt8/chapt8_ws/build/autopatrol_interfaces': CMAKE_PREFIX_PATH=${CMAKE_PREFIX_PATH}:/home/qing/ros2_humble/chapt8/chapt8_ws/install/fishbot_application:/home/qing/ros2_humble/chapt8/chapt8_ws/install/autopatrol_robot:/opt/ros/humble CONDA_PROMPT_MODIFIER=(base) /usr/bin/cmake /home/qing/ros2_humble/chapt8/chapt8_ws/src/autopatrol_interfaces -DCMAKE_INSTALL_PREFIX=/home/qing/ros2_humble/chapt8/chapt8_ws/install/autopatrol_interfaces
[0.640s] -- Found ament_cmake: 1.3.11 (/opt/ros/humble/share/ament_cmake/cmake)
[0.641s] -- Found rosidl_default_generators: 1.2.0 (/opt/ros/humble/share/rosidl_default_generators/cmake)
[0.641s] -- Using all available rosidl_typesupport_c: rosidl_typesupport_fastrtps_c;rosidl_typesupport_introspection_c
[0.641s] -- Found rosidl_adapter: 3.1.6 (/opt/ros/humble/share/rosidl_adapter/cmake)
[0.641s] -- Using all available rosidl_typesupport_cpp: rosidl_typesupport_fastrtps_cpp;rosidl_typesupport_introspection_cpp
[0.641s] -- Found ament_lint_auto: 0.12.11 (/opt/ros/humble/share/ament_lint_auto/cmake)
[0.641s] -- Found ament_cmake_ros: 0.10.0 (/opt/ros/humble/share/ament_cmake_ros/cmake)
[0.702s] -- Using all available rosidl_typesupport_c: rosidl_typesupport_fastrtps_c;rosidl_typesupport_introspection_c
[0.950s] -- Using all available rosidl_typesupport_cpp: rosidl_typesupport_fastrtps_cpp;rosidl_typesupport_introspection_cpp
[0.978s] -- Found python_cmake_module: 0.10.0 (/opt/ros/humble/share/python_cmake_module/cmake)
[1.004s] -- Using PYTHON_EXECUTABLE: /home/qing/下载/enter/bin/python3
[1.004s] -- Using PYTHON_INCLUDE_DIRS: /home/qing/下载/enter/include/python3.10
[1.004s] -- Using PYTHON_LIBRARIES: /home/qing/下载/enter/lib/libpython3.10.so
[1.143s] -- Using numpy include directory: /opt/ros/humble/lib/python3.10/site-packages/numpy/_core/include
[1.151s] -- Added test 'lint_cmake' to check CMake code style
[1.152s] -- Added test 'xmllint' to check XML markup files
[1.160s] -- Configuring done
[1.197s] -- Generating done
[1.207s] -- Build files have been written to: /home/qing/ros2_humble/chapt8/chapt8_ws/build/autopatrol_interfaces
[1.217s] Invoked command in '/home/qing/ros2_humble/chapt8/chapt8_ws/build/autopatrol_interfaces' returned '0': CMAKE_PREFIX_PATH=${CMAKE_PREFIX_PATH}:/home/qing/ros2_humble/chapt8/chapt8_ws/install/fishbot_application:/home/qing/ros2_humble/chapt8/chapt8_ws/install/autopatrol_robot:/opt/ros/humble CONDA_PROMPT_MODIFIER=(base) /usr/bin/cmake /home/qing/ros2_humble/chapt8/chapt8_ws/src/autopatrol_interfaces -DCMAKE_INSTALL_PREFIX=/home/qing/ros2_humble/chapt8/chapt8_ws/install/autopatrol_interfaces
[1.219s] Invoking command in '/home/qing/ros2_humble/chapt8/chapt8_ws/build/autopatrol_interfaces': CMAKE_PREFIX_PATH=${CMAKE_PREFIX_PATH}:/home/qing/ros2_humble/chapt8/chapt8_ws/install/fishbot_application:/home/qing/ros2_humble/chapt8/chapt8_ws/install/autopatrol_robot:/opt/ros/humble CONDA_PROMPT_MODIFIER=(base) /usr/bin/cmake --build /home/qing/ros2_humble/chapt8/chapt8_ws/build/autopatrol_interfaces -- -j16 -l16
[1.258s] [35m[1mConsolidate compiler generated dependencies of target autopatrol_interfaces__rosidl_generator_c[0m
[1.268s] [  3%] Built target autopatrol_interfaces__cpp
[1.268s] [ 12%] Built target autopatrol_interfaces__rosidl_generator_c
[1.279s] [ 12%] Built target ament_cmake_python_copy_autopatrol_interfaces
[1.279s] [35m[1mConsolidate compiler generated dependencies of target autopatrol_interfaces__rosidl_typesupport_fastrtps_cpp[0m
[1.279s] [35m[1mConsolidate compiler generated dependencies of target autopatrol_interfaces__rosidl_typesupport_introspection_cpp[0m
[1.280s] [35m[1mConsolidate compiler generated dependencies of target autopatrol_interfaces__rosidl_typesupport_cpp[0m
[1.292s] [35m[1mConsolidate compiler generated dependencies of target autopatrol_interfaces__rosidl_typesupport_c[0m
[1.292s] [35m[1mConsolidate compiler generated dependencies of target autopatrol_interfaces__rosidl_typesupport_introspection_c[0m
[1.293s] [35m[1mConsolidate compiler generated dependencies of target autopatrol_interfaces__rosidl_typesupport_fastrtps_c[0m
[1.295s] [ 22%] Built target autopatrol_interfaces__rosidl_typesupport_cpp
[1.295s] [ 32%] Built target autopatrol_interfaces__rosidl_typesupport_introspection_cpp
[1.300s] [ 41%] Built target autopatrol_interfaces__rosidl_typesupport_fastrtps_cpp
[1.305s] [ 51%] Built target autopatrol_interfaces__rosidl_typesupport_c
[1.307s] [ 61%] Built target autopatrol_interfaces__rosidl_typesupport_introspection_c
[1.310s] [ 70%] Built target autopatrol_interfaces__rosidl_typesupport_fastrtps_c
[1.331s] [ 70%] Built target autopatrol_interfaces
[1.350s] [ 74%] Built target autopatrol_interfaces__py
[1.359s] [35m[1mConsolidate compiler generated dependencies of target autopatrol_interfaces__rosidl_generator_py[0m
[1.373s] [ 80%] Built target autopatrol_interfaces__rosidl_generator_py
[1.384s] [35m[1mConsolidate compiler generated dependencies of target autopatrol_interfaces__rosidl_typesupport_fastrtps_c__pyext[0m
[1.384s] [35m[1mConsolidate compiler generated dependencies of target autopatrol_interfaces__rosidl_typesupport_c__pyext[0m
[1.384s] [35m[1mConsolidate compiler generated dependencies of target autopatrol_interfaces__rosidl_typesupport_introspection_c__pyext[0m
[1.400s] [ 87%] Built target autopatrol_interfaces__rosidl_typesupport_fastrtps_c__pyext
[1.400s] [ 93%] Built target autopatrol_interfaces__rosidl_typesupport_c__pyext
[1.401s] [100%] Built target autopatrol_interfaces__rosidl_typesupport_introspection_c__pyext
[1.590s] running egg_info
[1.595s] writing manifest file 'autopatrol_interfaces.egg-info/SOURCES.txt'
[1.627s] [100%] Built target ament_cmake_python_build_autopatrol_interfaces_egg
[1.639s] Invoked command in '/home/qing/ros2_humble/chapt8/chapt8_ws/build/autopatrol_interfaces' returned '0': CMAKE_PREFIX_PATH=${CMAKE_PREFIX_PATH}:/home/qing/ros2_humble/chapt8/chapt8_ws/install/fishbot_application:/home/qing/ros2_humble/chapt8/chapt8_ws/install/autopatrol_robot:/opt/ros/humble CONDA_PROMPT_MODIFIER=(base) /usr/bin/cmake --build /home/qing/ros2_humble/chapt8/chapt8_ws/build/autopatrol_interfaces -- -j16 -l16
[1.641s] Invoking command in '/home/qing/ros2_humble/chapt8/chapt8_ws/build/autopatrol_interfaces': CMAKE_PREFIX_PATH=${CMAKE_PREFIX_PATH}:/home/qing/ros2_humble/chapt8/chapt8_ws/install/fishbot_application:/home/qing/ros2_humble/chapt8/chapt8_ws/install/autopatrol_robot:/opt/ros/humble CONDA_PROMPT_MODIFIER=(base) /usr/bin/cmake --install /home/qing/ros2_humble/chapt8/chapt8_ws/build/autopatrol_interfaces
[1.649s] -- Install configuration: ""
[1.649s] -- Up-to-date: /home/qing/ros2_humble/chapt8/chapt8_ws/install/autopatrol_interfaces/share/ament_index/resource_index/rosidl_interfaces/autopatrol_interfaces
[1.649s] -- Up-to-date: /home/qing/ros2_humble/chapt8/chapt8_ws/install/autopatrol_interfaces/include/autopatrol_interfaces/autopatrol_interfaces
[1.649s] -- Up-to-date: /home/qing/ros2_humble/chapt8/chapt8_ws/install/autopatrol_interfaces/include/autopatrol_interfaces/autopatrol_interfaces/srv
[1.649s] -- Up-to-date: /home/qing/ros2_humble/chapt8/chapt8_ws/install/autopatrol_interfaces/include/autopatrol_interfaces/autopatrol_interfaces/srv/detail
[1.649s] -- Up-to-date: /home/qing/ros2_humble/chapt8/chapt8_ws/install/autopatrol_interfaces/include/autopatrol_interfaces/autopatrol_interfaces/srv/detail/speach_text__struct.h
[1.649s] -- Up-to-date: /home/qing/ros2_humble/chapt8/chapt8_ws/install/autopatrol_interfaces/include/autopatrol_interfaces/autopatrol_interfaces/srv/detail/speach_text__type_support.h
[1.650s] -- Up-to-date: /home/qing/ros2_humble/chapt8/chapt8_ws/install/autopatrol_interfaces/include/autopatrol_interfaces/autopatrol_interfaces/srv/detail/speach_text__functions.h
[1.650s] -- Up-to-date: /home/qing/ros2_humble/chapt8/chapt8_ws/install/autopatrol_interfaces/include/autopatrol_interfaces/autopatrol_interfaces/srv/detail/speach_text__functions.c
[1.650s] -- Up-to-date: /home/qing/ros2_humble/chapt8/chapt8_ws/install/autopatrol_interfaces/include/autopatrol_interfaces/autopatrol_interfaces/srv/speach_text.h
[1.650s] -- Up-to-date: /home/qing/ros2_humble/chapt8/chapt8_ws/install/autopatrol_interfaces/include/autopatrol_interfaces/autopatrol_interfaces/msg
[1.650s] -- Up-to-date: /home/qing/ros2_humble/chapt8/chapt8_ws/install/autopatrol_interfaces/include/autopatrol_interfaces/autopatrol_interfaces/msg/rosidl_generator_c__visibility_control.h
[1.650s] -- Up-to-date: /home/qing/ros2_humble/chapt8/chapt8_ws/install/autopatrol_interfaces/share/autopatrol_interfaces/environment/library_path.sh
[1.650s] -- Installing: /home/qing/ros2_humble/chapt8/chapt8_ws/install/autopatrol_interfaces/share/autopatrol_interfaces/environment/library_path.dsv
[1.650s] -- Up-to-date: /home/qing/ros2_humble/chapt8/chapt8_ws/install/autopatrol_interfaces/lib/libautopatrol_interfaces__rosidl_generator_c.so
[1.650s] -- Up-to-date: /home/qing/ros2_humble/chapt8/chapt8_ws/install/autopatrol_interfaces/include/autopatrol_interfaces/autopatrol_interfaces
[1.650s] -- Up-to-date: /home/qing/ros2_humble/chapt8/chapt8_ws/install/autopatrol_interfaces/include/autopatrol_interfaces/autopatrol_interfaces/srv
[1.650s] -- Up-to-date: /home/qing/ros2_humble/chapt8/chapt8_ws/install/autopatrol_interfaces/include/autopatrol_interfaces/autopatrol_interfaces/srv/detail
[1.650s] -- Up-to-date: /home/qing/ros2_humble/chapt8/chapt8_ws/install/autopatrol_interfaces/include/autopatrol_interfaces/autopatrol_interfaces/srv/detail/speach_text__rosidl_typesupport_fastrtps_c.h
[1.650s] -- Up-to-date: /home/qing/ros2_humble/chapt8/chapt8_ws/install/autopatrol_interfaces/include/autopatrol_interfaces/autopatrol_interfaces/msg
[1.650s] -- Up-to-date: /home/qing/ros2_humble/chapt8/chapt8_ws/install/autopatrol_interfaces/include/autopatrol_interfaces/autopatrol_interfaces/msg/rosidl_typesupport_fastrtps_c__visibility_control.h
[1.651s] -- Up-to-date: /home/qing/ros2_humble/chapt8/chapt8_ws/install/autopatrol_interfaces/lib/libautopatrol_interfaces__rosidl_typesupport_fastrtps_c.so
[1.651s] -- Up-to-date: /home/qing/ros2_humble/chapt8/chapt8_ws/install/autopatrol_interfaces/include/autopatrol_interfaces/autopatrol_interfaces
[1.651s] -- Up-to-date: /home/qing/ros2_humble/chapt8/chapt8_ws/install/autopatrol_interfaces/include/autopatrol_interfaces/autopatrol_interfaces/srv
[1.651s] -- Up-to-date: /home/qing/ros2_humble/chapt8/chapt8_ws/install/autopatrol_interfaces/include/autopatrol_interfaces/autopatrol_interfaces/srv/detail
[1.651s] -- Up-to-date: /home/qing/ros2_humble/chapt8/chapt8_ws/install/autopatrol_interfaces/include/autopatrol_interfaces/autopatrol_interfaces/srv/detail/speach_text__rosidl_typesupport_introspection_c.h
[1.651s] -- Up-to-date: /home/qing/ros2_humble/chapt8/chapt8_ws/install/autopatrol_interfaces/include/autopatrol_interfaces/autopatrol_interfaces/srv/detail/speach_text__type_support.c
[1.651s] -- Up-to-date: /home/qing/ros2_humble/chapt8/chapt8_ws/install/autopatrol_interfaces/include/autopatrol_interfaces/autopatrol_interfaces/msg
[1.651s] -- Up-to-date: /home/qing/ros2_humble/chapt8/chapt8_ws/install/autopatrol_interfaces/include/autopatrol_interfaces/autopatrol_interfaces/msg/rosidl_typesupport_introspection_c__visibility_control.h
[1.651s] -- Up-to-date: /home/qing/ros2_humble/chapt8/chapt8_ws/install/autopatrol_interfaces/lib/libautopatrol_interfaces__rosidl_typesupport_introspection_c.so
[1.651s] -- Up-to-date: /home/qing/ros2_humble/chapt8/chapt8_ws/install/autopatrol_interfaces/lib/libautopatrol_interfaces__rosidl_typesupport_c.so
[1.651s] -- Up-to-date: /home/qing/ros2_humble/chapt8/chapt8_ws/install/autopatrol_interfaces/include/autopatrol_interfaces/autopatrol_interfaces
[1.651s] -- Up-to-date: /home/qing/ros2_humble/chapt8/chapt8_ws/install/autopatrol_interfaces/include/autopatrol_interfaces/autopatrol_interfaces/srv
[1.651s] -- Up-to-date: /home/qing/ros2_humble/chapt8/chapt8_ws/install/autopatrol_interfaces/include/autopatrol_interfaces/autopatrol_interfaces/srv/detail
[1.651s] -- Up-to-date: /home/qing/ros2_humble/chapt8/chapt8_ws/install/autopatrol_interfaces/include/autopatrol_interfaces/autopatrol_interfaces/srv/detail/speach_text__struct.hpp
[1.652s] -- Up-to-date: /home/qing/ros2_humble/chapt8/chapt8_ws/install/autopatrol_interfaces/include/autopatrol_interfaces/autopatrol_interfaces/srv/detail/speach_text__type_support.hpp
[1.652s] -- Up-to-date: /home/qing/ros2_humble/chapt8/chapt8_ws/install/autopatrol_interfaces/include/autopatrol_interfaces/autopatrol_interfaces/srv/detail/speach_text__traits.hpp
[1.652s] -- Up-to-date: /home/qing/ros2_humble/chapt8/chapt8_ws/install/autopatrol_interfaces/include/autopatrol_interfaces/autopatrol_interfaces/srv/detail/speach_text__builder.hpp
[1.652s] -- Up-to-date: /home/qing/ros2_humble/chapt8/chapt8_ws/install/autopatrol_interfaces/include/autopatrol_interfaces/autopatrol_interfaces/srv/speach_text.hpp
[1.652s] -- Up-to-date: /home/qing/ros2_humble/chapt8/chapt8_ws/install/autopatrol_interfaces/include/autopatrol_interfaces/autopatrol_interfaces/msg
[1.652s] -- Up-to-date: /home/qing/ros2_humble/chapt8/chapt8_ws/install/autopatrol_interfaces/include/autopatrol_interfaces/autopatrol_interfaces/msg/rosidl_generator_cpp__visibility_control.hpp
[1.652s] -- Up-to-date: /home/qing/ros2_humble/chapt8/chapt8_ws/install/autopatrol_interfaces/include/autopatrol_interfaces/autopatrol_interfaces
[1.652s] -- Up-to-date: /home/qing/ros2_humble/chapt8/chapt8_ws/install/autopatrol_interfaces/include/autopatrol_interfaces/autopatrol_interfaces/srv
[1.652s] -- Up-to-date: /home/qing/ros2_humble/chapt8/chapt8_ws/install/autopatrol_interfaces/include/autopatrol_interfaces/autopatrol_interfaces/srv/detail
[1.652s] -- Up-to-date: /home/qing/ros2_humble/chapt8/chapt8_ws/install/autopatrol_interfaces/include/autopatrol_interfaces/autopatrol_interfaces/srv/detail/dds_fastrtps
[1.652s] -- Up-to-date: /home/qing/ros2_humble/chapt8/chapt8_ws/install/autopatrol_interfaces/include/autopatrol_interfaces/autopatrol_interfaces/srv/detail/speach_text__rosidl_typesupport_fastrtps_cpp.hpp
[1.652s] -- Up-to-date: /home/qing/ros2_humble/chapt8/chapt8_ws/install/autopatrol_interfaces/include/autopatrol_interfaces/autopatrol_interfaces/msg
[1.652s] -- Up-to-date: /home/qing/ros2_humble/chapt8/chapt8_ws/install/autopatrol_interfaces/include/autopatrol_interfaces/autopatrol_interfaces/msg/rosidl_typesupport_fastrtps_cpp__visibility_control.h
[1.652s] -- Up-to-date: /home/qing/ros2_humble/chapt8/chapt8_ws/install/autopatrol_interfaces/lib/libautopatrol_interfaces__rosidl_typesupport_fastrtps_cpp.so
[1.652s] -- Up-to-date: /home/qing/ros2_humble/chapt8/chapt8_ws/install/autopatrol_interfaces/include/autopatrol_interfaces/autopatrol_interfaces
[1.652s] -- Up-to-date: /home/qing/ros2_humble/chapt8/chapt8_ws/install/autopatrol_interfaces/include/autopatrol_interfaces/autopatrol_interfaces/srv
[1.653s] -- Up-to-date: /home/qing/ros2_humble/chapt8/chapt8_ws/install/autopatrol_interfaces/include/autopatrol_interfaces/autopatrol_interfaces/srv/detail
[1.653s] -- Up-to-date: /home/qing/ros2_humble/chapt8/chapt8_ws/install/autopatrol_interfaces/include/autopatrol_interfaces/autopatrol_interfaces/srv/detail/speach_text__type_support.cpp
[1.653s] -- Up-to-date: /home/qing/ros2_humble/chapt8/chapt8_ws/install/autopatrol_interfaces/include/autopatrol_interfaces/autopatrol_interfaces/srv/detail/speach_text__rosidl_typesupport_introspection_cpp.hpp
[1.653s] -- Up-to-date: /home/qing/ros2_humble/chapt8/chapt8_ws/install/autopatrol_interfaces/lib/libautopatrol_interfaces__rosidl_typesupport_introspection_cpp.so
[1.653s] -- Up-to-date: /home/qing/ros2_humble/chapt8/chapt8_ws/install/autopatrol_interfaces/lib/libautopatrol_interfaces__rosidl_typesupport_cpp.so
[1.653s] -- Up-to-date: /home/qing/ros2_humble/chapt8/chapt8_ws/install/autopatrol_interfaces/share/autopatrol_interfaces/environment/pythonpath.sh
[1.653s] -- Installing: /home/qing/ros2_humble/chapt8/chapt8_ws/install/autopatrol_interfaces/share/autopatrol_interfaces/environment/pythonpath.dsv
[1.653s] -- Up-to-date: /home/qing/ros2_humble/chapt8/chapt8_ws/install/autopatrol_interfaces/lib/python3.10/site-packages/autopatrol_interfaces-0.0.0-py3.10.egg-info
[1.653s] -- Installing: /home/qing/ros2_humble/chapt8/chapt8_ws/install/autopatrol_interfaces/lib/python3.10/site-packages/autopatrol_interfaces-0.0.0-py3.10.egg-info/top_level.txt
[1.653s] -- Installing: /home/qing/ros2_humble/chapt8/chapt8_ws/install/autopatrol_interfaces/lib/python3.10/site-packages/autopatrol_interfaces-0.0.0-py3.10.egg-info/PKG-INFO
[1.653s] -- Installing: /home/qing/ros2_humble/chapt8/chapt8_ws/install/autopatrol_interfaces/lib/python3.10/site-packages/autopatrol_interfaces-0.0.0-py3.10.egg-info/dependency_links.txt
[1.653s] -- Installing: /home/qing/ros2_humble/chapt8/chapt8_ws/install/autopatrol_interfaces/lib/python3.10/site-packages/autopatrol_interfaces-0.0.0-py3.10.egg-info/SOURCES.txt
[1.653s] -- Up-to-date: /home/qing/ros2_humble/chapt8/chapt8_ws/install/autopatrol_interfaces/lib/python3.10/site-packages/autopatrol_interfaces
[1.653s] -- Up-to-date: /home/qing/ros2_humble/chapt8/chapt8_ws/install/autopatrol_interfaces/lib/python3.10/site-packages/autopatrol_interfaces/autopatrol_interfaces_s__rosidl_typesupport_c.cpython-310-x86_64-linux-gnu.so
[1.653s] -- Up-to-date: /home/qing/ros2_humble/chapt8/chapt8_ws/install/autopatrol_interfaces/lib/python3.10/site-packages/autopatrol_interfaces/libautopatrol_interfaces__rosidl_generator_py.so
[1.653s] -- Up-to-date: /home/qing/ros2_humble/chapt8/chapt8_ws/install/autopatrol_interfaces/lib/python3.10/site-packages/autopatrol_interfaces/srv
[1.653s] -- Up-to-date: /home/qing/ros2_humble/chapt8/chapt8_ws/install/autopatrol_interfaces/lib/python3.10/site-packages/autopatrol_interfaces/srv/_speach_text.py
[1.654s] -- Up-to-date: /home/qing/ros2_humble/chapt8/chapt8_ws/install/autopatrol_interfaces/lib/python3.10/site-packages/autopatrol_interfaces/srv/__init__.py
[1.654s] -- Up-to-date: /home/qing/ros2_humble/chapt8/chapt8_ws/install/autopatrol_interfaces/lib/python3.10/site-packages/autopatrol_interfaces/srv/_speach_text_s.c
[1.654s] -- Installing: /home/qing/ros2_humble/chapt8/chapt8_ws/install/autopatrol_interfaces/lib/python3.10/site-packages/autopatrol_interfaces/__init__.py
[1.654s] -- Up-to-date: /home/qing/ros2_humble/chapt8/chapt8_ws/install/autopatrol_interfaces/lib/python3.10/site-packages/autopatrol_interfaces/_autopatrol_interfaces_s.ep.rosidl_typesupport_introspection_c.c
[1.654s] -- Up-to-date: /home/qing/ros2_humble/chapt8/chapt8_ws/install/autopatrol_interfaces/lib/python3.10/site-packages/autopatrol_interfaces/_autopatrol_interfaces_s.ep.rosidl_typesupport_fastrtps_c.c
[1.654s] -- Up-to-date: /home/qing/ros2_humble/chapt8/chapt8_ws/install/autopatrol_interfaces/lib/python3.10/site-packages/autopatrol_interfaces/autopatrol_interfaces_s__rosidl_typesupport_fastrtps_c.cpython-310-x86_64-linux-gnu.so
[1.654s] -- Up-to-date: /home/qing/ros2_humble/chapt8/chapt8_ws/install/autopatrol_interfaces/lib/python3.10/site-packages/autopatrol_interfaces/_autopatrol_interfaces_s.ep.rosidl_typesupport_c.c
[1.654s] -- Up-to-date: /home/qing/ros2_humble/chapt8/chapt8_ws/install/autopatrol_interfaces/lib/python3.10/site-packages/autopatrol_interfaces/autopatrol_interfaces_s__rosidl_typesupport_introspection_c.cpython-310-x86_64-linux-gnu.so
[1.683s] Listing '/home/qing/ros2_humble/chapt8/chapt8_ws/install/autopatrol_interfaces/lib/python3.10/site-packages/autopatrol_interfaces'...
[1.684s] Compiling '/home/qing/ros2_humble/chapt8/chapt8_ws/install/autopatrol_interfaces/lib/python3.10/site-packages/autopatrol_interfaces/__init__.py'...
[1.684s] Listing '/home/qing/ros2_humble/chapt8/chapt8_ws/install/autopatrol_interfaces/lib/python3.10/site-packages/autopatrol_interfaces/srv'...
[1.688s] -- Up-to-date: /home/qing/ros2_humble/chapt8/chapt8_ws/install/autopatrol_interfaces/lib/python3.10/site-packages/autopatrol_interfaces/autopatrol_interfaces_s__rosidl_typesupport_fastrtps_c.cpython-310-x86_64-linux-gnu.so
[1.688s] -- Up-to-date: /home/qing/ros2_humble/chapt8/chapt8_ws/install/autopatrol_interfaces/lib/python3.10/site-packages/autopatrol_interfaces/autopatrol_interfaces_s__rosidl_typesupport_introspection_c.cpython-310-x86_64-linux-gnu.so
[1.688s] -- Up-to-date: /home/qing/ros2_humble/chapt8/chapt8_ws/install/autopatrol_interfaces/lib/python3.10/site-packages/autopatrol_interfaces/autopatrol_interfaces_s__rosidl_typesupport_c.cpython-310-x86_64-linux-gnu.so
[1.688s] -- Up-to-date: /home/qing/ros2_humble/chapt8/chapt8_ws/install/autopatrol_interfaces/lib/libautopatrol_interfaces__rosidl_generator_py.so
[1.688s] -- Up-to-date: /home/qing/ros2_humble/chapt8/chapt8_ws/install/autopatrol_interfaces/share/autopatrol_interfaces/srv/SpeachText.idl
[1.688s] -- Installing: /home/qing/ros2_humble/chapt8/chapt8_ws/install/autopatrol_interfaces/share/autopatrol_interfaces/srv/SpeachText.srv
[1.688s] -- Up-to-date: /home/qing/ros2_humble/chapt8/chapt8_ws/install/autopatrol_interfaces/share/autopatrol_interfaces/srv/SpeachText_Request.msg
[1.688s] -- Up-to-date: /home/qing/ros2_humble/chapt8/chapt8_ws/install/autopatrol_interfaces/share/autopatrol_interfaces/srv/SpeachText_Response.msg
[1.688s] -- Up-to-date: /home/qing/ros2_humble/chapt8/chapt8_ws/install/autopatrol_interfaces/share/ament_index/resource_index/package_run_dependencies/autopatrol_interfaces
[1.688s] -- Installing: /home/qing/ros2_humble/chapt8/chapt8_ws/install/autopatrol_interfaces/share/ament_index/resource_index/parent_prefix_path/autopatrol_interfaces
[1.689s] -- Up-to-date: /home/qing/ros2_humble/chapt8/chapt8_ws/install/autopatrol_interfaces/share/autopatrol_interfaces/environment/ament_prefix_path.sh
[1.689s] -- Installing: /home/qing/ros2_humble/chapt8/chapt8_ws/install/autopatrol_interfaces/share/autopatrol_interfaces/environment/ament_prefix_path.dsv
[1.689s] -- Up-to-date: /home/qing/ros2_humble/chapt8/chapt8_ws/install/autopatrol_interfaces/share/autopatrol_interfaces/environment/path.sh
[1.689s] -- Installing: /home/qing/ros2_humble/chapt8/chapt8_ws/install/autopatrol_interfaces/share/autopatrol_interfaces/environment/path.dsv
[1.689s] -- Up-to-date: /home/qing/ros2_humble/chapt8/chapt8_ws/install/autopatrol_interfaces/share/autopatrol_interfaces/local_setup.bash
[1.689s] -- Up-to-date: /home/qing/ros2_humble/chapt8/chapt8_ws/install/autopatrol_interfaces/share/autopatrol_interfaces/local_setup.sh
[1.689s] -- Up-to-date: /home/qing/ros2_humble/chapt8/chapt8_ws/install/autopatrol_interfaces/share/autopatrol_interfaces/local_setup.zsh
[1.689s] -- Installing: /home/qing/ros2_humble/chapt8/chapt8_ws/install/autopatrol_interfaces/share/autopatrol_interfaces/local_setup.dsv
[1.689s] -- Installing: /home/qing/ros2_humble/chapt8/chapt8_ws/install/autopatrol_interfaces/share/autopatrol_interfaces/package.dsv
[1.689s] -- Up-to-date: /home/qing/ros2_humble/chapt8/chapt8_ws/install/autopatrol_interfaces/share/ament_index/resource_index/packages/autopatrol_interfaces
[1.690s] -- Up-to-date: /home/qing/ros2_humble/chapt8/chapt8_ws/install/autopatrol_interfaces/share/autopatrol_interfaces/cmake/export_autopatrol_interfaces__rosidl_generator_cExport.cmake
[1.690s] -- Up-to-date: /home/qing/ros2_humble/chapt8/chapt8_ws/install/autopatrol_interfaces/share/autopatrol_interfaces/cmake/export_autopatrol_interfaces__rosidl_generator_cExport-noconfig.cmake
[1.690s] -- Up-to-date: /home/qing/ros2_humble/chapt8/chapt8_ws/install/autopatrol_interfaces/share/autopatrol_interfaces/cmake/export_autopatrol_interfaces__rosidl_typesupport_fastrtps_cExport.cmake
[1.690s] -- Up-to-date: /home/qing/ros2_humble/chapt8/chapt8_ws/install/autopatrol_interfaces/share/autopatrol_interfaces/cmake/export_autopatrol_interfaces__rosidl_typesupport_fastrtps_cExport-noconfig.cmake
[1.690s] -- Up-to-date: /home/qing/ros2_humble/chapt8/chapt8_ws/install/autopatrol_interfaces/share/autopatrol_interfaces/cmake/autopatrol_interfaces__rosidl_typesupport_introspection_cExport.cmake
[1.690s] -- Up-to-date: /home/qing/ros2_humble/chapt8/chapt8_ws/install/autopatrol_interfaces/share/autopatrol_interfaces/cmake/autopatrol_interfaces__rosidl_typesupport_introspection_cExport-noconfig.cmake
[1.690s] -- Up-to-date: /home/qing/ros2_humble/chapt8/chapt8_ws/install/autopatrol_interfaces/share/autopatrol_interfaces/cmake/autopatrol_interfaces__rosidl_typesupport_cExport.cmake
[1.691s] -- Up-to-date: /home/qing/ros2_humble/chapt8/chapt8_ws/install/autopatrol_interfaces/share/autopatrol_interfaces/cmake/autopatrol_interfaces__rosidl_typesupport_cExport-noconfig.cmake
[1.691s] -- Up-to-date: /home/qing/ros2_humble/chapt8/chapt8_ws/install/autopatrol_interfaces/share/autopatrol_interfaces/cmake/export_autopatrol_interfaces__rosidl_generator_cppExport.cmake
[1.691s] -- Up-to-date: /home/qing/ros2_humble/chapt8/chapt8_ws/install/autopatrol_interfaces/share/autopatrol_interfaces/cmake/export_autopatrol_interfaces__rosidl_typesupport_fastrtps_cppExport.cmake
[1.691s] -- Up-to-date: /home/qing/ros2_humble/chapt8/chapt8_ws/install/autopatrol_interfaces/share/autopatrol_interfaces/cmake/export_autopatrol_interfaces__rosidl_typesupport_fastrtps_cppExport-noconfig.cmake
[1.691s] -- Up-to-date: /home/qing/ros2_humble/chapt8/chapt8_ws/install/autopatrol_interfaces/share/autopatrol_interfaces/cmake/autopatrol_interfaces__rosidl_typesupport_introspection_cppExport.cmake
[1.691s] -- Up-to-date: /home/qing/ros2_humble/chapt8/chapt8_ws/install/autopatrol_interfaces/share/autopatrol_interfaces/cmake/autopatrol_interfaces__rosidl_typesupport_introspection_cppExport-noconfig.cmake
[1.691s] -- Up-to-date: /home/qing/ros2_humble/chapt8/chapt8_ws/install/autopatrol_interfaces/share/autopatrol_interfaces/cmake/autopatrol_interfaces__rosidl_typesupport_cppExport.cmake
[1.691s] -- Up-to-date: /home/qing/ros2_humble/chapt8/chapt8_ws/install/autopatrol_interfaces/share/autopatrol_interfaces/cmake/autopatrol_interfaces__rosidl_typesupport_cppExport-noconfig.cmake
[1.691s] -- Up-to-date: /home/qing/ros2_humble/chapt8/chapt8_ws/install/autopatrol_interfaces/share/autopatrol_interfaces/cmake/export_autopatrol_interfaces__rosidl_generator_pyExport.cmake
[1.692s] -- Up-to-date: /home/qing/ros2_humble/chapt8/chapt8_ws/install/autopatrol_interfaces/share/autopatrol_interfaces/cmake/export_autopatrol_interfaces__rosidl_generator_pyExport-noconfig.cmake
[1.692s] -- Up-to-date: /home/qing/ros2_humble/chapt8/chapt8_ws/install/autopatrol_interfaces/share/autopatrol_interfaces/cmake/rosidl_cmake-extras.cmake
[1.692s] -- Up-to-date: /home/qing/ros2_humble/chapt8/chapt8_ws/install/autopatrol_interfaces/share/autopatrol_interfaces/cmake/ament_cmake_export_include_directories-extras.cmake
[1.692s] -- Up-to-date: /home/qing/ros2_humble/chapt8/chapt8_ws/install/autopatrol_interfaces/share/autopatrol_interfaces/cmake/ament_cmake_export_libraries-extras.cmake
[1.692s] -- Up-to-date: /home/qing/ros2_humble/chapt8/chapt8_ws/install/autopatrol_interfaces/share/autopatrol_interfaces/cmake/ament_cmake_export_targets-extras.cmake
[1.692s] -- Up-to-date: /home/qing/ros2_humble/chapt8/chapt8_ws/install/autopatrol_interfaces/share/autopatrol_interfaces/cmake/rosidl_cmake_export_typesupport_targets-extras.cmake
[1.692s] -- Up-to-date: /home/qing/ros2_humble/chapt8/chapt8_ws/install/autopatrol_interfaces/share/autopatrol_interfaces/cmake/ament_cmake_export_dependencies-extras.cmake
[1.692s] -- Up-to-date: /home/qing/ros2_humble/chapt8/chapt8_ws/install/autopatrol_interfaces/share/autopatrol_interfaces/cmake/rosidl_cmake_export_typesupport_libraries-extras.cmake
[1.692s] -- Up-to-date: /home/qing/ros2_humble/chapt8/chapt8_ws/install/autopatrol_interfaces/share/autopatrol_interfaces/cmake/autopatrol_interfacesConfig.cmake
[1.692s] -- Up-to-date: /home/qing/ros2_humble/chapt8/chapt8_ws/install/autopatrol_interfaces/share/autopatrol_interfaces/cmake/autopatrol_interfacesConfig-version.cmake
[1.692s] -- Installing: /home/qing/ros2_humble/chapt8/chapt8_ws/install/autopatrol_interfaces/share/autopatrol_interfaces/package.xml
[1.695s] Invoked command in '/home/qing/ros2_humble/chapt8/chapt8_ws/build/autopatrol_interfaces' returned '0': CMAKE_PREFIX_PATH=${CMAKE_PREFIX_PATH}:/home/qing/ros2_humble/chapt8/chapt8_ws/install/fishbot_application:/home/qing/ros2_humble/chapt8/chapt8_ws/install/autopatrol_robot:/opt/ros/humble CONDA_PROMPT_MODIFIER=(base) /usr/bin/cmake --install /home/qing/ros2_humble/chapt8/chapt8_ws/build/autopatrol_interfaces
