[0.449s] Invoking command in '/home/qing/ros2_humble/chapter2/chapt2_4/src/demo_python_pkg': CONDA_PROMPT_MODIFIER=(ros_test) PYTHONPATH=/home/qing/ros2_humble/chapter2/chapt2_4/build/demo_python_pkg/prefix_override:/usr/lib/python3/dist-packages/colcon_core/task/python/colcon_distutils_commands:/home/qing/ros2_humble/chapter2/chapt2_4/install/demo_python_pkg/lib/python3.10/site-packages:${PYTHONPATH} /usr/bin/python3 -W ignore:setup.py install is deprecated -W ignore:easy_install command is deprecated setup.py egg_info --egg-base ../../build/demo_python_pkg build --build-base /home/qing/ros2_humble/chapter2/chapt2_4/build/demo_python_pkg/build install --record /home/qing/ros2_humble/chapter2/chapt2_4/build/demo_python_pkg/install.log --single-version-externally-managed install_data
[0.627s] running egg_info
[0.628s] writing ../../build/demo_python_pkg/demo_python_pkg.egg-info/PKG-INFO
[0.628s] writing dependency_links to ../../build/demo_python_pkg/demo_python_pkg.egg-info/dependency_links.txt
[0.628s] writing entry points to ../../build/demo_python_pkg/demo_python_pkg.egg-info/entry_points.txt
[0.628s] writing requirements to ../../build/demo_python_pkg/demo_python_pkg.egg-info/requires.txt
[0.628s] writing top-level names to ../../build/demo_python_pkg/demo_python_pkg.egg-info/top_level.txt
[0.629s] reading manifest file '../../build/demo_python_pkg/demo_python_pkg.egg-info/SOURCES.txt'
[0.630s] writing manifest file '../../build/demo_python_pkg/demo_python_pkg.egg-info/SOURCES.txt'
[0.630s] running build
[0.630s] running build_py
[0.630s] copying demo_python_pkg/learn_thread.py -> /home/qing/ros2_humble/chapter2/chapt2_4/build/demo_python_pkg/build/lib/demo_python_pkg
[0.630s] running install
[0.631s] running install_lib
[0.631s] copying /home/qing/ros2_humble/chapter2/chapt2_4/build/demo_python_pkg/build/lib/demo_python_pkg/learn_thread.py -> /home/qing/ros2_humble/chapter2/chapt2_4/install/demo_python_pkg/lib/python3.10/site-packages/demo_python_pkg
[0.632s] byte-compiling /home/qing/ros2_humble/chapter2/chapt2_4/install/demo_python_pkg/lib/python3.10/site-packages/demo_python_pkg/learn_thread.py to learn_thread.cpython-310.pyc
[0.632s] running install_data
[0.632s] running install_egg_info
[0.633s] removing '/home/qing/ros2_humble/chapter2/chapt2_4/install/demo_python_pkg/lib/python3.10/site-packages/demo_python_pkg-0.0.0-py3.10.egg-info' (and everything under it)
[0.634s] Copying ../../build/demo_python_pkg/demo_python_pkg.egg-info to /home/qing/ros2_humble/chapter2/chapt2_4/install/demo_python_pkg/lib/python3.10/site-packages/demo_python_pkg-0.0.0-py3.10.egg-info
[0.634s] running install_scripts
[0.652s] Installing learn_thread script to /home/qing/ros2_humble/chapter2/chapt2_4/install/demo_python_pkg/lib/demo_python_pkg
[0.652s] Installing person_node script to /home/qing/ros2_humble/chapter2/chapt2_4/install/demo_python_pkg/lib/demo_python_pkg
[0.653s] Installing python_node script to /home/qing/ros2_humble/chapter2/chapt2_4/install/demo_python_pkg/lib/demo_python_pkg
[0.653s] Installing write_node script to /home/qing/ros2_humble/chapter2/chapt2_4/install/demo_python_pkg/lib/demo_python_pkg
[0.653s] writing list of installed files to '/home/qing/ros2_humble/chapter2/chapt2_4/build/demo_python_pkg/install.log'
[0.674s] Invoked command in '/home/qing/ros2_humble/chapter2/chapt2_4/src/demo_python_pkg' returned '0': CONDA_PROMPT_MODIFIER=(ros_test) PYTHONPATH=/home/qing/ros2_humble/chapter2/chapt2_4/build/demo_python_pkg/prefix_override:/usr/lib/python3/dist-packages/colcon_core/task/python/colcon_distutils_commands:/home/qing/ros2_humble/chapter2/chapt2_4/install/demo_python_pkg/lib/python3.10/site-packages:${PYTHONPATH} /usr/bin/python3 -W ignore:setup.py install is deprecated -W ignore:easy_install command is deprecated setup.py egg_info --egg-base ../../build/demo_python_pkg build --build-base /home/qing/ros2_humble/chapter2/chapt2_4/build/demo_python_pkg/build install --record /home/qing/ros2_humble/chapter2/chapt2_4/build/demo_python_pkg/install.log --single-version-externally-managed install_data
