-- The C compiler identification is Clang 14.0.0
-- The CXX compiler identification is GNU 11.4.0
-- Detecting C compiler ABI info
-- Detecting C compiler ABI info - done
-- Check for working C compiler: /usr/bin/cc - skipped
-- Detecting C compile features
-- Detecting C compile features - done
-- Detecting CXX compiler ABI info
-- Detecting CXX compiler ABI info - done
-- Check for working CXX compiler: /usr/bin/g++ - skipped
-- Detecting CXX compile features
-- Detecting CXX compile features - done
-- Found ament_cmake: 1.3.11 (/opt/ros/humble/share/ament_cmake/cmake)
-- Found Python3: /home/qing/下载/enter/bin/python3 (found version "3.10.14") found components: Interpreter 
-- Found rclcpp: 16.0.11 (/opt/ros/humble/share/rclcpp/cmake)
-- Found rosidl_generator_c: 3.1.6 (/opt/ros/humble/share/rosidl_generator_c/cmake)
-- Found rosidl_adapter: 3.1.6 (/opt/ros/humble/share/rosidl_adapter/cmake)
-- Found rosidl_generator_cpp: 3.1.6 (/opt/ros/humble/share/rosidl_generator_cpp/cmake)
-- Using all available rosidl_typesupport_c: rosidl_typesupport_fastrtps_c;rosidl_typesupport_introspection_c
-- Using all available rosidl_typesupport_cpp: rosidl_typesupport_fastrtps_cpp;rosidl_typesupport_introspection_cpp
-- Found rmw_implementation_cmake: 6.1.2 (/opt/ros/humble/share/rmw_implementation_cmake/cmake)
-- Found rmw_fastrtps_cpp: 6.2.7 (/opt/ros/humble/share/rmw_fastrtps_cpp/cmake)
-- Found OpenSSL: /usr/lib/x86_64-linux-gnu/libcrypto.so (found version "3.0.2")  
-- Found FastRTPS: /opt/ros/humble/include  
-- Using RMW implementation 'rmw_fastrtps_cpp' as default
-- Looking for pthread.h
-- Looking for pthread.h - found
-- Performing Test CMAKE_HAVE_LIBC_PTHREAD
-- Performing Test CMAKE_HAVE_LIBC_PTHREAD - Success
-- Found Threads: TRUE  
-- Found nav2_msgs: 1.1.18 (/opt/ros/humble/share/nav2_msgs/cmake)
-- Found rclcpp_action: 16.0.11 (/opt/ros/humble/share/rclcpp_action/cmake)
-- Found ament_lint_auto: 0.12.11 (/opt/ros/humble/share/ament_lint_auto/cmake)
-- Added test 'cppcheck' to perform static code analysis on C / C++ code
-- Configured cppcheck include dirs: 
-- Configured cppcheck exclude dirs and/or files: 
-- Added test 'lint_cmake' to check CMake code style
-- Added test 'uncrustify' to check C / C++ code style
-- Configured uncrustify additional arguments: 
-- Added test 'xmllint' to check XML markup files
-- Configuring done
-- Generating done
-- Build files have been written to: /home/qing/ros2_humble/chapter7/chapt7_ws/build/fishbot_application_cpp
[ 50%] [32mBuilding CXX object CMakeFiles/nav2pose.dir/src/nav2pose.cpp.o[0m
[100%] [32m[1mLinking CXX executable nav2pose[0m
[100%] Built target nav2pose
-- Install configuration: ""
-- Installing: /home/qing/ros2_humble/chapter7/chapt7_ws/install/fishbot_application_cpp/lib/fishbot_application_cpp/nav2pose
-- Installing: /home/qing/ros2_humble/chapter7/chapt7_ws/install/fishbot_application_cpp/share/ament_index/resource_index/package_run_dependencies/fishbot_application_cpp
-- Installing: /home/qing/ros2_humble/chapter7/chapt7_ws/install/fishbot_application_cpp/share/ament_index/resource_index/parent_prefix_path/fishbot_application_cpp
-- Installing: /home/qing/ros2_humble/chapter7/chapt7_ws/install/fishbot_application_cpp/share/fishbot_application_cpp/environment/ament_prefix_path.sh
-- Installing: /home/qing/ros2_humble/chapter7/chapt7_ws/install/fishbot_application_cpp/share/fishbot_application_cpp/environment/ament_prefix_path.dsv
-- Installing: /home/qing/ros2_humble/chapter7/chapt7_ws/install/fishbot_application_cpp/share/fishbot_application_cpp/environment/path.sh
-- Installing: /home/qing/ros2_humble/chapter7/chapt7_ws/install/fishbot_application_cpp/share/fishbot_application_cpp/environment/path.dsv
-- Installing: /home/qing/ros2_humble/chapter7/chapt7_ws/install/fishbot_application_cpp/share/fishbot_application_cpp/local_setup.bash
-- Installing: /home/qing/ros2_humble/chapter7/chapt7_ws/install/fishbot_application_cpp/share/fishbot_application_cpp/local_setup.sh
-- Installing: /home/qing/ros2_humble/chapter7/chapt7_ws/install/fishbot_application_cpp/share/fishbot_application_cpp/local_setup.zsh
-- Installing: /home/qing/ros2_humble/chapter7/chapt7_ws/install/fishbot_application_cpp/share/fishbot_application_cpp/local_setup.dsv
-- Installing: /home/qing/ros2_humble/chapter7/chapt7_ws/install/fishbot_application_cpp/share/fishbot_application_cpp/package.dsv
-- Installing: /home/qing/ros2_humble/chapter7/chapt7_ws/install/fishbot_application_cpp/share/ament_index/resource_index/packages/fishbot_application_cpp
-- Installing: /home/qing/ros2_humble/chapter7/chapt7_ws/install/fishbot_application_cpp/share/fishbot_application_cpp/cmake/fishbot_application_cppConfig.cmake
-- Installing: /home/qing/ros2_humble/chapter7/chapt7_ws/install/fishbot_application_cpp/share/fishbot_application_cpp/cmake/fishbot_application_cppConfig-version.cmake
-- Installing: /home/qing/ros2_humble/chapter7/chapt7_ws/install/fishbot_application_cpp/share/fishbot_application_cpp/package.xml
