[0.605s] Invoking command in '/home/qing/ros2_humble/chapter7/chapt7_ws/build/fishbot_application_cpp': CMAKE_PREFIX_PATH=/opt/ros/humble CONDA_PROMPT_MODIFIER=(base) /usr/bin/cmake /home/qing/ros2_humble/chapter7/chapt7_ws/src/fishbot_application_cpp -DCMAKE_CXX_COMPILER=/usr/bin/g++ -DCMAKE_CXX_FLAGS=-I/usr/include/c++/11 -DCMAKE_SKIP_RPATH=ON -DCMAKE_INSTALL_PREFIX=/home/qing/ros2_humble/chapter7/chapt7_ws/install/fishbot_application_cpp
[0.700s] -- The C compiler identification is Clang 14.0.0
[0.751s] -- The CXX compiler identification is GNU 11.4.0
[0.759s] -- Detecting C compiler ABI info
[0.856s] -- Detecting C compiler ABI info - done
[0.862s] -- Check for working C compiler: /usr/bin/cc - skipped
[0.862s] -- Detecting C compile features
[0.863s] -- Detecting C compile features - done
[0.866s] -- Detecting CXX compiler ABI info
[0.945s] -- Detecting CXX compiler ABI info - done
[0.954s] -- Check for working CXX compiler: /usr/bin/g++ - skipped
[0.954s] -- Detecting CXX compile features
[0.954s] -- Detecting CXX compile features - done
[0.957s] -- Found ament_cmake: 1.3.11 (/opt/ros/humble/share/ament_cmake/cmake)
[1.628s] -- Found Python3: /home/qing/下载/enter/bin/python3 (found version "3.10.14") found components: Interpreter 
[1.710s] -- Found rclcpp: 16.0.11 (/opt/ros/humble/share/rclcpp/cmake)
[1.746s] -- Found rosidl_generator_c: 3.1.6 (/opt/ros/humble/share/rosidl_generator_c/cmake)
[1.751s] -- Found rosidl_adapter: 3.1.6 (/opt/ros/humble/share/rosidl_adapter/cmake)
[1.758s] -- Found rosidl_generator_cpp: 3.1.6 (/opt/ros/humble/share/rosidl_generator_cpp/cmake)
[1.767s] -- Using all available rosidl_typesupport_c: rosidl_typesupport_fastrtps_c;rosidl_typesupport_introspection_c
[1.780s] -- Using all available rosidl_typesupport_cpp: rosidl_typesupport_fastrtps_cpp;rosidl_typesupport_introspection_cpp
[1.822s] -- Found rmw_implementation_cmake: 6.1.2 (/opt/ros/humble/share/rmw_implementation_cmake/cmake)
[1.822s] -- Found rmw_fastrtps_cpp: 6.2.7 (/opt/ros/humble/share/rmw_fastrtps_cpp/cmake)
[1.920s] -- Found OpenSSL: /usr/lib/x86_64-linux-gnu/libcrypto.so (found version "3.0.2")  
[1.951s] -- Found FastRTPS: /opt/ros/humble/include  
[1.997s] -- Using RMW implementation 'rmw_fastrtps_cpp' as default
[2.006s] -- Looking for pthread.h
[2.118s] -- Looking for pthread.h - found
[2.118s] -- Performing Test CMAKE_HAVE_LIBC_PTHREAD
[2.238s] -- Performing Test CMAKE_HAVE_LIBC_PTHREAD - Success
[2.239s] -- Found Threads: TRUE  
[2.287s] -- Found nav2_msgs: 1.1.18 (/opt/ros/humble/share/nav2_msgs/cmake)
[2.364s] -- Found rclcpp_action: 16.0.11 (/opt/ros/humble/share/rclcpp_action/cmake)
[2.373s] -- Found ament_lint_auto: 0.12.11 (/opt/ros/humble/share/ament_lint_auto/cmake)
[2.459s] -- Added test 'cppcheck' to perform static code analysis on C / C++ code
[2.459s] -- Configured cppcheck include dirs: 
[2.459s] -- Configured cppcheck exclude dirs and/or files: 
[2.459s] -- Added test 'lint_cmake' to check CMake code style
[2.460s] -- Added test 'uncrustify' to check C / C++ code style
[2.460s] -- Configured uncrustify additional arguments: 
[2.460s] -- Added test 'xmllint' to check XML markup files
[2.462s] -- Configuring done
[2.475s] -- Generating done
[2.480s] -- Build files have been written to: /home/qing/ros2_humble/chapter7/chapt7_ws/build/fishbot_application_cpp
[2.495s] Invoked command in '/home/qing/ros2_humble/chapter7/chapt7_ws/build/fishbot_application_cpp' returned '0': CMAKE_PREFIX_PATH=/opt/ros/humble CONDA_PROMPT_MODIFIER=(base) /usr/bin/cmake /home/qing/ros2_humble/chapter7/chapt7_ws/src/fishbot_application_cpp -DCMAKE_CXX_COMPILER=/usr/bin/g++ -DCMAKE_CXX_FLAGS=-I/usr/include/c++/11 -DCMAKE_SKIP_RPATH=ON -DCMAKE_INSTALL_PREFIX=/home/qing/ros2_humble/chapter7/chapt7_ws/install/fishbot_application_cpp
[2.498s] Invoking command in '/home/qing/ros2_humble/chapter7/chapt7_ws/build/fishbot_application_cpp': CMAKE_PREFIX_PATH=/opt/ros/humble CONDA_PROMPT_MODIFIER=(base) /usr/bin/cmake --build /home/qing/ros2_humble/chapter7/chapt7_ws/build/fishbot_application_cpp -- -j16 -l16
[2.548s] [ 50%] [32mBuilding CXX object CMakeFiles/nav2pose.dir/src/nav2pose.cpp.o[0m
[5.927s] [100%] [32m[1mLinking CXX executable nav2pose[0m
[6.091s] [100%] Built target nav2pose
[6.102s] Invoked command in '/home/qing/ros2_humble/chapter7/chapt7_ws/build/fishbot_application_cpp' returned '0': CMAKE_PREFIX_PATH=/opt/ros/humble CONDA_PROMPT_MODIFIER=(base) /usr/bin/cmake --build /home/qing/ros2_humble/chapter7/chapt7_ws/build/fishbot_application_cpp -- -j16 -l16
[6.104s] Invoking command in '/home/qing/ros2_humble/chapter7/chapt7_ws/build/fishbot_application_cpp': CMAKE_PREFIX_PATH=/opt/ros/humble CONDA_PROMPT_MODIFIER=(base) /usr/bin/cmake --install /home/qing/ros2_humble/chapter7/chapt7_ws/build/fishbot_application_cpp
[6.111s] -- Install configuration: ""
[6.111s] -- Installing: /home/qing/ros2_humble/chapter7/chapt7_ws/install/fishbot_application_cpp/lib/fishbot_application_cpp/nav2pose
[6.112s] -- Installing: /home/qing/ros2_humble/chapter7/chapt7_ws/install/fishbot_application_cpp/share/ament_index/resource_index/package_run_dependencies/fishbot_application_cpp
[6.112s] -- Installing: /home/qing/ros2_humble/chapter7/chapt7_ws/install/fishbot_application_cpp/share/ament_index/resource_index/parent_prefix_path/fishbot_application_cpp
[6.112s] -- Installing: /home/qing/ros2_humble/chapter7/chapt7_ws/install/fishbot_application_cpp/share/fishbot_application_cpp/environment/ament_prefix_path.sh
[6.113s] -- Installing: /home/qing/ros2_humble/chapter7/chapt7_ws/install/fishbot_application_cpp/share/fishbot_application_cpp/environment/ament_prefix_path.dsv
[6.113s] -- Installing: /home/qing/ros2_humble/chapter7/chapt7_ws/install/fishbot_application_cpp/share/fishbot_application_cpp/environment/path.sh
[6.113s] -- Installing: /home/qing/ros2_humble/chapter7/chapt7_ws/install/fishbot_application_cpp/share/fishbot_application_cpp/environment/path.dsv
[6.113s] -- Installing: /home/qing/ros2_humble/chapter7/chapt7_ws/install/fishbot_application_cpp/share/fishbot_application_cpp/local_setup.bash
[6.113s] -- Installing: /home/qing/ros2_humble/chapter7/chapt7_ws/install/fishbot_application_cpp/share/fishbot_application_cpp/local_setup.sh
[6.113s] -- Installing: /home/qing/ros2_humble/chapter7/chapt7_ws/install/fishbot_application_cpp/share/fishbot_application_cpp/local_setup.zsh
[6.114s] -- Installing: /home/qing/ros2_humble/chapter7/chapt7_ws/install/fishbot_application_cpp/share/fishbot_application_cpp/local_setup.dsv
[6.114s] -- Installing: /home/qing/ros2_humble/chapter7/chapt7_ws/install/fishbot_application_cpp/share/fishbot_application_cpp/package.dsv
[6.114s] -- Installing: /home/qing/ros2_humble/chapter7/chapt7_ws/install/fishbot_application_cpp/share/ament_index/resource_index/packages/fishbot_application_cpp
[6.114s] -- Installing: /home/qing/ros2_humble/chapter7/chapt7_ws/install/fishbot_application_cpp/share/fishbot_application_cpp/cmake/fishbot_application_cppConfig.cmake
[6.114s] -- Installing: /home/qing/ros2_humble/chapter7/chapt7_ws/install/fishbot_application_cpp/share/fishbot_application_cpp/cmake/fishbot_application_cppConfig-version.cmake
[6.114s] -- Installing: /home/qing/ros2_humble/chapter7/chapt7_ws/install/fishbot_application_cpp/share/fishbot_application_cpp/package.xml
[6.117s] Invoked command in '/home/qing/ros2_humble/chapter7/chapt7_ws/build/fishbot_application_cpp' returned '0': CMAKE_PREFIX_PATH=/opt/ros/humble CONDA_PROMPT_MODIFIER=(base) /usr/bin/cmake --install /home/qing/ros2_humble/chapter7/chapt7_ws/build/fishbot_application_cpp
