[0.008s] Invoking command in '/home/qing/ros2_humble/chapter5/chapt5_2/build/demo_cpp_tf': CMAKE_PREFIX_PATH=/home/qing/ros2_humble/chapter5/chapt5_1/install/demo_python_tf:/opt/ros/humble CONDA_PROMPT_MODIFIER=(ros_test) /usr/bin/cmake /home/qing/ros2_humble/chapter5/chapt5_2/src/demo_cpp_tf -DCMAKE_CXX_COMPILER=/usr/bin/g++ -DCMAKE_CXX_FLAGS=-I/usr/include/c++/11 -DCMAKE_SKIP_RPATH=ON -DCMAKE_INSTALL_PREFIX=/home/qing/ros2_humble/chapter5/chapt5_2/install/demo_cpp_tf
[0.129s] -- The C compiler identification is GNU 11.2.0
[0.226s] -- The CXX compiler identification is GNU 11.4.0
[0.234s] -- Detecting C compiler ABI info
[0.305s] -- Detecting C compiler ABI info - done
[0.310s] -- Check for working C compiler: /home/qing/下载/enter/envs/ros_test/bin/cc - skipped
[0.310s] -- Detecting C compile features
[0.311s] -- Detecting C compile features - done
[0.314s] -- Detecting CXX compiler ABI info
[0.383s] -- Detecting CXX compiler ABI info - done
[0.389s] -- Check for working CXX compiler: /usr/bin/g++ - skipped
[0.389s] -- Detecting CXX compile features
[0.389s] -- Detecting CXX compile features - done
[0.390s] [31mCMake Error at CMakeLists.txt:10 (ament_target_dependencies):
[0.390s]   Unknown CMake command "ament_target_dependencies".
[0.390s] 
[0.390s] [0m
[0.390s] -- Configuring incomplete, errors occurred!
[0.390s] See also "/home/qing/ros2_humble/chapter5/chapt5_2/build/demo_cpp_tf/CMakeFiles/CMakeOutput.log".
[0.394s] Invoked command in '/home/qing/ros2_humble/chapter5/chapt5_2/build/demo_cpp_tf' returned '1': CMAKE_PREFIX_PATH=/home/qing/ros2_humble/chapter5/chapt5_1/install/demo_python_tf:/opt/ros/humble CONDA_PROMPT_MODIFIER=(ros_test) /usr/bin/cmake /home/qing/ros2_humble/chapter5/chapt5_2/src/demo_cpp_tf -DCMAKE_CXX_COMPILER=/usr/bin/g++ -DCMAKE_CXX_FLAGS=-I/usr/include/c++/11 -DCMAKE_SKIP_RPATH=ON -DCMAKE_INSTALL_PREFIX=/home/qing/ros2_humble/chapter5/chapt5_2/install/demo_cpp_tf
