[0.010s] Invoking command in '/home/qing/ros2_humble/chapter4/face_detect/build/chapt4_interfaces': CMAKE_PREFIX_PATH=${CMAKE_PREFIX_PATH}:/home/qing/ros2_humble/chapter4/face_detect/install/demo_python_service:/home/qing/ros2_humble/chapter3/chapt3_4/install/status_publisher:/opt/ros/humble CONDA_PROMPT_MODIFIER=(base) /usr/bin/cmake /home/qing/ros2_humble/chapter4/face_detect/src/chapt4_interfaces -DCMAKE_CXX_COMPILER=/usr/bin/g++ -DCMAKE_CXX_FLAGS=-I/usr/include/c++/11 -DCMAKE_SKIP_RPATH=ON -DCMAKE_INSTALL_PREFIX=/home/qing/ros2_humble/chapter4/face_detect/install/chapt4_interfaces
[0.086s] -- The C compiler identification is Clang 14.0.0
[0.129s] -- The CXX compiler identification is GNU 11.4.0
[0.137s] -- Detecting C compiler ABI info
[0.227s] -- Detecting C compiler ABI info - done
[0.231s] -- Check for working C compiler: /usr/bin/cc - skipped
[0.231s] -- Detecting C compile features
[0.231s] -- Detecting C compile features - done
[0.233s] -- Detecting CXX compiler ABI info
[0.300s] -- Detecting CXX compiler ABI info - done
[0.306s] -- Check for working CXX compiler: /usr/bin/g++ - skipped
[0.306s] -- Detecting CXX compile features
[0.307s] -- Detecting CXX compile features - done
[0.309s] -- Found ament_cmake: 1.3.11 (/opt/ros/humble/share/ament_cmake/cmake)
[0.863s] -- Found Python3: /home/qing/下载/enter/bin/python3 (found version "3.10.14") found components: Interpreter 
[0.937s] -- Found rosidl_default_generators: 1.2.0 (/opt/ros/humble/share/rosidl_default_generators/cmake)
[0.939s] -- Using all available rosidl_typesupport_c: rosidl_typesupport_fastrtps_c;rosidl_typesupport_introspection_c
[0.945s] -- Found rosidl_adapter: 3.1.6 (/opt/ros/humble/share/rosidl_adapter/cmake)
[0.978s] -- Using all available rosidl_typesupport_cpp: rosidl_typesupport_fastrtps_cpp;rosidl_typesupport_introspection_cpp
[1.003s] -- Found sensor_msgs: 4.2.4 (/opt/ros/humble/share/sensor_msgs/cmake)
[1.298s] -- Found ament_cmake_ros: 0.10.0 (/opt/ros/humble/share/ament_cmake_ros/cmake)
[1.534s] -- Using all available rosidl_typesupport_c: rosidl_typesupport_fastrtps_c;rosidl_typesupport_introspection_c
[1.844s] -- Using all available rosidl_typesupport_cpp: rosidl_typesupport_fastrtps_cpp;rosidl_typesupport_introspection_cpp
[1.866s] -- Found PythonInterp: /home/qing/下载/enter/bin/python3 (found suitable version "3.10.14", minimum required is "3.6") 
[1.867s] -- Found python_cmake_module: 0.10.0 (/opt/ros/humble/share/python_cmake_module/cmake)
[1.892s] -- Found PythonLibs: /home/qing/下载/enter/lib/libpython3.10.so (found suitable version "3.10.14", minimum required is "3.5") 
[1.892s] -- Using PYTHON_EXECUTABLE: /home/qing/下载/enter/bin/python3
[1.892s] -- Using PYTHON_INCLUDE_DIRS: /home/qing/下载/enter/include/python3.10
[1.892s] -- Using PYTHON_LIBRARIES: /home/qing/下载/enter/lib/libpython3.10.so
[1.914s] -- Found PythonExtra: .so  
[2.061s] -- Using numpy include directory: /home/qing/下载/enter/lib/python3.10/site-packages/numpy/core/include
[2.072s] -- Found ament_lint_auto: 0.12.11 (/opt/ros/humble/share/ament_lint_auto/cmake)
[2.087s] -- Added test 'lint_cmake' to check CMake code style
[2.088s] -- Added test 'xmllint' to check XML markup files
[2.091s] -- Configuring done
[2.121s] -- Generating done
[2.131s] -- Build files have been written to: /home/qing/ros2_humble/chapter4/face_detect/build/chapt4_interfaces
[2.140s] Invoked command in '/home/qing/ros2_humble/chapter4/face_detect/build/chapt4_interfaces' returned '0': CMAKE_PREFIX_PATH=${CMAKE_PREFIX_PATH}:/home/qing/ros2_humble/chapter4/face_detect/install/demo_python_service:/home/qing/ros2_humble/chapter3/chapt3_4/install/status_publisher:/opt/ros/humble CONDA_PROMPT_MODIFIER=(base) /usr/bin/cmake /home/qing/ros2_humble/chapter4/face_detect/src/chapt4_interfaces -DCMAKE_CXX_COMPILER=/usr/bin/g++ -DCMAKE_CXX_FLAGS=-I/usr/include/c++/11 -DCMAKE_SKIP_RPATH=ON -DCMAKE_INSTALL_PREFIX=/home/qing/ros2_humble/chapter4/face_detect/install/chapt4_interfaces
[2.141s] Invoking command in '/home/qing/ros2_humble/chapter4/face_detect/build/chapt4_interfaces': CMAKE_PREFIX_PATH=${CMAKE_PREFIX_PATH}:/home/qing/ros2_humble/chapter4/face_detect/install/demo_python_service:/home/qing/ros2_humble/chapter3/chapt3_4/install/status_publisher:/opt/ros/humble CONDA_PROMPT_MODIFIER=(base) /usr/bin/cmake --build /home/qing/ros2_humble/chapter4/face_detect/build/chapt4_interfaces -- -j16 -l16
[2.176s] [  3%] [34m[1mGenerating C code for ROS interfaces[0m
[2.184s] [  6%] [34m[1mGenerating C++ code for ROS interfaces[0m
[2.192s] [  6%] Built target ament_cmake_python_copy_chapt4_interfaces
[2.457s] running egg_info
[2.458s] creating chapt4_interfaces.egg-info
[2.458s] writing manifest file 'chapt4_interfaces.egg-info/SOURCES.txt'
[2.459s] [  9%] [32mBuilding C object CMakeFiles/chapt4_interfaces__rosidl_generator_c.dir/rosidl_generator_c/chapt4_interfaces/srv/detail/face_detect__functions.c.o[0m
[2.460s] writing manifest file 'chapt4_interfaces.egg-info/SOURCES.txt'
[2.470s] [  9%] Built target chapt4_interfaces__cpp
[2.479s] [ 19%] [34m[1mGenerating C++ introspection for ROS interfaces[0m
[2.479s] [ 19%] [34m[1mGenerating C++ type support for eProsima Fast-RTPS[0m
[2.480s] [ 19%] [34m[1mGenerating C++ type support dispatch for ROS interfaces[0m
[2.490s] [ 19%] Built target ament_cmake_python_build_chapt4_interfaces_egg
[2.515s] [ 22%] [32m[1mLinking C shared library libchapt4_interfaces__rosidl_generator_c.so[0m
[2.569s] [ 22%] Built target chapt4_interfaces__rosidl_generator_c
[2.579s] [ 32%] [34m[1mGenerating C type support dispatch for ROS interfaces[0m
[2.579s] [ 32%] [34m[1mGenerating C type support for eProsima Fast-RTPS[0m
[2.579s] [ 32%] [34m[1mGenerating C introspection for ROS interfaces[0m
[2.738s] [ 35%] [32mBuilding CXX object CMakeFiles/chapt4_interfaces__rosidl_typesupport_cpp.dir/rosidl_typesupport_cpp/chapt4_interfaces/srv/face_detect__type_support.cpp.o[0m
[2.764s] [ 38%] [32mBuilding CXX object CMakeFiles/chapt4_interfaces__rosidl_typesupport_fastrtps_cpp.dir/rosidl_typesupport_fastrtps_cpp/chapt4_interfaces/srv/detail/dds_fastrtps/face_detect__type_support.cpp.o[0m
[2.774s] [ 41%] [32mBuilding CXX object CMakeFiles/chapt4_interfaces__rosidl_typesupport_introspection_cpp.dir/rosidl_typesupport_introspection_cpp/chapt4_interfaces/srv/detail/face_detect__type_support.cpp.o[0m
[2.842s] [ 45%] [32mBuilding CXX object CMakeFiles/chapt4_interfaces__rosidl_typesupport_c.dir/rosidl_typesupport_c/chapt4_interfaces/srv/face_detect__type_support.cpp.o[0m
[2.867s] [ 48%] [32mBuilding CXX object CMakeFiles/chapt4_interfaces__rosidl_typesupport_fastrtps_c.dir/rosidl_typesupport_fastrtps_c/chapt4_interfaces/srv/detail/face_detect__type_support_c.cpp.o[0m
[2.870s] [ 51%] [32mBuilding C object CMakeFiles/chapt4_interfaces__rosidl_typesupport_introspection_c.dir/rosidl_typesupport_introspection_c/chapt4_interfaces/srv/detail/face_detect__type_support.c.o[0m
[2.872s] [ 54%] [32m[1mLinking CXX shared library libchapt4_interfaces__rosidl_typesupport_c.so[0m
[2.913s] [ 54%] Built target chapt4_interfaces__rosidl_typesupport_c
[2.920s] [ 58%] [32m[1mLinking C shared library libchapt4_interfaces__rosidl_typesupport_introspection_c.so[0m
[2.961s] [ 61%] [32m[1mLinking CXX shared library libchapt4_interfaces__rosidl_typesupport_cpp.so[0m
[2.977s] [ 61%] Built target chapt4_interfaces__rosidl_typesupport_introspection_c
[3.001s] [ 61%] Built target chapt4_interfaces__rosidl_typesupport_cpp
[3.129s] [ 64%] [32m[1mLinking CXX shared library libchapt4_interfaces__rosidl_typesupport_introspection_cpp.so[0m
[3.138s] [ 67%] [32m[1mLinking CXX shared library libchapt4_interfaces__rosidl_typesupport_fastrtps_cpp.so[0m
[3.156s] [ 70%] [32m[1mLinking CXX shared library libchapt4_interfaces__rosidl_typesupport_fastrtps_c.so[0m
[3.205s] [ 70%] Built target chapt4_interfaces__rosidl_typesupport_introspection_cpp
[3.214s] [ 70%] Built target chapt4_interfaces__rosidl_typesupport_fastrtps_cpp
[3.229s] [ 70%] Built target chapt4_interfaces__rosidl_typesupport_fastrtps_c
[3.246s] [ 70%] Built target chapt4_interfaces
[3.263s] [ 74%] [34m[1mGenerating Python code for ROS interfaces[0m
[3.648s] [ 74%] Built target chapt4_interfaces__py
[3.667s] [ 77%] [32mBuilding C object CMakeFiles/chapt4_interfaces__rosidl_generator_py.dir/rosidl_generator_py/chapt4_interfaces/srv/_face_detect_s.c.o[0m
[3.783s] [ 80%] [32m[1mLinking C shared library rosidl_generator_py/chapt4_interfaces/libchapt4_interfaces__rosidl_generator_py.so[0m
[3.836s] [ 80%] Built target chapt4_interfaces__rosidl_generator_py
[3.853s] [ 90%] [32mBuilding C object CMakeFiles/chapt4_interfaces__rosidl_typesupport_c__pyext.dir/rosidl_generator_py/chapt4_interfaces/_chapt4_interfaces_s.ep.rosidl_typesupport_c.c.o[0m
[3.854s] [ 90%] [32mBuilding C object CMakeFiles/chapt4_interfaces__rosidl_typesupport_introspection_c__pyext.dir/rosidl_generator_py/chapt4_interfaces/_chapt4_interfaces_s.ep.rosidl_typesupport_introspection_c.c.o[0m
[3.854s] [ 90%] [32mBuilding C object CMakeFiles/chapt4_interfaces__rosidl_typesupport_fastrtps_c__pyext.dir/rosidl_generator_py/chapt4_interfaces/_chapt4_interfaces_s.ep.rosidl_typesupport_fastrtps_c.c.o[0m
[3.950s] [ 96%] [32m[1mLinking C shared library rosidl_generator_py/chapt4_interfaces/chapt4_interfaces_s__rosidl_typesupport_introspection_c.cpython-310-x86_64-linux-gnu.so[0m
[3.951s] [ 96%] [32m[1mLinking C shared library rosidl_generator_py/chapt4_interfaces/chapt4_interfaces_s__rosidl_typesupport_c.cpython-310-x86_64-linux-gnu.so[0m
[3.952s] [100%] [32m[1mLinking C shared library rosidl_generator_py/chapt4_interfaces/chapt4_interfaces_s__rosidl_typesupport_fastrtps_c.cpython-310-x86_64-linux-gnu.so[0m
[4.011s] [100%] Built target chapt4_interfaces__rosidl_typesupport_c__pyext
[4.011s] [100%] Built target chapt4_interfaces__rosidl_typesupport_introspection_c__pyext
[4.011s] [100%] Built target chapt4_interfaces__rosidl_typesupport_fastrtps_c__pyext
[4.022s] Invoked command in '/home/qing/ros2_humble/chapter4/face_detect/build/chapt4_interfaces' returned '0': CMAKE_PREFIX_PATH=${CMAKE_PREFIX_PATH}:/home/qing/ros2_humble/chapter4/face_detect/install/demo_python_service:/home/qing/ros2_humble/chapter3/chapt3_4/install/status_publisher:/opt/ros/humble CONDA_PROMPT_MODIFIER=(base) /usr/bin/cmake --build /home/qing/ros2_humble/chapter4/face_detect/build/chapt4_interfaces -- -j16 -l16
[4.031s] Invoking command in '/home/qing/ros2_humble/chapter4/face_detect/build/chapt4_interfaces': CMAKE_PREFIX_PATH=${CMAKE_PREFIX_PATH}:/home/qing/ros2_humble/chapter4/face_detect/install/demo_python_service:/home/qing/ros2_humble/chapter3/chapt3_4/install/status_publisher:/opt/ros/humble CONDA_PROMPT_MODIFIER=(base) /usr/bin/cmake --install /home/qing/ros2_humble/chapter4/face_detect/build/chapt4_interfaces
[4.037s] -- Install configuration: ""
[4.037s] -- Installing: /home/qing/ros2_humble/chapter4/face_detect/install/chapt4_interfaces/share/ament_index/resource_index/rosidl_interfaces/chapt4_interfaces
[4.038s] -- Installing: /home/qing/ros2_humble/chapter4/face_detect/install/chapt4_interfaces/include/chapt4_interfaces/chapt4_interfaces
[4.038s] -- Installing: /home/qing/ros2_humble/chapter4/face_detect/install/chapt4_interfaces/include/chapt4_interfaces/chapt4_interfaces/srv
[4.038s] -- Installing: /home/qing/ros2_humble/chapter4/face_detect/install/chapt4_interfaces/include/chapt4_interfaces/chapt4_interfaces/srv/detail
[4.038s] -- Installing: /home/qing/ros2_humble/chapter4/face_detect/install/chapt4_interfaces/include/chapt4_interfaces/chapt4_interfaces/srv/detail/face_detect__type_support.h
[4.038s] -- Installing: /home/qing/ros2_humble/chapter4/face_detect/install/chapt4_interfaces/include/chapt4_interfaces/chapt4_interfaces/srv/detail/face_detect__struct.h
[4.038s] -- Installing: /home/qing/ros2_humble/chapter4/face_detect/install/chapt4_interfaces/include/chapt4_interfaces/chapt4_interfaces/srv/detail/face_detect__functions.h
[4.038s] -- Installing: /home/qing/ros2_humble/chapter4/face_detect/install/chapt4_interfaces/include/chapt4_interfaces/chapt4_interfaces/srv/detail/face_detect__functions.c
[4.038s] -- Installing: /home/qing/ros2_humble/chapter4/face_detect/install/chapt4_interfaces/include/chapt4_interfaces/chapt4_interfaces/srv/face_detect.h
[4.038s] -- Installing: /home/qing/ros2_humble/chapter4/face_detect/install/chapt4_interfaces/include/chapt4_interfaces/chapt4_interfaces/msg
[4.039s] -- Installing: /home/qing/ros2_humble/chapter4/face_detect/install/chapt4_interfaces/include/chapt4_interfaces/chapt4_interfaces/msg/rosidl_generator_c__visibility_control.h
[4.039s] -- Installing: /home/qing/ros2_humble/chapter4/face_detect/install/chapt4_interfaces/share/chapt4_interfaces/environment/library_path.sh
[4.039s] -- Installing: /home/qing/ros2_humble/chapter4/face_detect/install/chapt4_interfaces/share/chapt4_interfaces/environment/library_path.dsv
[4.039s] -- Installing: /home/qing/ros2_humble/chapter4/face_detect/install/chapt4_interfaces/lib/libchapt4_interfaces__rosidl_generator_c.so
[4.039s] -- Up-to-date: /home/qing/ros2_humble/chapter4/face_detect/install/chapt4_interfaces/include/chapt4_interfaces/chapt4_interfaces
[4.039s] -- Up-to-date: /home/qing/ros2_humble/chapter4/face_detect/install/chapt4_interfaces/include/chapt4_interfaces/chapt4_interfaces/srv
[4.039s] -- Up-to-date: /home/qing/ros2_humble/chapter4/face_detect/install/chapt4_interfaces/include/chapt4_interfaces/chapt4_interfaces/srv/detail
[4.039s] -- Installing: /home/qing/ros2_humble/chapter4/face_detect/install/chapt4_interfaces/include/chapt4_interfaces/chapt4_interfaces/srv/detail/face_detect__rosidl_typesupport_fastrtps_c.h
[4.039s] -- Up-to-date: /home/qing/ros2_humble/chapter4/face_detect/install/chapt4_interfaces/include/chapt4_interfaces/chapt4_interfaces/msg
[4.039s] -- Installing: /home/qing/ros2_humble/chapter4/face_detect/install/chapt4_interfaces/include/chapt4_interfaces/chapt4_interfaces/msg/rosidl_typesupport_fastrtps_c__visibility_control.h
[4.040s] -- Installing: /home/qing/ros2_humble/chapter4/face_detect/install/chapt4_interfaces/lib/libchapt4_interfaces__rosidl_typesupport_fastrtps_c.so
[4.040s] -- Up-to-date: /home/qing/ros2_humble/chapter4/face_detect/install/chapt4_interfaces/include/chapt4_interfaces/chapt4_interfaces
[4.040s] -- Up-to-date: /home/qing/ros2_humble/chapter4/face_detect/install/chapt4_interfaces/include/chapt4_interfaces/chapt4_interfaces/srv
[4.040s] -- Up-to-date: /home/qing/ros2_humble/chapter4/face_detect/install/chapt4_interfaces/include/chapt4_interfaces/chapt4_interfaces/srv/detail
[4.040s] -- Installing: /home/qing/ros2_humble/chapter4/face_detect/install/chapt4_interfaces/include/chapt4_interfaces/chapt4_interfaces/srv/detail/face_detect__type_support.c
[4.040s] -- Installing: /home/qing/ros2_humble/chapter4/face_detect/install/chapt4_interfaces/include/chapt4_interfaces/chapt4_interfaces/srv/detail/face_detect__rosidl_typesupport_introspection_c.h
[4.040s] -- Up-to-date: /home/qing/ros2_humble/chapter4/face_detect/install/chapt4_interfaces/include/chapt4_interfaces/chapt4_interfaces/msg
[4.040s] -- Installing: /home/qing/ros2_humble/chapter4/face_detect/install/chapt4_interfaces/include/chapt4_interfaces/chapt4_interfaces/msg/rosidl_typesupport_introspection_c__visibility_control.h
[4.040s] -- Installing: /home/qing/ros2_humble/chapter4/face_detect/install/chapt4_interfaces/lib/libchapt4_interfaces__rosidl_typesupport_introspection_c.so
[4.040s] -- Installing: /home/qing/ros2_humble/chapter4/face_detect/install/chapt4_interfaces/lib/libchapt4_interfaces__rosidl_typesupport_c.so
[4.041s] -- Up-to-date: /home/qing/ros2_humble/chapter4/face_detect/install/chapt4_interfaces/include/chapt4_interfaces/chapt4_interfaces
[4.041s] -- Up-to-date: /home/qing/ros2_humble/chapter4/face_detect/install/chapt4_interfaces/include/chapt4_interfaces/chapt4_interfaces/srv
[4.041s] -- Installing: /home/qing/ros2_humble/chapter4/face_detect/install/chapt4_interfaces/include/chapt4_interfaces/chapt4_interfaces/srv/face_detect.hpp
[4.041s] -- Up-to-date: /home/qing/ros2_humble/chapter4/face_detect/install/chapt4_interfaces/include/chapt4_interfaces/chapt4_interfaces/srv/detail
[4.041s] -- Installing: /home/qing/ros2_humble/chapter4/face_detect/install/chapt4_interfaces/include/chapt4_interfaces/chapt4_interfaces/srv/detail/face_detect__traits.hpp
[4.041s] -- Installing: /home/qing/ros2_humble/chapter4/face_detect/install/chapt4_interfaces/include/chapt4_interfaces/chapt4_interfaces/srv/detail/face_detect__type_support.hpp
[4.041s] -- Installing: /home/qing/ros2_humble/chapter4/face_detect/install/chapt4_interfaces/include/chapt4_interfaces/chapt4_interfaces/srv/detail/face_detect__builder.hpp
[4.041s] -- Installing: /home/qing/ros2_humble/chapter4/face_detect/install/chapt4_interfaces/include/chapt4_interfaces/chapt4_interfaces/srv/detail/face_detect__struct.hpp
[4.041s] -- Up-to-date: /home/qing/ros2_humble/chapter4/face_detect/install/chapt4_interfaces/include/chapt4_interfaces/chapt4_interfaces/msg
[4.041s] -- Installing: /home/qing/ros2_humble/chapter4/face_detect/install/chapt4_interfaces/include/chapt4_interfaces/chapt4_interfaces/msg/rosidl_generator_cpp__visibility_control.hpp
[4.042s] -- Up-to-date: /home/qing/ros2_humble/chapter4/face_detect/install/chapt4_interfaces/include/chapt4_interfaces/chapt4_interfaces
[4.042s] -- Up-to-date: /home/qing/ros2_humble/chapter4/face_detect/install/chapt4_interfaces/include/chapt4_interfaces/chapt4_interfaces/srv
[4.042s] -- Up-to-date: /home/qing/ros2_humble/chapter4/face_detect/install/chapt4_interfaces/include/chapt4_interfaces/chapt4_interfaces/srv/detail
[4.042s] -- Installing: /home/qing/ros2_humble/chapter4/face_detect/install/chapt4_interfaces/include/chapt4_interfaces/chapt4_interfaces/srv/detail/face_detect__rosidl_typesupport_fastrtps_cpp.hpp
[4.042s] -- Installing: /home/qing/ros2_humble/chapter4/face_detect/install/chapt4_interfaces/include/chapt4_interfaces/chapt4_interfaces/srv/detail/dds_fastrtps
[4.042s] -- Up-to-date: /home/qing/ros2_humble/chapter4/face_detect/install/chapt4_interfaces/include/chapt4_interfaces/chapt4_interfaces/msg
[4.042s] -- Installing: /home/qing/ros2_humble/chapter4/face_detect/install/chapt4_interfaces/include/chapt4_interfaces/chapt4_interfaces/msg/rosidl_typesupport_fastrtps_cpp__visibility_control.h
[4.042s] -- Installing: /home/qing/ros2_humble/chapter4/face_detect/install/chapt4_interfaces/lib/libchapt4_interfaces__rosidl_typesupport_fastrtps_cpp.so
[4.042s] -- Up-to-date: /home/qing/ros2_humble/chapter4/face_detect/install/chapt4_interfaces/include/chapt4_interfaces/chapt4_interfaces
[4.042s] -- Up-to-date: /home/qing/ros2_humble/chapter4/face_detect/install/chapt4_interfaces/include/chapt4_interfaces/chapt4_interfaces/srv
[4.042s] -- Up-to-date: /home/qing/ros2_humble/chapter4/face_detect/install/chapt4_interfaces/include/chapt4_interfaces/chapt4_interfaces/srv/detail
[4.042s] -- Installing: /home/qing/ros2_humble/chapter4/face_detect/install/chapt4_interfaces/include/chapt4_interfaces/chapt4_interfaces/srv/detail/face_detect__type_support.cpp
[4.042s] -- Installing: /home/qing/ros2_humble/chapter4/face_detect/install/chapt4_interfaces/include/chapt4_interfaces/chapt4_interfaces/srv/detail/face_detect__rosidl_typesupport_introspection_cpp.hpp
[4.043s] -- Installing: /home/qing/ros2_humble/chapter4/face_detect/install/chapt4_interfaces/lib/libchapt4_interfaces__rosidl_typesupport_introspection_cpp.so
[4.043s] -- Installing: /home/qing/ros2_humble/chapter4/face_detect/install/chapt4_interfaces/lib/libchapt4_interfaces__rosidl_typesupport_cpp.so
[4.043s] -- Installing: /home/qing/ros2_humble/chapter4/face_detect/install/chapt4_interfaces/share/chapt4_interfaces/environment/pythonpath.sh
[4.043s] -- Installing: /home/qing/ros2_humble/chapter4/face_detect/install/chapt4_interfaces/share/chapt4_interfaces/environment/pythonpath.dsv
[4.043s] -- Installing: /home/qing/ros2_humble/chapter4/face_detect/install/chapt4_interfaces/lib/python3.10/site-packages/chapt4_interfaces-0.0.0-py3.10.egg-info
[4.043s] -- Installing: /home/qing/ros2_humble/chapter4/face_detect/install/chapt4_interfaces/lib/python3.10/site-packages/chapt4_interfaces-0.0.0-py3.10.egg-info/top_level.txt
[4.044s] -- Installing: /home/qing/ros2_humble/chapter4/face_detect/install/chapt4_interfaces/lib/python3.10/site-packages/chapt4_interfaces-0.0.0-py3.10.egg-info/PKG-INFO
[4.044s] -- Installing: /home/qing/ros2_humble/chapter4/face_detect/install/chapt4_interfaces/lib/python3.10/site-packages/chapt4_interfaces-0.0.0-py3.10.egg-info/dependency_links.txt
[4.044s] -- Installing: /home/qing/ros2_humble/chapter4/face_detect/install/chapt4_interfaces/lib/python3.10/site-packages/chapt4_interfaces-0.0.0-py3.10.egg-info/SOURCES.txt
[4.044s] -- Installing: /home/qing/ros2_humble/chapter4/face_detect/install/chapt4_interfaces/lib/python3.10/site-packages/chapt4_interfaces
[4.044s] -- Installing: /home/qing/ros2_humble/chapter4/face_detect/install/chapt4_interfaces/lib/python3.10/site-packages/chapt4_interfaces/chapt4_interfaces_s__rosidl_typesupport_introspection_c.cpython-310-x86_64-linux-gnu.so
[4.044s] -- Installing: /home/qing/ros2_humble/chapter4/face_detect/install/chapt4_interfaces/lib/python3.10/site-packages/chapt4_interfaces/libchapt4_interfaces__rosidl_generator_py.so
[4.044s] -- Installing: /home/qing/ros2_humble/chapter4/face_detect/install/chapt4_interfaces/lib/python3.10/site-packages/chapt4_interfaces/_chapt4_interfaces_s.ep.rosidl_typesupport_introspection_c.c
[4.044s] -- Installing: /home/qing/ros2_humble/chapter4/face_detect/install/chapt4_interfaces/lib/python3.10/site-packages/chapt4_interfaces/_chapt4_interfaces_s.ep.rosidl_typesupport_fastrtps_c.c
[4.044s] -- Installing: /home/qing/ros2_humble/chapter4/face_detect/install/chapt4_interfaces/lib/python3.10/site-packages/chapt4_interfaces/chapt4_interfaces_s__rosidl_typesupport_c.cpython-310-x86_64-linux-gnu.so
[4.045s] -- Installing: /home/qing/ros2_humble/chapter4/face_detect/install/chapt4_interfaces/lib/python3.10/site-packages/chapt4_interfaces/_chapt4_interfaces_s.ep.rosidl_typesupport_c.c
[4.045s] -- Installing: /home/qing/ros2_humble/chapter4/face_detect/install/chapt4_interfaces/lib/python3.10/site-packages/chapt4_interfaces/chapt4_interfaces_s__rosidl_typesupport_fastrtps_c.cpython-310-x86_64-linux-gnu.so
[4.045s] -- Installing: /home/qing/ros2_humble/chapter4/face_detect/install/chapt4_interfaces/lib/python3.10/site-packages/chapt4_interfaces/srv
[4.045s] -- Installing: /home/qing/ros2_humble/chapter4/face_detect/install/chapt4_interfaces/lib/python3.10/site-packages/chapt4_interfaces/srv/_face_detect_s.c
[4.045s] -- Installing: /home/qing/ros2_humble/chapter4/face_detect/install/chapt4_interfaces/lib/python3.10/site-packages/chapt4_interfaces/srv/__init__.py
[4.045s] -- Installing: /home/qing/ros2_humble/chapter4/face_detect/install/chapt4_interfaces/lib/python3.10/site-packages/chapt4_interfaces/srv/_face_detect.py
[4.046s] -- Installing: /home/qing/ros2_humble/chapter4/face_detect/install/chapt4_interfaces/lib/python3.10/site-packages/chapt4_interfaces/__init__.py
[4.077s] Listing '/home/qing/ros2_humble/chapter4/face_detect/install/chapt4_interfaces/lib/python3.10/site-packages/chapt4_interfaces'...
[4.077s] Compiling '/home/qing/ros2_humble/chapter4/face_detect/install/chapt4_interfaces/lib/python3.10/site-packages/chapt4_interfaces/__init__.py'...
[4.077s] Listing '/home/qing/ros2_humble/chapter4/face_detect/install/chapt4_interfaces/lib/python3.10/site-packages/chapt4_interfaces/srv'...
[4.077s] Compiling '/home/qing/ros2_humble/chapter4/face_detect/install/chapt4_interfaces/lib/python3.10/site-packages/chapt4_interfaces/srv/__init__.py'...
[4.077s] Compiling '/home/qing/ros2_humble/chapter4/face_detect/install/chapt4_interfaces/lib/python3.10/site-packages/chapt4_interfaces/srv/_face_detect.py'...
[4.081s] -- Up-to-date: /home/qing/ros2_humble/chapter4/face_detect/install/chapt4_interfaces/lib/python3.10/site-packages/chapt4_interfaces/chapt4_interfaces_s__rosidl_typesupport_fastrtps_c.cpython-310-x86_64-linux-gnu.so
[4.081s] -- Up-to-date: /home/qing/ros2_humble/chapter4/face_detect/install/chapt4_interfaces/lib/python3.10/site-packages/chapt4_interfaces/chapt4_interfaces_s__rosidl_typesupport_introspection_c.cpython-310-x86_64-linux-gnu.so
[4.081s] -- Up-to-date: /home/qing/ros2_humble/chapter4/face_detect/install/chapt4_interfaces/lib/python3.10/site-packages/chapt4_interfaces/chapt4_interfaces_s__rosidl_typesupport_c.cpython-310-x86_64-linux-gnu.so
[4.081s] -- Installing: /home/qing/ros2_humble/chapter4/face_detect/install/chapt4_interfaces/lib/libchapt4_interfaces__rosidl_generator_py.so
[4.081s] -- Installing: /home/qing/ros2_humble/chapter4/face_detect/install/chapt4_interfaces/share/chapt4_interfaces/srv/FaceDetect.idl
[4.082s] -- Installing: /home/qing/ros2_humble/chapter4/face_detect/install/chapt4_interfaces/share/chapt4_interfaces/srv/FaceDetect.srv
[4.082s] -- Installing: /home/qing/ros2_humble/chapter4/face_detect/install/chapt4_interfaces/share/chapt4_interfaces/srv/FaceDetect_Request.msg
[4.082s] -- Installing: /home/qing/ros2_humble/chapter4/face_detect/install/chapt4_interfaces/share/chapt4_interfaces/srv/FaceDetect_Response.msg
[4.082s] -- Installing: /home/qing/ros2_humble/chapter4/face_detect/install/chapt4_interfaces/share/ament_index/resource_index/package_run_dependencies/chapt4_interfaces
[4.082s] -- Installing: /home/qing/ros2_humble/chapter4/face_detect/install/chapt4_interfaces/share/ament_index/resource_index/parent_prefix_path/chapt4_interfaces
[4.082s] -- Installing: /home/qing/ros2_humble/chapter4/face_detect/install/chapt4_interfaces/share/chapt4_interfaces/environment/ament_prefix_path.sh
[4.082s] -- Installing: /home/qing/ros2_humble/chapter4/face_detect/install/chapt4_interfaces/share/chapt4_interfaces/environment/ament_prefix_path.dsv
[4.083s] -- Installing: /home/qing/ros2_humble/chapter4/face_detect/install/chapt4_interfaces/share/chapt4_interfaces/environment/path.sh
[4.083s] -- Installing: /home/qing/ros2_humble/chapter4/face_detect/install/chapt4_interfaces/share/chapt4_interfaces/environment/path.dsv
[4.083s] -- Installing: /home/qing/ros2_humble/chapter4/face_detect/install/chapt4_interfaces/share/chapt4_interfaces/local_setup.bash
[4.083s] -- Installing: /home/qing/ros2_humble/chapter4/face_detect/install/chapt4_interfaces/share/chapt4_interfaces/local_setup.sh
[4.083s] -- Installing: /home/qing/ros2_humble/chapter4/face_detect/install/chapt4_interfaces/share/chapt4_interfaces/local_setup.zsh
[4.083s] -- Installing: /home/qing/ros2_humble/chapter4/face_detect/install/chapt4_interfaces/share/chapt4_interfaces/local_setup.dsv
[4.083s] -- Installing: /home/qing/ros2_humble/chapter4/face_detect/install/chapt4_interfaces/share/chapt4_interfaces/package.dsv
[4.084s] -- Installing: /home/qing/ros2_humble/chapter4/face_detect/install/chapt4_interfaces/share/ament_index/resource_index/packages/chapt4_interfaces
[4.084s] -- Installing: /home/qing/ros2_humble/chapter4/face_detect/install/chapt4_interfaces/share/chapt4_interfaces/cmake/export_chapt4_interfaces__rosidl_generator_cExport.cmake
[4.084s] -- Installing: /home/qing/ros2_humble/chapter4/face_detect/install/chapt4_interfaces/share/chapt4_interfaces/cmake/export_chapt4_interfaces__rosidl_generator_cExport-noconfig.cmake
[4.084s] -- Installing: /home/qing/ros2_humble/chapter4/face_detect/install/chapt4_interfaces/share/chapt4_interfaces/cmake/export_chapt4_interfaces__rosidl_typesupport_fastrtps_cExport.cmake
[4.084s] -- Installing: /home/qing/ros2_humble/chapter4/face_detect/install/chapt4_interfaces/share/chapt4_interfaces/cmake/export_chapt4_interfaces__rosidl_typesupport_fastrtps_cExport-noconfig.cmake
[4.084s] -- Installing: /home/qing/ros2_humble/chapter4/face_detect/install/chapt4_interfaces/share/chapt4_interfaces/cmake/chapt4_interfaces__rosidl_typesupport_introspection_cExport.cmake
[4.084s] -- Installing: /home/qing/ros2_humble/chapter4/face_detect/install/chapt4_interfaces/share/chapt4_interfaces/cmake/chapt4_interfaces__rosidl_typesupport_introspection_cExport-noconfig.cmake
[4.085s] -- Installing: /home/qing/ros2_humble/chapter4/face_detect/install/chapt4_interfaces/share/chapt4_interfaces/cmake/chapt4_interfaces__rosidl_typesupport_cExport.cmake
[4.085s] -- Installing: /home/qing/ros2_humble/chapter4/face_detect/install/chapt4_interfaces/share/chapt4_interfaces/cmake/chapt4_interfaces__rosidl_typesupport_cExport-noconfig.cmake
[4.085s] -- Installing: /home/qing/ros2_humble/chapter4/face_detect/install/chapt4_interfaces/share/chapt4_interfaces/cmake/export_chapt4_interfaces__rosidl_generator_cppExport.cmake
[4.085s] -- Installing: /home/qing/ros2_humble/chapter4/face_detect/install/chapt4_interfaces/share/chapt4_interfaces/cmake/export_chapt4_interfaces__rosidl_typesupport_fastrtps_cppExport.cmake
[4.085s] -- Installing: /home/qing/ros2_humble/chapter4/face_detect/install/chapt4_interfaces/share/chapt4_interfaces/cmake/export_chapt4_interfaces__rosidl_typesupport_fastrtps_cppExport-noconfig.cmake
[4.086s] -- Installing: /home/qing/ros2_humble/chapter4/face_detect/install/chapt4_interfaces/share/chapt4_interfaces/cmake/chapt4_interfaces__rosidl_typesupport_introspection_cppExport.cmake
[4.086s] -- Installing: /home/qing/ros2_humble/chapter4/face_detect/install/chapt4_interfaces/share/chapt4_interfaces/cmake/chapt4_interfaces__rosidl_typesupport_introspection_cppExport-noconfig.cmake
[4.086s] -- Installing: /home/qing/ros2_humble/chapter4/face_detect/install/chapt4_interfaces/share/chapt4_interfaces/cmake/chapt4_interfaces__rosidl_typesupport_cppExport.cmake
[4.086s] -- Installing: /home/qing/ros2_humble/chapter4/face_detect/install/chapt4_interfaces/share/chapt4_interfaces/cmake/chapt4_interfaces__rosidl_typesupport_cppExport-noconfig.cmake
[4.086s] -- Installing: /home/qing/ros2_humble/chapter4/face_detect/install/chapt4_interfaces/share/chapt4_interfaces/cmake/export_chapt4_interfaces__rosidl_generator_pyExport.cmake
[4.086s] -- Installing: /home/qing/ros2_humble/chapter4/face_detect/install/chapt4_interfaces/share/chapt4_interfaces/cmake/export_chapt4_interfaces__rosidl_generator_pyExport-noconfig.cmake
[4.086s] -- Installing: /home/qing/ros2_humble/chapter4/face_detect/install/chapt4_interfaces/share/chapt4_interfaces/cmake/rosidl_cmake-extras.cmake
[4.087s] -- Installing: /home/qing/ros2_humble/chapter4/face_detect/install/chapt4_interfaces/share/chapt4_interfaces/cmake/ament_cmake_export_dependencies-extras.cmake
[4.087s] -- Installing: /home/qing/ros2_humble/chapter4/face_detect/install/chapt4_interfaces/share/chapt4_interfaces/cmake/ament_cmake_export_include_directories-extras.cmake
[4.087s] -- Installing: /home/qing/ros2_humble/chapter4/face_detect/install/chapt4_interfaces/share/chapt4_interfaces/cmake/ament_cmake_export_libraries-extras.cmake
[4.087s] -- Installing: /home/qing/ros2_humble/chapter4/face_detect/install/chapt4_interfaces/share/chapt4_interfaces/cmake/ament_cmake_export_targets-extras.cmake
[4.087s] -- Installing: /home/qing/ros2_humble/chapter4/face_detect/install/chapt4_interfaces/share/chapt4_interfaces/cmake/rosidl_cmake_export_typesupport_targets-extras.cmake
[4.087s] -- Installing: /home/qing/ros2_humble/chapter4/face_detect/install/chapt4_interfaces/share/chapt4_interfaces/cmake/rosidl_cmake_export_typesupport_libraries-extras.cmake
[4.087s] -- Installing: /home/qing/ros2_humble/chapter4/face_detect/install/chapt4_interfaces/share/chapt4_interfaces/cmake/chapt4_interfacesConfig.cmake
[4.088s] -- Installing: /home/qing/ros2_humble/chapter4/face_detect/install/chapt4_interfaces/share/chapt4_interfaces/cmake/chapt4_interfacesConfig-version.cmake
[4.088s] -- Installing: /home/qing/ros2_humble/chapter4/face_detect/install/chapt4_interfaces/share/chapt4_interfaces/package.xml
[4.090s] Invoked command in '/home/qing/ros2_humble/chapter4/face_detect/build/chapt4_interfaces' returned '0': CMAKE_PREFIX_PATH=${CMAKE_PREFIX_PATH}:/home/qing/ros2_humble/chapter4/face_detect/install/demo_python_service:/home/qing/ros2_humble/chapter3/chapt3_4/install/status_publisher:/opt/ros/humble CONDA_PROMPT_MODIFIER=(base) /usr/bin/cmake --install /home/qing/ros2_humble/chapter4/face_detect/build/chapt4_interfaces
