[0.461s] Invoking command in '/home/qing/ros2_humble/chapt2/c2_2/demo_python_pkg': CONDA_PROMPT_MODIFIER=(ros_test) PYTHONPATH=/home/qing/ros2_humble/chapt2/c2_2/build/demo_python_pkg/prefix_override:/usr/lib/python3/dist-packages/colcon_core/task/python/colcon_distutils_commands:/home/qing/ros2_humble/chapt2/c2_2/install/demo_python_pkg/lib/python3.10/site-packages:${PYTHONPATH} /usr/bin/python3 -W ignore:setup.py install is deprecated -W ignore:easy_install command is deprecated setup.py egg_info --egg-base ../build/demo_python_pkg build --build-base /home/qing/ros2_humble/chapt2/c2_2/build/demo_python_pkg/build install --record /home/qing/ros2_humble/chapt2/c2_2/build/demo_python_pkg/install.log --single-version-externally-managed install_data
[0.640s] running egg_info
[0.641s] writing ../build/demo_python_pkg/demo_python_pkg.egg-info/PKG-INFO
[0.641s] writing dependency_links to ../build/demo_python_pkg/demo_python_pkg.egg-info/dependency_links.txt
[0.641s] writing entry points to ../build/demo_python_pkg/demo_python_pkg.egg-info/entry_points.txt
[0.641s] writing requirements to ../build/demo_python_pkg/demo_python_pkg.egg-info/requires.txt
[0.641s] writing top-level names to ../build/demo_python_pkg/demo_python_pkg.egg-info/top_level.txt
[0.642s] reading manifest file '../build/demo_python_pkg/demo_python_pkg.egg-info/SOURCES.txt'
[0.647s] writing manifest file '../build/demo_python_pkg/demo_python_pkg.egg-info/SOURCES.txt'
[0.648s] running build
[0.648s] running build_py
[0.648s] running install
[0.648s] running install_lib
[0.649s] running install_data
[0.649s] running install_egg_info
[0.650s] removing '/home/qing/ros2_humble/chapt2/c2_2/install/demo_python_pkg/lib/python3.10/site-packages/demo_python_pkg-0.0.0-py3.10.egg-info' (and everything under it)
[0.651s] Copying ../build/demo_python_pkg/demo_python_pkg.egg-info to /home/qing/ros2_humble/chapt2/c2_2/install/demo_python_pkg/lib/python3.10/site-packages/demo_python_pkg-0.0.0-py3.10.egg-info
[0.651s] running install_scripts
[0.668s] Installing python_node script to /home/qing/ros2_humble/chapt2/c2_2/install/demo_python_pkg/lib/demo_python_pkg
[0.669s] writing list of installed files to '/home/qing/ros2_humble/chapt2/c2_2/build/demo_python_pkg/install.log'
[0.690s] Invoked command in '/home/qing/ros2_humble/chapt2/c2_2/demo_python_pkg' returned '0': CONDA_PROMPT_MODIFIER=(ros_test) PYTHONPATH=/home/qing/ros2_humble/chapt2/c2_2/build/demo_python_pkg/prefix_override:/usr/lib/python3/dist-packages/colcon_core/task/python/colcon_distutils_commands:/home/qing/ros2_humble/chapt2/c2_2/install/demo_python_pkg/lib/python3.10/site-packages:${PYTHONPATH} /usr/bin/python3 -W ignore:setup.py install is deprecated -W ignore:easy_install command is deprecated setup.py egg_info --egg-base ../build/demo_python_pkg build --build-base /home/qing/ros2_humble/chapt2/c2_2/build/demo_python_pkg/build install --record /home/qing/ros2_humble/chapt2/c2_2/build/demo_python_pkg/install.log --single-version-externally-managed install_data
