[0.610s] Invoking command in '/home/qing/ros2_humble/chapter7/chapt7_ws/build/fishbot_description': CMAKE_PREFIX_PATH=${CMAKE_PREFIX_PATH}:/home/qing/ros2_humble/chapter7/chapt7_ws/install/fishbot_application:/home/qing/ros2_humble/chapter7/chapt7_ws/install/autopatrol_robot:/opt/ros/humble CONDA_PROMPT_MODIFIER=(base) /usr/bin/cmake --build /home/qing/ros2_humble/chapter7/chapt7_ws/build/fishbot_description -- -j16 -l16
[0.645s] Invoked command in '/home/qing/ros2_humble/chapter7/chapt7_ws/build/fishbot_description' returned '0': CMAKE_PREFIX_PATH=${CMAKE_PREFIX_PATH}:/home/qing/ros2_humble/chapter7/chapt7_ws/install/fishbot_application:/home/qing/ros2_humble/chapter7/chapt7_ws/install/autopatrol_robot:/opt/ros/humble CONDA_PROMPT_MODIFIER=(base) /usr/bin/cmake --build /home/qing/ros2_humble/chapter7/chapt7_ws/build/fishbot_description -- -j16 -l16
[0.648s] Invoking command in '/home/qing/ros2_humble/chapter7/chapt7_ws/build/fishbot_description': CMAKE_PREFIX_PATH=${CMAKE_PREFIX_PATH}:/home/qing/ros2_humble/chapter7/chapt7_ws/install/fishbot_application:/home/qing/ros2_humble/chapter7/chapt7_ws/install/autopatrol_robot:/opt/ros/humble CONDA_PROMPT_MODIFIER=(base) /usr/bin/cmake --install /home/qing/ros2_humble/chapter7/chapt7_ws/build/fishbot_description
[0.655s] -- Install configuration: ""
[0.656s] -- Up-to-date: /home/qing/ros2_humble/chapter7/chapt7_ws/install/fishbot_description/share/fishbot_description/launch
[0.656s] -- Up-to-date: /home/qing/ros2_humble/chapter7/chapt7_ws/install/fishbot_description/share/fishbot_description/launch/display_robot.launch.py
[0.656s] -- Up-to-date: /home/qing/ros2_humble/chapter7/chapt7_ws/install/fishbot_description/share/fishbot_description/launch/gazebo_sim.launch.py
[0.657s] -- Up-to-date: /home/qing/ros2_humble/chapter7/chapt7_ws/install/fishbot_description/share/fishbot_description/urdf
[0.657s] -- Up-to-date: /home/qing/ros2_humble/chapter7/chapt7_ws/install/fishbot_description/share/fishbot_description/urdf/first_robot.gv
[0.657s] -- Up-to-date: /home/qing/ros2_humble/chapter7/chapt7_ws/install/fishbot_description/share/fishbot_description/urdf/first_robot.urdf.xacro
[0.657s] -- Up-to-date: /home/qing/ros2_humble/chapter7/chapt7_ws/install/fishbot_description/share/fishbot_description/urdf/fishbot
[0.658s] -- Up-to-date: /home/qing/ros2_humble/chapter7/chapt7_ws/install/fishbot_description/share/fishbot_description/urdf/fishbot/actuator
[0.658s] -- Up-to-date: /home/qing/ros2_humble/chapter7/chapt7_ws/install/fishbot_description/share/fishbot_description/urdf/fishbot/actuator/caster.urdf.xacro
[0.658s] -- Up-to-date: /home/qing/ros2_humble/chapter7/chapt7_ws/install/fishbot_description/share/fishbot_description/urdf/fishbot/actuator/wheel.urdf.xacro
[0.658s] -- Up-to-date: /home/qing/ros2_humble/chapter7/chapt7_ws/install/fishbot_description/share/fishbot_description/urdf/fishbot/fishbot.urdf.xacro
[0.658s] -- Up-to-date: /home/qing/ros2_humble/chapter7/chapt7_ws/install/fishbot_description/share/fishbot_description/urdf/fishbot/plugins
[0.658s] -- Up-to-date: /home/qing/ros2_humble/chapter7/chapt7_ws/install/fishbot_description/share/fishbot_description/urdf/fishbot/plugins/gazebo_sensor_plugin.xacro
[0.658s] -- Up-to-date: /home/qing/ros2_humble/chapter7/chapt7_ws/install/fishbot_description/share/fishbot_description/urdf/fishbot/plugins/gazebo_control_plugin.xacro
[0.658s] -- Up-to-date: /home/qing/ros2_humble/chapter7/chapt7_ws/install/fishbot_description/share/fishbot_description/urdf/fishbot/base.urdf.xacro
[0.658s] -- Up-to-date: /home/qing/ros2_humble/chapter7/chapt7_ws/install/fishbot_description/share/fishbot_description/urdf/fishbot/fishbot.ros2_control.xacro
[0.658s] -- Up-to-date: /home/qing/ros2_humble/chapter7/chapt7_ws/install/fishbot_description/share/fishbot_description/urdf/fishbot/common_inertia.xacro
[0.658s] -- Up-to-date: /home/qing/ros2_humble/chapter7/chapt7_ws/install/fishbot_description/share/fishbot_description/urdf/fishbot/sensor
[0.658s] -- Up-to-date: /home/qing/ros2_humble/chapter7/chapt7_ws/install/fishbot_description/share/fishbot_description/urdf/fishbot/sensor/camera.urdf.xacro
[0.659s] -- Up-to-date: /home/qing/ros2_humble/chapter7/chapt7_ws/install/fishbot_description/share/fishbot_description/urdf/fishbot/sensor/imu.urdf.xacro
[0.659s] -- Up-to-date: /home/qing/ros2_humble/chapter7/chapt7_ws/install/fishbot_description/share/fishbot_description/urdf/fishbot/sensor/laser.urdf.xacro
[0.659s] -- Up-to-date: /home/qing/ros2_humble/chapter7/chapt7_ws/install/fishbot_description/share/fishbot_description/urdf/first_robot.urdf
[0.659s] -- Up-to-date: /home/qing/ros2_humble/chapter7/chapt7_ws/install/fishbot_description/share/fishbot_description/urdf/first_robot.pdf
[0.659s] -- Up-to-date: /home/qing/ros2_humble/chapter7/chapt7_ws/install/fishbot_description/share/fishbot_description/config
[0.659s] -- Up-to-date: /home/qing/ros2_humble/chapter7/chapt7_ws/install/fishbot_description/share/fishbot_description/config/rviz
[0.659s] -- Up-to-date: /home/qing/ros2_humble/chapter7/chapt7_ws/install/fishbot_description/share/fishbot_description/config/rviz/dispaly_model.rviz
[0.659s] -- Up-to-date: /home/qing/ros2_humble/chapter7/chapt7_ws/install/fishbot_description/share/fishbot_description/config/fishbot_ros2_controller.yaml
[0.659s] -- Up-to-date: /home/qing/ros2_humble/chapter7/chapt7_ws/install/fishbot_description/share/fishbot_description/world
[0.660s] -- Up-to-date: /home/qing/ros2_humble/chapter7/chapt7_ws/install/fishbot_description/share/fishbot_description/world/custom_room.world
[0.660s] -- Up-to-date: /home/qing/ros2_humble/chapter7/chapt7_ws/install/fishbot_description/share/fishbot_description/world/room
[0.660s] -- Up-to-date: /home/qing/ros2_humble/chapter7/chapt7_ws/install/fishbot_description/share/fishbot_description/world/room/model.sdf
[0.660s] -- Up-to-date: /home/qing/ros2_humble/chapter7/chapt7_ws/install/fishbot_description/share/fishbot_description/world/room/model.config
[0.660s] -- Up-to-date: /home/qing/ros2_humble/chapter7/chapt7_ws/install/fishbot_description/share/ament_index/resource_index/package_run_dependencies/fishbot_description
[0.660s] -- Up-to-date: /home/qing/ros2_humble/chapter7/chapt7_ws/install/fishbot_description/share/ament_index/resource_index/parent_prefix_path/fishbot_description
[0.660s] -- Up-to-date: /home/qing/ros2_humble/chapter7/chapt7_ws/install/fishbot_description/share/fishbot_description/environment/ament_prefix_path.sh
[0.660s] -- Up-to-date: /home/qing/ros2_humble/chapter7/chapt7_ws/install/fishbot_description/share/fishbot_description/environment/ament_prefix_path.dsv
[0.660s] -- Up-to-date: /home/qing/ros2_humble/chapter7/chapt7_ws/install/fishbot_description/share/fishbot_description/environment/path.sh
[0.660s] -- Up-to-date: /home/qing/ros2_humble/chapter7/chapt7_ws/install/fishbot_description/share/fishbot_description/environment/path.dsv
[0.660s] -- Up-to-date: /home/qing/ros2_humble/chapter7/chapt7_ws/install/fishbot_description/share/fishbot_description/local_setup.bash
[0.660s] -- Up-to-date: /home/qing/ros2_humble/chapter7/chapt7_ws/install/fishbot_description/share/fishbot_description/local_setup.sh
[0.660s] -- Up-to-date: /home/qing/ros2_humble/chapter7/chapt7_ws/install/fishbot_description/share/fishbot_description/local_setup.zsh
[0.660s] -- Up-to-date: /home/qing/ros2_humble/chapter7/chapt7_ws/install/fishbot_description/share/fishbot_description/local_setup.dsv
[0.660s] -- Installing: /home/qing/ros2_humble/chapter7/chapt7_ws/install/fishbot_description/share/fishbot_description/package.dsv
[0.660s] -- Up-to-date: /home/qing/ros2_humble/chapter7/chapt7_ws/install/fishbot_description/share/ament_index/resource_index/packages/fishbot_description
[0.660s] -- Up-to-date: /home/qing/ros2_humble/chapter7/chapt7_ws/install/fishbot_description/share/fishbot_description/cmake/fishbot_descriptionConfig.cmake
[0.660s] -- Up-to-date: /home/qing/ros2_humble/chapter7/chapt7_ws/install/fishbot_description/share/fishbot_description/cmake/fishbot_descriptionConfig-version.cmake
[0.660s] -- Up-to-date: /home/qing/ros2_humble/chapter7/chapt7_ws/install/fishbot_description/share/fishbot_description/package.xml
[0.662s] Invoked command in '/home/qing/ros2_humble/chapter7/chapt7_ws/build/fishbot_description' returned '0': CMAKE_PREFIX_PATH=${CMAKE_PREFIX_PATH}:/home/qing/ros2_humble/chapter7/chapt7_ws/install/fishbot_application:/home/qing/ros2_humble/chapter7/chapt7_ws/install/autopatrol_robot:/opt/ros/humble CONDA_PROMPT_MODIFIER=(base) /usr/bin/cmake --install /home/qing/ros2_humble/chapter7/chapt7_ws/build/fishbot_description
