[0.692s] Invoking command in '/home/qing/ros2_humble/chapt8/chapt8_ws/build/nav2_custom_planner': CMAKE_PREFIX_PATH=${CMAKE_PREFIX_PATH}:/home/qing/ros2_humble/chapt8/chapt8_ws/install/fishbot_application:/home/qing/ros2_humble/chapt8/chapt8_ws/install/autopatrol_robot:/opt/ros/humble CONDA_PROMPT_MODIFIER=(base) /usr/bin/cmake --build /home/qing/ros2_humble/chapt8/chapt8_ws/build/nav2_custom_planner -- -j16 -l16
[0.766s] [100%] Built target nav2_custom_planner_plugin
[0.808s] Invoked command in '/home/qing/ros2_humble/chapt8/chapt8_ws/build/nav2_custom_planner' returned '0': CMAKE_PREFIX_PATH=${CMAKE_PREFIX_PATH}:/home/qing/ros2_humble/chapt8/chapt8_ws/install/fishbot_application:/home/qing/ros2_humble/chapt8/chapt8_ws/install/autopatrol_robot:/opt/ros/humble CONDA_PROMPT_MODIFIER=(base) /usr/bin/cmake --build /home/qing/ros2_humble/chapt8/chapt8_ws/build/nav2_custom_planner -- -j16 -l16
[0.810s] Invoking command in '/home/qing/ros2_humble/chapt8/chapt8_ws/build/nav2_custom_planner': CMAKE_PREFIX_PATH=${CMAKE_PREFIX_PATH}:/home/qing/ros2_humble/chapt8/chapt8_ws/install/fishbot_application:/home/qing/ros2_humble/chapt8/chapt8_ws/install/autopatrol_robot:/opt/ros/humble CONDA_PROMPT_MODIFIER=(base) /usr/bin/cmake --install /home/qing/ros2_humble/chapt8/chapt8_ws/build/nav2_custom_planner
[0.819s] -- Install configuration: ""
[0.819s] -- Up-to-date: /home/qing/ros2_humble/chapt8/chapt8_ws/install/nav2_custom_planner/lib/libnav2_custom_planner_plugin.so
[0.820s] -- Up-to-date: /home/qing/ros2_humble/chapt8/chapt8_ws/install/nav2_custom_planner/include/
[0.820s] -- Up-to-date: /home/qing/ros2_humble/chapt8/chapt8_ws/install/nav2_custom_planner/include//nav2_custom_planner
[0.820s] -- Up-to-date: /home/qing/ros2_humble/chapt8/chapt8_ws/install/nav2_custom_planner/include//nav2_custom_planner/nav2_custom_planner.hpp
[0.820s] -- Up-to-date: /home/qing/ros2_humble/chapt8/chapt8_ws/install/nav2_custom_planner/share/nav2_custom_planner/custom_planner_plugin.xml
[0.820s] -- Up-to-date: /home/qing/ros2_humble/chapt8/chapt8_ws/install/nav2_custom_planner/share/ament_index/resource_index/package_run_dependencies/nav2_custom_planner
[0.821s] -- Up-to-date: /home/qing/ros2_humble/chapt8/chapt8_ws/install/nav2_custom_planner/share/ament_index/resource_index/parent_prefix_path/nav2_custom_planner
[0.821s] -- Up-to-date: /home/qing/ros2_humble/chapt8/chapt8_ws/install/nav2_custom_planner/share/nav2_custom_planner/environment/ament_prefix_path.sh
[0.821s] -- Up-to-date: /home/qing/ros2_humble/chapt8/chapt8_ws/install/nav2_custom_planner/share/nav2_custom_planner/environment/ament_prefix_path.dsv
[0.821s] -- Up-to-date: /home/qing/ros2_humble/chapt8/chapt8_ws/install/nav2_custom_planner/share/nav2_custom_planner/environment/path.sh
[0.821s] -- Up-to-date: /home/qing/ros2_humble/chapt8/chapt8_ws/install/nav2_custom_planner/share/nav2_custom_planner/environment/path.dsv
[0.821s] -- Up-to-date: /home/qing/ros2_humble/chapt8/chapt8_ws/install/nav2_custom_planner/share/nav2_custom_planner/local_setup.bash
[0.821s] -- Up-to-date: /home/qing/ros2_humble/chapt8/chapt8_ws/install/nav2_custom_planner/share/nav2_custom_planner/local_setup.sh
[0.821s] -- Up-to-date: /home/qing/ros2_humble/chapt8/chapt8_ws/install/nav2_custom_planner/share/nav2_custom_planner/local_setup.zsh
[0.822s] -- Up-to-date: /home/qing/ros2_humble/chapt8/chapt8_ws/install/nav2_custom_planner/share/nav2_custom_planner/local_setup.dsv
[0.822s] -- Up-to-date: /home/qing/ros2_humble/chapt8/chapt8_ws/install/nav2_custom_planner/share/nav2_custom_planner/package.dsv
[0.822s] -- Up-to-date: /home/qing/ros2_humble/chapt8/chapt8_ws/install/nav2_custom_planner/share/ament_index/resource_index/packages/nav2_custom_planner
[0.822s] -- Up-to-date: /home/qing/ros2_humble/chapt8/chapt8_ws/install/nav2_custom_planner/share/ament_index/resource_index/nav2_core__pluginlib__plugin/nav2_custom_planner
[0.822s] -- Up-to-date: /home/qing/ros2_humble/chapt8/chapt8_ws/install/nav2_custom_planner/share/nav2_custom_planner/cmake/nav2_custom_plannerConfig.cmake
[0.822s] -- Up-to-date: /home/qing/ros2_humble/chapt8/chapt8_ws/install/nav2_custom_planner/share/nav2_custom_planner/cmake/nav2_custom_plannerConfig-version.cmake
[0.822s] -- Up-to-date: /home/qing/ros2_humble/chapt8/chapt8_ws/install/nav2_custom_planner/share/nav2_custom_planner/package.xml
[0.830s] Invoked command in '/home/qing/ros2_humble/chapt8/chapt8_ws/build/nav2_custom_planner' returned '0': CMAKE_PREFIX_PATH=${CMAKE_PREFIX_PATH}:/home/qing/ros2_humble/chapt8/chapt8_ws/install/fishbot_application:/home/qing/ros2_humble/chapt8/chapt8_ws/install/autopatrol_robot:/opt/ros/humble CONDA_PROMPT_MODIFIER=(base) /usr/bin/cmake --install /home/qing/ros2_humble/chapt8/chapt8_ws/build/nav2_custom_planner
