[0.008s] Invoking command in '/home/qing/ros2_humble/chapter3/chapt3_4/build/status_display': AMENT_PREFIX_PATH=/home/qing/ros2_humble/chapter3/chapt3_4/install/status_interfaces:${AMENT_PREFIX_PATH} CMAKE_PREFIX_PATH=/home/qing/ros2_humble/chapter3/chapt3_4/install/status_interfaces:/opt/ros/humble LD_LIBRARY_PATH=/home/qing/ros2_humble/chapter3/chapt3_4/install/status_interfaces/lib:${LD_LIBRARY_PATH} PYTHONPATH=/home/qing/ros2_humble/chapter3/chapt3_4/install/status_interfaces/local/lib/python3.10/dist-packages:${PYTHONPATH} /usr/bin/cmake /home/qing/ros2_humble/chapter3/chapt3_4/src/status_display -DCMAKE_CXX_COMPILER=/usr/bin/g++ -DCMAKE_CXX_FLAGS=-I/usr/include/c++/11 -DCMAKE_SKIP_RPATH=ON -DCMAKE_INSTALL_PREFIX=/home/qing/ros2_humble/chapter3/chapt3_4/install/status_display
[0.084s] -- The C compiler identification is Clang 14.0.0
[0.129s] -- The CXX compiler identification is GNU 11.4.0
[0.136s] -- Detecting C compiler ABI info
[0.228s] -- Detecting C compiler ABI info - done
[0.233s] -- Check for working C compiler: /usr/bin/cc - skipped
[0.233s] -- Detecting C compile features
[0.233s] -- Detecting C compile features - done
[0.235s] -- Detecting CXX compiler ABI info
[0.303s] -- Detecting CXX compiler ABI info - done
[0.309s] -- Check for working CXX compiler: /usr/bin/g++ - skipped
[0.309s] -- Detecting CXX compile features
[0.310s] -- Detecting CXX compile features - done
[0.312s] -- Found ament_cmake: 1.3.11 (/opt/ros/humble/share/ament_cmake/cmake)
[0.432s] -- Found Python3: /usr/bin/python3 (found version "3.10.12") found components: Interpreter 
[0.506s] -- Found rclpy: 3.3.15 (/opt/ros/humble/share/rclpy/cmake)
[0.507s] -- Found rclcpp: 16.0.11 (/opt/ros/humble/share/rclcpp/cmake)
[0.540s] -- Found rosidl_generator_c: 3.1.6 (/opt/ros/humble/share/rosidl_generator_c/cmake)
[0.543s] -- Found rosidl_adapter: 3.1.6 (/opt/ros/humble/share/rosidl_adapter/cmake)
[0.549s] -- Found rosidl_generator_cpp: 3.1.6 (/opt/ros/humble/share/rosidl_generator_cpp/cmake)
[0.559s] -- Using all available rosidl_typesupport_c: rosidl_typesupport_fastrtps_c;rosidl_typesupport_introspection_c
[0.571s] -- Using all available rosidl_typesupport_cpp: rosidl_typesupport_fastrtps_cpp;rosidl_typesupport_introspection_cpp
[0.605s] -- Found rmw_implementation_cmake: 6.1.2 (/opt/ros/humble/share/rmw_implementation_cmake/cmake)
[0.607s] -- Found rmw_fastrtps_cpp: 6.2.7 (/opt/ros/humble/share/rmw_fastrtps_cpp/cmake)
[0.683s] -- Found OpenSSL: /usr/lib/x86_64-linux-gnu/libcrypto.so (found version "3.0.2")  
[0.708s] -- Found FastRTPS: /opt/ros/humble/include  
[0.746s] -- Using RMW implementation 'rmw_fastrtps_cpp' as default
[0.752s] -- Looking for pthread.h
[0.847s] -- Looking for pthread.h - found
[0.847s] -- Performing Test CMAKE_HAVE_LIBC_PTHREAD
[0.943s] -- Performing Test CMAKE_HAVE_LIBC_PTHREAD - Success
[0.944s] -- Found Threads: TRUE  
[0.979s] -- Found status_interfaces: 0.0.0 (/home/qing/ros2_humble/chapter3/chapt3_4/install/status_interfaces/share/status_interfaces/cmake)
[0.997s] -- Found ament_lint_auto: 0.12.11 (/opt/ros/humble/share/ament_lint_auto/cmake)
[1.055s] -- Added test 'cppcheck' to perform static code analysis on C / C++ code
[1.055s] -- Configured cppcheck include dirs: 
[1.055s] -- Configured cppcheck exclude dirs and/or files: 
[1.056s] -- Added test 'lint_cmake' to check CMake code style
[1.057s] -- Added test 'uncrustify' to check C / C++ code style
[1.057s] -- Configured uncrustify additional arguments: 
[1.057s] -- Added test 'xmllint' to check XML markup files
[1.058s] -- Configuring done
[1.069s] -- Generating done
[1.072s] -- Build files have been written to: /home/qing/ros2_humble/chapter3/chapt3_4/build/status_display
[1.082s] Invoked command in '/home/qing/ros2_humble/chapter3/chapt3_4/build/status_display' returned '0': AMENT_PREFIX_PATH=/home/qing/ros2_humble/chapter3/chapt3_4/install/status_interfaces:${AMENT_PREFIX_PATH} CMAKE_PREFIX_PATH=/home/qing/ros2_humble/chapter3/chapt3_4/install/status_interfaces:/opt/ros/humble LD_LIBRARY_PATH=/home/qing/ros2_humble/chapter3/chapt3_4/install/status_interfaces/lib:${LD_LIBRARY_PATH} PYTHONPATH=/home/qing/ros2_humble/chapter3/chapt3_4/install/status_interfaces/local/lib/python3.10/dist-packages:${PYTHONPATH} /usr/bin/cmake /home/qing/ros2_humble/chapter3/chapt3_4/src/status_display -DCMAKE_CXX_COMPILER=/usr/bin/g++ -DCMAKE_CXX_FLAGS=-I/usr/include/c++/11 -DCMAKE_SKIP_RPATH=ON -DCMAKE_INSTALL_PREFIX=/home/qing/ros2_humble/chapter3/chapt3_4/install/status_display
[1.083s] Invoking command in '/home/qing/ros2_humble/chapter3/chapt3_4/build/status_display': AMENT_PREFIX_PATH=/home/qing/ros2_humble/chapter3/chapt3_4/install/status_interfaces:${AMENT_PREFIX_PATH} CMAKE_PREFIX_PATH=/home/qing/ros2_humble/chapter3/chapt3_4/install/status_interfaces:/opt/ros/humble LD_LIBRARY_PATH=/home/qing/ros2_humble/chapter3/chapt3_4/install/status_interfaces/lib:${LD_LIBRARY_PATH} PYTHONPATH=/home/qing/ros2_humble/chapter3/chapt3_4/install/status_interfaces/local/lib/python3.10/dist-packages:${PYTHONPATH} /usr/bin/cmake --build /home/qing/ros2_humble/chapter3/chapt3_4/build/status_display -- -j16 -l16
[1.127s] [ 50%] [32mBuilding CXX object CMakeFiles/hello_qt.dir/src/hello_qt.cpp.o[0m
[1.127s] [ 50%] [32mBuilding CXX object CMakeFiles/sys_status_display.dir/src/sys_status_display.cpp.o[0m
[1.995s] [ 75%] [32m[1mLinking CXX executable hello_qt[0m
[2.528s] [ 75%] Built target hello_qt
[8.060s] [100%] [32m[1mLinking CXX executable sys_status_display[0m
[8.801s] [100%] Built target sys_status_display
[8.812s] Invoked command in '/home/qing/ros2_humble/chapter3/chapt3_4/build/status_display' returned '0': AMENT_PREFIX_PATH=/home/qing/ros2_humble/chapter3/chapt3_4/install/status_interfaces:${AMENT_PREFIX_PATH} CMAKE_PREFIX_PATH=/home/qing/ros2_humble/chapter3/chapt3_4/install/status_interfaces:/opt/ros/humble LD_LIBRARY_PATH=/home/qing/ros2_humble/chapter3/chapt3_4/install/status_interfaces/lib:${LD_LIBRARY_PATH} PYTHONPATH=/home/qing/ros2_humble/chapter3/chapt3_4/install/status_interfaces/local/lib/python3.10/dist-packages:${PYTHONPATH} /usr/bin/cmake --build /home/qing/ros2_humble/chapter3/chapt3_4/build/status_display -- -j16 -l16
[8.813s] Invoking command in '/home/qing/ros2_humble/chapter3/chapt3_4/build/status_display': AMENT_PREFIX_PATH=/home/qing/ros2_humble/chapter3/chapt3_4/install/status_interfaces:${AMENT_PREFIX_PATH} CMAKE_PREFIX_PATH=/home/qing/ros2_humble/chapter3/chapt3_4/install/status_interfaces:/opt/ros/humble LD_LIBRARY_PATH=/home/qing/ros2_humble/chapter3/chapt3_4/install/status_interfaces/lib:${LD_LIBRARY_PATH} PYTHONPATH=/home/qing/ros2_humble/chapter3/chapt3_4/install/status_interfaces/local/lib/python3.10/dist-packages:${PYTHONPATH} /usr/bin/cmake --install /home/qing/ros2_humble/chapter3/chapt3_4/build/status_display
[8.819s] -- Install configuration: ""
[8.819s] -- Installing: /home/qing/ros2_humble/chapter3/chapt3_4/install/status_display/lib/status_display/hello_qt
[8.819s] -- Installing: /home/qing/ros2_humble/chapter3/chapt3_4/install/status_display/lib/status_display/sys_status_display
[8.823s] -- Installing: /home/qing/ros2_humble/chapter3/chapt3_4/install/status_display/share/ament_index/resource_index/package_run_dependencies/status_display
[8.823s] -- Installing: /home/qing/ros2_humble/chapter3/chapt3_4/install/status_display/share/ament_index/resource_index/parent_prefix_path/status_display
[8.823s] -- Installing: /home/qing/ros2_humble/chapter3/chapt3_4/install/status_display/share/status_display/environment/ament_prefix_path.sh
[8.823s] -- Installing: /home/qing/ros2_humble/chapter3/chapt3_4/install/status_display/share/status_display/environment/ament_prefix_path.dsv
[8.823s] -- Installing: /home/qing/ros2_humble/chapter3/chapt3_4/install/status_display/share/status_display/environment/path.sh
[8.824s] -- Installing: /home/qing/ros2_humble/chapter3/chapt3_4/install/status_display/share/status_display/environment/path.dsv
[8.824s] -- Installing: /home/qing/ros2_humble/chapter3/chapt3_4/install/status_display/share/status_display/local_setup.bash
[8.824s] -- Installing: /home/qing/ros2_humble/chapter3/chapt3_4/install/status_display/share/status_display/local_setup.sh
[8.824s] -- Installing: /home/qing/ros2_humble/chapter3/chapt3_4/install/status_display/share/status_display/local_setup.zsh
[8.824s] -- Installing: /home/qing/ros2_humble/chapter3/chapt3_4/install/status_display/share/status_display/local_setup.dsv
[8.824s] -- Installing: /home/qing/ros2_humble/chapter3/chapt3_4/install/status_display/share/status_display/package.dsv
[8.824s] -- Installing: /home/qing/ros2_humble/chapter3/chapt3_4/install/status_display/share/ament_index/resource_index/packages/status_display
[8.825s] -- Installing: /home/qing/ros2_humble/chapter3/chapt3_4/install/status_display/share/status_display/cmake/status_displayConfig.cmake
[8.825s] -- Installing: /home/qing/ros2_humble/chapter3/chapt3_4/install/status_display/share/status_display/cmake/status_displayConfig-version.cmake
[8.825s] -- Installing: /home/qing/ros2_humble/chapter3/chapt3_4/install/status_display/share/status_display/package.xml
[8.827s] Invoked command in '/home/qing/ros2_humble/chapter3/chapt3_4/build/status_display' returned '0': AMENT_PREFIX_PATH=/home/qing/ros2_humble/chapter3/chapt3_4/install/status_interfaces:${AMENT_PREFIX_PATH} CMAKE_PREFIX_PATH=/home/qing/ros2_humble/chapter3/chapt3_4/install/status_interfaces:/opt/ros/humble LD_LIBRARY_PATH=/home/qing/ros2_humble/chapter3/chapt3_4/install/status_interfaces/lib:${LD_LIBRARY_PATH} PYTHONPATH=/home/qing/ros2_humble/chapter3/chapt3_4/install/status_interfaces/local/lib/python3.10/dist-packages:${PYTHONPATH} /usr/bin/cmake --install /home/qing/ros2_humble/chapter3/chapt3_4/build/status_display
