[0.471s] Invoking command in '/home/qing/ros2_humble/chapter3/chapt3_2/src/novel_speak': CONDA_PROMPT_MODIFIER=(ros_test) PYTHONPATH=/home/qing/ros2_humble/chapter3/chapt3_2/build/novel_speak/prefix_override:/usr/lib/python3/dist-packages/colcon_core/task/python/colcon_distutils_commands:/home/qing/ros2_humble/chapter3/chapt3_2/install/novel_speak/lib/python3.10/site-packages:${PYTHONPATH} /usr/bin/python3 -W ignore:setup.py install is deprecated -W ignore:easy_install command is deprecated setup.py egg_info --egg-base ../../build/novel_speak build --build-base /home/qing/ros2_humble/chapter3/chapt3_2/build/novel_speak/build install --record /home/qing/ros2_humble/chapter3/chapt3_2/build/novel_speak/install.log --single-version-externally-managed install_data
[0.649s] running egg_info
[0.650s] creating ../../build/novel_speak/novel_speak.egg-info
[0.650s] writing ../../build/novel_speak/novel_speak.egg-info/PKG-INFO
[0.650s] writing dependency_links to ../../build/novel_speak/novel_speak.egg-info/dependency_links.txt
[0.650s] writing entry points to ../../build/novel_speak/novel_speak.egg-info/entry_points.txt
[0.650s] writing requirements to ../../build/novel_speak/novel_speak.egg-info/requires.txt
[0.650s] writing top-level names to ../../build/novel_speak/novel_speak.egg-info/top_level.txt
[0.650s] writing manifest file '../../build/novel_speak/novel_speak.egg-info/SOURCES.txt'
[0.651s] reading manifest file '../../build/novel_speak/novel_speak.egg-info/SOURCES.txt'
[0.652s] writing manifest file '../../build/novel_speak/novel_speak.egg-info/SOURCES.txt'
[0.652s] running build
[0.652s] running build_py
[0.652s] creating /home/qing/ros2_humble/chapter3/chapt3_2/build/novel_speak/build
[0.652s] creating /home/qing/ros2_humble/chapter3/chapt3_2/build/novel_speak/build/lib
[0.652s] creating /home/qing/ros2_humble/chapter3/chapt3_2/build/novel_speak/build/lib/novel_speak
[0.652s] copying novel_speak/__init__.py -> /home/qing/ros2_humble/chapter3/chapt3_2/build/novel_speak/build/lib/novel_speak
[0.653s] copying novel_speak/novel_pub_node.py -> /home/qing/ros2_humble/chapter3/chapt3_2/build/novel_speak/build/lib/novel_speak
[0.653s] running install
[0.653s] running install_lib
[0.653s] creating /home/qing/ros2_humble/chapter3/chapt3_2/install/novel_speak/lib/python3.10/site-packages/novel_speak
[0.654s] copying /home/qing/ros2_humble/chapter3/chapt3_2/build/novel_speak/build/lib/novel_speak/__init__.py -> /home/qing/ros2_humble/chapter3/chapt3_2/install/novel_speak/lib/python3.10/site-packages/novel_speak
[0.654s] copying /home/qing/ros2_humble/chapter3/chapt3_2/build/novel_speak/build/lib/novel_speak/novel_pub_node.py -> /home/qing/ros2_humble/chapter3/chapt3_2/install/novel_speak/lib/python3.10/site-packages/novel_speak
[0.654s] byte-compiling /home/qing/ros2_humble/chapter3/chapt3_2/install/novel_speak/lib/python3.10/site-packages/novel_speak/__init__.py to __init__.cpython-310.pyc
[0.654s] byte-compiling /home/qing/ros2_humble/chapter3/chapt3_2/install/novel_speak/lib/python3.10/site-packages/novel_speak/novel_pub_node.py to novel_pub_node.cpython-310.pyc
[0.655s] running install_data
[0.655s] creating /home/qing/ros2_humble/chapter3/chapt3_2/install/novel_speak/share/ament_index
[0.655s] creating /home/qing/ros2_humble/chapter3/chapt3_2/install/novel_speak/share/ament_index/resource_index
[0.655s] creating /home/qing/ros2_humble/chapter3/chapt3_2/install/novel_speak/share/ament_index/resource_index/packages
[0.655s] copying resource/novel_speak -> /home/qing/ros2_humble/chapter3/chapt3_2/install/novel_speak/share/ament_index/resource_index/packages
[0.655s] copying package.xml -> /home/qing/ros2_humble/chapter3/chapt3_2/install/novel_speak/share/novel_speak
[0.655s] running install_egg_info
[0.656s] Copying ../../build/novel_speak/novel_speak.egg-info to /home/qing/ros2_humble/chapter3/chapt3_2/install/novel_speak/lib/python3.10/site-packages/novel_speak-0.0.0-py3.10.egg-info
[0.657s] running install_scripts
[0.673s] Installing novel_pub_node script to /home/qing/ros2_humble/chapter3/chapt3_2/install/novel_speak/lib/novel_speak
[0.673s] writing list of installed files to '/home/qing/ros2_humble/chapter3/chapt3_2/build/novel_speak/install.log'
[0.690s] Invoked command in '/home/qing/ros2_humble/chapter3/chapt3_2/src/novel_speak' returned '0': CONDA_PROMPT_MODIFIER=(ros_test) PYTHONPATH=/home/qing/ros2_humble/chapter3/chapt3_2/build/novel_speak/prefix_override:/usr/lib/python3/dist-packages/colcon_core/task/python/colcon_distutils_commands:/home/qing/ros2_humble/chapter3/chapt3_2/install/novel_speak/lib/python3.10/site-packages:${PYTHONPATH} /usr/bin/python3 -W ignore:setup.py install is deprecated -W ignore:easy_install command is deprecated setup.py egg_info --egg-base ../../build/novel_speak build --build-base /home/qing/ros2_humble/chapter3/chapt3_2/build/novel_speak/build install --record /home/qing/ros2_humble/chapter3/chapt3_2/build/novel_speak/install.log --single-version-externally-managed install_data
