[0.480s] Invoking command in '/home/qing/ros2_humble/chapter4/face_detect/src/demo_python_service': CONDA_PROMPT_MODIFIER=(ros_test) PYTHONPATH=/home/qing/ros2_humble/chapter4/face_detect/build/demo_python_service/prefix_override:/usr/lib/python3/dist-packages/colcon_core/task/python/colcon_distutils_commands:/home/qing/ros2_humble/chapter4/face_detect/install/demo_python_service/lib/python3.10/site-packages:/home/qing/ros2_humble/chapter4/face_detect/install/chapt4_interfaces/lib/python3.10/site-packages:/home/qing/ros2_humble/chapter4/face_detect/install/demo_python_service/lib/python3.10/site-packages:/home/qing/ros2_humble/chapter3/chapt3_4/install/status_publisher/lib/python3.10/site-packages:/home/qing/ros2_humble/chapter3/chapt3_4/install/status_interfaces/local/lib/python3.10/dist-packages:/opt/ros/humble/lib/python3.10/site-packages:/opt/ros/humble/local/lib/python3.10/dist-packages /usr/bin/python3 -W ignore:setup.py install is deprecated -W ignore:easy_install command is deprecated setup.py egg_info --egg-base ../../build/demo_python_service build --build-base /home/qing/ros2_humble/chapter4/face_detect/build/demo_python_service/build install --record /home/qing/ros2_humble/chapter4/face_detect/build/demo_python_service/install.log --single-version-externally-managed install_data
[0.673s] running egg_info
[0.673s] writing ../../build/demo_python_service/demo_python_service.egg-info/PKG-INFO
[0.673s] writing dependency_links to ../../build/demo_python_service/demo_python_service.egg-info/dependency_links.txt
[0.674s] writing entry points to ../../build/demo_python_service/demo_python_service.egg-info/entry_points.txt
[0.674s] writing requirements to ../../build/demo_python_service/demo_python_service.egg-info/requires.txt
[0.674s] writing top-level names to ../../build/demo_python_service/demo_python_service.egg-info/top_level.txt
[0.675s] reading manifest file '../../build/demo_python_service/demo_python_service.egg-info/SOURCES.txt'
[0.676s] writing manifest file '../../build/demo_python_service/demo_python_service.egg-info/SOURCES.txt'
[0.676s] running build
[0.676s] running build_py
[0.676s] running install
[0.676s] running install_lib
[0.677s] running install_data
[0.677s] copying resource/haarcascade_frontalface_default.xml -> /home/qing/ros2_humble/chapter4/face_detect/install/demo_python_service/share/demo_python_service/resource
[0.679s] running install_egg_info
[0.680s] removing '/home/qing/ros2_humble/chapter4/face_detect/install/demo_python_service/lib/python3.10/site-packages/demo_python_service-0.0.0-py3.10.egg-info' (and everything under it)
[0.680s] Copying ../../build/demo_python_service/demo_python_service.egg-info to /home/qing/ros2_humble/chapter4/face_detect/install/demo_python_service/lib/python3.10/site-packages/demo_python_service-0.0.0-py3.10.egg-info
[0.681s] running install_scripts
[0.695s] Installing face_detect script to /home/qing/ros2_humble/chapter4/face_detect/install/demo_python_service/lib/demo_python_service
[0.696s] Installing face_detect_node script to /home/qing/ros2_humble/chapter4/face_detect/install/demo_python_service/lib/demo_python_service
[0.696s] writing list of installed files to '/home/qing/ros2_humble/chapter4/face_detect/build/demo_python_service/install.log'
[0.714s] Invoked command in '/home/qing/ros2_humble/chapter4/face_detect/src/demo_python_service' returned '0': CONDA_PROMPT_MODIFIER=(ros_test) PYTHONPATH=/home/qing/ros2_humble/chapter4/face_detect/build/demo_python_service/prefix_override:/usr/lib/python3/dist-packages/colcon_core/task/python/colcon_distutils_commands:/home/qing/ros2_humble/chapter4/face_detect/install/demo_python_service/lib/python3.10/site-packages:/home/qing/ros2_humble/chapter4/face_detect/install/chapt4_interfaces/lib/python3.10/site-packages:/home/qing/ros2_humble/chapter4/face_detect/install/demo_python_service/lib/python3.10/site-packages:/home/qing/ros2_humble/chapter3/chapt3_4/install/status_publisher/lib/python3.10/site-packages:/home/qing/ros2_humble/chapter3/chapt3_4/install/status_interfaces/local/lib/python3.10/dist-packages:/opt/ros/humble/lib/python3.10/site-packages:/opt/ros/humble/local/lib/python3.10/dist-packages /usr/bin/python3 -W ignore:setup.py install is deprecated -W ignore:easy_install command is deprecated setup.py egg_info --egg-base ../../build/demo_python_service build --build-base /home/qing/ros2_humble/chapter4/face_detect/build/demo_python_service/build install --record /home/qing/ros2_humble/chapter4/face_detect/build/demo_python_service/install.log --single-version-externally-managed install_data
