[1.141s] Invoking command in '/home/qing/ros2_humble/chapt8/chapt8_ws/build/nav2_custom_planner': CMAKE_PREFIX_PATH=/opt/ros/humble CONDA_PROMPT_MODIFIER=(base) /usr/bin/cmake /home/qing/ros2_humble/chapt8/chapt8_ws/src/nav2_custom_planner -DCMAKE_CXX_COMPILER=/usr/bin/g++ -DCMAKE_CXX_FLAGS=-I/usr/include/c++/11 -DCMAKE_SKIP_RPATH=ON -DCMAKE_INSTALL_PREFIX=/home/qing/ros2_humble/chapt8/chapt8_ws/install/nav2_custom_planner
[1.232s] -- The C compiler identification is Clang 14.0.0
[1.289s] -- The CXX compiler identification is GNU 11.4.0
[1.298s] -- Detecting C compiler ABI info
[1.406s] -- Detecting C compiler ABI info - done
[1.412s] -- Check for working C compiler: /usr/bin/cc - skipped
[1.412s] -- Detecting C compile features
[1.412s] -- Detecting C compile features - done
[1.415s] -- Detecting CXX compiler ABI info
[1.499s] -- Detecting CXX compiler ABI info - done
[1.506s] -- Check for working CXX compiler: /usr/bin/g++ - skipped
[1.506s] -- Detecting CXX compile features
[1.506s] -- Detecting CXX compile features - done
[1.510s] -- Found ament_cmake: 1.3.11 (/opt/ros/humble/share/ament_cmake/cmake)
[2.216s] -- Found Python3: /home/qing/下载/enter/bin/python3 (found version "3.10.14") found components: Interpreter 
[2.303s] -- Found nav2_core: 1.1.18 (/opt/ros/humble/share/nav2_core/cmake)
[2.349s] -- Found rosidl_generator_c: 3.1.6 (/opt/ros/humble/share/rosidl_generator_c/cmake)
[2.353s] -- Found rosidl_adapter: 3.1.6 (/opt/ros/humble/share/rosidl_adapter/cmake)
[2.361s] -- Found rosidl_generator_cpp: 3.1.6 (/opt/ros/humble/share/rosidl_generator_cpp/cmake)
[2.371s] -- Using all available rosidl_typesupport_c: rosidl_typesupport_fastrtps_c;rosidl_typesupport_introspection_c
[2.385s] -- Using all available rosidl_typesupport_cpp: rosidl_typesupport_fastrtps_cpp;rosidl_typesupport_introspection_cpp
[2.437s] -- Found rmw_implementation_cmake: 6.1.2 (/opt/ros/humble/share/rmw_implementation_cmake/cmake)
[2.440s] -- Found rmw_fastrtps_cpp: 6.2.7 (/opt/ros/humble/share/rmw_fastrtps_cpp/cmake)
[2.546s] -- Found OpenSSL: /usr/lib/x86_64-linux-gnu/libcrypto.so (found version "3.0.2")  
[2.579s] -- Found FastRTPS: /opt/ros/humble/include  
[2.626s] -- Using RMW implementation 'rmw_fastrtps_cpp' as default
[2.641s] -- Looking for pthread.h
[2.758s] -- Looking for pthread.h - found
[2.758s] -- Performing Test CMAKE_HAVE_LIBC_PTHREAD
[2.862s] -- Performing Test CMAKE_HAVE_LIBC_PTHREAD - Success
[2.862s] -- Found Threads: TRUE  
[3.207s] -- Found Eigen3: TRUE (found version "3.4.0") 
[3.207s] -- Ensuring Eigen3 include directory is part of orocos-kdl CMake target
[3.329s] -- Found ament_lint_auto: 0.12.11 (/opt/ros/humble/share/ament_lint_auto/cmake)
[3.471s] -- Added test 'cppcheck' to perform static code analysis on C / C++ code
[3.471s] -- Configured cppcheck include dirs: /home/qing/ros2_humble/chapt8/chapt8_ws/src/nav2_custom_planner/include
[3.471s] -- Configured cppcheck exclude dirs and/or files: 
[3.471s] -- Added test 'lint_cmake' to check CMake code style
[3.473s] -- Added test 'uncrustify' to check C / C++ code style
[3.473s] -- Configured uncrustify additional arguments: 
[3.473s] -- Added test 'xmllint' to check XML markup files
[3.475s] -- Configuring done
[3.595s] -- Generating done
[3.602s] -- Build files have been written to: /home/qing/ros2_humble/chapt8/chapt8_ws/build/nav2_custom_planner
[3.617s] Invoked command in '/home/qing/ros2_humble/chapt8/chapt8_ws/build/nav2_custom_planner' returned '0': CMAKE_PREFIX_PATH=/opt/ros/humble CONDA_PROMPT_MODIFIER=(base) /usr/bin/cmake /home/qing/ros2_humble/chapt8/chapt8_ws/src/nav2_custom_planner -DCMAKE_CXX_COMPILER=/usr/bin/g++ -DCMAKE_CXX_FLAGS=-I/usr/include/c++/11 -DCMAKE_SKIP_RPATH=ON -DCMAKE_INSTALL_PREFIX=/home/qing/ros2_humble/chapt8/chapt8_ws/install/nav2_custom_planner
[3.619s] Invoking command in '/home/qing/ros2_humble/chapt8/chapt8_ws/build/nav2_custom_planner': CMAKE_PREFIX_PATH=/opt/ros/humble CONDA_PROMPT_MODIFIER=(base) /usr/bin/cmake --build /home/qing/ros2_humble/chapt8/chapt8_ws/build/nav2_custom_planner -- -j16 -l16
[3.684s] [ 50%] [32mBuilding CXX object CMakeFiles/nav2_custom_planner_plugin.dir/src/nav2_custom_planner.cpp.o[0m
[117.608s] gmake[2]: *** [CMakeFiles/nav2_custom_planner_plugin.dir/build.make:76: CMakeFiles/nav2_custom_planner_plugin.dir/src/nav2_custom_planner.cpp.o] 中断
[117.609s] gmake[1]: *** [CMakeFiles/Makefile2:137: CMakeFiles/nav2_custom_planner_plugin.dir/all] 中断
[117.610s] gmake: *** [Makefile:146: all] 中断
