[0.009s] Invoking command in '/home/qing/ros2_humble/chapter2/chapt2_4/build/demo_cpp_pkg': CMAKE_PREFIX_PATH=${CMAKE_PREFIX_PATH}:/home/qing/ros2_humble/chapter2/chapt2_4/install/demo_python_pkg:/home/qing/ros2_humble/chapt2_4/install/demo_python_pkg:/opt/ros/humble CONDA_PROMPT_MODIFIER=(ros_test) /usr/bin/cmake --build /home/qing/ros2_humble/chapter2/chapt2_4/build/demo_cpp_pkg -- -j16 -l16
[0.031s] -- Found ament_cmake: 1.3.11 (/opt/ros/humble/share/ament_cmake/cmake)
[0.126s] -- Found rclcpp: 16.0.11 (/opt/ros/humble/share/rclcpp/cmake)
[0.148s] -- Found rosidl_generator_c: 3.1.6 (/opt/ros/humble/share/rosidl_generator_c/cmake)
[0.149s] -- Found rosidl_adapter: 3.1.6 (/opt/ros/humble/share/rosidl_adapter/cmake)
[0.153s] -- Found rosidl_generator_cpp: 3.1.6 (/opt/ros/humble/share/rosidl_generator_cpp/cmake)
[0.160s] -- Using all available rosidl_typesupport_c: rosidl_typesupport_fastrtps_c;rosidl_typesupport_introspection_c
[0.169s] -- Using all available rosidl_typesupport_cpp: rosidl_typesupport_fastrtps_cpp;rosidl_typesupport_introspection_cpp
[0.192s] -- Found rmw_implementation_cmake: 6.1.2 (/opt/ros/humble/share/rmw_implementation_cmake/cmake)
[0.193s] -- Found rmw_fastrtps_cpp: 6.2.7 (/opt/ros/humble/share/rmw_fastrtps_cpp/cmake)
[0.277s] -- Using RMW implementation 'rmw_fastrtps_cpp' as default
[0.312s] -- Found ament_lint_auto: 0.12.11 (/opt/ros/humble/share/ament_lint_auto/cmake)
[0.384s] -- Added test 'cppcheck' to perform static code analysis on C / C++ code
[0.385s] -- Configured cppcheck include dirs: /home/qing/ros2_humble/chapter2/chapt2_4/src/demo_cpp_pkg/include
[0.385s] -- Configured cppcheck exclude dirs and/or files: 
[0.386s] -- Added test 'flake8' to check Python code syntax and style conventions
[0.388s] -- Added test 'lint_cmake' to check CMake code style
[0.389s] -- Added test 'pep257' to check Python code against some of the docstring style conventions in PEP 257
[0.396s] -- Added test 'uncrustify' to check C / C++ code style
[0.396s] -- Configured uncrustify additional arguments: 
[0.397s] -- Added test 'xmllint' to check XML markup files
[0.398s] -- Configuring done
[0.407s] -- Generating done
[0.411s] -- Build files have been written to: /home/qing/ros2_humble/chapter2/chapt2_4/build/demo_cpp_pkg
[0.435s] [35m[1mConsolidate compiler generated dependencies of target person_node[0m
[0.435s] [35m[1mConsolidate compiler generated dependencies of target cpp_node[0m
[0.452s] [ 25%] [32mBuilding CXX object CMakeFiles/cpp_node.dir/src/cpp_node.cpp.o[0m
[0.452s] [ 50%] [32mBuilding CXX object CMakeFiles/person_node.dir/src/person_node.cpp.o[0m
[2.735s] [ 75%] [32m[1mLinking CXX executable person_node[0m
[2.784s] [100%] [32m[1mLinking CXX executable cpp_node[0m
[2.822s] [100%] Built target person_node
[2.872s] [100%] Built target cpp_node
[2.882s] Invoked command in '/home/qing/ros2_humble/chapter2/chapt2_4/build/demo_cpp_pkg' returned '0': CMAKE_PREFIX_PATH=${CMAKE_PREFIX_PATH}:/home/qing/ros2_humble/chapter2/chapt2_4/install/demo_python_pkg:/home/qing/ros2_humble/chapt2_4/install/demo_python_pkg:/opt/ros/humble CONDA_PROMPT_MODIFIER=(ros_test) /usr/bin/cmake --build /home/qing/ros2_humble/chapter2/chapt2_4/build/demo_cpp_pkg -- -j16 -l16
[2.891s] Invoking command in '/home/qing/ros2_humble/chapter2/chapt2_4/build/demo_cpp_pkg': CMAKE_PREFIX_PATH=${CMAKE_PREFIX_PATH}:/home/qing/ros2_humble/chapter2/chapt2_4/install/demo_python_pkg:/home/qing/ros2_humble/chapt2_4/install/demo_python_pkg:/opt/ros/humble CONDA_PROMPT_MODIFIER=(ros_test) /usr/bin/cmake --install /home/qing/ros2_humble/chapter2/chapt2_4/build/demo_cpp_pkg
[2.896s] -- Install configuration: ""
[2.897s] -- Installing: /home/qing/ros2_humble/chapter2/chapt2_4/install/demo_cpp_pkg/lib/demo_cpp_pkg/cpp_node
[2.897s] -- Set runtime path of "/home/qing/ros2_humble/chapter2/chapt2_4/install/demo_cpp_pkg/lib/demo_cpp_pkg/cpp_node" to ""
[2.897s] -- Installing: /home/qing/ros2_humble/chapter2/chapt2_4/install/demo_cpp_pkg/lib/demo_cpp_pkg/person_node
[2.898s] -- Set runtime path of "/home/qing/ros2_humble/chapter2/chapt2_4/install/demo_cpp_pkg/lib/demo_cpp_pkg/person_node" to ""
[2.898s] -- Up-to-date: /home/qing/ros2_humble/chapter2/chapt2_4/install/demo_cpp_pkg/share/ament_index/resource_index/package_run_dependencies/demo_cpp_pkg
[2.898s] -- Installing: /home/qing/ros2_humble/chapter2/chapt2_4/install/demo_cpp_pkg/share/ament_index/resource_index/parent_prefix_path/demo_cpp_pkg
[2.898s] -- Up-to-date: /home/qing/ros2_humble/chapter2/chapt2_4/install/demo_cpp_pkg/share/demo_cpp_pkg/environment/ament_prefix_path.sh
[2.898s] -- Installing: /home/qing/ros2_humble/chapter2/chapt2_4/install/demo_cpp_pkg/share/demo_cpp_pkg/environment/ament_prefix_path.dsv
[2.898s] -- Up-to-date: /home/qing/ros2_humble/chapter2/chapt2_4/install/demo_cpp_pkg/share/demo_cpp_pkg/environment/path.sh
[2.898s] -- Installing: /home/qing/ros2_humble/chapter2/chapt2_4/install/demo_cpp_pkg/share/demo_cpp_pkg/environment/path.dsv
[2.898s] -- Up-to-date: /home/qing/ros2_humble/chapter2/chapt2_4/install/demo_cpp_pkg/share/demo_cpp_pkg/local_setup.bash
[2.898s] -- Up-to-date: /home/qing/ros2_humble/chapter2/chapt2_4/install/demo_cpp_pkg/share/demo_cpp_pkg/local_setup.sh
[2.898s] -- Up-to-date: /home/qing/ros2_humble/chapter2/chapt2_4/install/demo_cpp_pkg/share/demo_cpp_pkg/local_setup.zsh
[2.898s] -- Installing: /home/qing/ros2_humble/chapter2/chapt2_4/install/demo_cpp_pkg/share/demo_cpp_pkg/local_setup.dsv
[2.899s] -- Installing: /home/qing/ros2_humble/chapter2/chapt2_4/install/demo_cpp_pkg/share/demo_cpp_pkg/package.dsv
[2.899s] -- Up-to-date: /home/qing/ros2_humble/chapter2/chapt2_4/install/demo_cpp_pkg/share/ament_index/resource_index/packages/demo_cpp_pkg
[2.899s] -- Up-to-date: /home/qing/ros2_humble/chapter2/chapt2_4/install/demo_cpp_pkg/share/demo_cpp_pkg/cmake/demo_cpp_pkgConfig.cmake
[2.899s] -- Up-to-date: /home/qing/ros2_humble/chapter2/chapt2_4/install/demo_cpp_pkg/share/demo_cpp_pkg/cmake/demo_cpp_pkgConfig-version.cmake
[2.899s] -- Up-to-date: /home/qing/ros2_humble/chapter2/chapt2_4/install/demo_cpp_pkg/share/demo_cpp_pkg/package.xml
[2.901s] Invoked command in '/home/qing/ros2_humble/chapter2/chapt2_4/build/demo_cpp_pkg' returned '0': CMAKE_PREFIX_PATH=${CMAKE_PREFIX_PATH}:/home/qing/ros2_humble/chapter2/chapt2_4/install/demo_python_pkg:/home/qing/ros2_humble/chapt2_4/install/demo_python_pkg:/opt/ros/humble CONDA_PROMPT_MODIFIER=(ros_test) /usr/bin/cmake --install /home/qing/ros2_humble/chapter2/chapt2_4/build/demo_cpp_pkg
