[0.009s] Invoking command in '/home/qing/ros2_humble/chapter5/chapt5_2/build/demo_cpp_tf': CMAKE_PREFIX_PATH=${CMAKE_PREFIX_PATH}:/home/qing/ros2_humble/chapter5/chapt5_1/install/demo_python_tf:/opt/ros/humble CONDA_PROMPT_MODIFIER=(ros_test) /usr/bin/cmake --build /home/qing/ros2_humble/chapter5/chapt5_2/build/demo_cpp_tf -- -j16 -l16
[0.033s] -- Found ament_cmake: 1.3.11 (/opt/ros/humble/share/ament_cmake/cmake)
[0.193s] -- Found rclcpp: 16.0.11 (/opt/ros/humble/share/rclcpp/cmake)
[0.223s] -- Found rosidl_generator_c: 3.1.6 (/opt/ros/humble/share/rosidl_generator_c/cmake)
[0.226s] -- Found rosidl_adapter: 3.1.6 (/opt/ros/humble/share/rosidl_adapter/cmake)
[0.232s] -- Found rosidl_generator_cpp: 3.1.6 (/opt/ros/humble/share/rosidl_generator_cpp/cmake)
[0.242s] -- Using all available rosidl_typesupport_c: rosidl_typesupport_fastrtps_c;rosidl_typesupport_introspection_c
[0.253s] -- Using all available rosidl_typesupport_cpp: rosidl_typesupport_fastrtps_cpp;rosidl_typesupport_introspection_cpp
[0.284s] -- Found rmw_implementation_cmake: 6.1.2 (/opt/ros/humble/share/rmw_implementation_cmake/cmake)
[0.286s] -- Found rmw_fastrtps_cpp: 6.2.7 (/opt/ros/humble/share/rmw_fastrtps_cpp/cmake)
[0.389s] -- Using RMW implementation 'rmw_fastrtps_cpp' as default
[0.438s] -- Found tf2: 0.25.12 (/opt/ros/humble/share/tf2/cmake)
[0.453s] -- Found tf2_ros: 0.25.12 (/opt/ros/humble/share/tf2_ros/cmake)
[0.526s] -- Found tf2_geometry_msgs: 0.25.12 (/opt/ros/humble/share/tf2_geometry_msgs/cmake)
[0.530s] -- Found eigen3_cmake_module: 0.1.1 (/opt/ros/humble/share/eigen3_cmake_module/cmake)
[0.531s] -- Ensuring Eigen3 include directory is part of orocos-kdl CMake target
[0.535s] -- Found ament_lint_auto: 0.12.11 (/opt/ros/humble/share/ament_lint_auto/cmake)
[0.612s] -- Added test 'cppcheck' to perform static code analysis on C / C++ code
[0.612s] -- Configured cppcheck include dirs: 
[0.612s] -- Configured cppcheck exclude dirs and/or files: 
[0.613s] -- Added test 'lint_cmake' to check CMake code style
[0.614s] -- Added test 'uncrustify' to check C / C++ code style
[0.614s] -- Configured uncrustify additional arguments: 
[0.614s] -- Added test 'xmllint' to check XML markup files
[0.615s] -- Configuring done
[0.631s] -- Generating done
[0.638s] -- Build files have been written to: /home/qing/ros2_humble/chapter5/chapt5_2/build/demo_cpp_tf
[0.660s] [35m[1mConsolidate compiler generated dependencies of target dynamic_tf_broadcaster[0m
[0.661s] [35m[1mConsolidate compiler generated dependencies of target static_tf_broadcaster[0m
[0.668s] [ 16%] [32mBuilding CXX object CMakeFiles/tf_listener.dir/src/tf_listener.cpp.o[0m
[0.677s] [ 83%] Built target dynamic_tf_broadcaster
[0.678s] [ 83%] Built target static_tf_broadcaster
[3.323s] [100%] [32m[1mLinking CXX executable tf_listener[0m
[3.453s] [100%] Built target tf_listener
[3.463s] Invoked command in '/home/qing/ros2_humble/chapter5/chapt5_2/build/demo_cpp_tf' returned '0': CMAKE_PREFIX_PATH=${CMAKE_PREFIX_PATH}:/home/qing/ros2_humble/chapter5/chapt5_1/install/demo_python_tf:/opt/ros/humble CONDA_PROMPT_MODIFIER=(ros_test) /usr/bin/cmake --build /home/qing/ros2_humble/chapter5/chapt5_2/build/demo_cpp_tf -- -j16 -l16
[3.473s] Invoking command in '/home/qing/ros2_humble/chapter5/chapt5_2/build/demo_cpp_tf': CMAKE_PREFIX_PATH=${CMAKE_PREFIX_PATH}:/home/qing/ros2_humble/chapter5/chapt5_1/install/demo_python_tf:/opt/ros/humble CONDA_PROMPT_MODIFIER=(ros_test) /usr/bin/cmake --install /home/qing/ros2_humble/chapter5/chapt5_2/build/demo_cpp_tf
[3.478s] -- Install configuration: ""
[3.478s] -- Up-to-date: /home/qing/ros2_humble/chapter5/chapt5_2/install/demo_cpp_tf/lib/demo_cpp_tf/static_tf_broadcaster
[3.478s] -- Up-to-date: /home/qing/ros2_humble/chapter5/chapt5_2/install/demo_cpp_tf/lib/demo_cpp_tf/dynamic_tf_broadcaster
[3.478s] -- Installing: /home/qing/ros2_humble/chapter5/chapt5_2/install/demo_cpp_tf/lib/demo_cpp_tf/tf_listener
[3.479s] -- Up-to-date: /home/qing/ros2_humble/chapter5/chapt5_2/install/demo_cpp_tf/share/ament_index/resource_index/package_run_dependencies/demo_cpp_tf
[3.479s] -- Up-to-date: /home/qing/ros2_humble/chapter5/chapt5_2/install/demo_cpp_tf/share/ament_index/resource_index/parent_prefix_path/demo_cpp_tf
[3.479s] -- Up-to-date: /home/qing/ros2_humble/chapter5/chapt5_2/install/demo_cpp_tf/share/demo_cpp_tf/environment/ament_prefix_path.sh
[3.479s] -- Installing: /home/qing/ros2_humble/chapter5/chapt5_2/install/demo_cpp_tf/share/demo_cpp_tf/environment/ament_prefix_path.dsv
[3.479s] -- Up-to-date: /home/qing/ros2_humble/chapter5/chapt5_2/install/demo_cpp_tf/share/demo_cpp_tf/environment/path.sh
[3.479s] -- Installing: /home/qing/ros2_humble/chapter5/chapt5_2/install/demo_cpp_tf/share/demo_cpp_tf/environment/path.dsv
[3.479s] -- Up-to-date: /home/qing/ros2_humble/chapter5/chapt5_2/install/demo_cpp_tf/share/demo_cpp_tf/local_setup.bash
[3.479s] -- Up-to-date: /home/qing/ros2_humble/chapter5/chapt5_2/install/demo_cpp_tf/share/demo_cpp_tf/local_setup.sh
[3.479s] -- Up-to-date: /home/qing/ros2_humble/chapter5/chapt5_2/install/demo_cpp_tf/share/demo_cpp_tf/local_setup.zsh
[3.479s] -- Installing: /home/qing/ros2_humble/chapter5/chapt5_2/install/demo_cpp_tf/share/demo_cpp_tf/local_setup.dsv
[3.479s] -- Installing: /home/qing/ros2_humble/chapter5/chapt5_2/install/demo_cpp_tf/share/demo_cpp_tf/package.dsv
[3.480s] -- Up-to-date: /home/qing/ros2_humble/chapter5/chapt5_2/install/demo_cpp_tf/share/ament_index/resource_index/packages/demo_cpp_tf
[3.480s] -- Up-to-date: /home/qing/ros2_humble/chapter5/chapt5_2/install/demo_cpp_tf/share/demo_cpp_tf/cmake/demo_cpp_tfConfig.cmake
[3.480s] -- Up-to-date: /home/qing/ros2_humble/chapter5/chapt5_2/install/demo_cpp_tf/share/demo_cpp_tf/cmake/demo_cpp_tfConfig-version.cmake
[3.480s] -- Up-to-date: /home/qing/ros2_humble/chapter5/chapt5_2/install/demo_cpp_tf/share/demo_cpp_tf/package.xml
[3.481s] Invoked command in '/home/qing/ros2_humble/chapter5/chapt5_2/build/demo_cpp_tf' returned '0': CMAKE_PREFIX_PATH=${CMAKE_PREFIX_PATH}:/home/qing/ros2_humble/chapter5/chapt5_1/install/demo_python_tf:/opt/ros/humble CONDA_PROMPT_MODIFIER=(ros_test) /usr/bin/cmake --install /home/qing/ros2_humble/chapter5/chapt5_2/build/demo_cpp_tf
