[0.611s] Invoking command in '/home/qing/ros2_humble/chapt8/chapt8_ws/build/nav2_custom_controller': CMAKE_PREFIX_PATH=${CMAKE_PREFIX_PATH}:/home/qing/ros2_humble/chapt8/chapt8_ws/install/fishbot_application:/home/qing/ros2_humble/chapt8/chapt8_ws/install/autopatrol_robot:/opt/ros/humble CONDA_PROMPT_MODIFIER=(base) /usr/bin/cmake /home/qing/ros2_humble/chapt8/chapt8_ws/src/nav2_custom_controller -DCMAKE_INSTALL_PREFIX=/home/qing/ros2_humble/chapt8/chapt8_ws/install/nav2_custom_controller
[0.622s] -- Found ament_cmake: 1.3.11 (/opt/ros/humble/share/ament_cmake/cmake)
[0.751s] -- Found nav2_core: 1.1.18 (/opt/ros/humble/share/nav2_core/cmake)
[0.783s] -- Found rosidl_generator_c: 3.1.6 (/opt/ros/humble/share/rosidl_generator_c/cmake)
[0.785s] -- Found rosidl_adapter: 3.1.6 (/opt/ros/humble/share/rosidl_adapter/cmake)
[0.790s] -- Found rosidl_generator_cpp: 3.1.6 (/opt/ros/humble/share/rosidl_generator_cpp/cmake)
[0.800s] -- Using all available rosidl_typesupport_c: rosidl_typesupport_fastrtps_c;rosidl_typesupport_introspection_c
[0.811s] -- Using all available rosidl_typesupport_cpp: rosidl_typesupport_fastrtps_cpp;rosidl_typesupport_introspection_cpp
[0.842s] -- Found rmw_implementation_cmake: 6.1.2 (/opt/ros/humble/share/rmw_implementation_cmake/cmake)
[0.845s] -- Found rmw_fastrtps_cpp: 6.2.7 (/opt/ros/humble/share/rmw_fastrtps_cpp/cmake)
[0.974s] -- Using RMW implementation 'rmw_fastrtps_cpp' as default
[1.298s] -- Ensuring Eigen3 include directory is part of orocos-kdl CMake target
[1.406s] -- Found ament_lint_auto: 0.12.11 (/opt/ros/humble/share/ament_lint_auto/cmake)
[1.506s] -- Added test 'cppcheck' to perform static code analysis on C / C++ code
[1.506s] -- Configured cppcheck include dirs: /home/qing/ros2_humble/chapt8/chapt8_ws/src/nav2_custom_controller/include
[1.506s] -- Configured cppcheck exclude dirs and/or files: 
[1.507s] -- Added test 'lint_cmake' to check CMake code style
[1.508s] -- Added test 'uncrustify' to check C / C++ code style
[1.508s] -- Configured uncrustify additional arguments: 
[1.508s] -- Added test 'xmllint' to check XML markup files
[1.509s] -- Configuring done
[1.574s] -- Generating done
[1.581s] -- Build files have been written to: /home/qing/ros2_humble/chapt8/chapt8_ws/build/nav2_custom_controller
[1.592s] Invoked command in '/home/qing/ros2_humble/chapt8/chapt8_ws/build/nav2_custom_controller' returned '0': CMAKE_PREFIX_PATH=${CMAKE_PREFIX_PATH}:/home/qing/ros2_humble/chapt8/chapt8_ws/install/fishbot_application:/home/qing/ros2_humble/chapt8/chapt8_ws/install/autopatrol_robot:/opt/ros/humble CONDA_PROMPT_MODIFIER=(base) /usr/bin/cmake /home/qing/ros2_humble/chapt8/chapt8_ws/src/nav2_custom_controller -DCMAKE_INSTALL_PREFIX=/home/qing/ros2_humble/chapt8/chapt8_ws/install/nav2_custom_controller
[1.594s] Invoking command in '/home/qing/ros2_humble/chapt8/chapt8_ws/build/nav2_custom_controller': CMAKE_PREFIX_PATH=${CMAKE_PREFIX_PATH}:/home/qing/ros2_humble/chapt8/chapt8_ws/install/fishbot_application:/home/qing/ros2_humble/chapt8/chapt8_ws/install/autopatrol_robot:/opt/ros/humble CONDA_PROMPT_MODIFIER=(base) /usr/bin/cmake --build /home/qing/ros2_humble/chapt8/chapt8_ws/build/nav2_custom_controller -- -j16 -l16
[1.635s] [35m[1mConsolidate compiler generated dependencies of target nav2_custom_controller_plugin[0m
[1.656s] [100%] Built target nav2_custom_controller_plugin
[1.685s] Invoked command in '/home/qing/ros2_humble/chapt8/chapt8_ws/build/nav2_custom_controller' returned '0': CMAKE_PREFIX_PATH=${CMAKE_PREFIX_PATH}:/home/qing/ros2_humble/chapt8/chapt8_ws/install/fishbot_application:/home/qing/ros2_humble/chapt8/chapt8_ws/install/autopatrol_robot:/opt/ros/humble CONDA_PROMPT_MODIFIER=(base) /usr/bin/cmake --build /home/qing/ros2_humble/chapt8/chapt8_ws/build/nav2_custom_controller -- -j16 -l16
[1.687s] Invoking command in '/home/qing/ros2_humble/chapt8/chapt8_ws/build/nav2_custom_controller': CMAKE_PREFIX_PATH=${CMAKE_PREFIX_PATH}:/home/qing/ros2_humble/chapt8/chapt8_ws/install/fishbot_application:/home/qing/ros2_humble/chapt8/chapt8_ws/install/autopatrol_robot:/opt/ros/humble CONDA_PROMPT_MODIFIER=(base) /usr/bin/cmake --install /home/qing/ros2_humble/chapt8/chapt8_ws/build/nav2_custom_controller
[1.693s] -- Install configuration: ""
[1.693s] -- Up-to-date: /home/qing/ros2_humble/chapt8/chapt8_ws/install/nav2_custom_controller/lib/libnav2_custom_controller_plugin.so
[1.693s] -- Up-to-date: /home/qing/ros2_humble/chapt8/chapt8_ws/install/nav2_custom_controller/include/
[1.693s] -- Up-to-date: /home/qing/ros2_humble/chapt8/chapt8_ws/install/nav2_custom_controller/include//nav2_custom_controller
[1.693s] -- Up-to-date: /home/qing/ros2_humble/chapt8/chapt8_ws/install/nav2_custom_controller/include//nav2_custom_controller/custom_controller.hpp
[1.693s] -- Up-to-date: /home/qing/ros2_humble/chapt8/chapt8_ws/install/nav2_custom_controller/share/nav2_custom_controller/nav2_custom_controller.xml
[1.693s] -- Up-to-date: /home/qing/ros2_humble/chapt8/chapt8_ws/install/nav2_custom_controller/share/ament_index/resource_index/package_run_dependencies/nav2_custom_controller
[1.693s] -- Installing: /home/qing/ros2_humble/chapt8/chapt8_ws/install/nav2_custom_controller/share/ament_index/resource_index/parent_prefix_path/nav2_custom_controller
[1.694s] -- Up-to-date: /home/qing/ros2_humble/chapt8/chapt8_ws/install/nav2_custom_controller/share/nav2_custom_controller/environment/ament_prefix_path.sh
[1.694s] -- Installing: /home/qing/ros2_humble/chapt8/chapt8_ws/install/nav2_custom_controller/share/nav2_custom_controller/environment/ament_prefix_path.dsv
[1.694s] -- Up-to-date: /home/qing/ros2_humble/chapt8/chapt8_ws/install/nav2_custom_controller/share/nav2_custom_controller/environment/path.sh
[1.694s] -- Installing: /home/qing/ros2_humble/chapt8/chapt8_ws/install/nav2_custom_controller/share/nav2_custom_controller/environment/path.dsv
[1.694s] -- Up-to-date: /home/qing/ros2_humble/chapt8/chapt8_ws/install/nav2_custom_controller/share/nav2_custom_controller/local_setup.bash
[1.694s] -- Up-to-date: /home/qing/ros2_humble/chapt8/chapt8_ws/install/nav2_custom_controller/share/nav2_custom_controller/local_setup.sh
[1.694s] -- Up-to-date: /home/qing/ros2_humble/chapt8/chapt8_ws/install/nav2_custom_controller/share/nav2_custom_controller/local_setup.zsh
[1.694s] -- Installing: /home/qing/ros2_humble/chapt8/chapt8_ws/install/nav2_custom_controller/share/nav2_custom_controller/local_setup.dsv
[1.694s] -- Installing: /home/qing/ros2_humble/chapt8/chapt8_ws/install/nav2_custom_controller/share/nav2_custom_controller/package.dsv
[1.694s] -- Up-to-date: /home/qing/ros2_humble/chapt8/chapt8_ws/install/nav2_custom_controller/share/ament_index/resource_index/packages/nav2_custom_controller
[1.695s] -- Up-to-date: /home/qing/ros2_humble/chapt8/chapt8_ws/install/nav2_custom_controller/share/ament_index/resource_index/nav2_core__pluginlib__plugin/nav2_custom_controller
[1.695s] -- Up-to-date: /home/qing/ros2_humble/chapt8/chapt8_ws/install/nav2_custom_controller/share/nav2_custom_controller/cmake/nav2_custom_controllerConfig.cmake
[1.695s] -- Up-to-date: /home/qing/ros2_humble/chapt8/chapt8_ws/install/nav2_custom_controller/share/nav2_custom_controller/cmake/nav2_custom_controllerConfig-version.cmake
[1.695s] -- Up-to-date: /home/qing/ros2_humble/chapt8/chapt8_ws/install/nav2_custom_controller/share/nav2_custom_controller/package.xml
[1.710s] Invoked command in '/home/qing/ros2_humble/chapt8/chapt8_ws/build/nav2_custom_controller' returned '0': CMAKE_PREFIX_PATH=${CMAKE_PREFIX_PATH}:/home/qing/ros2_humble/chapt8/chapt8_ws/install/fishbot_application:/home/qing/ros2_humble/chapt8/chapt8_ws/install/autopatrol_robot:/opt/ros/humble CONDA_PROMPT_MODIFIER=(base) /usr/bin/cmake --install /home/qing/ros2_humble/chapt8/chapt8_ws/build/nav2_custom_controller
